ARM GAS  C:\Users\agraw\AppData\Local\Temp\cch8YpSt.s 			page 1


   1              		.syntax unified
   2              		.cpu cortex-m3
   3              		.fpu softvfp
   4              		.eabi_attribute 20, 1
   5              		.eabi_attribute 21, 1
   6              		.eabi_attribute 23, 3
   7              		.eabi_attribute 24, 1
   8              		.eabi_attribute 25, 1
   9              		.eabi_attribute 26, 1
  10              		.eabi_attribute 30, 1
  11              		.eabi_attribute 34, 1
  12              		.eabi_attribute 18, 4
  13              		.thumb
  14              		.syntax unified
  15              		.file	"reactiongame.c"
  16              		.text
  17              	.Ltext0:
  18              		.cfi_sections	.debug_frame
  19              		.section	.text.RG_Init,"ax",%progbits
  20              		.align	2
  21              		.global	RG_Init
  22              		.thumb
  23              		.thumb_func
  24              		.type	RG_Init, %function
  25              	RG_Init:
  26              	.LFB110:
  27              		.file 1 "source\\bsw\\reactiongame.c"
   1:source\bsw/reactiongame.c **** /**
   2:source\bsw/reactiongame.c **** * \file <filename>
   3:source\bsw/reactiongame.c **** * \author <author-name>
   4:source\bsw/reactiongame.c **** * \date <date>
   5:source\bsw/reactiongame.c **** *
   6:source\bsw/reactiongame.c **** * \brief <Symbolic File name>
   7:source\bsw/reactiongame.c **** *
   8:source\bsw/reactiongame.c **** * \copyright Copyright ©2016
   9:source\bsw/reactiongame.c **** * Department of electrical engineering and information technology, Hochschule Darmstadt - Universit
  10:source\bsw/reactiongame.c **** * Permission to use, copy, modify, and distribute this software and its documentation for education
  11:source\bsw/reactiongame.c **** * (unless permitted by h_da) and official h_da projects, is hereby granted for enrolled students of
  12:source\bsw/reactiongame.c **** * this paragraph and the following paragraph appear in all copies, modifications, and distributions
  13:source\bsw/reactiongame.c **** * Contact Prof.Dr.-Ing. Peter Fromm, peter.fromm@h-da.de, Birkenweg 8 64295 Darmstadt - GERMANY for
  14:source\bsw/reactiongame.c **** *
  15:source\bsw/reactiongame.c **** * \warning This software is a PROTOTYPE version and is not designed or intended for use in producti
  16:source\bsw/reactiongame.c **** * The user represents and warrants that it will NOT use or redistribute the Software for such purpo
  17:source\bsw/reactiongame.c **** * This prototype is for research purposes only. This software is provided "AS IS," without a warran
  18:source\bsw/reactiongame.c **** */
  19:source\bsw/reactiongame.c **** 
  20:source\bsw/reactiongame.c **** /*****************************************************************************/
  21:source\bsw/reactiongame.c **** /* Include files                                                             */
  22:source\bsw/reactiongame.c **** /*****************************************************************************/
  23:source\bsw/reactiongame.c **** 
  24:source\bsw/reactiongame.c **** #include "reactiongame.h"
  25:source\bsw/reactiongame.c **** 
  26:source\bsw/reactiongame.c **** 
  27:source\bsw/reactiongame.c **** /*****************************************************************************/
  28:source\bsw/reactiongame.c **** /* Local pre-processor symbols/macros ('#define')                            */
  29:source\bsw/reactiongame.c **** /*****************************************************************************/
  30:source\bsw/reactiongame.c **** 
ARM GAS  C:\Users\agraw\AppData\Local\Temp\cch8YpSt.s 			page 2


  31:source\bsw/reactiongame.c **** /*****************************************************************************/
  32:source\bsw/reactiongame.c **** /* Global variable definitions (declared in header file with 'extern')       */
  33:source\bsw/reactiongame.c **** /*****************************************************************************/
  34:source\bsw/reactiongame.c **** 
  35:source\bsw/reactiongame.c **** /*****************************************************************************/
  36:source\bsw/reactiongame.c **** /* Local type definitions ('typedef')                                        */
  37:source\bsw/reactiongame.c **** /*****************************************************************************/
  38:source\bsw/reactiongame.c **** 
  39:source\bsw/reactiongame.c **** /*****************************************************************************/
  40:source\bsw/reactiongame.c **** /* Local variable definitions ('static')                                     */
  41:source\bsw/reactiongame.c **** /*****************************************************************************/
  42:source\bsw/reactiongame.c **** 
  43:source\bsw/reactiongame.c **** 
  44:source\bsw/reactiongame.c **** 
  45:source\bsw/reactiongame.c **** /*****************************************************************************/
  46:source\bsw/reactiongame.c **** /* Local function prototypes ('static')                                      */
  47:source\bsw/reactiongame.c **** /*****************************************************************************/
  48:source\bsw/reactiongame.c **** 
  49:source\bsw/reactiongame.c **** 
  50:source\bsw/reactiongame.c **** /*****************************************************************************/
  51:source\bsw/reactiongame.c **** /* Function implementation - global ('extern') and local ('static')          */
  52:source\bsw/reactiongame.c **** /*****************************************************************************/
  53:source\bsw/reactiongame.c **** 
  54:source\bsw/reactiongame.c **** /**
  55:source\bsw/reactiongame.c ****  * <Description>
  56:source\bsw/reactiongame.c ****  * \param <first para>
  57:source\bsw/reactiongame.c ****  * \return <return value>
  58:source\bsw/reactiongame.c ****  */
  59:source\bsw/reactiongame.c **** 
  60:source\bsw/reactiongame.c **** 
  61:source\bsw/reactiongame.c **** /**
  62:source\bsw/reactiongame.c ****  * Initialises the pheripherals
  63:source\bsw/reactiongame.c ****  * @return RC_OK if function was executed as exepected, other error code in case of error
  64:source\bsw/reactiongame.c ****  */
  65:source\bsw/reactiongame.c **** RC_t RG_Init(){
  28              		.loc 1 65 0
  29              		.cfi_startproc
  30              		@ args = 0, pretend = 0, frame = 0
  31              		@ frame_needed = 0, uses_anonymous_args = 0
  32 0000 08B5     		push	{r3, lr}
  33              		.cfi_def_cfa_offset 8
  34              		.cfi_offset 3, -8
  35              		.cfi_offset 14, -4
  66:source\bsw/reactiongame.c ****     
  67:source\bsw/reactiongame.c ****     RGB_PWM_blue_Start();
  36              		.loc 1 67 0
  37 0002 FFF7FEFF 		bl	RGB_PWM_blue_Start
  38              	.LVL0:
  68:source\bsw/reactiongame.c ****     RGB_PWM_green_Start();
  39              		.loc 1 68 0
  40 0006 FFF7FEFF 		bl	RGB_PWM_green_Start
  41              	.LVL1:
  69:source\bsw/reactiongame.c ****     RGB_PWM_red_Start();
  42              		.loc 1 69 0
  43 000a FFF7FEFF 		bl	RGB_PWM_red_Start
  44              	.LVL2:
  70:source\bsw/reactiongame.c ****     PWM_yellow_Start();
ARM GAS  C:\Users\agraw\AppData\Local\Temp\cch8YpSt.s 			page 3


  45              		.loc 1 70 0
  46 000e FFF7FEFF 		bl	PWM_yellow_Start
  47              	.LVL3:
  71:source\bsw/reactiongame.c ****     PWM_green_Start();
  48              		.loc 1 71 0
  49 0012 FFF7FEFF 		bl	PWM_green_Start
  50              	.LVL4:
  72:source\bsw/reactiongame.c ****     PWM_red_Start();
  51              		.loc 1 72 0
  52 0016 FFF7FEFF 		bl	PWM_red_Start
  53              	.LVL5:
  73:source\bsw/reactiongame.c ****     SEVEN_Init();
  54              		.loc 1 73 0
  55 001a FFF7FEFF 		bl	SEVEN_Init
  56              	.LVL6:
  74:source\bsw/reactiongame.c ****     UART_LOG_Start();
  57              		.loc 1 74 0
  58 001e FFF7FEFF 		bl	UART_LOG_Start
  59              	.LVL7:
  75:source\bsw/reactiongame.c **** 
  76:source\bsw/reactiongame.c ****     
  77:source\bsw/reactiongame.c ****     LED_RGB_Set(0,0,0);
  60              		.loc 1 77 0
  61 0022 0022     		movs	r2, #0
  62 0024 1146     		mov	r1, r2
  63 0026 1046     		mov	r0, r2
  64 0028 FFF7FEFF 		bl	LED_RGB_Set
  65              	.LVL8:
  78:source\bsw/reactiongame.c ****     LED_Red_Set(0);
  66              		.loc 1 78 0
  67 002c 0020     		movs	r0, #0
  68 002e FFF7FEFF 		bl	LED_Red_Set
  69              	.LVL9:
  79:source\bsw/reactiongame.c ****     LED_Yellow_Set(0);
  70              		.loc 1 79 0
  71 0032 0020     		movs	r0, #0
  72 0034 FFF7FEFF 		bl	LED_Yellow_Set
  73              	.LVL10:
  80:source\bsw/reactiongame.c ****     LED_Green_Set(0);
  74              		.loc 1 80 0
  75 0038 0020     		movs	r0, #0
  76 003a FFF7FEFF 		bl	LED_Green_Set
  77              	.LVL11:
  81:source\bsw/reactiongame.c ****     
  82:source\bsw/reactiongame.c ****     return RC_SUCCESS;
  83:source\bsw/reactiongame.c **** }
  78              		.loc 1 83 0
  79 003e 0020     		movs	r0, #0
  80 0040 08BD     		pop	{r3, pc}
  81              		.cfi_endproc
  82              	.LFE110:
  83              		.size	RG_Init, .-RG_Init
  84 0042 00BF     		.text
  85              	.Letext0:
  86              		.file 2 "source\\bsw\\global.h"
  87              		.file 3 "c:\\program files (x86)\\cypress\\psoc creator\\4.4\\psoc creator\\import\\gnu\\arm\\5.4.
  88              		.file 4 "c:\\program files (x86)\\cypress\\psoc creator\\4.4\\psoc creator\\import\\gnu\\arm\\5.4.
ARM GAS  C:\Users\agraw\AppData\Local\Temp\cch8YpSt.s 			page 4


  89              		.file 5 "Generated_Source\\PSoC5/ErikaOS_1_common_ee_types.inc"
  90              		.file 6 "Generated_Source\\PSoC5/ErikaOS_1_cortex_mx_ee_cpu.inc"
  91              		.file 7 "Generated_Source\\PSoC5/ErikaOS_1_ee_oo_intfunc.inc"
  92              		.file 8 "Generated_Source\\PSoC5/ErikaOS_1_cortex_mx_ee_context.inc"
  93              		.file 9 "Generated_Source\\PSoC5/ErikaOS_1_common_ee_primitives.inc"
  94              		.file 10 "Generated_Source\\PSoC5/core_cm3.h"
  95              		.file 11 "Generated_Source\\PSoC5/RGB_PWM_blue.h"
  96              		.file 12 "Generated_Source\\PSoC5/RGB_PWM_green.h"
  97              		.file 13 "Generated_Source\\PSoC5/RGB_PWM_red.h"
  98              		.file 14 "Generated_Source\\PSoC5/PWM_yellow.h"
  99              		.file 15 "Generated_Source\\PSoC5/PWM_green.h"
 100              		.file 16 "Generated_Source\\PSoC5/PWM_red.h"
 101              		.file 17 ".\\source\\bsw\\labboard/seven.h"
 102              		.file 18 "Generated_Source\\PSoC5/UART_LOG.h"
 103              		.file 19 ".\\source\\bsw\\labboard/led.h"
 104              		.section	.debug_info,"",%progbits
 105              	.Ldebug_info0:
 106 0000 0C030000 		.4byte	0x30c
 107 0004 0400     		.2byte	0x4
 108 0006 00000000 		.4byte	.Ldebug_abbrev0
 109 000a 04       		.byte	0x4
 110 000b 01       		.uleb128 0x1
 111 000c CE020000 		.4byte	.LASF66
 112 0010 0C       		.byte	0xc
 113 0011 5A000000 		.4byte	.LASF67
 114 0015 89040000 		.4byte	.LASF68
 115 0019 00000000 		.4byte	.Ldebug_ranges0+0
 116 001d 00000000 		.4byte	0
 117 0021 00000000 		.4byte	.Ldebug_line0
 118 0025 02       		.uleb128 0x2
 119 0026 01       		.byte	0x1
 120 0027 06       		.byte	0x6
 121 0028 50020000 		.4byte	.LASF0
 122 002c 02       		.uleb128 0x2
 123 002d 01       		.byte	0x1
 124 002e 08       		.byte	0x8
 125 002f 2F020000 		.4byte	.LASF1
 126 0033 02       		.uleb128 0x2
 127 0034 02       		.byte	0x2
 128 0035 05       		.byte	0x5
 129 0036 74000000 		.4byte	.LASF2
 130 003a 02       		.uleb128 0x2
 131 003b 02       		.byte	0x2
 132 003c 07       		.byte	0x7
 133 003d BB020000 		.4byte	.LASF3
 134 0041 02       		.uleb128 0x2
 135 0042 04       		.byte	0x4
 136 0043 05       		.byte	0x5
 137 0044 A9010000 		.4byte	.LASF4
 138 0048 02       		.uleb128 0x2
 139 0049 04       		.byte	0x4
 140 004a 07       		.byte	0x7
 141 004b C2030000 		.4byte	.LASF5
 142 004f 02       		.uleb128 0x2
 143 0050 04       		.byte	0x4
 144 0051 04       		.byte	0x4
 145 0052 3F010000 		.4byte	.LASF6
ARM GAS  C:\Users\agraw\AppData\Local\Temp\cch8YpSt.s 			page 5


 146 0056 02       		.uleb128 0x2
 147 0057 08       		.byte	0x8
 148 0058 04       		.byte	0x4
 149 0059 D4030000 		.4byte	.LASF7
 150 005d 02       		.uleb128 0x2
 151 005e 08       		.byte	0x8
 152 005f 05       		.byte	0x5
 153 0060 5E010000 		.4byte	.LASF8
 154 0064 02       		.uleb128 0x2
 155 0065 08       		.byte	0x8
 156 0066 07       		.byte	0x7
 157 0067 5C020000 		.4byte	.LASF9
 158 006b 02       		.uleb128 0x2
 159 006c 01       		.byte	0x1
 160 006d 08       		.byte	0x8
 161 006e 5C030000 		.4byte	.LASF10
 162 0072 03       		.uleb128 0x3
 163 0073 01       		.byte	0x1
 164 0074 25000000 		.4byte	0x25
 165 0078 02       		.byte	0x2
 166 0079 CF       		.byte	0xcf
 167 007a 1B010000 		.4byte	0x11b
 168 007e 04       		.uleb128 0x4
 169 007f 3B000000 		.4byte	.LASF11
 170 0083 00       		.byte	0
 171 0084 05       		.uleb128 0x5
 172 0085 53040000 		.4byte	.LASF12
 173 0089 7F       		.sleb128 -1
 174 008a 05       		.uleb128 0x5
 175 008b 8E020000 		.4byte	.LASF13
 176 008f 7E       		.sleb128 -2
 177 0090 05       		.uleb128 0x5
 178 0091 A7000000 		.4byte	.LASF14
 179 0095 7D       		.sleb128 -3
 180 0096 05       		.uleb128 0x5
 181 0097 5C040000 		.4byte	.LASF15
 182 009b 7C       		.sleb128 -4
 183 009c 05       		.uleb128 0x5
 184 009d 21010000 		.4byte	.LASF16
 185 00a1 7B       		.sleb128 -5
 186 00a2 05       		.uleb128 0x5
 187 00a3 7E000000 		.4byte	.LASF17
 188 00a7 7A       		.sleb128 -6
 189 00a8 05       		.uleb128 0x5
 190 00a9 B2010000 		.4byte	.LASF18
 191 00ad 79       		.sleb128 -7
 192 00ae 05       		.uleb128 0x5
 193 00af 13000000 		.4byte	.LASF19
 194 00b3 78       		.sleb128 -8
 195 00b4 05       		.uleb128 0x5
 196 00b5 9C020000 		.4byte	.LASF20
 197 00b9 77       		.sleb128 -9
 198 00ba 05       		.uleb128 0x5
 199 00bb BD000000 		.4byte	.LASF21
 200 00bf 76       		.sleb128 -10
 201 00c0 05       		.uleb128 0x5
 202 00c1 DA040000 		.4byte	.LASF22
ARM GAS  C:\Users\agraw\AppData\Local\Temp\cch8YpSt.s 			page 6


 203 00c5 75       		.sleb128 -11
 204 00c6 05       		.uleb128 0x5
 205 00c7 80020000 		.4byte	.LASF23
 206 00cb 74       		.sleb128 -12
 207 00cc 05       		.uleb128 0x5
 208 00cd DB030000 		.4byte	.LASF24
 209 00d1 73       		.sleb128 -13
 210 00d2 05       		.uleb128 0x5
 211 00d3 28000000 		.4byte	.LASF25
 212 00d7 72       		.sleb128 -14
 213 00d8 05       		.uleb128 0x5
 214 00d9 46000000 		.4byte	.LASF26
 215 00dd 71       		.sleb128 -15
 216 00de 05       		.uleb128 0x5
 217 00df 35040000 		.4byte	.LASF27
 218 00e3 70       		.sleb128 -16
 219 00e4 05       		.uleb128 0x5
 220 00e5 8F030000 		.4byte	.LASF28
 221 00e9 6F       		.sleb128 -17
 222 00ea 05       		.uleb128 0x5
 223 00eb 72030000 		.4byte	.LASF29
 224 00ef 6E       		.sleb128 -18
 225 00f0 05       		.uleb128 0x5
 226 00f1 85010000 		.4byte	.LASF30
 227 00f5 6D       		.sleb128 -19
 228 00f6 05       		.uleb128 0x5
 229 00f7 3D020000 		.4byte	.LASF31
 230 00fb 6C       		.sleb128 -20
 231 00fc 05       		.uleb128 0x5
 232 00fd F0010000 		.4byte	.LASF32
 233 0101 6B       		.sleb128 -21
 234 0102 05       		.uleb128 0x5
 235 0103 23040000 		.4byte	.LASF33
 236 0107 6A       		.sleb128 -22
 237 0108 05       		.uleb128 0x5
 238 0109 DC000000 		.4byte	.LASF34
 239 010d 69       		.sleb128 -23
 240 010e 05       		.uleb128 0x5
 241 010f 98010000 		.4byte	.LASF35
 242 0113 68       		.sleb128 -24
 243 0114 05       		.uleb128 0x5
 244 0115 45010000 		.4byte	.LASF36
 245 0119 67       		.sleb128 -25
 246 011a 00       		.byte	0
 247 011b 06       		.uleb128 0x6
 248 011c 84040000 		.4byte	.LASF37
 249 0120 02       		.byte	0x2
 250 0121 EA       		.byte	0xea
 251 0122 72000000 		.4byte	0x72
 252 0126 06       		.uleb128 0x6
 253 0127 F5030000 		.4byte	.LASF38
 254 012b 03       		.byte	0x3
 255 012c 3F       		.byte	0x3f
 256 012d 41000000 		.4byte	0x41
 257 0131 07       		.uleb128 0x7
 258 0132 04       		.byte	0x4
 259 0133 05       		.byte	0x5
ARM GAS  C:\Users\agraw\AppData\Local\Temp\cch8YpSt.s 			page 7


 260 0134 696E7400 		.ascii	"int\000"
 261 0138 02       		.uleb128 0x2
 262 0139 04       		.byte	0x4
 263 013a 07       		.byte	0x7
 264 013b 73020000 		.4byte	.LASF39
 265 013f 06       		.uleb128 0x6
 266 0140 87030000 		.4byte	.LASF40
 267 0144 04       		.byte	0x4
 268 0145 2C       		.byte	0x2c
 269 0146 26010000 		.4byte	0x126
 270 014a 02       		.uleb128 0x2
 271 014b 08       		.byte	0x8
 272 014c 04       		.byte	0x4
 273 014d 23020000 		.4byte	.LASF41
 274 0151 02       		.uleb128 0x2
 275 0152 04       		.byte	0x4
 276 0153 07       		.byte	0x7
 277 0154 9E000000 		.4byte	.LASF42
 278 0158 06       		.uleb128 0x6
 279 0159 B2020000 		.4byte	.LASF43
 280 015d 05       		.byte	0x5
 281 015e 53       		.byte	0x53
 282 015f 31010000 		.4byte	0x131
 283 0163 06       		.uleb128 0x6
 284 0164 CB000000 		.4byte	.LASF44
 285 0168 05       		.byte	0x5
 286 0169 54       		.byte	0x54
 287 016a 38010000 		.4byte	0x138
 288 016e 06       		.uleb128 0x6
 289 016f ED030000 		.4byte	.LASF45
 290 0173 06       		.byte	0x6
 291 0174 4D       		.byte	0x4d
 292 0175 63010000 		.4byte	0x163
 293 0179 06       		.uleb128 0x6
 294 017a B5000000 		.4byte	.LASF46
 295 017e 06       		.byte	0x6
 296 017f 4F       		.byte	0x4f
 297 0180 63010000 		.4byte	0x163
 298 0184 06       		.uleb128 0x6
 299 0185 D5000000 		.4byte	.LASF47
 300 0189 06       		.byte	0x6
 301 018a 78       		.byte	0x78
 302 018b 58010000 		.4byte	0x158
 303 018f 08       		.uleb128 0x8
 304 0190 0B000000 		.4byte	.LASF69
 305 0194 01       		.byte	0x1
 306 0195 41       		.byte	0x41
 307 0196 1B010000 		.4byte	0x11b
 308 019a 00000000 		.4byte	.LFB110
 309 019e 42000000 		.4byte	.LFE110-.LFB110
 310 01a2 01       		.uleb128 0x1
 311 01a3 9C       		.byte	0x9c
 312 01a4 43020000 		.4byte	0x243
 313 01a8 09       		.uleb128 0x9
 314 01a9 06000000 		.4byte	.LVL0
 315 01ad 8B020000 		.4byte	0x28b
 316 01b1 09       		.uleb128 0x9
ARM GAS  C:\Users\agraw\AppData\Local\Temp\cch8YpSt.s 			page 8


 317 01b2 0A000000 		.4byte	.LVL1
 318 01b6 96020000 		.4byte	0x296
 319 01ba 09       		.uleb128 0x9
 320 01bb 0E000000 		.4byte	.LVL2
 321 01bf A1020000 		.4byte	0x2a1
 322 01c3 09       		.uleb128 0x9
 323 01c4 12000000 		.4byte	.LVL3
 324 01c8 AC020000 		.4byte	0x2ac
 325 01cc 09       		.uleb128 0x9
 326 01cd 16000000 		.4byte	.LVL4
 327 01d1 B7020000 		.4byte	0x2b7
 328 01d5 09       		.uleb128 0x9
 329 01d6 1A000000 		.4byte	.LVL5
 330 01da C2020000 		.4byte	0x2c2
 331 01de 09       		.uleb128 0x9
 332 01df 1E000000 		.4byte	.LVL6
 333 01e3 CD020000 		.4byte	0x2cd
 334 01e7 09       		.uleb128 0x9
 335 01e8 22000000 		.4byte	.LVL7
 336 01ec D8020000 		.4byte	0x2d8
 337 01f0 0A       		.uleb128 0xa
 338 01f1 2C000000 		.4byte	.LVL8
 339 01f5 E3020000 		.4byte	0x2e3
 340 01f9 0D020000 		.4byte	0x20d
 341 01fd 0B       		.uleb128 0xb
 342 01fe 01       		.uleb128 0x1
 343 01ff 50       		.byte	0x50
 344 0200 01       		.uleb128 0x1
 345 0201 30       		.byte	0x30
 346 0202 0B       		.uleb128 0xb
 347 0203 01       		.uleb128 0x1
 348 0204 51       		.byte	0x51
 349 0205 01       		.uleb128 0x1
 350 0206 30       		.byte	0x30
 351 0207 0B       		.uleb128 0xb
 352 0208 01       		.uleb128 0x1
 353 0209 52       		.byte	0x52
 354 020a 01       		.uleb128 0x1
 355 020b 30       		.byte	0x30
 356 020c 00       		.byte	0
 357 020d 0A       		.uleb128 0xa
 358 020e 32000000 		.4byte	.LVL9
 359 0212 EE020000 		.4byte	0x2ee
 360 0216 20020000 		.4byte	0x220
 361 021a 0B       		.uleb128 0xb
 362 021b 01       		.uleb128 0x1
 363 021c 50       		.byte	0x50
 364 021d 01       		.uleb128 0x1
 365 021e 30       		.byte	0x30
 366 021f 00       		.byte	0
 367 0220 0A       		.uleb128 0xa
 368 0221 38000000 		.4byte	.LVL10
 369 0225 F9020000 		.4byte	0x2f9
 370 0229 33020000 		.4byte	0x233
 371 022d 0B       		.uleb128 0xb
 372 022e 01       		.uleb128 0x1
 373 022f 50       		.byte	0x50
ARM GAS  C:\Users\agraw\AppData\Local\Temp\cch8YpSt.s 			page 9


 374 0230 01       		.uleb128 0x1
 375 0231 30       		.byte	0x30
 376 0232 00       		.byte	0
 377 0233 0C       		.uleb128 0xc
 378 0234 3E000000 		.4byte	.LVL11
 379 0238 04030000 		.4byte	0x304
 380 023c 0B       		.uleb128 0xb
 381 023d 01       		.uleb128 0x1
 382 023e 50       		.byte	0x50
 383 023f 01       		.uleb128 0x1
 384 0240 30       		.byte	0x30
 385 0241 00       		.byte	0
 386 0242 00       		.byte	0
 387 0243 0D       		.uleb128 0xd
 388 0244 6C040000 		.4byte	.LASF48
 389 0248 07       		.byte	0x7
 390 0249 40       		.byte	0x40
 391 024a 6E010000 		.4byte	0x16e
 392 024e 0D       		.uleb128 0xd
 393 024f 6C010000 		.4byte	.LASF49
 394 0253 07       		.byte	0x7
 395 0254 47       		.byte	0x47
 396 0255 79010000 		.4byte	0x179
 397 0259 0D       		.uleb128 0xd
 398 025a AF030000 		.4byte	.LASF50
 399 025e 07       		.byte	0x7
 400 025f 4A       		.byte	0x4a
 401 0260 6E010000 		.4byte	0x16e
 402 0264 0D       		.uleb128 0xd
 403 0265 08010000 		.4byte	.LASF51
 404 0269 08       		.byte	0x8
 405 026a 48       		.byte	0x48
 406 026b 84010000 		.4byte	0x184
 407 026f 0D       		.uleb128 0xd
 408 0270 F3000000 		.4byte	.LASF52
 409 0274 09       		.byte	0x9
 410 0275 44       		.byte	0x44
 411 0276 6E010000 		.4byte	0x16e
 412 027a 0E       		.uleb128 0xe
 413 027b 46040000 		.4byte	.LASF53
 414 027f 0A       		.byte	0xa
 415 0280 1207     		.2byte	0x712
 416 0282 86020000 		.4byte	0x286
 417 0286 0F       		.uleb128 0xf
 418 0287 3F010000 		.4byte	0x13f
 419 028b 10       		.uleb128 0x10
 420 028c 10020000 		.4byte	.LASF54
 421 0290 10020000 		.4byte	.LASF54
 422 0294 0B       		.byte	0xb
 423 0295 92       		.byte	0x92
 424 0296 10       		.uleb128 0x10
 425 0297 FF030000 		.4byte	.LASF55
 426 029b FF030000 		.4byte	.LASF55
 427 029f 0C       		.byte	0xc
 428 02a0 92       		.byte	0x92
 429 02a1 10       		.uleb128 0x10
 430 02a2 D2010000 		.4byte	.LASF56
ARM GAS  C:\Users\agraw\AppData\Local\Temp\cch8YpSt.s 			page 10


 431 02a6 D2010000 		.4byte	.LASF56
 432 02aa 0D       		.byte	0xd
 433 02ab 92       		.byte	0x92
 434 02ac 10       		.uleb128 0x10
 435 02ad 61030000 		.4byte	.LASF57
 436 02b1 61030000 		.4byte	.LASF57
 437 02b5 0E       		.byte	0xe
 438 02b6 92       		.byte	0x92
 439 02b7 10       		.uleb128 0x10
 440 02b8 13040000 		.4byte	.LASF58
 441 02bc 13040000 		.4byte	.LASF58
 442 02c0 0F       		.byte	0xf
 443 02c1 92       		.byte	0x92
 444 02c2 10       		.uleb128 0x10
 445 02c3 02020000 		.4byte	.LASF59
 446 02c7 02020000 		.4byte	.LASF59
 447 02cb 10       		.byte	0x10
 448 02cc 92       		.byte	0x92
 449 02cd 10       		.uleb128 0x10
 450 02ce 00000000 		.4byte	.LASF60
 451 02d2 00000000 		.4byte	.LASF60
 452 02d6 11       		.byte	0x11
 453 02d7 7A       		.byte	0x7a
 454 02d8 10       		.uleb128 0x10
 455 02d9 30010000 		.4byte	.LASF61
 456 02dd 30010000 		.4byte	.LASF61
 457 02e1 12       		.byte	0x12
 458 02e2 54       		.byte	0x54
 459 02e3 10       		.uleb128 0x10
 460 02e4 A3030000 		.4byte	.LASF62
 461 02e8 A3030000 		.4byte	.LASF62
 462 02ec 13       		.byte	0x13
 463 02ed A5       		.byte	0xa5
 464 02ee 10       		.uleb128 0x10
 465 02ef E4010000 		.4byte	.LASF63
 466 02f3 E4010000 		.4byte	.LASF63
 467 02f7 13       		.byte	0x13
 468 02f8 A8       		.byte	0xa8
 469 02f9 10       		.uleb128 0x10
 470 02fa 8F000000 		.4byte	.LASF64
 471 02fe 8F000000 		.4byte	.LASF64
 472 0302 13       		.byte	0x13
 473 0303 A7       		.byte	0xa7
 474 0304 10       		.uleb128 0x10
 475 0305 C4010000 		.4byte	.LASF65
 476 0309 C4010000 		.4byte	.LASF65
 477 030d 13       		.byte	0x13
 478 030e A6       		.byte	0xa6
 479 030f 00       		.byte	0
 480              		.section	.debug_abbrev,"",%progbits
 481              	.Ldebug_abbrev0:
 482 0000 01       		.uleb128 0x1
 483 0001 11       		.uleb128 0x11
 484 0002 01       		.byte	0x1
 485 0003 25       		.uleb128 0x25
 486 0004 0E       		.uleb128 0xe
 487 0005 13       		.uleb128 0x13
ARM GAS  C:\Users\agraw\AppData\Local\Temp\cch8YpSt.s 			page 11


 488 0006 0B       		.uleb128 0xb
 489 0007 03       		.uleb128 0x3
 490 0008 0E       		.uleb128 0xe
 491 0009 1B       		.uleb128 0x1b
 492 000a 0E       		.uleb128 0xe
 493 000b 55       		.uleb128 0x55
 494 000c 17       		.uleb128 0x17
 495 000d 11       		.uleb128 0x11
 496 000e 01       		.uleb128 0x1
 497 000f 10       		.uleb128 0x10
 498 0010 17       		.uleb128 0x17
 499 0011 00       		.byte	0
 500 0012 00       		.byte	0
 501 0013 02       		.uleb128 0x2
 502 0014 24       		.uleb128 0x24
 503 0015 00       		.byte	0
 504 0016 0B       		.uleb128 0xb
 505 0017 0B       		.uleb128 0xb
 506 0018 3E       		.uleb128 0x3e
 507 0019 0B       		.uleb128 0xb
 508 001a 03       		.uleb128 0x3
 509 001b 0E       		.uleb128 0xe
 510 001c 00       		.byte	0
 511 001d 00       		.byte	0
 512 001e 03       		.uleb128 0x3
 513 001f 04       		.uleb128 0x4
 514 0020 01       		.byte	0x1
 515 0021 0B       		.uleb128 0xb
 516 0022 0B       		.uleb128 0xb
 517 0023 49       		.uleb128 0x49
 518 0024 13       		.uleb128 0x13
 519 0025 3A       		.uleb128 0x3a
 520 0026 0B       		.uleb128 0xb
 521 0027 3B       		.uleb128 0x3b
 522 0028 0B       		.uleb128 0xb
 523 0029 01       		.uleb128 0x1
 524 002a 13       		.uleb128 0x13
 525 002b 00       		.byte	0
 526 002c 00       		.byte	0
 527 002d 04       		.uleb128 0x4
 528 002e 28       		.uleb128 0x28
 529 002f 00       		.byte	0
 530 0030 03       		.uleb128 0x3
 531 0031 0E       		.uleb128 0xe
 532 0032 1C       		.uleb128 0x1c
 533 0033 0B       		.uleb128 0xb
 534 0034 00       		.byte	0
 535 0035 00       		.byte	0
 536 0036 05       		.uleb128 0x5
 537 0037 28       		.uleb128 0x28
 538 0038 00       		.byte	0
 539 0039 03       		.uleb128 0x3
 540 003a 0E       		.uleb128 0xe
 541 003b 1C       		.uleb128 0x1c
 542 003c 0D       		.uleb128 0xd
 543 003d 00       		.byte	0
 544 003e 00       		.byte	0
ARM GAS  C:\Users\agraw\AppData\Local\Temp\cch8YpSt.s 			page 12


 545 003f 06       		.uleb128 0x6
 546 0040 16       		.uleb128 0x16
 547 0041 00       		.byte	0
 548 0042 03       		.uleb128 0x3
 549 0043 0E       		.uleb128 0xe
 550 0044 3A       		.uleb128 0x3a
 551 0045 0B       		.uleb128 0xb
 552 0046 3B       		.uleb128 0x3b
 553 0047 0B       		.uleb128 0xb
 554 0048 49       		.uleb128 0x49
 555 0049 13       		.uleb128 0x13
 556 004a 00       		.byte	0
 557 004b 00       		.byte	0
 558 004c 07       		.uleb128 0x7
 559 004d 24       		.uleb128 0x24
 560 004e 00       		.byte	0
 561 004f 0B       		.uleb128 0xb
 562 0050 0B       		.uleb128 0xb
 563 0051 3E       		.uleb128 0x3e
 564 0052 0B       		.uleb128 0xb
 565 0053 03       		.uleb128 0x3
 566 0054 08       		.uleb128 0x8
 567 0055 00       		.byte	0
 568 0056 00       		.byte	0
 569 0057 08       		.uleb128 0x8
 570 0058 2E       		.uleb128 0x2e
 571 0059 01       		.byte	0x1
 572 005a 3F       		.uleb128 0x3f
 573 005b 19       		.uleb128 0x19
 574 005c 03       		.uleb128 0x3
 575 005d 0E       		.uleb128 0xe
 576 005e 3A       		.uleb128 0x3a
 577 005f 0B       		.uleb128 0xb
 578 0060 3B       		.uleb128 0x3b
 579 0061 0B       		.uleb128 0xb
 580 0062 49       		.uleb128 0x49
 581 0063 13       		.uleb128 0x13
 582 0064 11       		.uleb128 0x11
 583 0065 01       		.uleb128 0x1
 584 0066 12       		.uleb128 0x12
 585 0067 06       		.uleb128 0x6
 586 0068 40       		.uleb128 0x40
 587 0069 18       		.uleb128 0x18
 588 006a 9742     		.uleb128 0x2117
 589 006c 19       		.uleb128 0x19
 590 006d 01       		.uleb128 0x1
 591 006e 13       		.uleb128 0x13
 592 006f 00       		.byte	0
 593 0070 00       		.byte	0
 594 0071 09       		.uleb128 0x9
 595 0072 898201   		.uleb128 0x4109
 596 0075 00       		.byte	0
 597 0076 11       		.uleb128 0x11
 598 0077 01       		.uleb128 0x1
 599 0078 31       		.uleb128 0x31
 600 0079 13       		.uleb128 0x13
 601 007a 00       		.byte	0
ARM GAS  C:\Users\agraw\AppData\Local\Temp\cch8YpSt.s 			page 13


 602 007b 00       		.byte	0
 603 007c 0A       		.uleb128 0xa
 604 007d 898201   		.uleb128 0x4109
 605 0080 01       		.byte	0x1
 606 0081 11       		.uleb128 0x11
 607 0082 01       		.uleb128 0x1
 608 0083 31       		.uleb128 0x31
 609 0084 13       		.uleb128 0x13
 610 0085 01       		.uleb128 0x1
 611 0086 13       		.uleb128 0x13
 612 0087 00       		.byte	0
 613 0088 00       		.byte	0
 614 0089 0B       		.uleb128 0xb
 615 008a 8A8201   		.uleb128 0x410a
 616 008d 00       		.byte	0
 617 008e 02       		.uleb128 0x2
 618 008f 18       		.uleb128 0x18
 619 0090 9142     		.uleb128 0x2111
 620 0092 18       		.uleb128 0x18
 621 0093 00       		.byte	0
 622 0094 00       		.byte	0
 623 0095 0C       		.uleb128 0xc
 624 0096 898201   		.uleb128 0x4109
 625 0099 01       		.byte	0x1
 626 009a 11       		.uleb128 0x11
 627 009b 01       		.uleb128 0x1
 628 009c 31       		.uleb128 0x31
 629 009d 13       		.uleb128 0x13
 630 009e 00       		.byte	0
 631 009f 00       		.byte	0
 632 00a0 0D       		.uleb128 0xd
 633 00a1 34       		.uleb128 0x34
 634 00a2 00       		.byte	0
 635 00a3 03       		.uleb128 0x3
 636 00a4 0E       		.uleb128 0xe
 637 00a5 3A       		.uleb128 0x3a
 638 00a6 0B       		.uleb128 0xb
 639 00a7 3B       		.uleb128 0x3b
 640 00a8 0B       		.uleb128 0xb
 641 00a9 49       		.uleb128 0x49
 642 00aa 13       		.uleb128 0x13
 643 00ab 3F       		.uleb128 0x3f
 644 00ac 19       		.uleb128 0x19
 645 00ad 3C       		.uleb128 0x3c
 646 00ae 19       		.uleb128 0x19
 647 00af 00       		.byte	0
 648 00b0 00       		.byte	0
 649 00b1 0E       		.uleb128 0xe
 650 00b2 34       		.uleb128 0x34
 651 00b3 00       		.byte	0
 652 00b4 03       		.uleb128 0x3
 653 00b5 0E       		.uleb128 0xe
 654 00b6 3A       		.uleb128 0x3a
 655 00b7 0B       		.uleb128 0xb
 656 00b8 3B       		.uleb128 0x3b
 657 00b9 05       		.uleb128 0x5
 658 00ba 49       		.uleb128 0x49
ARM GAS  C:\Users\agraw\AppData\Local\Temp\cch8YpSt.s 			page 14


 659 00bb 13       		.uleb128 0x13
 660 00bc 3F       		.uleb128 0x3f
 661 00bd 19       		.uleb128 0x19
 662 00be 3C       		.uleb128 0x3c
 663 00bf 19       		.uleb128 0x19
 664 00c0 00       		.byte	0
 665 00c1 00       		.byte	0
 666 00c2 0F       		.uleb128 0xf
 667 00c3 35       		.uleb128 0x35
 668 00c4 00       		.byte	0
 669 00c5 49       		.uleb128 0x49
 670 00c6 13       		.uleb128 0x13
 671 00c7 00       		.byte	0
 672 00c8 00       		.byte	0
 673 00c9 10       		.uleb128 0x10
 674 00ca 2E       		.uleb128 0x2e
 675 00cb 00       		.byte	0
 676 00cc 3F       		.uleb128 0x3f
 677 00cd 19       		.uleb128 0x19
 678 00ce 3C       		.uleb128 0x3c
 679 00cf 19       		.uleb128 0x19
 680 00d0 6E       		.uleb128 0x6e
 681 00d1 0E       		.uleb128 0xe
 682 00d2 03       		.uleb128 0x3
 683 00d3 0E       		.uleb128 0xe
 684 00d4 3A       		.uleb128 0x3a
 685 00d5 0B       		.uleb128 0xb
 686 00d6 3B       		.uleb128 0x3b
 687 00d7 0B       		.uleb128 0xb
 688 00d8 00       		.byte	0
 689 00d9 00       		.byte	0
 690 00da 00       		.byte	0
 691              		.section	.debug_aranges,"",%progbits
 692 0000 1C000000 		.4byte	0x1c
 693 0004 0200     		.2byte	0x2
 694 0006 00000000 		.4byte	.Ldebug_info0
 695 000a 04       		.byte	0x4
 696 000b 00       		.byte	0
 697 000c 0000     		.2byte	0
 698 000e 0000     		.2byte	0
 699 0010 00000000 		.4byte	.LFB110
 700 0014 42000000 		.4byte	.LFE110-.LFB110
 701 0018 00000000 		.4byte	0
 702 001c 00000000 		.4byte	0
 703              		.section	.debug_ranges,"",%progbits
 704              	.Ldebug_ranges0:
 705 0000 00000000 		.4byte	.LFB110
 706 0004 42000000 		.4byte	.LFE110
 707 0008 00000000 		.4byte	0
 708 000c 00000000 		.4byte	0
 709              		.section	.debug_line,"",%progbits
 710              	.Ldebug_line0:
 711 0000 C9020000 		.section	.debug_str,"MS",%progbits,1
 711      0200A602 
 711      00000201 
 711      FB0E0D00 
 711      01010101 
ARM GAS  C:\Users\agraw\AppData\Local\Temp\cch8YpSt.s 			page 15


 712              	.LASF60:
 713 0000 53455645 		.ascii	"SEVEN_Init\000"
 713      4E5F496E 
 713      697400
 714              	.LASF69:
 715 000b 52475F49 		.ascii	"RG_Init\000"
 715      6E697400 
 716              	.LASF19:
 717 0013 52435F45 		.ascii	"RC_ERROR_BUFFER_FULL\000"
 717      52524F52 
 717      5F425546 
 717      4645525F 
 717      46554C4C 
 718              	.LASF25:
 719 0028 52435F45 		.ascii	"RC_ERROR_READ_ONLY\000"
 719      52524F52 
 719      5F524541 
 719      445F4F4E 
 719      4C5900
 720              	.LASF11:
 721 003b 52435F53 		.ascii	"RC_SUCCESS\000"
 721      55434345 
 721      535300
 722              	.LASF26:
 723 0046 52435F45 		.ascii	"RC_ERROR_WRITE_ONLY\000"
 723      52524F52 
 723      5F575249 
 723      54455F4F 
 723      4E4C5900 
 724              	.LASF67:
 725 005a 736F7572 		.ascii	"source\\bsw\\reactiongame.c\000"
 725      63655C62 
 725      73775C72 
 725      65616374 
 725      696F6E67 
 726              	.LASF2:
 727 0074 73686F72 		.ascii	"short int\000"
 727      7420696E 
 727      7400
 728              	.LASF17:
 729 007e 52435F45 		.ascii	"RC_ERROR_OVERRUN\000"
 729      52524F52 
 729      5F4F5645 
 729      5252554E 
 729      00
 730              	.LASF64:
 731 008f 4C45445F 		.ascii	"LED_Yellow_Set\000"
 731      59656C6C 
 731      6F775F53 
 731      657400
 732              	.LASF42:
 733 009e 73697A65 		.ascii	"sizetype\000"
 733      74797065 
 733      00
 734              	.LASF14:
 735 00a7 52435F45 		.ascii	"RC_ERROR_ZERO\000"
 735      52524F52 
ARM GAS  C:\Users\agraw\AppData\Local\Temp\cch8YpSt.s 			page 16


 735      5F5A4552 
 735      4F00
 736              	.LASF46:
 737 00b5 45455F46 		.ascii	"EE_FREG\000"
 737      52454700 
 738              	.LASF21:
 739 00bd 52435F45 		.ascii	"RC_ERROR_BUSY\000"
 739      52524F52 
 739      5F425553 
 739      5900
 740              	.LASF44:
 741 00cb 45455F55 		.ascii	"EE_UINT32\000"
 741      494E5433 
 741      3200
 742              	.LASF47:
 743 00d5 45455F54 		.ascii	"EE_TID\000"
 743      494400
 744              	.LASF34:
 745 00dc 52435F45 		.ascii	"RC_ERROR_INVALID_STATE\000"
 745      52524F52 
 745      5F494E56 
 745      414C4944 
 745      5F535441 
 746              	.LASF52:
 747 00f3 45455F49 		.ascii	"EE_IRQ_nesting_level\000"
 747      52515F6E 
 747      65737469 
 747      6E675F6C 
 747      6576656C 
 748              	.LASF51:
 749 0108 45455F73 		.ascii	"EE_std_endcycle_next_tid\000"
 749      74645F65 
 749      6E646379 
 749      636C655F 
 749      6E657874 
 750              	.LASF16:
 751 0121 52435F45 		.ascii	"RC_ERROR_RANGE\000"
 751      52524F52 
 751      5F52414E 
 751      474500
 752              	.LASF61:
 753 0130 55415254 		.ascii	"UART_LOG_Start\000"
 753      5F4C4F47 
 753      5F537461 
 753      727400
 754              	.LASF6:
 755 013f 666C6F61 		.ascii	"float\000"
 755      7400
 756              	.LASF36:
 757 0145 52435F45 		.ascii	"RC_ERROR_NOT_IMPLEMENTED\000"
 757      52524F52 
 757      5F4E4F54 
 757      5F494D50 
 757      4C454D45 
 758              	.LASF8:
 759 015e 6C6F6E67 		.ascii	"long long int\000"
 759      206C6F6E 
ARM GAS  C:\Users\agraw\AppData\Local\Temp\cch8YpSt.s 			page 17


 759      6720696E 
 759      7400
 760              	.LASF49:
 761 016c 45455F6F 		.ascii	"EE_oo_IRQ_suspend_status\000"
 761      6F5F4952 
 761      515F7375 
 761      7370656E 
 761      645F7374 
 762              	.LASF30:
 763 0185 52435F45 		.ascii	"RC_ERROR_NOT_MATCH\000"
 763      52524F52 
 763      5F4E4F54 
 763      5F4D4154 
 763      434800
 764              	.LASF35:
 765 0198 52435F45 		.ascii	"RC_ERROR_UNKNOWN\000"
 765      52524F52 
 765      5F554E4B 
 765      4E4F574E 
 765      00
 766              	.LASF4:
 767 01a9 6C6F6E67 		.ascii	"long int\000"
 767      20696E74 
 767      00
 768              	.LASF18:
 769 01b2 52435F45 		.ascii	"RC_ERROR_UNDERRUN\000"
 769      52524F52 
 769      5F554E44 
 769      45525255 
 769      4E00
 770              	.LASF65:
 771 01c4 4C45445F 		.ascii	"LED_Green_Set\000"
 771      47726565 
 771      6E5F5365 
 771      7400
 772              	.LASF56:
 773 01d2 5247425F 		.ascii	"RGB_PWM_red_Start\000"
 773      50574D5F 
 773      7265645F 
 773      53746172 
 773      7400
 774              	.LASF63:
 775 01e4 4C45445F 		.ascii	"LED_Red_Set\000"
 775      5265645F 
 775      53657400 
 776              	.LASF32:
 777 01f0 52435F45 		.ascii	"RC_ERROR_BAD_DATA\000"
 777      52524F52 
 777      5F424144 
 777      5F444154 
 777      4100
 778              	.LASF59:
 779 0202 50574D5F 		.ascii	"PWM_red_Start\000"
 779      7265645F 
 779      53746172 
 779      7400
 780              	.LASF54:
ARM GAS  C:\Users\agraw\AppData\Local\Temp\cch8YpSt.s 			page 18


 781 0210 5247425F 		.ascii	"RGB_PWM_blue_Start\000"
 781      50574D5F 
 781      626C7565 
 781      5F537461 
 781      727400
 782              	.LASF41:
 783 0223 6C6F6E67 		.ascii	"long double\000"
 783      20646F75 
 783      626C6500 
 784              	.LASF1:
 785 022f 756E7369 		.ascii	"unsigned char\000"
 785      676E6564 
 785      20636861 
 785      7200
 786              	.LASF31:
 787 023d 52435F45 		.ascii	"RC_ERROR_BAD_PARAM\000"
 787      52524F52 
 787      5F424144 
 787      5F504152 
 787      414D00
 788              	.LASF0:
 789 0250 7369676E 		.ascii	"signed char\000"
 789      65642063 
 789      68617200 
 790              	.LASF9:
 791 025c 6C6F6E67 		.ascii	"long long unsigned int\000"
 791      206C6F6E 
 791      6720756E 
 791      7369676E 
 791      65642069 
 792              	.LASF39:
 793 0273 756E7369 		.ascii	"unsigned int\000"
 793      676E6564 
 793      20696E74 
 793      00
 794              	.LASF23:
 795 0280 52435F45 		.ascii	"RC_ERROR_OPEN\000"
 795      52524F52 
 795      5F4F5045 
 795      4E00
 796              	.LASF13:
 797 028e 52435F45 		.ascii	"RC_ERROR_NULL\000"
 797      52524F52 
 797      5F4E554C 
 797      4C00
 798              	.LASF20:
 799 029c 52435F45 		.ascii	"RC_ERROR_BUFFER_EMTPY\000"
 799      52524F52 
 799      5F425546 
 799      4645525F 
 799      454D5450 
 800              	.LASF43:
 801 02b2 45455F49 		.ascii	"EE_INT32\000"
 801      4E543332 
 801      00
 802              	.LASF3:
 803 02bb 73686F72 		.ascii	"short unsigned int\000"
ARM GAS  C:\Users\agraw\AppData\Local\Temp\cch8YpSt.s 			page 19


 803      7420756E 
 803      7369676E 
 803      65642069 
 803      6E7400
 804              	.LASF66:
 805 02ce 474E5520 		.ascii	"GNU C11 5.4.1 20160609 (release) [ARM/embedded-5-br"
 805      43313120 
 805      352E342E 
 805      31203230 
 805      31363036 
 806 0301 616E6368 		.ascii	"anch revision 237715] -mcpu=cortex-m3 -mthumb -g -O"
 806      20726576 
 806      6973696F 
 806      6E203233 
 806      37373135 
 807 0334 67202D66 		.ascii	"g -ffunction-sections -ffat-lto-objects\000"
 807      66756E63 
 807      74696F6E 
 807      2D736563 
 807      74696F6E 
 808              	.LASF10:
 809 035c 63686172 		.ascii	"char\000"
 809      00
 810              	.LASF57:
 811 0361 50574D5F 		.ascii	"PWM_yellow_Start\000"
 811      79656C6C 
 811      6F775F53 
 811      74617274 
 811      00
 812              	.LASF29:
 813 0372 52435F45 		.ascii	"RC_ERROR_WRITE_FAILS\000"
 813      52524F52 
 813      5F575249 
 813      54455F46 
 813      41494C53 
 814              	.LASF40:
 815 0387 696E7433 		.ascii	"int32_t\000"
 815      325F7400 
 816              	.LASF28:
 817 038f 52435F45 		.ascii	"RC_ERROR_READ_FAILS\000"
 817      52524F52 
 817      5F524541 
 817      445F4641 
 817      494C5300 
 818              	.LASF62:
 819 03a3 4C45445F 		.ascii	"LED_RGB_Set\000"
 819      5247425F 
 819      53657400 
 820              	.LASF50:
 821 03af 45455F41 		.ascii	"EE_ApplicationMode\000"
 821      70706C69 
 821      63617469 
 821      6F6E4D6F 
 821      646500
 822              	.LASF5:
 823 03c2 6C6F6E67 		.ascii	"long unsigned int\000"
 823      20756E73 
ARM GAS  C:\Users\agraw\AppData\Local\Temp\cch8YpSt.s 			page 20


 823      69676E65 
 823      6420696E 
 823      7400
 824              	.LASF7:
 825 03d4 646F7562 		.ascii	"double\000"
 825      6C6500
 826              	.LASF24:
 827 03db 52435F45 		.ascii	"RC_ERROR_CHECKSUM\000"
 827      52524F52 
 827      5F434845 
 827      434B5355 
 827      4D00
 828              	.LASF45:
 829 03ed 45455F55 		.ascii	"EE_UREG\000"
 829      52454700 
 830              	.LASF38:
 831 03f5 5F5F696E 		.ascii	"__int32_t\000"
 831      7433325F 
 831      7400
 832              	.LASF55:
 833 03ff 5247425F 		.ascii	"RGB_PWM_green_Start\000"
 833      50574D5F 
 833      67726565 
 833      6E5F5374 
 833      61727400 
 834              	.LASF58:
 835 0413 50574D5F 		.ascii	"PWM_green_Start\000"
 835      67726565 
 835      6E5F5374 
 835      61727400 
 836              	.LASF33:
 837 0423 52435F45 		.ascii	"RC_ERROR_CANCELED\000"
 837      52524F52 
 837      5F43414E 
 837      43454C45 
 837      4400
 838              	.LASF27:
 839 0435 52435F45 		.ascii	"RC_ERROR_INVALID\000"
 839      52524F52 
 839      5F494E56 
 839      414C4944 
 839      00
 840              	.LASF53:
 841 0446 49544D5F 		.ascii	"ITM_RxBuffer\000"
 841      52784275 
 841      66666572 
 841      00
 842              	.LASF12:
 843 0453 52435F45 		.ascii	"RC_ERROR\000"
 843      52524F52 
 843      00
 844              	.LASF15:
 845 045c 52435F45 		.ascii	"RC_ERROR_MEMORY\000"
 845      52524F52 
 845      5F4D454D 
 845      4F525900 
 846              	.LASF48:
ARM GAS  C:\Users\agraw\AppData\Local\Temp\cch8YpSt.s 			page 21


 847 046c 45455F6F 		.ascii	"EE_oo_IRQ_disable_count\000"
 847      6F5F4952 
 847      515F6469 
 847      7361626C 
 847      655F636F 
 848              	.LASF37:
 849 0484 52435F74 		.ascii	"RC_t\000"
 849      00
 850              	.LASF68:
 851 0489 433A5C55 		.ascii	"C:\\Users\\agraw\\OneDrive\\Documents\\PSoC Creator"
 851      73657273 
 851      5C616772 
 851      61775C4F 
 851      6E654472 
 852 04b7 5C414D41 		.ascii	"\\AMA_EOS_Lab_3\\AMA_EOS_Lab_3.cydsn\000"
 852      5F454F53 
 852      5F4C6162 
 852      5F335C41 
 852      4D415F45 
 853              	.LASF22:
 854 04da 52435F45 		.ascii	"RC_ERROR_TIME_OUT\000"
 854      52524F52 
 854      5F54494D 
 854      455F4F55 
 854      5400
 855              		.ident	"GCC: (GNU Tools for ARM Embedded Processors) 5.4.1 20160609 (release) [ARM/embedded-5-bran
