ARM GAS  C:\Users\agraw\AppData\Local\Temp\cc0JNSxg.s 			page 1


   1              		.syntax unified
   2              		.cpu cortex-m3
   3              		.fpu softvfp
   4              		.eabi_attribute 20, 1
   5              		.eabi_attribute 21, 1
   6              		.eabi_attribute 23, 3
   7              		.eabi_attribute 24, 1
   8              		.eabi_attribute 25, 1
   9              		.eabi_attribute 26, 1
  10              		.eabi_attribute 30, 1
  11              		.eabi_attribute 34, 1
  12              		.eabi_attribute 18, 4
  13              		.thumb
  14              		.syntax unified
  15              		.file	"ringbuffer.c"
  16              		.text
  17              	.Ltext0:
  18              		.cfi_sections	.debug_frame
  19              		.section	.text.RB_clear,"ax",%progbits
  20              		.align	2
  21              		.global	RB_clear
  22              		.thumb
  23              		.thumb_func
  24              		.type	RB_clear, %function
  25              	RB_clear:
  26              	.LFB115:
  27              		.file 1 "source\\bsw\\msg\\ringbuffer.c"
   1:source\bsw\msg/ringbuffer.c **** /**
   2:source\bsw\msg/ringbuffer.c **** * \file ringbuffer
   3:source\bsw\msg/ringbuffer.c **** * \author P. Fromm
   4:source\bsw\msg/ringbuffer.c **** * \date 11/2016
   5:source\bsw\msg/ringbuffer.c **** *
   6:source\bsw\msg/ringbuffer.c **** * \brief ringbuffer
   7:source\bsw\msg/ringbuffer.c **** *
   8:source\bsw\msg/ringbuffer.c **** * \copyright Copyright ©2016
   9:source\bsw\msg/ringbuffer.c **** * Department of electrical engineering and information technology, Hochschule Darmstadt - Universit
  10:source\bsw\msg/ringbuffer.c **** * Permission to use, copy, modify, and distribute this software and its documentation for education
  11:source\bsw\msg/ringbuffer.c **** * (unless permitted by h_da) and official h_da projects, is hereby granted for enrolled students of
  12:source\bsw\msg/ringbuffer.c **** * this paragraph and the following paragraph appear in all copies, modifications, and distributions
  13:source\bsw\msg/ringbuffer.c **** * Contact Prof.Dr.-Ing. Peter Fromm, peter.fromm@h-da.de, Birkenweg 8 64295 Darmstadt - GERMANY for
  14:source\bsw\msg/ringbuffer.c **** *
  15:source\bsw\msg/ringbuffer.c **** * \warning This software is a PROTOTYPE version and is not designed or intended for use in producti
  16:source\bsw\msg/ringbuffer.c **** * The user represents and warrants that it will NOT use or redistribute the Software for such purpo
  17:source\bsw\msg/ringbuffer.c **** * This prototype is for research purposes only. This software is provided "AS IS," without a warran
  18:source\bsw\msg/ringbuffer.c **** */
  19:source\bsw\msg/ringbuffer.c **** 
  20:source\bsw\msg/ringbuffer.c **** /*****************************************************************************/
  21:source\bsw\msg/ringbuffer.c **** /* Include files                                                             */
  22:source\bsw\msg/ringbuffer.c **** /*****************************************************************************/
  23:source\bsw\msg/ringbuffer.c **** 
  24:source\bsw\msg/ringbuffer.c **** #include <stdlib.h>
  25:source\bsw\msg/ringbuffer.c **** 
  26:source\bsw\msg/ringbuffer.c **** #include "ringbuffer.h"
  27:source\bsw\msg/ringbuffer.c **** 
  28:source\bsw\msg/ringbuffer.c **** /*****************************************************************************/
  29:source\bsw\msg/ringbuffer.c **** /* Local pre-processor symbols/macros ('#define')                            */
  30:source\bsw\msg/ringbuffer.c **** /*****************************************************************************/
ARM GAS  C:\Users\agraw\AppData\Local\Temp\cc0JNSxg.s 			page 2


  31:source\bsw\msg/ringbuffer.c **** 
  32:source\bsw\msg/ringbuffer.c **** /*****************************************************************************/
  33:source\bsw\msg/ringbuffer.c **** /* Global variable definitions (declared in header file with 'extern')       */
  34:source\bsw\msg/ringbuffer.c **** /*****************************************************************************/
  35:source\bsw\msg/ringbuffer.c **** 
  36:source\bsw\msg/ringbuffer.c **** /*****************************************************************************/
  37:source\bsw\msg/ringbuffer.c **** /* Local type definitions ('typedef')                                        */
  38:source\bsw\msg/ringbuffer.c **** /*****************************************************************************/
  39:source\bsw\msg/ringbuffer.c **** 
  40:source\bsw\msg/ringbuffer.c **** /*****************************************************************************/
  41:source\bsw\msg/ringbuffer.c **** /* Local variable definitions ('static')                                     */
  42:source\bsw\msg/ringbuffer.c **** /*****************************************************************************/
  43:source\bsw\msg/ringbuffer.c **** 
  44:source\bsw\msg/ringbuffer.c **** 
  45:source\bsw\msg/ringbuffer.c **** 
  46:source\bsw\msg/ringbuffer.c **** /*****************************************************************************/
  47:source\bsw\msg/ringbuffer.c **** /* Local function prototypes ('static')                                      */
  48:source\bsw\msg/ringbuffer.c **** /*****************************************************************************/
  49:source\bsw\msg/ringbuffer.c **** 
  50:source\bsw\msg/ringbuffer.c **** 
  51:source\bsw\msg/ringbuffer.c **** /*****************************************************************************/
  52:source\bsw\msg/ringbuffer.c **** /* Function implementation - global ('extern') and local ('static')          */
  53:source\bsw\msg/ringbuffer.c **** /*****************************************************************************/
  54:source\bsw\msg/ringbuffer.c **** 
  55:source\bsw\msg/ringbuffer.c **** /**
  56:source\bsw\msg/ringbuffer.c ****  * Init function for ringbuffer. Use pBuffer paramater to allocate memory directly or via heap.
  57:source\bsw\msg/ringbuffer.c ****  * \param ringbuffer_t* const me    : [OUT] pointer to the ringbuffer object
  58:source\bsw\msg/ringbuffer.c ****  * \param RB_size_t size            : [IN]  size of the ringbuffer in byte. 
  59:source\bsw\msg/ringbuffer.c ****  * \param RB_data_t* pBuffer        : [IN]  pointer to the buffer. If set to 0, malloc will be used
  60:source\bsw\msg/ringbuffer.c ****  * \return RC_ERRORMEMORY in case memory allocation failed 
  61:source\bsw\msg/ringbuffer.c ****  */
  62:source\bsw\msg/ringbuffer.c **** RC_t RB_init(RB_ringbuffer_t* const me, RB_size_t size, RB_data_t* pBuffer)
  63:source\bsw\msg/ringbuffer.c **** {
  64:source\bsw\msg/ringbuffer.c ****     me->m_size = size;
  65:source\bsw\msg/ringbuffer.c **** 
  66:source\bsw\msg/ringbuffer.c ****     if (pBuffer != 0)
  67:source\bsw\msg/ringbuffer.c ****     {
  68:source\bsw\msg/ringbuffer.c ****         //Some buffer is provided from the outside
  69:source\bsw\msg/ringbuffer.c ****         //It is the user's responsibility to ensure that size and pBuffer parameter are in sync
  70:source\bsw\msg/ringbuffer.c ****         me->m_bufOnHeap = FALSE;
  71:source\bsw\msg/ringbuffer.c ****         me->m_pBuffer = pBuffer;
  72:source\bsw\msg/ringbuffer.c ****     }
  73:source\bsw\msg/ringbuffer.c ****     else
  74:source\bsw\msg/ringbuffer.c ****     {
  75:source\bsw\msg/ringbuffer.c ****         //No buffer is provided, we use the heap
  76:source\bsw\msg/ringbuffer.c ****         me->m_bufOnHeap = TRUE;
  77:source\bsw\msg/ringbuffer.c ****         me->m_pBuffer = (RB_data_t*)malloc(me->m_size * sizeof(RB_data_t));
  78:source\bsw\msg/ringbuffer.c ****         
  79:source\bsw\msg/ringbuffer.c ****         if (0 == me->m_pBuffer) return RC_ERROR_MEMORY;
  80:source\bsw\msg/ringbuffer.c ****     }
  81:source\bsw\msg/ringbuffer.c ****     
  82:source\bsw\msg/ringbuffer.c ****     return RB_clear(me);
  83:source\bsw\msg/ringbuffer.c **** }
  84:source\bsw\msg/ringbuffer.c **** 
  85:source\bsw\msg/ringbuffer.c **** /**
  86:source\bsw\msg/ringbuffer.c ****  * Write function for ringbuffer
  87:source\bsw\msg/ringbuffer.c ****  * \param RB_ringbuffer_t* const me     : [IN/OUT] pointer to the ringbuffer object
ARM GAS  C:\Users\agraw\AppData\Local\Temp\cc0JNSxg.s 			page 3


  88:source\bsw\msg/ringbuffer.c ****  * \param RB_data_t const *const data   : [IN]     element which will be stored
  89:source\bsw\msg/ringbuffer.c ****  * \return RC_ERROR_BUFFER_FULL in case no empty space is available anymore
  90:source\bsw\msg/ringbuffer.c ****  */
  91:source\bsw\msg/ringbuffer.c **** RC_t RB_put(RB_ringbuffer_t* const me, RB_data_t const *const data)
  92:source\bsw\msg/ringbuffer.c **** {
  93:source\bsw\msg/ringbuffer.c ****     
  94:source\bsw\msg/ringbuffer.c ****     RC_t ret = RC_SUCCESS;
  95:source\bsw\msg/ringbuffer.c ****     
  96:source\bsw\msg/ringbuffer.c ****     RB_enterCriticalRegion();
  97:source\bsw\msg/ringbuffer.c ****     
  98:source\bsw\msg/ringbuffer.c ****     RB_size_t fillLevel = 0;
  99:source\bsw\msg/ringbuffer.c ****     if ( (RC_SUCCESS == RB_getFillLevel(me, &fillLevel)) && (fillLevel < me->m_size) )
 100:source\bsw\msg/ringbuffer.c ****     {
 101:source\bsw\msg/ringbuffer.c ****         me->m_pBuffer[me->m_writeIndex++] = *data;
 102:source\bsw\msg/ringbuffer.c ****         me->m_writeIndex %= me->m_size;
 103:source\bsw\msg/ringbuffer.c ****         me->m_countPut++;
 104:source\bsw\msg/ringbuffer.c ****     }
 105:source\bsw\msg/ringbuffer.c ****     else
 106:source\bsw\msg/ringbuffer.c ****     {
 107:source\bsw\msg/ringbuffer.c ****         ret =  RC_ERROR_BUFFER_FULL;
 108:source\bsw\msg/ringbuffer.c ****     }
 109:source\bsw\msg/ringbuffer.c ****     
 110:source\bsw\msg/ringbuffer.c ****     RB_leaveCriticalRegion();
 111:source\bsw\msg/ringbuffer.c ****     
 112:source\bsw\msg/ringbuffer.c ****     return ret;
 113:source\bsw\msg/ringbuffer.c **** }
 114:source\bsw\msg/ringbuffer.c **** 
 115:source\bsw\msg/ringbuffer.c **** /**
 116:source\bsw\msg/ringbuffer.c ****  * Read function for ringbuffer
 117:source\bsw\msg/ringbuffer.c ****  * \param RB_ringbuffer_t* const me     : [IN/OUT] pointer to the ringbuffer object
 118:source\bsw\msg/ringbuffer.c ****  * \param RB_data_t* data               : [OUT]    pointer to the element read from the buffer
 119:source\bsw\msg/ringbuffer.c ****  * \return RC_ERROR_BUFFER_EMTPY if buffer was empty
 120:source\bsw\msg/ringbuffer.c ****  */
 121:source\bsw\msg/ringbuffer.c **** RC_t RB_get(RB_ringbuffer_t* const me, RB_data_t* const data)
 122:source\bsw\msg/ringbuffer.c **** {
 123:source\bsw\msg/ringbuffer.c ****     RC_t ret = RC_SUCCESS;
 124:source\bsw\msg/ringbuffer.c ****     
 125:source\bsw\msg/ringbuffer.c ****     RB_enterCriticalRegion();
 126:source\bsw\msg/ringbuffer.c ****     
 127:source\bsw\msg/ringbuffer.c ****     RB_size_t fillLevel = 0;
 128:source\bsw\msg/ringbuffer.c ****     if ( (RC_SUCCESS == RB_getFillLevel(me, &fillLevel)) && (fillLevel > 0) )
 129:source\bsw\msg/ringbuffer.c ****     {
 130:source\bsw\msg/ringbuffer.c ****         *data = me->m_pBuffer[me->m_readIndex++];
 131:source\bsw\msg/ringbuffer.c ****         me->m_readIndex %= me->m_size;
 132:source\bsw\msg/ringbuffer.c ****         me->m_countGet++;
 133:source\bsw\msg/ringbuffer.c ****         
 134:source\bsw\msg/ringbuffer.c ****     }
 135:source\bsw\msg/ringbuffer.c ****     else
 136:source\bsw\msg/ringbuffer.c ****     {
 137:source\bsw\msg/ringbuffer.c ****         ret =  RC_ERROR_BUFFER_EMTPY;
 138:source\bsw\msg/ringbuffer.c ****     }
 139:source\bsw\msg/ringbuffer.c ****     
 140:source\bsw\msg/ringbuffer.c ****     RB_leaveCriticalRegion();
 141:source\bsw\msg/ringbuffer.c ****     
 142:source\bsw\msg/ringbuffer.c ****     return ret;    
 143:source\bsw\msg/ringbuffer.c ****     
 144:source\bsw\msg/ringbuffer.c **** }
ARM GAS  C:\Users\agraw\AppData\Local\Temp\cc0JNSxg.s 			page 4


 145:source\bsw\msg/ringbuffer.c **** 
 146:source\bsw\msg/ringbuffer.c **** /**
 147:source\bsw\msg/ringbuffer.c ****  * Read function for ringbuffer
 148:source\bsw\msg/ringbuffer.c ****  * \param RB_ringbuffer_t* const me     : [OUT] pointer to the ringbuffer object
 149:source\bsw\msg/ringbuffer.c ****  * \return RC_SUCCESS
 150:source\bsw\msg/ringbuffer.c ****  */
 151:source\bsw\msg/ringbuffer.c **** RC_t RB_clear(RB_ringbuffer_t* const me)
 152:source\bsw\msg/ringbuffer.c **** {
  28              		.loc 1 152 0
  29              		.cfi_startproc
  30              		@ args = 0, pretend = 0, frame = 0
  31              		@ frame_needed = 0, uses_anonymous_args = 0
  32              		@ link register save eliminated.
  33              	.LVL0:
  34              	.LBB18:
  35              	.LBB19:
  36              		.file 2 "source\\bsw\\msg\\ringbuffer_cfg.h"
   1:source\bsw\msg/ringbuffer_cfg.h **** /**
   2:source\bsw\msg/ringbuffer_cfg.h **** * \file ringbuffer_cfg_.h
   3:source\bsw\msg/ringbuffer_cfg.h **** * \author Prof. P. Fromm
   4:source\bsw\msg/ringbuffer_cfg.h **** * \date 11/2016
   5:source\bsw\msg/ringbuffer_cfg.h **** *
   6:source\bsw\msg/ringbuffer_cfg.h **** * \brief ringbuffer configuration for uart ports and similar
   7:source\bsw\msg/ringbuffer_cfg.h **** *
   8:source\bsw\msg/ringbuffer_cfg.h **** *
   9:source\bsw\msg/ringbuffer_cfg.h **** * \note none
  10:source\bsw\msg/ringbuffer_cfg.h **** * \todo none
  11:source\bsw\msg/ringbuffer_cfg.h **** * \warning none
  12:source\bsw\msg/ringbuffer_cfg.h **** *
  13:source\bsw\msg/ringbuffer_cfg.h **** *  Changelog:\n
  14:source\bsw\msg/ringbuffer_cfg.h **** *  - <version; data of change; author>
  15:source\bsw\msg/ringbuffer_cfg.h **** *            - <description of the change>
  16:source\bsw\msg/ringbuffer_cfg.h **** *
  17:source\bsw\msg/ringbuffer_cfg.h **** * \copyright Copyright ©2016
  18:source\bsw\msg/ringbuffer_cfg.h **** * Department of electrical engineering and information technology, Hochschule Darmstadt - Universit
  19:source\bsw\msg/ringbuffer_cfg.h **** * Permission to use, copy, modify, and distribute this software and its documentation for education
  20:source\bsw\msg/ringbuffer_cfg.h **** * (unless permitted by h_da) and official h_da projects, is hereby granted for enrolled students of
  21:source\bsw\msg/ringbuffer_cfg.h **** * this paragraph and the following paragraph appear in all copies, modifications, and distributions
  22:source\bsw\msg/ringbuffer_cfg.h **** * Contact Prof.Dr.-Ing. Peter Fromm, peter.fromm@h-da.de, Birkenweg 8 64295 Darmstadt - GERMANY for
  23:source\bsw\msg/ringbuffer_cfg.h **** *
  24:source\bsw\msg/ringbuffer_cfg.h **** * \warning This software is a PROTOTYPE version and is not designed or intended for use in producti
  25:source\bsw\msg/ringbuffer_cfg.h **** * The user represents and warrants that it will NOT use or redistribute the Software for such purpo
  26:source\bsw\msg/ringbuffer_cfg.h **** * This prototype is for research purposes only. This software is provided "AS IS," without a warran
  27:source\bsw\msg/ringbuffer_cfg.h **** */
  28:source\bsw\msg/ringbuffer_cfg.h **** 
  29:source\bsw\msg/ringbuffer_cfg.h **** #ifndef RINGBUFFER_CFG_H
  30:source\bsw\msg/ringbuffer_cfg.h **** #define RINGBUFFER_CFG_H
  31:source\bsw\msg/ringbuffer_cfg.h **** 
  32:source\bsw\msg/ringbuffer_cfg.h **** #include "global.h"
  33:source\bsw\msg/ringbuffer_cfg.h **** #include "project.h"
  34:source\bsw\msg/ringbuffer_cfg.h **** 
  35:source\bsw\msg/ringbuffer_cfg.h ****     
  36:source\bsw\msg/ringbuffer_cfg.h **** /*****************************************************************************/
  37:source\bsw\msg/ringbuffer_cfg.h **** /* Global pre-processor symbols/macros ('#define')                           */
  38:source\bsw\msg/ringbuffer_cfg.h **** /*****************************************************************************/
  39:source\bsw\msg/ringbuffer_cfg.h **** 
  40:source\bsw\msg/ringbuffer_cfg.h **** 
ARM GAS  C:\Users\agraw\AppData\Local\Temp\cc0JNSxg.s 			page 5


  41:source\bsw\msg/ringbuffer_cfg.h **** 
  42:source\bsw\msg/ringbuffer_cfg.h **** 
  43:source\bsw\msg/ringbuffer_cfg.h **** /*****************************************************************************/
  44:source\bsw\msg/ringbuffer_cfg.h **** /* Type definitions                                                          */
  45:source\bsw\msg/ringbuffer_cfg.h **** /*****************************************************************************/
  46:source\bsw\msg/ringbuffer_cfg.h **** 
  47:source\bsw\msg/ringbuffer_cfg.h **** /**
  48:source\bsw\msg/ringbuffer_cfg.h ****  * Datatype for the array size, typically uint16_t
  49:source\bsw\msg/ringbuffer_cfg.h ****  */
  50:source\bsw\msg/ringbuffer_cfg.h **** typedef uint16_t RB_size_t;
  51:source\bsw\msg/ringbuffer_cfg.h ****     
  52:source\bsw\msg/ringbuffer_cfg.h **** /**
  53:source\bsw\msg/ringbuffer_cfg.h ****  * Datatype for the buffer content
  54:source\bsw\msg/ringbuffer_cfg.h ****  */
  55:source\bsw\msg/ringbuffer_cfg.h **** typedef uint8_t RB_data_t;
  56:source\bsw\msg/ringbuffer_cfg.h **** 
  57:source\bsw\msg/ringbuffer_cfg.h **** /**
  58:source\bsw\msg/ringbuffer_cfg.h ****  * Entering a critical section. Add your user code here, e.g. IRQ disable, mutex,...
  59:source\bsw\msg/ringbuffer_cfg.h ****  * Note: As Erika ressources do not work in interrupts, we use the interrupt disable option.
  60:source\bsw\msg/ringbuffer_cfg.h ****  */
  61:source\bsw\msg/ringbuffer_cfg.h **** static inline void RB_enterCriticalRegion()
  62:source\bsw\msg/ringbuffer_cfg.h **** {
  63:source\bsw\msg/ringbuffer_cfg.h ****     CyGlobalIntDisable
  37              		.loc 2 63 0
  38              		.syntax unified
  39              	@ 63 "source\bsw\msg\ringbuffer_cfg.h" 1
  40 0000 72B6     		CPSID   i
  41              	@ 0 "" 2
  42              		.thumb
  43              		.syntax unified
  44              	.LBE19:
  45              	.LBE18:
 153:source\bsw\msg/ringbuffer.c ****     RB_enterCriticalRegion();
 154:source\bsw\msg/ringbuffer.c ****     
 155:source\bsw\msg/ringbuffer.c ****     me->m_readIndex = 0;
  46              		.loc 1 155 0
  47 0002 0023     		movs	r3, #0
  48 0004 4380     		strh	r3, [r0, #2]	@ movhi
 156:source\bsw\msg/ringbuffer.c ****     me->m_writeIndex = 0;
  49              		.loc 1 156 0
  50 0006 8380     		strh	r3, [r0, #4]	@ movhi
 157:source\bsw\msg/ringbuffer.c ****     me->m_countGet = 0;
  51              		.loc 1 157 0
  52 0008 C360     		str	r3, [r0, #12]
 158:source\bsw\msg/ringbuffer.c ****     me->m_countPut = 0;
  53              		.loc 1 158 0
  54 000a 8360     		str	r3, [r0, #8]
  55              	.LBB20:
  56              	.LBB21:
  64:source\bsw\msg/ringbuffer_cfg.h **** }
  65:source\bsw\msg/ringbuffer_cfg.h **** 
  66:source\bsw\msg/ringbuffer_cfg.h **** /**
  67:source\bsw\msg/ringbuffer_cfg.h ****  * Entering a critical section. Add your user code here, e.g. IRQ disable, mutex,...
  68:source\bsw\msg/ringbuffer_cfg.h ****  */
  69:source\bsw\msg/ringbuffer_cfg.h **** static inline void RB_leaveCriticalRegion()
  70:source\bsw\msg/ringbuffer_cfg.h **** {
  71:source\bsw\msg/ringbuffer_cfg.h ****     CyGlobalIntEnable
ARM GAS  C:\Users\agraw\AppData\Local\Temp\cc0JNSxg.s 			page 6


  57              		.loc 2 71 0
  58              		.syntax unified
  59              	@ 71 "source\bsw\msg\ringbuffer_cfg.h" 1
  60 000c 62B6     		CPSIE   i
  61              	@ 0 "" 2
  62              		.thumb
  63              		.syntax unified
  64              	.LBE21:
  65              	.LBE20:
 159:source\bsw\msg/ringbuffer.c ****     
 160:source\bsw\msg/ringbuffer.c ****     RB_leaveCriticalRegion();
 161:source\bsw\msg/ringbuffer.c ****     
 162:source\bsw\msg/ringbuffer.c ****     return RC_SUCCESS;
 163:source\bsw\msg/ringbuffer.c **** }
  66              		.loc 1 163 0
  67 000e 1846     		mov	r0, r3
  68              	.LVL1:
  69 0010 7047     		bx	lr
  70              		.cfi_endproc
  71              	.LFE115:
  72              		.size	RB_clear, .-RB_clear
  73 0012 00BF     		.section	.text.RB_init,"ax",%progbits
  74              		.align	2
  75              		.global	RB_init
  76              		.thumb
  77              		.thumb_func
  78              		.type	RB_init, %function
  79              	RB_init:
  80              	.LFB112:
  63:source\bsw\msg/ringbuffer.c ****     me->m_size = size;
  81              		.loc 1 63 0
  82              		.cfi_startproc
  83              		@ args = 0, pretend = 0, frame = 0
  84              		@ frame_needed = 0, uses_anonymous_args = 0
  85              	.LVL2:
  86 0000 10B5     		push	{r4, lr}
  87              		.cfi_def_cfa_offset 8
  88              		.cfi_offset 4, -8
  89              		.cfi_offset 14, -4
  90 0002 0446     		mov	r4, r0
  64:source\bsw\msg/ringbuffer.c **** 
  91              		.loc 1 64 0
  92 0004 0180     		strh	r1, [r0]	@ movhi
  66:source\bsw\msg/ringbuffer.c ****     {
  93              		.loc 1 66 0
  94 0006 22B1     		cbz	r2, .L3
  95 0008 1346     		mov	r3, r2
  70:source\bsw\msg/ringbuffer.c ****         me->m_pBuffer = pBuffer;
  96              		.loc 1 70 0
  97 000a 0022     		movs	r2, #0
  98              	.LVL3:
  99 000c 0275     		strb	r2, [r0, #20]
  71:source\bsw\msg/ringbuffer.c ****     }
 100              		.loc 1 71 0
 101 000e 0361     		str	r3, [r0, #16]
 102 0010 06E0     		b	.L4
 103              	.LVL4:
ARM GAS  C:\Users\agraw\AppData\Local\Temp\cc0JNSxg.s 			page 7


 104              	.L3:
  76:source\bsw\msg/ringbuffer.c ****         me->m_pBuffer = (RB_data_t*)malloc(me->m_size * sizeof(RB_data_t));
 105              		.loc 1 76 0
 106 0012 0123     		movs	r3, #1
 107 0014 0375     		strb	r3, [r0, #20]
  77:source\bsw\msg/ringbuffer.c ****         
 108              		.loc 1 77 0
 109 0016 0846     		mov	r0, r1
 110              	.LVL5:
 111 0018 FFF7FEFF 		bl	malloc
 112              	.LVL6:
 113 001c 2061     		str	r0, [r4, #16]
  79:source\bsw\msg/ringbuffer.c ****     }
 114              		.loc 1 79 0
 115 001e 18B1     		cbz	r0, .L6
 116              	.L4:
  82:source\bsw\msg/ringbuffer.c **** }
 117              		.loc 1 82 0
 118 0020 2046     		mov	r0, r4
 119 0022 FFF7FEFF 		bl	RB_clear
 120              	.LVL7:
 121 0026 10BD     		pop	{r4, pc}
 122              	.LVL8:
 123              	.L6:
  79:source\bsw\msg/ringbuffer.c ****     }
 124              		.loc 1 79 0
 125 0028 6FF00300 		mvn	r0, #3
  83:source\bsw\msg/ringbuffer.c **** 
 126              		.loc 1 83 0
 127 002c 10BD     		pop	{r4, pc}
 128              		.cfi_endproc
 129              	.LFE112:
 130              		.size	RB_init, .-RB_init
 131 002e 00BF     		.section	.text.RB_deinit,"ax",%progbits
 132              		.align	2
 133              		.global	RB_deinit
 134              		.thumb
 135              		.thumb_func
 136              		.type	RB_deinit, %function
 137              	RB_deinit:
 138              	.LFB116:
 164:source\bsw\msg/ringbuffer.c **** 
 165:source\bsw\msg/ringbuffer.c **** /**
 166:source\bsw\msg/ringbuffer.c ****  * DeInit function for ringbuffer
 167:source\bsw\msg/ringbuffer.c ****  * \param RB_ringbuffer_t* const me     : [IN] pointer to the ringbuffer object
 168:source\bsw\msg/ringbuffer.c ****  * \return RC_SUCCESS
 169:source\bsw\msg/ringbuffer.c ****  */
 170:source\bsw\msg/ringbuffer.c **** RC_t RB_deinit(RB_ringbuffer_t* const me)
 171:source\bsw\msg/ringbuffer.c **** {
 139              		.loc 1 171 0
 140              		.cfi_startproc
 141              		@ args = 0, pretend = 0, frame = 0
 142              		@ frame_needed = 0, uses_anonymous_args = 0
 143              	.LVL9:
 144 0000 08B5     		push	{r3, lr}
 145              		.cfi_def_cfa_offset 8
 146              		.cfi_offset 3, -8
ARM GAS  C:\Users\agraw\AppData\Local\Temp\cc0JNSxg.s 			page 8


 147              		.cfi_offset 14, -4
 172:source\bsw\msg/ringbuffer.c ****     if (me->m_bufOnHeap ==TRUE)
 148              		.loc 1 172 0
 149 0002 037D     		ldrb	r3, [r0, #20]	@ zero_extendqisi2
 150 0004 012B     		cmp	r3, #1
 151 0006 02D1     		bne	.L9
 173:source\bsw\msg/ringbuffer.c ****     {
 174:source\bsw\msg/ringbuffer.c ****         free(me->m_pBuffer);
 152              		.loc 1 174 0
 153 0008 0069     		ldr	r0, [r0, #16]
 154              	.LVL10:
 155 000a FFF7FEFF 		bl	free
 156              	.LVL11:
 157              	.L9:
 175:source\bsw\msg/ringbuffer.c ****     }
 176:source\bsw\msg/ringbuffer.c ****     
 177:source\bsw\msg/ringbuffer.c ****     return RC_SUCCESS;
 178:source\bsw\msg/ringbuffer.c **** }
 158              		.loc 1 178 0
 159 000e 0020     		movs	r0, #0
 160 0010 08BD     		pop	{r3, pc}
 161              		.cfi_endproc
 162              	.LFE116:
 163              		.size	RB_deinit, .-RB_deinit
 164 0012 00BF     		.section	.text.RB_getFillLevel,"ax",%progbits
 165              		.align	2
 166              		.global	RB_getFillLevel
 167              		.thumb
 168              		.thumb_func
 169              		.type	RB_getFillLevel, %function
 170              	RB_getFillLevel:
 171              	.LFB117:
 179:source\bsw\msg/ringbuffer.c **** 
 180:source\bsw\msg/ringbuffer.c **** 
 181:source\bsw\msg/ringbuffer.c **** 
 182:source\bsw\msg/ringbuffer.c **** /**
 183:source\bsw\msg/ringbuffer.c ****  * Get number of stored elements
 184:source\bsw\msg/ringbuffer.c ****  * \param RB_ringbuffer_t* const me     : [IN/OUT} pointer to the ringbuffer object
 185:source\bsw\msg/ringbuffer.c ****  * \param RB_size_t* pFillLevel         : [OUT]    pointer to fillLevel value
 186:source\bsw\msg/ringbuffer.c ****  * \return RC_ERROR_INVALID_STATE if countGet > countPut
 187:source\bsw\msg/ringbuffer.c ****  */
 188:source\bsw\msg/ringbuffer.c **** RC_t RB_getFillLevel(RB_ringbuffer_t* const me, RB_size_t* pFillLevel)
 189:source\bsw\msg/ringbuffer.c **** {
 172              		.loc 1 189 0
 173              		.cfi_startproc
 174              		@ args = 0, pretend = 0, frame = 0
 175              		@ frame_needed = 0, uses_anonymous_args = 0
 176              		@ link register save eliminated.
 177              	.LVL12:
 178              	.LBB22:
 179              	.LBB23:
  63:source\bsw\msg/ringbuffer_cfg.h **** }
 180              		.loc 2 63 0
 181              		.syntax unified
 182              	@ 63 "source\bsw\msg\ringbuffer_cfg.h" 1
 183 0000 72B6     		CPSID   i
 184              	@ 0 "" 2
ARM GAS  C:\Users\agraw\AppData\Local\Temp\cc0JNSxg.s 			page 9


 185              		.thumb
 186              		.syntax unified
 187              	.LBE23:
 188              	.LBE22:
 190:source\bsw\msg/ringbuffer.c ****     RC_t ret = RC_SUCCESS;
 191:source\bsw\msg/ringbuffer.c ****     
 192:source\bsw\msg/ringbuffer.c ****     RB_enterCriticalRegion();
 193:source\bsw\msg/ringbuffer.c ****     
 194:source\bsw\msg/ringbuffer.c ****     if (me->m_countPut >= me->m_countGet)
 189              		.loc 1 194 0
 190 0002 8368     		ldr	r3, [r0, #8]
 191 0004 C268     		ldr	r2, [r0, #12]
 192 0006 9342     		cmp	r3, r2
 193 0008 03D3     		bcc	.L13
 195:source\bsw\msg/ringbuffer.c ****     {
 196:source\bsw\msg/ringbuffer.c ****         *pFillLevel = (RB_size_t)(me->m_countPut - me->m_countGet);
 194              		.loc 1 196 0
 195 000a 9B1A     		subs	r3, r3, r2
 196 000c 0B80     		strh	r3, [r1]	@ movhi
 190:source\bsw\msg/ringbuffer.c ****     RC_t ret = RC_SUCCESS;
 197              		.loc 1 190 0
 198 000e 0020     		movs	r0, #0
 199              	.LVL13:
 200 0010 01E0     		b	.L12
 201              	.LVL14:
 202              	.L13:
 197:source\bsw\msg/ringbuffer.c ****     }
 198:source\bsw\msg/ringbuffer.c ****     else
 199:source\bsw\msg/ringbuffer.c ****     {
 200:source\bsw\msg/ringbuffer.c ****         ret = RC_ERROR_INVALID_STATE;
 203              		.loc 1 200 0
 204 0012 6FF01600 		mvn	r0, #22
 205              	.LVL15:
 206              	.L12:
 207              	.LBB24:
 208              	.LBB25:
 209              		.loc 2 71 0
 210              		.syntax unified
 211              	@ 71 "source\bsw\msg\ringbuffer_cfg.h" 1
 212 0016 62B6     		CPSIE   i
 213              	@ 0 "" 2
 214              		.thumb
 215              		.syntax unified
 216              	.LBE25:
 217              	.LBE24:
 201:source\bsw\msg/ringbuffer.c ****     }
 202:source\bsw\msg/ringbuffer.c ****     
 203:source\bsw\msg/ringbuffer.c ****     RB_leaveCriticalRegion();
 204:source\bsw\msg/ringbuffer.c ****     
 205:source\bsw\msg/ringbuffer.c ****     return ret;
 206:source\bsw\msg/ringbuffer.c **** }
 218              		.loc 1 206 0
 219 0018 7047     		bx	lr
 220              		.cfi_endproc
 221              	.LFE117:
 222              		.size	RB_getFillLevel, .-RB_getFillLevel
 223 001a 00BF     		.section	.text.RB_put,"ax",%progbits
ARM GAS  C:\Users\agraw\AppData\Local\Temp\cc0JNSxg.s 			page 10


 224              		.align	2
 225              		.global	RB_put
 226              		.thumb
 227              		.thumb_func
 228              		.type	RB_put, %function
 229              	RB_put:
 230              	.LFB113:
  92:source\bsw\msg/ringbuffer.c ****     
 231              		.loc 1 92 0
 232              		.cfi_startproc
 233              		@ args = 0, pretend = 0, frame = 8
 234              		@ frame_needed = 0, uses_anonymous_args = 0
 235              	.LVL16:
 236 0000 30B5     		push	{r4, r5, lr}
 237              		.cfi_def_cfa_offset 12
 238              		.cfi_offset 4, -12
 239              		.cfi_offset 5, -8
 240              		.cfi_offset 14, -4
 241 0002 83B0     		sub	sp, sp, #12
 242              		.cfi_def_cfa_offset 24
 243 0004 0446     		mov	r4, r0
 244 0006 0D46     		mov	r5, r1
 245              	.LVL17:
 246              	.LBB26:
 247              	.LBB27:
  63:source\bsw\msg/ringbuffer_cfg.h **** }
 248              		.loc 2 63 0
 249              		.syntax unified
 250              	@ 63 "source\bsw\msg\ringbuffer_cfg.h" 1
 251 0008 72B6     		CPSID   i
 252              	@ 0 "" 2
 253              		.thumb
 254              		.syntax unified
 255              	.LBE27:
 256              	.LBE26:
  98:source\bsw\msg/ringbuffer.c ****     if ( (RC_SUCCESS == RB_getFillLevel(me, &fillLevel)) && (fillLevel < me->m_size) )
 257              		.loc 1 98 0
 258 000a 02A9     		add	r1, sp, #8
 259              	.LVL18:
 260 000c 0023     		movs	r3, #0
 261 000e 21F8023D 		strh	r3, [r1, #-2]!	@ movhi
  99:source\bsw\msg/ringbuffer.c ****     {
 262              		.loc 1 99 0
 263 0012 FFF7FEFF 		bl	RB_getFillLevel
 264              	.LVL19:
 265 0016 A8B9     		cbnz	r0, .L16
  99:source\bsw\msg/ringbuffer.c ****     {
 266              		.loc 1 99 0 is_stmt 0 discriminator 1
 267 0018 2288     		ldrh	r2, [r4]
 268 001a BDF80630 		ldrh	r3, [sp, #6]
 269 001e 9A42     		cmp	r2, r3
 270 0020 13D9     		bls	.L17
 101:source\bsw\msg/ringbuffer.c ****         me->m_writeIndex %= me->m_size;
 271              		.loc 1 101 0 is_stmt 1
 272 0022 2269     		ldr	r2, [r4, #16]
 273 0024 A388     		ldrh	r3, [r4, #4]
 274 0026 591C     		adds	r1, r3, #1
ARM GAS  C:\Users\agraw\AppData\Local\Temp\cc0JNSxg.s 			page 11


 275 0028 A180     		strh	r1, [r4, #4]	@ movhi
 276 002a 2978     		ldrb	r1, [r5]	@ zero_extendqisi2
 277 002c D154     		strb	r1, [r2, r3]
 102:source\bsw\msg/ringbuffer.c ****         me->m_countPut++;
 278              		.loc 1 102 0
 279 002e 2388     		ldrh	r3, [r4]
 280 0030 A188     		ldrh	r1, [r4, #4]
 281 0032 B1FBF3F2 		udiv	r2, r1, r3
 282 0036 03FB1213 		mls	r3, r3, r2, r1
 283 003a A380     		strh	r3, [r4, #4]	@ movhi
 103:source\bsw\msg/ringbuffer.c ****     }
 284              		.loc 1 103 0
 285 003c A368     		ldr	r3, [r4, #8]
 286 003e 0133     		adds	r3, r3, #1
 287 0040 A360     		str	r3, [r4, #8]
 288 0042 04E0     		b	.L15
 289              	.L16:
 107:source\bsw\msg/ringbuffer.c ****     }
 290              		.loc 1 107 0
 291 0044 6FF00700 		mvn	r0, #7
 292 0048 01E0     		b	.L15
 293              	.L17:
 294 004a 6FF00700 		mvn	r0, #7
 295              	.L15:
 296              	.LVL20:
 297              	.LBB28:
 298              	.LBB29:
 299              		.loc 2 71 0
 300              		.syntax unified
 301              	@ 71 "source\bsw\msg\ringbuffer_cfg.h" 1
 302 004e 62B6     		CPSIE   i
 303              	@ 0 "" 2
 304              		.thumb
 305              		.syntax unified
 306              	.LBE29:
 307              	.LBE28:
 113:source\bsw\msg/ringbuffer.c **** 
 308              		.loc 1 113 0
 309 0050 03B0     		add	sp, sp, #12
 310              		.cfi_def_cfa_offset 12
 311              		@ sp needed
 312 0052 30BD     		pop	{r4, r5, pc}
 313              		.cfi_endproc
 314              	.LFE113:
 315              		.size	RB_put, .-RB_put
 316              		.section	.text.RB_get,"ax",%progbits
 317              		.align	2
 318              		.global	RB_get
 319              		.thumb
 320              		.thumb_func
 321              		.type	RB_get, %function
 322              	RB_get:
 323              	.LFB114:
 122:source\bsw\msg/ringbuffer.c ****     RC_t ret = RC_SUCCESS;
 324              		.loc 1 122 0
 325              		.cfi_startproc
 326              		@ args = 0, pretend = 0, frame = 8
ARM GAS  C:\Users\agraw\AppData\Local\Temp\cc0JNSxg.s 			page 12


 327              		@ frame_needed = 0, uses_anonymous_args = 0
 328              	.LVL21:
 329 0000 30B5     		push	{r4, r5, lr}
 330              		.cfi_def_cfa_offset 12
 331              		.cfi_offset 4, -12
 332              		.cfi_offset 5, -8
 333              		.cfi_offset 14, -4
 334 0002 83B0     		sub	sp, sp, #12
 335              		.cfi_def_cfa_offset 24
 336 0004 0446     		mov	r4, r0
 337 0006 0D46     		mov	r5, r1
 338              	.LVL22:
 339              	.LBB30:
 340              	.LBB31:
  63:source\bsw\msg/ringbuffer_cfg.h **** }
 341              		.loc 2 63 0
 342              		.syntax unified
 343              	@ 63 "source\bsw\msg\ringbuffer_cfg.h" 1
 344 0008 72B6     		CPSID   i
 345              	@ 0 "" 2
 346              		.thumb
 347              		.syntax unified
 348              	.LBE31:
 349              	.LBE30:
 127:source\bsw\msg/ringbuffer.c ****     if ( (RC_SUCCESS == RB_getFillLevel(me, &fillLevel)) && (fillLevel > 0) )
 350              		.loc 1 127 0
 351 000a 02A9     		add	r1, sp, #8
 352              	.LVL23:
 353 000c 0023     		movs	r3, #0
 354 000e 21F8023D 		strh	r3, [r1, #-2]!	@ movhi
 128:source\bsw\msg/ringbuffer.c ****     {
 355              		.loc 1 128 0
 356 0012 FFF7FEFF 		bl	RB_getFillLevel
 357              	.LVL24:
 358 0016 98B9     		cbnz	r0, .L21
 128:source\bsw\msg/ringbuffer.c ****     {
 359              		.loc 1 128 0 is_stmt 0 discriminator 1
 360 0018 BDF80630 		ldrh	r3, [sp, #6]
 361 001c 9BB1     		cbz	r3, .L22
 130:source\bsw\msg/ringbuffer.c ****         me->m_readIndex %= me->m_size;
 362              		.loc 1 130 0 is_stmt 1
 363 001e 2269     		ldr	r2, [r4, #16]
 364 0020 6388     		ldrh	r3, [r4, #2]
 365 0022 591C     		adds	r1, r3, #1
 366 0024 6180     		strh	r1, [r4, #2]	@ movhi
 367 0026 D35C     		ldrb	r3, [r2, r3]	@ zero_extendqisi2
 368 0028 2B70     		strb	r3, [r5]
 131:source\bsw\msg/ringbuffer.c ****         me->m_countGet++;
 369              		.loc 1 131 0
 370 002a 2388     		ldrh	r3, [r4]
 371 002c 6188     		ldrh	r1, [r4, #2]
 372 002e B1FBF3F2 		udiv	r2, r1, r3
 373 0032 03FB1213 		mls	r3, r3, r2, r1
 374 0036 6380     		strh	r3, [r4, #2]	@ movhi
 132:source\bsw\msg/ringbuffer.c ****         
 375              		.loc 1 132 0
 376 0038 E368     		ldr	r3, [r4, #12]
ARM GAS  C:\Users\agraw\AppData\Local\Temp\cc0JNSxg.s 			page 13


 377 003a 0133     		adds	r3, r3, #1
 378 003c E360     		str	r3, [r4, #12]
 379 003e 04E0     		b	.L20
 380              	.L21:
 137:source\bsw\msg/ringbuffer.c ****     }
 381              		.loc 1 137 0
 382 0040 6FF00800 		mvn	r0, #8
 383 0044 01E0     		b	.L20
 384              	.L22:
 385 0046 6FF00800 		mvn	r0, #8
 386              	.L20:
 387              	.LVL25:
 388              	.LBB32:
 389              	.LBB33:
 390              		.loc 2 71 0
 391              		.syntax unified
 392              	@ 71 "source\bsw\msg\ringbuffer_cfg.h" 1
 393 004a 62B6     		CPSIE   i
 394              	@ 0 "" 2
 395              		.thumb
 396              		.syntax unified
 397              	.LBE33:
 398              	.LBE32:
 144:source\bsw\msg/ringbuffer.c **** 
 399              		.loc 1 144 0
 400 004c 03B0     		add	sp, sp, #12
 401              		.cfi_def_cfa_offset 12
 402              		@ sp needed
 403 004e 30BD     		pop	{r4, r5, pc}
 404              		.cfi_endproc
 405              	.LFE114:
 406              		.size	RB_get, .-RB_get
 407              		.text
 408              	.Letext0:
 409              		.file 3 "c:\\program files (x86)\\cypress\\psoc creator\\4.4\\psoc creator\\import\\gnu\\arm\\5.4.
 410              		.file 4 ".\\source\\bsw/global.h"
 411              		.file 5 "c:\\program files (x86)\\cypress\\psoc creator\\4.4\\psoc creator\\import\\gnu\\arm\\5.4.
 412              		.file 6 "Generated_Source\\PSoC5/ErikaOS_1_common_ee_types.inc"
 413              		.file 7 "Generated_Source\\PSoC5/ErikaOS_1_cortex_mx_ee_cpu.inc"
 414              		.file 8 "source\\bsw\\msg\\ringbuffer.h"
 415              		.file 9 "Generated_Source\\PSoC5/ErikaOS_1_ee_oo_intfunc.inc"
 416              		.file 10 "Generated_Source\\PSoC5/ErikaOS_1_cortex_mx_ee_context.inc"
 417              		.file 11 "Generated_Source\\PSoC5/ErikaOS_1_common_ee_primitives.inc"
 418              		.file 12 "Generated_Source\\PSoC5/core_cm3.h"
 419              		.file 13 "c:\\program files (x86)\\cypress\\psoc creator\\4.4\\psoc creator\\import\\gnu\\arm\\5.4
 420              		.section	.debug_info,"",%progbits
 421              	.Ldebug_info0:
 422 0000 18050000 		.4byte	0x518
 423 0004 0400     		.2byte	0x4
 424 0006 00000000 		.4byte	.Ldebug_abbrev0
 425 000a 04       		.byte	0x4
 426 000b 01       		.uleb128 0x1
 427 000c 99030000 		.4byte	.LASF83
 428 0010 0C       		.byte	0xc
 429 0011 82000000 		.4byte	.LASF84
 430 0015 29010000 		.4byte	.LASF85
 431 0019 00000000 		.4byte	.Ldebug_ranges0+0
ARM GAS  C:\Users\agraw\AppData\Local\Temp\cc0JNSxg.s 			page 14


 432 001d 00000000 		.4byte	0
 433 0021 00000000 		.4byte	.Ldebug_line0
 434 0025 02       		.uleb128 0x2
 435 0026 04       		.byte	0x4
 436 0027 07       		.byte	0x7
 437 0028 14030000 		.4byte	.LASF0
 438 002c 03       		.uleb128 0x3
 439 002d 04       		.byte	0x4
 440 002e 05       		.byte	0x5
 441 002f 696E7400 		.ascii	"int\000"
 442 0033 02       		.uleb128 0x2
 443 0034 08       		.byte	0x8
 444 0035 05       		.byte	0x5
 445 0036 E3010000 		.4byte	.LASF1
 446 003a 02       		.uleb128 0x2
 447 003b 08       		.byte	0x8
 448 003c 04       		.byte	0x4
 449 003d 96020000 		.4byte	.LASF2
 450 0041 02       		.uleb128 0x2
 451 0042 01       		.byte	0x1
 452 0043 06       		.byte	0x6
 453 0044 E1020000 		.4byte	.LASF3
 454 0048 02       		.uleb128 0x2
 455 0049 01       		.byte	0x1
 456 004a 08       		.byte	0x8
 457 004b B9020000 		.4byte	.LASF4
 458 004f 02       		.uleb128 0x2
 459 0050 02       		.byte	0x2
 460 0051 05       		.byte	0x5
 461 0052 49000000 		.4byte	.LASF5
 462 0056 02       		.uleb128 0x2
 463 0057 02       		.byte	0x2
 464 0058 07       		.byte	0x7
 465 0059 86030000 		.4byte	.LASF6
 466 005d 04       		.uleb128 0x4
 467 005e C3040000 		.4byte	.LASF12
 468 0062 03       		.byte	0x3
 469 0063 3F       		.byte	0x3f
 470 0064 68000000 		.4byte	0x68
 471 0068 02       		.uleb128 0x2
 472 0069 04       		.byte	0x4
 473 006a 05       		.byte	0x5
 474 006b 24020000 		.4byte	.LASF7
 475 006f 02       		.uleb128 0x2
 476 0070 04       		.byte	0x4
 477 0071 07       		.byte	0x7
 478 0072 7C040000 		.4byte	.LASF8
 479 0076 02       		.uleb128 0x2
 480 0077 08       		.byte	0x8
 481 0078 07       		.byte	0x7
 482 0079 ED020000 		.4byte	.LASF9
 483 007d 02       		.uleb128 0x2
 484 007e 04       		.byte	0x4
 485 007f 07       		.byte	0x7
 486 0080 79000000 		.4byte	.LASF10
 487 0084 02       		.uleb128 0x2
 488 0085 01       		.byte	0x1
ARM GAS  C:\Users\agraw\AppData\Local\Temp\cc0JNSxg.s 			page 15


 489 0086 08       		.byte	0x8
 490 0087 27040000 		.4byte	.LASF11
 491 008b 04       		.uleb128 0x4
 492 008c E5000000 		.4byte	.LASF13
 493 0090 04       		.byte	0x4
 494 0091 91       		.byte	0x91
 495 0092 48000000 		.4byte	0x48
 496 0096 04       		.uleb128 0x4
 497 0097 2F030000 		.4byte	.LASF14
 498 009b 04       		.byte	0x4
 499 009c 93       		.byte	0x93
 500 009d 56000000 		.4byte	0x56
 501 00a1 04       		.uleb128 0x4
 502 00a2 0B030000 		.4byte	.LASF15
 503 00a6 04       		.byte	0x4
 504 00a7 96       		.byte	0x96
 505 00a8 6F000000 		.4byte	0x6f
 506 00ac 02       		.uleb128 0x2
 507 00ad 04       		.byte	0x4
 508 00ae 04       		.byte	0x4
 509 00af AB010000 		.4byte	.LASF16
 510 00b3 02       		.uleb128 0x2
 511 00b4 08       		.byte	0x8
 512 00b5 04       		.byte	0x4
 513 00b6 F6040000 		.4byte	.LASF17
 514 00ba 04       		.uleb128 0x4
 515 00bb 81020000 		.4byte	.LASF18
 516 00bf 04       		.byte	0x4
 517 00c0 9C       		.byte	0x9c
 518 00c1 48000000 		.4byte	0x48
 519 00c5 05       		.uleb128 0x5
 520 00c6 01       		.byte	0x1
 521 00c7 41000000 		.4byte	0x41
 522 00cb 04       		.byte	0x4
 523 00cc CF       		.byte	0xcf
 524 00cd 6E010000 		.4byte	0x16e
 525 00d1 06       		.uleb128 0x6
 526 00d2 20000000 		.4byte	.LASF19
 527 00d6 00       		.byte	0
 528 00d7 07       		.uleb128 0x7
 529 00d8 5B040000 		.4byte	.LASF20
 530 00dc 7F       		.sleb128 -1
 531 00dd 07       		.uleb128 0x7
 532 00de 42030000 		.4byte	.LASF21
 533 00e2 7E       		.sleb128 -2
 534 00e3 07       		.uleb128 0x7
 535 00e4 9E000000 		.4byte	.LASF22
 536 00e8 7D       		.sleb128 -3
 537 00e9 07       		.uleb128 0x7
 538 00ea 1F050000 		.4byte	.LASF23
 539 00ee 7C       		.sleb128 -4
 540 00ef 07       		.uleb128 0x7
 541 00f0 B4040000 		.4byte	.LASF24
 542 00f4 7B       		.sleb128 -5
 543 00f5 07       		.uleb128 0x7
 544 00f6 53000000 		.4byte	.LASF25
 545 00fa 7A       		.sleb128 -6
ARM GAS  C:\Users\agraw\AppData\Local\Temp\cc0JNSxg.s 			page 16


 546 00fb 07       		.uleb128 0x7
 547 00fc 2D020000 		.4byte	.LASF26
 548 0100 79       		.sleb128 -7
 549 0101 07       		.uleb128 0x7
 550 0102 2C040000 		.4byte	.LASF27
 551 0106 78       		.sleb128 -8
 552 0107 07       		.uleb128 0x7
 553 0108 50030000 		.4byte	.LASF28
 554 010c 77       		.sleb128 -9
 555 010d 07       		.uleb128 0x7
 556 010e 48020000 		.4byte	.LASF29
 557 0112 76       		.sleb128 -10
 558 0113 07       		.uleb128 0x7
 559 0114 49040000 		.4byte	.LASF30
 560 0118 75       		.sleb128 -11
 561 0119 07       		.uleb128 0x7
 562 011a 21030000 		.4byte	.LASF31
 563 011e 74       		.sleb128 -12
 564 011f 07       		.uleb128 0x7
 565 0120 95040000 		.4byte	.LASF32
 566 0124 73       		.sleb128 -13
 567 0125 07       		.uleb128 0x7
 568 0126 0D000000 		.4byte	.LASF33
 569 012a 72       		.sleb128 -14
 570 012b 07       		.uleb128 0x7
 571 012c 35000000 		.4byte	.LASF34
 572 0130 71       		.sleb128 -15
 573 0131 07       		.uleb128 0x7
 574 0132 5E020000 		.4byte	.LASF35
 575 0136 70       		.sleb128 -16
 576 0137 07       		.uleb128 0x7
 577 0138 B4000000 		.4byte	.LASF36
 578 013c 6F       		.sleb128 -17
 579 013d 07       		.uleb128 0x7
 580 013e 64000000 		.4byte	.LASF37
 581 0142 6E       		.sleb128 -18
 582 0143 07       		.uleb128 0x7
 583 0144 00020000 		.4byte	.LASF38
 584 0148 6D       		.sleb128 -19
 585 0149 07       		.uleb128 0x7
 586 014a C7020000 		.4byte	.LASF39
 587 014e 6C       		.sleb128 -20
 588 014f 07       		.uleb128 0x7
 589 0150 6F020000 		.4byte	.LASF40
 590 0154 6B       		.sleb128 -21
 591 0155 07       		.uleb128 0x7
 592 0156 CD040000 		.4byte	.LASF41
 593 015a 6A       		.sleb128 -22
 594 015b 07       		.uleb128 0x7
 595 015c ED000000 		.4byte	.LASF42
 596 0160 69       		.sleb128 -23
 597 0161 07       		.uleb128 0x7
 598 0162 13020000 		.4byte	.LASF43
 599 0166 68       		.sleb128 -24
 600 0167 07       		.uleb128 0x7
 601 0168 CA010000 		.4byte	.LASF44
 602 016c 67       		.sleb128 -25
ARM GAS  C:\Users\agraw\AppData\Local\Temp\cc0JNSxg.s 			page 17


 603 016d 00       		.byte	0
 604 016e 04       		.uleb128 0x4
 605 016f 47050000 		.4byte	.LASF45
 606 0173 04       		.byte	0x4
 607 0174 EA       		.byte	0xea
 608 0175 C5000000 		.4byte	0xc5
 609 0179 04       		.uleb128 0x4
 610 017a 41040000 		.4byte	.LASF46
 611 017e 05       		.byte	0x5
 612 017f 2C       		.byte	0x2c
 613 0180 5D000000 		.4byte	0x5d
 614 0184 04       		.uleb128 0x4
 615 0185 66030000 		.4byte	.LASF47
 616 0189 06       		.byte	0x6
 617 018a 53       		.byte	0x53
 618 018b 2C000000 		.4byte	0x2c
 619 018f 04       		.uleb128 0x4
 620 0190 C8000000 		.4byte	.LASF48
 621 0194 06       		.byte	0x6
 622 0195 54       		.byte	0x54
 623 0196 25000000 		.4byte	0x25
 624 019a 04       		.uleb128 0x4
 625 019b A7040000 		.4byte	.LASF49
 626 019f 07       		.byte	0x7
 627 01a0 4D       		.byte	0x4d
 628 01a1 8F010000 		.4byte	0x18f
 629 01a5 04       		.uleb128 0x4
 630 01a6 AC000000 		.4byte	.LASF50
 631 01aa 07       		.byte	0x7
 632 01ab 4F       		.byte	0x4f
 633 01ac 8F010000 		.4byte	0x18f
 634 01b0 04       		.uleb128 0x4
 635 01b1 D2000000 		.4byte	.LASF51
 636 01b5 07       		.byte	0x7
 637 01b6 78       		.byte	0x78
 638 01b7 84010000 		.4byte	0x184
 639 01bb 04       		.uleb128 0x4
 640 01bc 38030000 		.4byte	.LASF52
 641 01c0 02       		.byte	0x2
 642 01c1 32       		.byte	0x32
 643 01c2 96000000 		.4byte	0x96
 644 01c6 04       		.uleb128 0x4
 645 01c7 FD040000 		.4byte	.LASF53
 646 01cb 02       		.byte	0x2
 647 01cc 37       		.byte	0x37
 648 01cd 8B000000 		.4byte	0x8b
 649 01d1 08       		.uleb128 0x8
 650 01d2 18       		.byte	0x18
 651 01d3 08       		.byte	0x8
 652 01d4 32       		.byte	0x32
 653 01d5 2E020000 		.4byte	0x22e
 654 01d9 09       		.uleb128 0x9
 655 01da DA020000 		.4byte	.LASF54
 656 01de 08       		.byte	0x8
 657 01df 33       		.byte	0x33
 658 01e0 BB010000 		.4byte	0x1bb
 659 01e4 00       		.byte	0
ARM GAS  C:\Users\agraw\AppData\Local\Temp\cc0JNSxg.s 			page 18


 660 01e5 09       		.uleb128 0x9
 661 01e6 EA040000 		.4byte	.LASF55
 662 01ea 08       		.byte	0x8
 663 01eb 34       		.byte	0x34
 664 01ec BB010000 		.4byte	0x1bb
 665 01f0 02       		.byte	0x2
 666 01f1 09       		.uleb128 0x9
 667 01f2 00000000 		.4byte	.LASF56
 668 01f6 08       		.byte	0x8
 669 01f7 35       		.byte	0x35
 670 01f8 BB010000 		.4byte	0x1bb
 671 01fc 04       		.byte	0x4
 672 01fd 09       		.uleb128 0x9
 673 01fe 14050000 		.4byte	.LASF57
 674 0202 08       		.byte	0x8
 675 0203 36       		.byte	0x36
 676 0204 A1000000 		.4byte	0xa1
 677 0208 08       		.byte	0x8
 678 0209 09       		.uleb128 0x9
 679 020a DF040000 		.4byte	.LASF58
 680 020e 08       		.byte	0x8
 681 020f 37       		.byte	0x37
 682 0210 A1000000 		.4byte	0xa1
 683 0214 0C       		.byte	0xc
 684 0215 09       		.uleb128 0x9
 685 0216 2B000000 		.4byte	.LASF59
 686 021a 08       		.byte	0x8
 687 021b 38       		.byte	0x38
 688 021c 2E020000 		.4byte	0x22e
 689 0220 10       		.byte	0x10
 690 0221 09       		.uleb128 0x9
 691 0222 D9000000 		.4byte	.LASF60
 692 0226 08       		.byte	0x8
 693 0227 39       		.byte	0x39
 694 0228 BA000000 		.4byte	0xba
 695 022c 14       		.byte	0x14
 696 022d 00       		.byte	0
 697 022e 0A       		.uleb128 0xa
 698 022f 04       		.byte	0x4
 699 0230 C6010000 		.4byte	0x1c6
 700 0234 04       		.uleb128 0x4
 701 0235 04010000 		.4byte	.LASF61
 702 0239 08       		.byte	0x8
 703 023a 3A       		.byte	0x3a
 704 023b D1010000 		.4byte	0x1d1
 705 023f 0B       		.uleb128 0xb
 706 0240 6F030000 		.4byte	.LASF62
 707 0244 02       		.byte	0x2
 708 0245 45       		.byte	0x45
 709 0246 03       		.byte	0x3
 710 0247 0B       		.uleb128 0xb
 711 0248 A2020000 		.4byte	.LASF63
 712 024c 02       		.byte	0x2
 713 024d 3D       		.byte	0x3d
 714 024e 03       		.byte	0x3
 715 024f 0C       		.uleb128 0xc
 716 0250 3F020000 		.4byte	.LASF64
ARM GAS  C:\Users\agraw\AppData\Local\Temp\cc0JNSxg.s 			page 19


 717 0254 01       		.byte	0x1
 718 0255 97       		.byte	0x97
 719 0256 6E010000 		.4byte	0x16e
 720 025a 00000000 		.4byte	.LFB115
 721 025e 12000000 		.4byte	.LFE115-.LFB115
 722 0262 01       		.uleb128 0x1
 723 0263 9C       		.byte	0x9c
 724 0264 95020000 		.4byte	0x295
 725 0268 0D       		.uleb128 0xd
 726 0269 6D6500   		.ascii	"me\000"
 727 026c 01       		.byte	0x1
 728 026d 97       		.byte	0x97
 729 026e 9B020000 		.4byte	0x29b
 730 0272 00000000 		.4byte	.LLST0
 731 0276 0E       		.uleb128 0xe
 732 0277 47020000 		.4byte	0x247
 733 027b 00000000 		.4byte	.LBB18
 734 027f 02000000 		.4byte	.LBE18-.LBB18
 735 0283 01       		.byte	0x1
 736 0284 99       		.byte	0x99
 737 0285 0E       		.uleb128 0xe
 738 0286 3F020000 		.4byte	0x23f
 739 028a 0C000000 		.4byte	.LBB20
 740 028e 02000000 		.4byte	.LBE20-.LBB20
 741 0292 01       		.byte	0x1
 742 0293 A0       		.byte	0xa0
 743 0294 00       		.byte	0
 744 0295 0A       		.uleb128 0xa
 745 0296 04       		.byte	0x4
 746 0297 34020000 		.4byte	0x234
 747 029b 0F       		.uleb128 0xf
 748 029c 95020000 		.4byte	0x295
 749 02a0 0C       		.uleb128 0xc
 750 02a1 F1010000 		.4byte	.LASF65
 751 02a5 01       		.byte	0x1
 752 02a6 3E       		.byte	0x3e
 753 02a7 6E010000 		.4byte	0x16e
 754 02ab 00000000 		.4byte	.LFB112
 755 02af 2E000000 		.4byte	.LFE112-.LFB112
 756 02b3 01       		.uleb128 0x1
 757 02b4 9C       		.byte	0x9c
 758 02b5 FF020000 		.4byte	0x2ff
 759 02b9 0D       		.uleb128 0xd
 760 02ba 6D6500   		.ascii	"me\000"
 761 02bd 01       		.byte	0x1
 762 02be 3E       		.byte	0x3e
 763 02bf 9B020000 		.4byte	0x29b
 764 02c3 21000000 		.4byte	.LLST1
 765 02c7 10       		.uleb128 0x10
 766 02c8 AF040000 		.4byte	.LASF66
 767 02cc 01       		.byte	0x1
 768 02cd 3E       		.byte	0x3e
 769 02ce BB010000 		.4byte	0x1bb
 770 02d2 3F000000 		.4byte	.LLST2
 771 02d6 10       		.uleb128 0x10
 772 02d7 56020000 		.4byte	.LASF67
 773 02db 01       		.byte	0x1
ARM GAS  C:\Users\agraw\AppData\Local\Temp\cc0JNSxg.s 			page 20


 774 02dc 3E       		.byte	0x3e
 775 02dd 2E020000 		.4byte	0x22e
 776 02e1 60000000 		.4byte	.LLST3
 777 02e5 11       		.uleb128 0x11
 778 02e6 1C000000 		.4byte	.LVL6
 779 02ea 05050000 		.4byte	0x505
 780 02ee 12       		.uleb128 0x12
 781 02ef 26000000 		.4byte	.LVL7
 782 02f3 4F020000 		.4byte	0x24f
 783 02f7 13       		.uleb128 0x13
 784 02f8 01       		.uleb128 0x1
 785 02f9 50       		.byte	0x50
 786 02fa 02       		.uleb128 0x2
 787 02fb 74       		.byte	0x74
 788 02fc 00       		.sleb128 0
 789 02fd 00       		.byte	0
 790 02fe 00       		.byte	0
 791 02ff 0C       		.uleb128 0xc
 792 0300 4C050000 		.4byte	.LASF68
 793 0304 01       		.byte	0x1
 794 0305 AA       		.byte	0xaa
 795 0306 6E010000 		.4byte	0x16e
 796 030a 00000000 		.4byte	.LFB116
 797 030e 12000000 		.4byte	.LFE116-.LFB116
 798 0312 01       		.uleb128 0x1
 799 0313 9C       		.byte	0x9c
 800 0314 30030000 		.4byte	0x330
 801 0318 0D       		.uleb128 0xd
 802 0319 6D6500   		.ascii	"me\000"
 803 031c 01       		.byte	0x1
 804 031d AA       		.byte	0xaa
 805 031e 9B020000 		.4byte	0x29b
 806 0322 97000000 		.4byte	.LLST4
 807 0326 11       		.uleb128 0x11
 808 0327 0E000000 		.4byte	.LVL11
 809 032b 10050000 		.4byte	0x510
 810 032f 00       		.byte	0
 811 0330 0C       		.uleb128 0xc
 812 0331 9B010000 		.4byte	.LASF69
 813 0335 01       		.byte	0x1
 814 0336 BC       		.byte	0xbc
 815 0337 6E010000 		.4byte	0x16e
 816 033b 00000000 		.4byte	.LFB117
 817 033f 1A000000 		.4byte	.LFE117-.LFB117
 818 0343 01       		.uleb128 0x1
 819 0344 9C       		.byte	0x9c
 820 0345 92030000 		.4byte	0x392
 821 0349 0D       		.uleb128 0xd
 822 034a 6D6500   		.ascii	"me\000"
 823 034d 01       		.byte	0x1
 824 034e BC       		.byte	0xbc
 825 034f 9B020000 		.4byte	0x29b
 826 0353 B8000000 		.4byte	.LLST5
 827 0357 14       		.uleb128 0x14
 828 0358 8B020000 		.4byte	.LASF70
 829 035c 01       		.byte	0x1
 830 035d BC       		.byte	0xbc
ARM GAS  C:\Users\agraw\AppData\Local\Temp\cc0JNSxg.s 			page 21


 831 035e 92030000 		.4byte	0x392
 832 0362 01       		.uleb128 0x1
 833 0363 51       		.byte	0x51
 834 0364 15       		.uleb128 0x15
 835 0365 72657400 		.ascii	"ret\000"
 836 0369 01       		.byte	0x1
 837 036a BE       		.byte	0xbe
 838 036b 6E010000 		.4byte	0x16e
 839 036f F2000000 		.4byte	.LLST6
 840 0373 0E       		.uleb128 0xe
 841 0374 47020000 		.4byte	0x247
 842 0378 00000000 		.4byte	.LBB22
 843 037c 02000000 		.4byte	.LBE22-.LBB22
 844 0380 01       		.byte	0x1
 845 0381 C0       		.byte	0xc0
 846 0382 0E       		.uleb128 0xe
 847 0383 3F020000 		.4byte	0x23f
 848 0387 16000000 		.4byte	.LBB24
 849 038b 02000000 		.4byte	.LBE24-.LBB24
 850 038f 01       		.byte	0x1
 851 0390 CB       		.byte	0xcb
 852 0391 00       		.byte	0
 853 0392 0A       		.uleb128 0xa
 854 0393 04       		.byte	0x4
 855 0394 BB010000 		.4byte	0x1bb
 856 0398 0C       		.uleb128 0xc
 857 0399 8E040000 		.4byte	.LASF71
 858 039d 01       		.byte	0x1
 859 039e 5B       		.byte	0x5b
 860 039f 6E010000 		.4byte	0x16e
 861 03a3 00000000 		.4byte	.LFB113
 862 03a7 54000000 		.4byte	.LFE113-.LFB113
 863 03ab 01       		.uleb128 0x1
 864 03ac 9C       		.byte	0x9c
 865 03ad 20040000 		.4byte	0x420
 866 03b1 0D       		.uleb128 0xd
 867 03b2 6D6500   		.ascii	"me\000"
 868 03b5 01       		.byte	0x1
 869 03b6 5B       		.byte	0x5b
 870 03b7 9B020000 		.4byte	0x29b
 871 03bb 11010000 		.4byte	.LLST7
 872 03bf 10       		.uleb128 0x10
 873 03c0 64040000 		.4byte	.LASF72
 874 03c4 01       		.byte	0x1
 875 03c5 5B       		.byte	0x5b
 876 03c6 2B040000 		.4byte	0x42b
 877 03ca 2F010000 		.4byte	.LLST8
 878 03ce 15       		.uleb128 0x15
 879 03cf 72657400 		.ascii	"ret\000"
 880 03d3 01       		.byte	0x1
 881 03d4 5E       		.byte	0x5e
 882 03d5 6E010000 		.4byte	0x16e
 883 03d9 4D010000 		.4byte	.LLST9
 884 03dd 16       		.uleb128 0x16
 885 03de 91010000 		.4byte	.LASF73
 886 03e2 01       		.byte	0x1
 887 03e3 62       		.byte	0x62
ARM GAS  C:\Users\agraw\AppData\Local\Temp\cc0JNSxg.s 			page 22


 888 03e4 BB010000 		.4byte	0x1bb
 889 03e8 02       		.uleb128 0x2
 890 03e9 91       		.byte	0x91
 891 03ea 6E       		.sleb128 -18
 892 03eb 0E       		.uleb128 0xe
 893 03ec 47020000 		.4byte	0x247
 894 03f0 08000000 		.4byte	.LBB26
 895 03f4 02000000 		.4byte	.LBE26-.LBB26
 896 03f8 01       		.byte	0x1
 897 03f9 60       		.byte	0x60
 898 03fa 0E       		.uleb128 0xe
 899 03fb 3F020000 		.4byte	0x23f
 900 03ff 4E000000 		.4byte	.LBB28
 901 0403 02000000 		.4byte	.LBE28-.LBB28
 902 0407 01       		.byte	0x1
 903 0408 6E       		.byte	0x6e
 904 0409 12       		.uleb128 0x12
 905 040a 16000000 		.4byte	.LVL19
 906 040e 30030000 		.4byte	0x330
 907 0412 13       		.uleb128 0x13
 908 0413 01       		.uleb128 0x1
 909 0414 50       		.byte	0x50
 910 0415 02       		.uleb128 0x2
 911 0416 74       		.byte	0x74
 912 0417 00       		.sleb128 0
 913 0418 13       		.uleb128 0x13
 914 0419 01       		.uleb128 0x1
 915 041a 51       		.byte	0x51
 916 041b 02       		.uleb128 0x2
 917 041c 91       		.byte	0x91
 918 041d 6E       		.sleb128 -18
 919 041e 00       		.byte	0
 920 041f 00       		.byte	0
 921 0420 0A       		.uleb128 0xa
 922 0421 04       		.byte	0x4
 923 0422 26040000 		.4byte	0x426
 924 0426 0F       		.uleb128 0xf
 925 0427 C6010000 		.4byte	0x1c6
 926 042b 0F       		.uleb128 0xf
 927 042c 20040000 		.4byte	0x420
 928 0430 0C       		.uleb128 0xc
 929 0431 04030000 		.4byte	.LASF74
 930 0435 01       		.byte	0x1
 931 0436 79       		.byte	0x79
 932 0437 6E010000 		.4byte	0x16e
 933 043b 00000000 		.4byte	.LFB114
 934 043f 50000000 		.4byte	.LFE114-.LFB114
 935 0443 01       		.uleb128 0x1
 936 0444 9C       		.byte	0x9c
 937 0445 B8040000 		.4byte	0x4b8
 938 0449 0D       		.uleb128 0xd
 939 044a 6D6500   		.ascii	"me\000"
 940 044d 01       		.byte	0x1
 941 044e 79       		.byte	0x79
 942 044f 9B020000 		.4byte	0x29b
 943 0453 6C010000 		.4byte	.LLST10
 944 0457 10       		.uleb128 0x10
ARM GAS  C:\Users\agraw\AppData\Local\Temp\cc0JNSxg.s 			page 23


 945 0458 64040000 		.4byte	.LASF72
 946 045c 01       		.byte	0x1
 947 045d 79       		.byte	0x79
 948 045e B8040000 		.4byte	0x4b8
 949 0462 8A010000 		.4byte	.LLST11
 950 0466 15       		.uleb128 0x15
 951 0467 72657400 		.ascii	"ret\000"
 952 046b 01       		.byte	0x1
 953 046c 7B       		.byte	0x7b
 954 046d 6E010000 		.4byte	0x16e
 955 0471 A8010000 		.4byte	.LLST12
 956 0475 16       		.uleb128 0x16
 957 0476 91010000 		.4byte	.LASF73
 958 047a 01       		.byte	0x1
 959 047b 7F       		.byte	0x7f
 960 047c BB010000 		.4byte	0x1bb
 961 0480 02       		.uleb128 0x2
 962 0481 91       		.byte	0x91
 963 0482 6E       		.sleb128 -18
 964 0483 0E       		.uleb128 0xe
 965 0484 47020000 		.4byte	0x247
 966 0488 08000000 		.4byte	.LBB30
 967 048c 02000000 		.4byte	.LBE30-.LBB30
 968 0490 01       		.byte	0x1
 969 0491 7D       		.byte	0x7d
 970 0492 0E       		.uleb128 0xe
 971 0493 3F020000 		.4byte	0x23f
 972 0497 4A000000 		.4byte	.LBB32
 973 049b 02000000 		.4byte	.LBE32-.LBB32
 974 049f 01       		.byte	0x1
 975 04a0 8C       		.byte	0x8c
 976 04a1 12       		.uleb128 0x12
 977 04a2 16000000 		.4byte	.LVL24
 978 04a6 30030000 		.4byte	0x330
 979 04aa 13       		.uleb128 0x13
 980 04ab 01       		.uleb128 0x1
 981 04ac 50       		.byte	0x50
 982 04ad 02       		.uleb128 0x2
 983 04ae 74       		.byte	0x74
 984 04af 00       		.sleb128 0
 985 04b0 13       		.uleb128 0x13
 986 04b1 01       		.uleb128 0x1
 987 04b2 51       		.byte	0x51
 988 04b3 02       		.uleb128 0x2
 989 04b4 91       		.byte	0x91
 990 04b5 6E       		.sleb128 -18
 991 04b6 00       		.byte	0
 992 04b7 00       		.byte	0
 993 04b8 0F       		.uleb128 0xf
 994 04b9 2E020000 		.4byte	0x22e
 995 04bd 17       		.uleb128 0x17
 996 04be 2F050000 		.4byte	.LASF75
 997 04c2 09       		.byte	0x9
 998 04c3 40       		.byte	0x40
 999 04c4 9A010000 		.4byte	0x19a
 1000 04c8 17       		.uleb128 0x17
 1001 04c9 B1010000 		.4byte	.LASF76
ARM GAS  C:\Users\agraw\AppData\Local\Temp\cc0JNSxg.s 			page 24


 1002 04cd 09       		.byte	0x9
 1003 04ce 47       		.byte	0x47
 1004 04cf A5010000 		.4byte	0x1a5
 1005 04d3 17       		.uleb128 0x17
 1006 04d4 69040000 		.4byte	.LASF77
 1007 04d8 09       		.byte	0x9
 1008 04d9 4A       		.byte	0x4a
 1009 04da 9A010000 		.4byte	0x19a
 1010 04de 17       		.uleb128 0x17
 1011 04df 78010000 		.4byte	.LASF78
 1012 04e3 0A       		.byte	0xa
 1013 04e4 48       		.byte	0x48
 1014 04e5 B0010000 		.4byte	0x1b0
 1015 04e9 17       		.uleb128 0x17
 1016 04ea 14010000 		.4byte	.LASF79
 1017 04ee 0B       		.byte	0xb
 1018 04ef 44       		.byte	0x44
 1019 04f0 9A010000 		.4byte	0x19a
 1020 04f4 18       		.uleb128 0x18
 1021 04f5 07050000 		.4byte	.LASF80
 1022 04f9 0C       		.byte	0xc
 1023 04fa 1207     		.2byte	0x712
 1024 04fc 00050000 		.4byte	0x500
 1025 0500 19       		.uleb128 0x19
 1026 0501 79010000 		.4byte	0x179
 1027 0505 1A       		.uleb128 0x1a
 1028 0506 F9010000 		.4byte	.LASF81
 1029 050a F9010000 		.4byte	.LASF81
 1030 050e 0D       		.byte	0xd
 1031 050f 64       		.byte	0x64
 1032 0510 1A       		.uleb128 0x1a
 1033 0511 73010000 		.4byte	.LASF82
 1034 0515 73010000 		.4byte	.LASF82
 1035 0519 0D       		.byte	0xd
 1036 051a 59       		.byte	0x59
 1037 051b 00       		.byte	0
 1038              		.section	.debug_abbrev,"",%progbits
 1039              	.Ldebug_abbrev0:
 1040 0000 01       		.uleb128 0x1
 1041 0001 11       		.uleb128 0x11
 1042 0002 01       		.byte	0x1
 1043 0003 25       		.uleb128 0x25
 1044 0004 0E       		.uleb128 0xe
 1045 0005 13       		.uleb128 0x13
 1046 0006 0B       		.uleb128 0xb
 1047 0007 03       		.uleb128 0x3
 1048 0008 0E       		.uleb128 0xe
 1049 0009 1B       		.uleb128 0x1b
 1050 000a 0E       		.uleb128 0xe
 1051 000b 55       		.uleb128 0x55
 1052 000c 17       		.uleb128 0x17
 1053 000d 11       		.uleb128 0x11
 1054 000e 01       		.uleb128 0x1
 1055 000f 10       		.uleb128 0x10
 1056 0010 17       		.uleb128 0x17
 1057 0011 00       		.byte	0
 1058 0012 00       		.byte	0
ARM GAS  C:\Users\agraw\AppData\Local\Temp\cc0JNSxg.s 			page 25


 1059 0013 02       		.uleb128 0x2
 1060 0014 24       		.uleb128 0x24
 1061 0015 00       		.byte	0
 1062 0016 0B       		.uleb128 0xb
 1063 0017 0B       		.uleb128 0xb
 1064 0018 3E       		.uleb128 0x3e
 1065 0019 0B       		.uleb128 0xb
 1066 001a 03       		.uleb128 0x3
 1067 001b 0E       		.uleb128 0xe
 1068 001c 00       		.byte	0
 1069 001d 00       		.byte	0
 1070 001e 03       		.uleb128 0x3
 1071 001f 24       		.uleb128 0x24
 1072 0020 00       		.byte	0
 1073 0021 0B       		.uleb128 0xb
 1074 0022 0B       		.uleb128 0xb
 1075 0023 3E       		.uleb128 0x3e
 1076 0024 0B       		.uleb128 0xb
 1077 0025 03       		.uleb128 0x3
 1078 0026 08       		.uleb128 0x8
 1079 0027 00       		.byte	0
 1080 0028 00       		.byte	0
 1081 0029 04       		.uleb128 0x4
 1082 002a 16       		.uleb128 0x16
 1083 002b 00       		.byte	0
 1084 002c 03       		.uleb128 0x3
 1085 002d 0E       		.uleb128 0xe
 1086 002e 3A       		.uleb128 0x3a
 1087 002f 0B       		.uleb128 0xb
 1088 0030 3B       		.uleb128 0x3b
 1089 0031 0B       		.uleb128 0xb
 1090 0032 49       		.uleb128 0x49
 1091 0033 13       		.uleb128 0x13
 1092 0034 00       		.byte	0
 1093 0035 00       		.byte	0
 1094 0036 05       		.uleb128 0x5
 1095 0037 04       		.uleb128 0x4
 1096 0038 01       		.byte	0x1
 1097 0039 0B       		.uleb128 0xb
 1098 003a 0B       		.uleb128 0xb
 1099 003b 49       		.uleb128 0x49
 1100 003c 13       		.uleb128 0x13
 1101 003d 3A       		.uleb128 0x3a
 1102 003e 0B       		.uleb128 0xb
 1103 003f 3B       		.uleb128 0x3b
 1104 0040 0B       		.uleb128 0xb
 1105 0041 01       		.uleb128 0x1
 1106 0042 13       		.uleb128 0x13
 1107 0043 00       		.byte	0
 1108 0044 00       		.byte	0
 1109 0045 06       		.uleb128 0x6
 1110 0046 28       		.uleb128 0x28
 1111 0047 00       		.byte	0
 1112 0048 03       		.uleb128 0x3
 1113 0049 0E       		.uleb128 0xe
 1114 004a 1C       		.uleb128 0x1c
 1115 004b 0B       		.uleb128 0xb
ARM GAS  C:\Users\agraw\AppData\Local\Temp\cc0JNSxg.s 			page 26


 1116 004c 00       		.byte	0
 1117 004d 00       		.byte	0
 1118 004e 07       		.uleb128 0x7
 1119 004f 28       		.uleb128 0x28
 1120 0050 00       		.byte	0
 1121 0051 03       		.uleb128 0x3
 1122 0052 0E       		.uleb128 0xe
 1123 0053 1C       		.uleb128 0x1c
 1124 0054 0D       		.uleb128 0xd
 1125 0055 00       		.byte	0
 1126 0056 00       		.byte	0
 1127 0057 08       		.uleb128 0x8
 1128 0058 13       		.uleb128 0x13
 1129 0059 01       		.byte	0x1
 1130 005a 0B       		.uleb128 0xb
 1131 005b 0B       		.uleb128 0xb
 1132 005c 3A       		.uleb128 0x3a
 1133 005d 0B       		.uleb128 0xb
 1134 005e 3B       		.uleb128 0x3b
 1135 005f 0B       		.uleb128 0xb
 1136 0060 01       		.uleb128 0x1
 1137 0061 13       		.uleb128 0x13
 1138 0062 00       		.byte	0
 1139 0063 00       		.byte	0
 1140 0064 09       		.uleb128 0x9
 1141 0065 0D       		.uleb128 0xd
 1142 0066 00       		.byte	0
 1143 0067 03       		.uleb128 0x3
 1144 0068 0E       		.uleb128 0xe
 1145 0069 3A       		.uleb128 0x3a
 1146 006a 0B       		.uleb128 0xb
 1147 006b 3B       		.uleb128 0x3b
 1148 006c 0B       		.uleb128 0xb
 1149 006d 49       		.uleb128 0x49
 1150 006e 13       		.uleb128 0x13
 1151 006f 38       		.uleb128 0x38
 1152 0070 0B       		.uleb128 0xb
 1153 0071 00       		.byte	0
 1154 0072 00       		.byte	0
 1155 0073 0A       		.uleb128 0xa
 1156 0074 0F       		.uleb128 0xf
 1157 0075 00       		.byte	0
 1158 0076 0B       		.uleb128 0xb
 1159 0077 0B       		.uleb128 0xb
 1160 0078 49       		.uleb128 0x49
 1161 0079 13       		.uleb128 0x13
 1162 007a 00       		.byte	0
 1163 007b 00       		.byte	0
 1164 007c 0B       		.uleb128 0xb
 1165 007d 2E       		.uleb128 0x2e
 1166 007e 00       		.byte	0
 1167 007f 03       		.uleb128 0x3
 1168 0080 0E       		.uleb128 0xe
 1169 0081 3A       		.uleb128 0x3a
 1170 0082 0B       		.uleb128 0xb
 1171 0083 3B       		.uleb128 0x3b
 1172 0084 0B       		.uleb128 0xb
ARM GAS  C:\Users\agraw\AppData\Local\Temp\cc0JNSxg.s 			page 27


 1173 0085 20       		.uleb128 0x20
 1174 0086 0B       		.uleb128 0xb
 1175 0087 00       		.byte	0
 1176 0088 00       		.byte	0
 1177 0089 0C       		.uleb128 0xc
 1178 008a 2E       		.uleb128 0x2e
 1179 008b 01       		.byte	0x1
 1180 008c 3F       		.uleb128 0x3f
 1181 008d 19       		.uleb128 0x19
 1182 008e 03       		.uleb128 0x3
 1183 008f 0E       		.uleb128 0xe
 1184 0090 3A       		.uleb128 0x3a
 1185 0091 0B       		.uleb128 0xb
 1186 0092 3B       		.uleb128 0x3b
 1187 0093 0B       		.uleb128 0xb
 1188 0094 27       		.uleb128 0x27
 1189 0095 19       		.uleb128 0x19
 1190 0096 49       		.uleb128 0x49
 1191 0097 13       		.uleb128 0x13
 1192 0098 11       		.uleb128 0x11
 1193 0099 01       		.uleb128 0x1
 1194 009a 12       		.uleb128 0x12
 1195 009b 06       		.uleb128 0x6
 1196 009c 40       		.uleb128 0x40
 1197 009d 18       		.uleb128 0x18
 1198 009e 9742     		.uleb128 0x2117
 1199 00a0 19       		.uleb128 0x19
 1200 00a1 01       		.uleb128 0x1
 1201 00a2 13       		.uleb128 0x13
 1202 00a3 00       		.byte	0
 1203 00a4 00       		.byte	0
 1204 00a5 0D       		.uleb128 0xd
 1205 00a6 05       		.uleb128 0x5
 1206 00a7 00       		.byte	0
 1207 00a8 03       		.uleb128 0x3
 1208 00a9 08       		.uleb128 0x8
 1209 00aa 3A       		.uleb128 0x3a
 1210 00ab 0B       		.uleb128 0xb
 1211 00ac 3B       		.uleb128 0x3b
 1212 00ad 0B       		.uleb128 0xb
 1213 00ae 49       		.uleb128 0x49
 1214 00af 13       		.uleb128 0x13
 1215 00b0 02       		.uleb128 0x2
 1216 00b1 17       		.uleb128 0x17
 1217 00b2 00       		.byte	0
 1218 00b3 00       		.byte	0
 1219 00b4 0E       		.uleb128 0xe
 1220 00b5 1D       		.uleb128 0x1d
 1221 00b6 00       		.byte	0
 1222 00b7 31       		.uleb128 0x31
 1223 00b8 13       		.uleb128 0x13
 1224 00b9 11       		.uleb128 0x11
 1225 00ba 01       		.uleb128 0x1
 1226 00bb 12       		.uleb128 0x12
 1227 00bc 06       		.uleb128 0x6
 1228 00bd 58       		.uleb128 0x58
 1229 00be 0B       		.uleb128 0xb
ARM GAS  C:\Users\agraw\AppData\Local\Temp\cc0JNSxg.s 			page 28


 1230 00bf 59       		.uleb128 0x59
 1231 00c0 0B       		.uleb128 0xb
 1232 00c1 00       		.byte	0
 1233 00c2 00       		.byte	0
 1234 00c3 0F       		.uleb128 0xf
 1235 00c4 26       		.uleb128 0x26
 1236 00c5 00       		.byte	0
 1237 00c6 49       		.uleb128 0x49
 1238 00c7 13       		.uleb128 0x13
 1239 00c8 00       		.byte	0
 1240 00c9 00       		.byte	0
 1241 00ca 10       		.uleb128 0x10
 1242 00cb 05       		.uleb128 0x5
 1243 00cc 00       		.byte	0
 1244 00cd 03       		.uleb128 0x3
 1245 00ce 0E       		.uleb128 0xe
 1246 00cf 3A       		.uleb128 0x3a
 1247 00d0 0B       		.uleb128 0xb
 1248 00d1 3B       		.uleb128 0x3b
 1249 00d2 0B       		.uleb128 0xb
 1250 00d3 49       		.uleb128 0x49
 1251 00d4 13       		.uleb128 0x13
 1252 00d5 02       		.uleb128 0x2
 1253 00d6 17       		.uleb128 0x17
 1254 00d7 00       		.byte	0
 1255 00d8 00       		.byte	0
 1256 00d9 11       		.uleb128 0x11
 1257 00da 898201   		.uleb128 0x4109
 1258 00dd 00       		.byte	0
 1259 00de 11       		.uleb128 0x11
 1260 00df 01       		.uleb128 0x1
 1261 00e0 31       		.uleb128 0x31
 1262 00e1 13       		.uleb128 0x13
 1263 00e2 00       		.byte	0
 1264 00e3 00       		.byte	0
 1265 00e4 12       		.uleb128 0x12
 1266 00e5 898201   		.uleb128 0x4109
 1267 00e8 01       		.byte	0x1
 1268 00e9 11       		.uleb128 0x11
 1269 00ea 01       		.uleb128 0x1
 1270 00eb 31       		.uleb128 0x31
 1271 00ec 13       		.uleb128 0x13
 1272 00ed 00       		.byte	0
 1273 00ee 00       		.byte	0
 1274 00ef 13       		.uleb128 0x13
 1275 00f0 8A8201   		.uleb128 0x410a
 1276 00f3 00       		.byte	0
 1277 00f4 02       		.uleb128 0x2
 1278 00f5 18       		.uleb128 0x18
 1279 00f6 9142     		.uleb128 0x2111
 1280 00f8 18       		.uleb128 0x18
 1281 00f9 00       		.byte	0
 1282 00fa 00       		.byte	0
 1283 00fb 14       		.uleb128 0x14
 1284 00fc 05       		.uleb128 0x5
 1285 00fd 00       		.byte	0
 1286 00fe 03       		.uleb128 0x3
ARM GAS  C:\Users\agraw\AppData\Local\Temp\cc0JNSxg.s 			page 29


 1287 00ff 0E       		.uleb128 0xe
 1288 0100 3A       		.uleb128 0x3a
 1289 0101 0B       		.uleb128 0xb
 1290 0102 3B       		.uleb128 0x3b
 1291 0103 0B       		.uleb128 0xb
 1292 0104 49       		.uleb128 0x49
 1293 0105 13       		.uleb128 0x13
 1294 0106 02       		.uleb128 0x2
 1295 0107 18       		.uleb128 0x18
 1296 0108 00       		.byte	0
 1297 0109 00       		.byte	0
 1298 010a 15       		.uleb128 0x15
 1299 010b 34       		.uleb128 0x34
 1300 010c 00       		.byte	0
 1301 010d 03       		.uleb128 0x3
 1302 010e 08       		.uleb128 0x8
 1303 010f 3A       		.uleb128 0x3a
 1304 0110 0B       		.uleb128 0xb
 1305 0111 3B       		.uleb128 0x3b
 1306 0112 0B       		.uleb128 0xb
 1307 0113 49       		.uleb128 0x49
 1308 0114 13       		.uleb128 0x13
 1309 0115 02       		.uleb128 0x2
 1310 0116 17       		.uleb128 0x17
 1311 0117 00       		.byte	0
 1312 0118 00       		.byte	0
 1313 0119 16       		.uleb128 0x16
 1314 011a 34       		.uleb128 0x34
 1315 011b 00       		.byte	0
 1316 011c 03       		.uleb128 0x3
 1317 011d 0E       		.uleb128 0xe
 1318 011e 3A       		.uleb128 0x3a
 1319 011f 0B       		.uleb128 0xb
 1320 0120 3B       		.uleb128 0x3b
 1321 0121 0B       		.uleb128 0xb
 1322 0122 49       		.uleb128 0x49
 1323 0123 13       		.uleb128 0x13
 1324 0124 02       		.uleb128 0x2
 1325 0125 18       		.uleb128 0x18
 1326 0126 00       		.byte	0
 1327 0127 00       		.byte	0
 1328 0128 17       		.uleb128 0x17
 1329 0129 34       		.uleb128 0x34
 1330 012a 00       		.byte	0
 1331 012b 03       		.uleb128 0x3
 1332 012c 0E       		.uleb128 0xe
 1333 012d 3A       		.uleb128 0x3a
 1334 012e 0B       		.uleb128 0xb
 1335 012f 3B       		.uleb128 0x3b
 1336 0130 0B       		.uleb128 0xb
 1337 0131 49       		.uleb128 0x49
 1338 0132 13       		.uleb128 0x13
 1339 0133 3F       		.uleb128 0x3f
 1340 0134 19       		.uleb128 0x19
 1341 0135 3C       		.uleb128 0x3c
 1342 0136 19       		.uleb128 0x19
 1343 0137 00       		.byte	0
ARM GAS  C:\Users\agraw\AppData\Local\Temp\cc0JNSxg.s 			page 30


 1344 0138 00       		.byte	0
 1345 0139 18       		.uleb128 0x18
 1346 013a 34       		.uleb128 0x34
 1347 013b 00       		.byte	0
 1348 013c 03       		.uleb128 0x3
 1349 013d 0E       		.uleb128 0xe
 1350 013e 3A       		.uleb128 0x3a
 1351 013f 0B       		.uleb128 0xb
 1352 0140 3B       		.uleb128 0x3b
 1353 0141 05       		.uleb128 0x5
 1354 0142 49       		.uleb128 0x49
 1355 0143 13       		.uleb128 0x13
 1356 0144 3F       		.uleb128 0x3f
 1357 0145 19       		.uleb128 0x19
 1358 0146 3C       		.uleb128 0x3c
 1359 0147 19       		.uleb128 0x19
 1360 0148 00       		.byte	0
 1361 0149 00       		.byte	0
 1362 014a 19       		.uleb128 0x19
 1363 014b 35       		.uleb128 0x35
 1364 014c 00       		.byte	0
 1365 014d 49       		.uleb128 0x49
 1366 014e 13       		.uleb128 0x13
 1367 014f 00       		.byte	0
 1368 0150 00       		.byte	0
 1369 0151 1A       		.uleb128 0x1a
 1370 0152 2E       		.uleb128 0x2e
 1371 0153 00       		.byte	0
 1372 0154 3F       		.uleb128 0x3f
 1373 0155 19       		.uleb128 0x19
 1374 0156 3C       		.uleb128 0x3c
 1375 0157 19       		.uleb128 0x19
 1376 0158 6E       		.uleb128 0x6e
 1377 0159 0E       		.uleb128 0xe
 1378 015a 03       		.uleb128 0x3
 1379 015b 0E       		.uleb128 0xe
 1380 015c 3A       		.uleb128 0x3a
 1381 015d 0B       		.uleb128 0xb
 1382 015e 3B       		.uleb128 0x3b
 1383 015f 0B       		.uleb128 0xb
 1384 0160 00       		.byte	0
 1385 0161 00       		.byte	0
 1386 0162 00       		.byte	0
 1387              		.section	.debug_loc,"",%progbits
 1388              	.Ldebug_loc0:
 1389              	.LLST0:
 1390 0000 00000000 		.4byte	.LVL0
 1391 0004 10000000 		.4byte	.LVL1
 1392 0008 0100     		.2byte	0x1
 1393 000a 50       		.byte	0x50
 1394 000b 10000000 		.4byte	.LVL1
 1395 000f 12000000 		.4byte	.LFE115
 1396 0013 0400     		.2byte	0x4
 1397 0015 F3       		.byte	0xf3
 1398 0016 01       		.uleb128 0x1
 1399 0017 50       		.byte	0x50
 1400 0018 9F       		.byte	0x9f
ARM GAS  C:\Users\agraw\AppData\Local\Temp\cc0JNSxg.s 			page 31


 1401 0019 00000000 		.4byte	0
 1402 001d 00000000 		.4byte	0
 1403              	.LLST1:
 1404 0021 00000000 		.4byte	.LVL2
 1405 0025 18000000 		.4byte	.LVL5
 1406 0029 0100     		.2byte	0x1
 1407 002b 50       		.byte	0x50
 1408 002c 18000000 		.4byte	.LVL5
 1409 0030 2E000000 		.4byte	.LFE112
 1410 0034 0100     		.2byte	0x1
 1411 0036 54       		.byte	0x54
 1412 0037 00000000 		.4byte	0
 1413 003b 00000000 		.4byte	0
 1414              	.LLST2:
 1415 003f 00000000 		.4byte	.LVL2
 1416 0043 1B000000 		.4byte	.LVL6-1
 1417 0047 0100     		.2byte	0x1
 1418 0049 51       		.byte	0x51
 1419 004a 1B000000 		.4byte	.LVL6-1
 1420 004e 2E000000 		.4byte	.LFE112
 1421 0052 0400     		.2byte	0x4
 1422 0054 F3       		.byte	0xf3
 1423 0055 01       		.uleb128 0x1
 1424 0056 51       		.byte	0x51
 1425 0057 9F       		.byte	0x9f
 1426 0058 00000000 		.4byte	0
 1427 005c 00000000 		.4byte	0
 1428              	.LLST3:
 1429 0060 00000000 		.4byte	.LVL2
 1430 0064 0C000000 		.4byte	.LVL3
 1431 0068 0100     		.2byte	0x1
 1432 006a 52       		.byte	0x52
 1433 006b 0C000000 		.4byte	.LVL3
 1434 006f 12000000 		.4byte	.LVL4
 1435 0073 0100     		.2byte	0x1
 1436 0075 53       		.byte	0x53
 1437 0076 12000000 		.4byte	.LVL4
 1438 007a 1B000000 		.4byte	.LVL6-1
 1439 007e 0100     		.2byte	0x1
 1440 0080 52       		.byte	0x52
 1441 0081 1B000000 		.4byte	.LVL6-1
 1442 0085 2E000000 		.4byte	.LFE112
 1443 0089 0400     		.2byte	0x4
 1444 008b F3       		.byte	0xf3
 1445 008c 01       		.uleb128 0x1
 1446 008d 52       		.byte	0x52
 1447 008e 9F       		.byte	0x9f
 1448 008f 00000000 		.4byte	0
 1449 0093 00000000 		.4byte	0
 1450              	.LLST4:
 1451 0097 00000000 		.4byte	.LVL9
 1452 009b 0A000000 		.4byte	.LVL10
 1453 009f 0100     		.2byte	0x1
 1454 00a1 50       		.byte	0x50
 1455 00a2 0A000000 		.4byte	.LVL10
 1456 00a6 12000000 		.4byte	.LFE116
 1457 00aa 0400     		.2byte	0x4
ARM GAS  C:\Users\agraw\AppData\Local\Temp\cc0JNSxg.s 			page 32


 1458 00ac F3       		.byte	0xf3
 1459 00ad 01       		.uleb128 0x1
 1460 00ae 50       		.byte	0x50
 1461 00af 9F       		.byte	0x9f
 1462 00b0 00000000 		.4byte	0
 1463 00b4 00000000 		.4byte	0
 1464              	.LLST5:
 1465 00b8 00000000 		.4byte	.LVL12
 1466 00bc 10000000 		.4byte	.LVL13
 1467 00c0 0100     		.2byte	0x1
 1468 00c2 50       		.byte	0x50
 1469 00c3 10000000 		.4byte	.LVL13
 1470 00c7 12000000 		.4byte	.LVL14
 1471 00cb 0400     		.2byte	0x4
 1472 00cd F3       		.byte	0xf3
 1473 00ce 01       		.uleb128 0x1
 1474 00cf 50       		.byte	0x50
 1475 00d0 9F       		.byte	0x9f
 1476 00d1 12000000 		.4byte	.LVL14
 1477 00d5 16000000 		.4byte	.LVL15
 1478 00d9 0100     		.2byte	0x1
 1479 00db 50       		.byte	0x50
 1480 00dc 16000000 		.4byte	.LVL15
 1481 00e0 1A000000 		.4byte	.LFE117
 1482 00e4 0400     		.2byte	0x4
 1483 00e6 F3       		.byte	0xf3
 1484 00e7 01       		.uleb128 0x1
 1485 00e8 50       		.byte	0x50
 1486 00e9 9F       		.byte	0x9f
 1487 00ea 00000000 		.4byte	0
 1488 00ee 00000000 		.4byte	0
 1489              	.LLST6:
 1490 00f2 00000000 		.4byte	.LVL12
 1491 00f6 16000000 		.4byte	.LVL15
 1492 00fa 0200     		.2byte	0x2
 1493 00fc 30       		.byte	0x30
 1494 00fd 9F       		.byte	0x9f
 1495 00fe 16000000 		.4byte	.LVL15
 1496 0102 1A000000 		.4byte	.LFE117
 1497 0106 0100     		.2byte	0x1
 1498 0108 50       		.byte	0x50
 1499 0109 00000000 		.4byte	0
 1500 010d 00000000 		.4byte	0
 1501              	.LLST7:
 1502 0111 00000000 		.4byte	.LVL16
 1503 0115 15000000 		.4byte	.LVL19-1
 1504 0119 0100     		.2byte	0x1
 1505 011b 50       		.byte	0x50
 1506 011c 15000000 		.4byte	.LVL19-1
 1507 0120 54000000 		.4byte	.LFE113
 1508 0124 0100     		.2byte	0x1
 1509 0126 54       		.byte	0x54
 1510 0127 00000000 		.4byte	0
 1511 012b 00000000 		.4byte	0
 1512              	.LLST8:
 1513 012f 00000000 		.4byte	.LVL16
 1514 0133 0C000000 		.4byte	.LVL18
ARM GAS  C:\Users\agraw\AppData\Local\Temp\cc0JNSxg.s 			page 33


 1515 0137 0100     		.2byte	0x1
 1516 0139 51       		.byte	0x51
 1517 013a 0C000000 		.4byte	.LVL18
 1518 013e 54000000 		.4byte	.LFE113
 1519 0142 0100     		.2byte	0x1
 1520 0144 55       		.byte	0x55
 1521 0145 00000000 		.4byte	0
 1522 0149 00000000 		.4byte	0
 1523              	.LLST9:
 1524 014d 08000000 		.4byte	.LVL17
 1525 0151 4E000000 		.4byte	.LVL20
 1526 0155 0200     		.2byte	0x2
 1527 0157 30       		.byte	0x30
 1528 0158 9F       		.byte	0x9f
 1529 0159 4E000000 		.4byte	.LVL20
 1530 015d 54000000 		.4byte	.LFE113
 1531 0161 0100     		.2byte	0x1
 1532 0163 50       		.byte	0x50
 1533 0164 00000000 		.4byte	0
 1534 0168 00000000 		.4byte	0
 1535              	.LLST10:
 1536 016c 00000000 		.4byte	.LVL21
 1537 0170 15000000 		.4byte	.LVL24-1
 1538 0174 0100     		.2byte	0x1
 1539 0176 50       		.byte	0x50
 1540 0177 15000000 		.4byte	.LVL24-1
 1541 017b 50000000 		.4byte	.LFE114
 1542 017f 0100     		.2byte	0x1
 1543 0181 54       		.byte	0x54
 1544 0182 00000000 		.4byte	0
 1545 0186 00000000 		.4byte	0
 1546              	.LLST11:
 1547 018a 00000000 		.4byte	.LVL21
 1548 018e 0C000000 		.4byte	.LVL23
 1549 0192 0100     		.2byte	0x1
 1550 0194 51       		.byte	0x51
 1551 0195 0C000000 		.4byte	.LVL23
 1552 0199 50000000 		.4byte	.LFE114
 1553 019d 0100     		.2byte	0x1
 1554 019f 55       		.byte	0x55
 1555 01a0 00000000 		.4byte	0
 1556 01a4 00000000 		.4byte	0
 1557              	.LLST12:
 1558 01a8 08000000 		.4byte	.LVL22
 1559 01ac 4A000000 		.4byte	.LVL25
 1560 01b0 0200     		.2byte	0x2
 1561 01b2 30       		.byte	0x30
 1562 01b3 9F       		.byte	0x9f
 1563 01b4 4A000000 		.4byte	.LVL25
 1564 01b8 50000000 		.4byte	.LFE114
 1565 01bc 0100     		.2byte	0x1
 1566 01be 50       		.byte	0x50
 1567 01bf 00000000 		.4byte	0
 1568 01c3 00000000 		.4byte	0
 1569              		.section	.debug_aranges,"",%progbits
 1570 0000 44000000 		.4byte	0x44
 1571 0004 0200     		.2byte	0x2
ARM GAS  C:\Users\agraw\AppData\Local\Temp\cc0JNSxg.s 			page 34


 1572 0006 00000000 		.4byte	.Ldebug_info0
 1573 000a 04       		.byte	0x4
 1574 000b 00       		.byte	0
 1575 000c 0000     		.2byte	0
 1576 000e 0000     		.2byte	0
 1577 0010 00000000 		.4byte	.LFB115
 1578 0014 12000000 		.4byte	.LFE115-.LFB115
 1579 0018 00000000 		.4byte	.LFB112
 1580 001c 2E000000 		.4byte	.LFE112-.LFB112
 1581 0020 00000000 		.4byte	.LFB116
 1582 0024 12000000 		.4byte	.LFE116-.LFB116
 1583 0028 00000000 		.4byte	.LFB117
 1584 002c 1A000000 		.4byte	.LFE117-.LFB117
 1585 0030 00000000 		.4byte	.LFB113
 1586 0034 54000000 		.4byte	.LFE113-.LFB113
 1587 0038 00000000 		.4byte	.LFB114
 1588 003c 50000000 		.4byte	.LFE114-.LFB114
 1589 0040 00000000 		.4byte	0
 1590 0044 00000000 		.4byte	0
 1591              		.section	.debug_ranges,"",%progbits
 1592              	.Ldebug_ranges0:
 1593 0000 00000000 		.4byte	.LFB115
 1594 0004 12000000 		.4byte	.LFE115
 1595 0008 00000000 		.4byte	.LFB112
 1596 000c 2E000000 		.4byte	.LFE112
 1597 0010 00000000 		.4byte	.LFB116
 1598 0014 12000000 		.4byte	.LFE116
 1599 0018 00000000 		.4byte	.LFB117
 1600 001c 1A000000 		.4byte	.LFE117
 1601 0020 00000000 		.4byte	.LFB113
 1602 0024 54000000 		.4byte	.LFE113
 1603 0028 00000000 		.4byte	.LFB114
 1604 002c 50000000 		.4byte	.LFE114
 1605 0030 00000000 		.4byte	0
 1606 0034 00000000 		.4byte	0
 1607              		.section	.debug_line,"",%progbits
 1608              	.Ldebug_line0:
 1609 0000 A2030000 		.section	.debug_str,"MS",%progbits,1
 1609      0200B302 
 1609      00000201 
 1609      FB0E0D00 
 1609      01010101 
 1610              	.LASF56:
 1611 0000 6D5F7772 		.ascii	"m_writeIndex\000"
 1611      69746549 
 1611      6E646578 
 1611      00
 1612              	.LASF33:
 1613 000d 52435F45 		.ascii	"RC_ERROR_READ_ONLY\000"
 1613      52524F52 
 1613      5F524541 
 1613      445F4F4E 
 1613      4C5900
 1614              	.LASF19:
 1615 0020 52435F53 		.ascii	"RC_SUCCESS\000"
 1615      55434345 
 1615      535300
ARM GAS  C:\Users\agraw\AppData\Local\Temp\cc0JNSxg.s 			page 35


 1616              	.LASF59:
 1617 002b 6D5F7042 		.ascii	"m_pBuffer\000"
 1617      75666665 
 1617      7200
 1618              	.LASF34:
 1619 0035 52435F45 		.ascii	"RC_ERROR_WRITE_ONLY\000"
 1619      52524F52 
 1619      5F575249 
 1619      54455F4F 
 1619      4E4C5900 
 1620              	.LASF5:
 1621 0049 73686F72 		.ascii	"short int\000"
 1621      7420696E 
 1621      7400
 1622              	.LASF25:
 1623 0053 52435F45 		.ascii	"RC_ERROR_OVERRUN\000"
 1623      52524F52 
 1623      5F4F5645 
 1623      5252554E 
 1623      00
 1624              	.LASF37:
 1625 0064 52435F45 		.ascii	"RC_ERROR_WRITE_FAILS\000"
 1625      52524F52 
 1625      5F575249 
 1625      54455F46 
 1625      41494C53 
 1626              	.LASF10:
 1627 0079 73697A65 		.ascii	"sizetype\000"
 1627      74797065 
 1627      00
 1628              	.LASF84:
 1629 0082 736F7572 		.ascii	"source\\bsw\\msg\\ringbuffer.c\000"
 1629      63655C62 
 1629      73775C6D 
 1629      73675C72 
 1629      696E6762 
 1630              	.LASF22:
 1631 009e 52435F45 		.ascii	"RC_ERROR_ZERO\000"
 1631      52524F52 
 1631      5F5A4552 
 1631      4F00
 1632              	.LASF50:
 1633 00ac 45455F46 		.ascii	"EE_FREG\000"
 1633      52454700 
 1634              	.LASF36:
 1635 00b4 52435F45 		.ascii	"RC_ERROR_READ_FAILS\000"
 1635      52524F52 
 1635      5F524541 
 1635      445F4641 
 1635      494C5300 
 1636              	.LASF48:
 1637 00c8 45455F55 		.ascii	"EE_UINT32\000"
 1637      494E5433 
 1637      3200
 1638              	.LASF51:
 1639 00d2 45455F54 		.ascii	"EE_TID\000"
 1639      494400
ARM GAS  C:\Users\agraw\AppData\Local\Temp\cc0JNSxg.s 			page 36


 1640              	.LASF60:
 1641 00d9 6D5F6275 		.ascii	"m_bufOnHeap\000"
 1641      664F6E48 
 1641      65617000 
 1642              	.LASF13:
 1643 00e5 75696E74 		.ascii	"uint8_t\000"
 1643      385F7400 
 1644              	.LASF42:
 1645 00ed 52435F45 		.ascii	"RC_ERROR_INVALID_STATE\000"
 1645      52524F52 
 1645      5F494E56 
 1645      414C4944 
 1645      5F535441 
 1646              	.LASF61:
 1647 0104 52425F72 		.ascii	"RB_ringbuffer_t\000"
 1647      696E6762 
 1647      75666665 
 1647      725F7400 
 1648              	.LASF79:
 1649 0114 45455F49 		.ascii	"EE_IRQ_nesting_level\000"
 1649      52515F6E 
 1649      65737469 
 1649      6E675F6C 
 1649      6576656C 
 1650              	.LASF85:
 1651 0129 443A5C41 		.ascii	"D:\\AMA_EOS\\Lab_Assignments\\Assignment03\\AMA_EOS"
 1651      4D415F45 
 1651      4F535C4C 
 1651      61625F41 
 1651      73736967 
 1652 0158 5F4C6162 		.ascii	"_Lab_3\\AMA_EOS_Lab_3.cydsn\000"
 1652      5F335C41 
 1652      4D415F45 
 1652      4F535F4C 
 1652      61625F33 
 1653              	.LASF82:
 1654 0173 66726565 		.ascii	"free\000"
 1654      00
 1655              	.LASF78:
 1656 0178 45455F73 		.ascii	"EE_std_endcycle_next_tid\000"
 1656      74645F65 
 1656      6E646379 
 1656      636C655F 
 1656      6E657874 
 1657              	.LASF73:
 1658 0191 66696C6C 		.ascii	"fillLevel\000"
 1658      4C657665 
 1658      6C00
 1659              	.LASF69:
 1660 019b 52425F67 		.ascii	"RB_getFillLevel\000"
 1660      65744669 
 1660      6C6C4C65 
 1660      76656C00 
 1661              	.LASF16:
 1662 01ab 666C6F61 		.ascii	"float\000"
 1662      7400
 1663              	.LASF76:
ARM GAS  C:\Users\agraw\AppData\Local\Temp\cc0JNSxg.s 			page 37


 1664 01b1 45455F6F 		.ascii	"EE_oo_IRQ_suspend_status\000"
 1664      6F5F4952 
 1664      515F7375 
 1664      7370656E 
 1664      645F7374 
 1665              	.LASF44:
 1666 01ca 52435F45 		.ascii	"RC_ERROR_NOT_IMPLEMENTED\000"
 1666      52524F52 
 1666      5F4E4F54 
 1666      5F494D50 
 1666      4C454D45 
 1667              	.LASF1:
 1668 01e3 6C6F6E67 		.ascii	"long long int\000"
 1668      206C6F6E 
 1668      6720696E 
 1668      7400
 1669              	.LASF65:
 1670 01f1 52425F69 		.ascii	"RB_init\000"
 1670      6E697400 
 1671              	.LASF81:
 1672 01f9 6D616C6C 		.ascii	"malloc\000"
 1672      6F6300
 1673              	.LASF38:
 1674 0200 52435F45 		.ascii	"RC_ERROR_NOT_MATCH\000"
 1674      52524F52 
 1674      5F4E4F54 
 1674      5F4D4154 
 1674      434800
 1675              	.LASF43:
 1676 0213 52435F45 		.ascii	"RC_ERROR_UNKNOWN\000"
 1676      52524F52 
 1676      5F554E4B 
 1676      4E4F574E 
 1676      00
 1677              	.LASF7:
 1678 0224 6C6F6E67 		.ascii	"long int\000"
 1678      20696E74 
 1678      00
 1679              	.LASF26:
 1680 022d 52435F45 		.ascii	"RC_ERROR_UNDERRUN\000"
 1680      52524F52 
 1680      5F554E44 
 1680      45525255 
 1680      4E00
 1681              	.LASF64:
 1682 023f 52425F63 		.ascii	"RB_clear\000"
 1682      6C656172 
 1682      00
 1683              	.LASF29:
 1684 0248 52435F45 		.ascii	"RC_ERROR_BUSY\000"
 1684      52524F52 
 1684      5F425553 
 1684      5900
 1685              	.LASF67:
 1686 0256 70427566 		.ascii	"pBuffer\000"
 1686      66657200 
 1687              	.LASF35:
ARM GAS  C:\Users\agraw\AppData\Local\Temp\cc0JNSxg.s 			page 38


 1688 025e 52435F45 		.ascii	"RC_ERROR_INVALID\000"
 1688      52524F52 
 1688      5F494E56 
 1688      414C4944 
 1688      00
 1689              	.LASF40:
 1690 026f 52435F45 		.ascii	"RC_ERROR_BAD_DATA\000"
 1690      52524F52 
 1690      5F424144 
 1690      5F444154 
 1690      4100
 1691              	.LASF18:
 1692 0281 626F6F6C 		.ascii	"boolean_t\000"
 1692      65616E5F 
 1692      7400
 1693              	.LASF70:
 1694 028b 7046696C 		.ascii	"pFillLevel\000"
 1694      6C4C6576 
 1694      656C00
 1695              	.LASF2:
 1696 0296 6C6F6E67 		.ascii	"long double\000"
 1696      20646F75 
 1696      626C6500 
 1697              	.LASF63:
 1698 02a2 52425F65 		.ascii	"RB_enterCriticalRegion\000"
 1698      6E746572 
 1698      43726974 
 1698      6963616C 
 1698      52656769 
 1699              	.LASF4:
 1700 02b9 756E7369 		.ascii	"unsigned char\000"
 1700      676E6564 
 1700      20636861 
 1700      7200
 1701              	.LASF39:
 1702 02c7 52435F45 		.ascii	"RC_ERROR_BAD_PARAM\000"
 1702      52524F52 
 1702      5F424144 
 1702      5F504152 
 1702      414D00
 1703              	.LASF54:
 1704 02da 6D5F7369 		.ascii	"m_size\000"
 1704      7A6500
 1705              	.LASF3:
 1706 02e1 7369676E 		.ascii	"signed char\000"
 1706      65642063 
 1706      68617200 
 1707              	.LASF9:
 1708 02ed 6C6F6E67 		.ascii	"long long unsigned int\000"
 1708      206C6F6E 
 1708      6720756E 
 1708      7369676E 
 1708      65642069 
 1709              	.LASF74:
 1710 0304 52425F67 		.ascii	"RB_get\000"
 1710      657400
 1711              	.LASF15:
ARM GAS  C:\Users\agraw\AppData\Local\Temp\cc0JNSxg.s 			page 39


 1712 030b 75696E74 		.ascii	"uint32_t\000"
 1712      33325F74 
 1712      00
 1713              	.LASF0:
 1714 0314 756E7369 		.ascii	"unsigned int\000"
 1714      676E6564 
 1714      20696E74 
 1714      00
 1715              	.LASF31:
 1716 0321 52435F45 		.ascii	"RC_ERROR_OPEN\000"
 1716      52524F52 
 1716      5F4F5045 
 1716      4E00
 1717              	.LASF14:
 1718 032f 75696E74 		.ascii	"uint16_t\000"
 1718      31365F74 
 1718      00
 1719              	.LASF52:
 1720 0338 52425F73 		.ascii	"RB_size_t\000"
 1720      697A655F 
 1720      7400
 1721              	.LASF21:
 1722 0342 52435F45 		.ascii	"RC_ERROR_NULL\000"
 1722      52524F52 
 1722      5F4E554C 
 1722      4C00
 1723              	.LASF28:
 1724 0350 52435F45 		.ascii	"RC_ERROR_BUFFER_EMTPY\000"
 1724      52524F52 
 1724      5F425546 
 1724      4645525F 
 1724      454D5450 
 1725              	.LASF47:
 1726 0366 45455F49 		.ascii	"EE_INT32\000"
 1726      4E543332 
 1726      00
 1727              	.LASF62:
 1728 036f 52425F6C 		.ascii	"RB_leaveCriticalRegion\000"
 1728      65617665 
 1728      43726974 
 1728      6963616C 
 1728      52656769 
 1729              	.LASF6:
 1730 0386 73686F72 		.ascii	"short unsigned int\000"
 1730      7420756E 
 1730      7369676E 
 1730      65642069 
 1730      6E7400
 1731              	.LASF83:
 1732 0399 474E5520 		.ascii	"GNU C11 5.4.1 20160609 (release) [ARM/embedded-5-br"
 1732      43313120 
 1732      352E342E 
 1732      31203230 
 1732      31363036 
 1733 03cc 616E6368 		.ascii	"anch revision 237715] -mcpu=cortex-m3 -mthumb -g -O"
 1733      20726576 
 1733      6973696F 
ARM GAS  C:\Users\agraw\AppData\Local\Temp\cc0JNSxg.s 			page 40


 1733      6E203233 
 1733      37373135 
 1734 03ff 67202D66 		.ascii	"g -ffunction-sections -ffat-lto-objects\000"
 1734      66756E63 
 1734      74696F6E 
 1734      2D736563 
 1734      74696F6E 
 1735              	.LASF11:
 1736 0427 63686172 		.ascii	"char\000"
 1736      00
 1737              	.LASF27:
 1738 042c 52435F45 		.ascii	"RC_ERROR_BUFFER_FULL\000"
 1738      52524F52 
 1738      5F425546 
 1738      4645525F 
 1738      46554C4C 
 1739              	.LASF46:
 1740 0441 696E7433 		.ascii	"int32_t\000"
 1740      325F7400 
 1741              	.LASF30:
 1742 0449 52435F45 		.ascii	"RC_ERROR_TIME_OUT\000"
 1742      52524F52 
 1742      5F54494D 
 1742      455F4F55 
 1742      5400
 1743              	.LASF20:
 1744 045b 52435F45 		.ascii	"RC_ERROR\000"
 1744      52524F52 
 1744      00
 1745              	.LASF72:
 1746 0464 64617461 		.ascii	"data\000"
 1746      00
 1747              	.LASF77:
 1748 0469 45455F41 		.ascii	"EE_ApplicationMode\000"
 1748      70706C69 
 1748      63617469 
 1748      6F6E4D6F 
 1748      646500
 1749              	.LASF8:
 1750 047c 6C6F6E67 		.ascii	"long unsigned int\000"
 1750      20756E73 
 1750      69676E65 
 1750      6420696E 
 1750      7400
 1751              	.LASF71:
 1752 048e 52425F70 		.ascii	"RB_put\000"
 1752      757400
 1753              	.LASF32:
 1754 0495 52435F45 		.ascii	"RC_ERROR_CHECKSUM\000"
 1754      52524F52 
 1754      5F434845 
 1754      434B5355 
 1754      4D00
 1755              	.LASF49:
 1756 04a7 45455F55 		.ascii	"EE_UREG\000"
 1756      52454700 
 1757              	.LASF66:
ARM GAS  C:\Users\agraw\AppData\Local\Temp\cc0JNSxg.s 			page 41


 1758 04af 73697A65 		.ascii	"size\000"
 1758      00
 1759              	.LASF24:
 1760 04b4 52435F45 		.ascii	"RC_ERROR_RANGE\000"
 1760      52524F52 
 1760      5F52414E 
 1760      474500
 1761              	.LASF12:
 1762 04c3 5F5F696E 		.ascii	"__int32_t\000"
 1762      7433325F 
 1762      7400
 1763              	.LASF41:
 1764 04cd 52435F45 		.ascii	"RC_ERROR_CANCELED\000"
 1764      52524F52 
 1764      5F43414E 
 1764      43454C45 
 1764      4400
 1765              	.LASF58:
 1766 04df 6D5F636F 		.ascii	"m_countGet\000"
 1766      756E7447 
 1766      657400
 1767              	.LASF55:
 1768 04ea 6D5F7265 		.ascii	"m_readIndex\000"
 1768      6164496E 
 1768      64657800 
 1769              	.LASF17:
 1770 04f6 646F7562 		.ascii	"double\000"
 1770      6C6500
 1771              	.LASF53:
 1772 04fd 52425F64 		.ascii	"RB_data_t\000"
 1772      6174615F 
 1772      7400
 1773              	.LASF80:
 1774 0507 49544D5F 		.ascii	"ITM_RxBuffer\000"
 1774      52784275 
 1774      66666572 
 1774      00
 1775              	.LASF57:
 1776 0514 6D5F636F 		.ascii	"m_countPut\000"
 1776      756E7450 
 1776      757400
 1777              	.LASF23:
 1778 051f 52435F45 		.ascii	"RC_ERROR_MEMORY\000"
 1778      52524F52 
 1778      5F4D454D 
 1778      4F525900 
 1779              	.LASF75:
 1780 052f 45455F6F 		.ascii	"EE_oo_IRQ_disable_count\000"
 1780      6F5F4952 
 1780      515F6469 
 1780      7361626C 
 1780      655F636F 
 1781              	.LASF45:
 1782 0547 52435F74 		.ascii	"RC_t\000"
 1782      00
 1783              	.LASF68:
 1784 054c 52425F64 		.ascii	"RB_deinit\000"
ARM GAS  C:\Users\agraw\AppData\Local\Temp\cc0JNSxg.s 			page 42


 1784      65696E69 
 1784      7400
 1785              		.ident	"GCC: (GNU Tools for ARM Embedded Processors) 5.4.1 20160609 (release) [ARM/embedded-5-bran
