ARM GAS  C:\Users\agraw\AppData\Local\Temp\cc8xNRzx.s 			page 1


   1              		.syntax unified
   2              		.cpu cortex-m3
   3              		.fpu softvfp
   4              		.eabi_attribute 20, 1
   5              		.eabi_attribute 21, 1
   6              		.eabi_attribute 23, 3
   7              		.eabi_attribute 24, 1
   8              		.eabi_attribute 25, 1
   9              		.eabi_attribute 26, 1
  10              		.eabi_attribute 30, 1
  11              		.eabi_attribute 34, 1
  12              		.eabi_attribute 18, 4
  13              		.thumb
  14              		.syntax unified
  15              		.file	"button.c"
  16              		.text
  17              	.Ltext0:
  18              		.cfi_sections	.debug_frame
  19              		.section	.text.BUTTON_Init,"ax",%progbits
  20              		.align	2
  21              		.global	BUTTON_Init
  22              		.thumb
  23              		.thumb_func
  24              		.type	BUTTON_Init, %function
  25              	BUTTON_Init:
  26              	.LFB110:
  27              		.file 1 "source\\bsw\\labboard\\button.c"
   1:source\bsw\labboard/button.c **** /**
   2:source\bsw\labboard/button.c **** * \file button.c
   3:source\bsw\labboard/button.c **** * \author P. Fromm
   4:source\bsw\labboard/button.c **** * \date 29.7.17
   5:source\bsw\labboard/button.c **** *
   6:source\bsw\labboard/button.c **** * \brief Simple button driver
   7:source\bsw\labboard/button.c **** *
   8:source\bsw\labboard/button.c **** * \copyright Copyright ©2016
   9:source\bsw\labboard/button.c **** * Department of electrical engineering and information technology, Hochschule Darmstadt - Universit
  10:source\bsw\labboard/button.c **** * Permission to use, copy, modify, and distribute this software and its documentation for education
  11:source\bsw\labboard/button.c **** * (unless permitted by h_da) and official h_da projects, is hereby granted for enrolled students of
  12:source\bsw\labboard/button.c **** * this paragraph and the following paragraph appear in all copies, modifications, and distributions
  13:source\bsw\labboard/button.c **** * Contact Prof.Dr.-Ing. Peter Fromm, peter.fromm@h-da.de, Birkenweg 8 64295 Darmstadt - GERMANY for
  14:source\bsw\labboard/button.c **** *
  15:source\bsw\labboard/button.c **** * \warning This software is a PROTOTYPE version and is not designed or intended for use in producti
  16:source\bsw\labboard/button.c **** * The user represents and warrants that it will NOT use or redistribute the Software for such purpo
  17:source\bsw\labboard/button.c **** * This prototype is for research purposes only. This software is provided "AS IS," without a warran
  18:source\bsw\labboard/button.c **** */
  19:source\bsw\labboard/button.c **** 
  20:source\bsw\labboard/button.c **** /*****************************************************************************/
  21:source\bsw\labboard/button.c **** /* Include files                                                             */
  22:source\bsw\labboard/button.c **** /*****************************************************************************/
  23:source\bsw\labboard/button.c **** #include "button.h"
  24:source\bsw\labboard/button.c **** 
  25:source\bsw\labboard/button.c **** 
  26:source\bsw\labboard/button.c **** /*****************************************************************************/
  27:source\bsw\labboard/button.c **** /* Local pre-processor symbols/macros ('#define')                            */
  28:source\bsw\labboard/button.c **** /*****************************************************************************/
  29:source\bsw\labboard/button.c **** 
  30:source\bsw\labboard/button.c **** /*****************************************************************************/
ARM GAS  C:\Users\agraw\AppData\Local\Temp\cc8xNRzx.s 			page 2


  31:source\bsw\labboard/button.c **** /* Global variable definitions (declared in header file with 'extern')       */
  32:source\bsw\labboard/button.c **** /*****************************************************************************/
  33:source\bsw\labboard/button.c **** 
  34:source\bsw\labboard/button.c **** /*****************************************************************************/
  35:source\bsw\labboard/button.c **** /* Local type definitions ('typedef')                                        */
  36:source\bsw\labboard/button.c **** /*****************************************************************************/
  37:source\bsw\labboard/button.c **** 
  38:source\bsw\labboard/button.c **** /*****************************************************************************/
  39:source\bsw\labboard/button.c **** /* Local variable definitions ('static')                                     */
  40:source\bsw\labboard/button.c **** /*****************************************************************************/
  41:source\bsw\labboard/button.c **** 
  42:source\bsw\labboard/button.c **** 
  43:source\bsw\labboard/button.c **** 
  44:source\bsw\labboard/button.c **** /*****************************************************************************/
  45:source\bsw\labboard/button.c **** /* Local function prototypes ('static')                                      */
  46:source\bsw\labboard/button.c **** /*****************************************************************************/
  47:source\bsw\labboard/button.c **** 
  48:source\bsw\labboard/button.c **** 
  49:source\bsw\labboard/button.c **** /*****************************************************************************/
  50:source\bsw\labboard/button.c **** /* Function implementation - global ('extern') and local ('static')          */
  51:source\bsw\labboard/button.c **** /*****************************************************************************/
  52:source\bsw\labboard/button.c **** 
  53:source\bsw\labboard/button.c **** /**
  54:source\bsw\labboard/button.c ****  * Initialize Button
  55:source\bsw\labboard/button.c ****  * @return RC_SUCCESS if ok
  56:source\bsw\labboard/button.c ****  */
  57:source\bsw\labboard/button.c **** RC_t BUTTON_Init(cyisraddress address)
  58:source\bsw\labboard/button.c **** {
  28              		.loc 1 58 0
  29              		.cfi_startproc
  30              		@ args = 0, pretend = 0, frame = 0
  31              		@ frame_needed = 0, uses_anonymous_args = 0
  32              	.LVL0:
  59:source\bsw\labboard/button.c ****  
  60:source\bsw\labboard/button.c ****     if (address != 0)
  33              		.loc 1 60 0
  34 0000 20B1     		cbz	r0, .L4
  58:source\bsw\labboard/button.c ****  
  35              		.loc 1 58 0
  36 0002 08B5     		push	{r3, lr}
  37              		.cfi_def_cfa_offset 8
  38              		.cfi_offset 3, -8
  39              		.cfi_offset 14, -4
  61:source\bsw\labboard/button.c ****     {
  62:source\bsw\labboard/button.c ****         isr_Button_Pressed_StartEx(address);
  40              		.loc 1 62 0
  41 0004 FFF7FEFF 		bl	isr_Button_Pressed_StartEx
  42              	.LVL1:
  63:source\bsw\labboard/button.c ****     }
  64:source\bsw\labboard/button.c ****     
  65:source\bsw\labboard/button.c ****     return RC_SUCCESS;
  66:source\bsw\labboard/button.c **** }
  43              		.loc 1 66 0
  44 0008 0020     		movs	r0, #0
  45 000a 08BD     		pop	{r3, pc}
  46              	.LVL2:
  47              	.L4:
ARM GAS  C:\Users\agraw\AppData\Local\Temp\cc8xNRzx.s 			page 3


  48              		.cfi_def_cfa_offset 0
  49              		.cfi_restore 3
  50              		.cfi_restore 14
  51 000c 0020     		movs	r0, #0
  52              	.LVL3:
  53 000e 7047     		bx	lr
  54              		.cfi_endproc
  55              	.LFE110:
  56              		.size	BUTTON_Init, .-BUTTON_Init
  57              		.section	.text.BUTTON_IsPressed,"ax",%progbits
  58              		.align	2
  59              		.global	BUTTON_IsPressed
  60              		.thumb
  61              		.thumb_func
  62              		.type	BUTTON_IsPressed, %function
  63              	BUTTON_IsPressed:
  64              	.LFB111:
  67:source\bsw\labboard/button.c **** 
  68:source\bsw\labboard/button.c **** /**
  69:source\bsw\labboard/button.c ****  * Initialize Button
  70:source\bsw\labboard/button.c ****  * @param BUTTON_id_t button - check if the corresponding button is pressed
  71:source\bsw\labboard/button.c ****  * @return TRUE if button is pressed
  72:source\bsw\labboard/button.c ****  */
  73:source\bsw\labboard/button.c **** boolean_t BUTTON_IsPressed(BUTTON_id_t button)
  74:source\bsw\labboard/button.c **** {
  65              		.loc 1 74 0
  66              		.cfi_startproc
  67              		@ args = 0, pretend = 0, frame = 0
  68              		@ frame_needed = 0, uses_anonymous_args = 0
  69              	.LVL4:
  70 0000 08B5     		push	{r3, lr}
  71              		.cfi_def_cfa_offset 8
  72              		.cfi_offset 3, -8
  73              		.cfi_offset 14, -4
  74              	.LVL5:
  75:source\bsw\labboard/button.c ****     boolean_t result = FALSE;
  76:source\bsw\labboard/button.c ****     
  77:source\bsw\labboard/button.c ****     switch (button)
  75              		.loc 1 77 0
  76 0002 0328     		cmp	r0, #3
  77 0004 1BD8     		bhi	.L12
  78 0006 DFE800F0 		tbb	[pc, r0]
  79              	.L8:
  80 000a 02       		.byte	(.L7-.L8)/2
  81 000b 08       		.byte	(.L9-.L8)/2
  82 000c 0E       		.byte	(.L10-.L8)/2
  83 000d 14       		.byte	(.L11-.L8)/2
  84              		.p2align 1
  85              	.L7:
  78:source\bsw\labboard/button.c ****     {
  79:source\bsw\labboard/button.c ****         case BUTTON_1 : if (BUTTON_1_Read() == 1) result = TRUE; break;
  86              		.loc 1 79 0
  87 000e FFF7FEFF 		bl	BUTTON_1_Read
  88              	.LVL6:
  89 0012 0128     		cmp	r0, #1
  90 0014 15D0     		beq	.L13
  75:source\bsw\labboard/button.c ****     boolean_t result = FALSE;
ARM GAS  C:\Users\agraw\AppData\Local\Temp\cc8xNRzx.s 			page 4


  91              		.loc 1 75 0
  92 0016 0020     		movs	r0, #0
  93 0018 08BD     		pop	{r3, pc}
  94              	.LVL7:
  95              	.L9:
  80:source\bsw\labboard/button.c ****         case BUTTON_2 : if (BUTTON_2_Read() == 1) result = TRUE; break;
  96              		.loc 1 80 0
  97 001a FFF7FEFF 		bl	BUTTON_2_Read
  98              	.LVL8:
  99 001e 0128     		cmp	r0, #1
 100 0020 11D0     		beq	.L14
  75:source\bsw\labboard/button.c ****     boolean_t result = FALSE;
 101              		.loc 1 75 0
 102 0022 0020     		movs	r0, #0
 103 0024 08BD     		pop	{r3, pc}
 104              	.LVL9:
 105              	.L10:
  81:source\bsw\labboard/button.c ****         case BUTTON_3 : if (BUTTON_3_Read() == 1) result = TRUE; break;
 106              		.loc 1 81 0
 107 0026 FFF7FEFF 		bl	BUTTON_3_Read
 108              	.LVL10:
 109 002a 0128     		cmp	r0, #1
 110 002c 0DD0     		beq	.L15
  75:source\bsw\labboard/button.c ****     
 111              		.loc 1 75 0
 112 002e 0020     		movs	r0, #0
 113 0030 08BD     		pop	{r3, pc}
 114              	.LVL11:
 115              	.L11:
  82:source\bsw\labboard/button.c ****         case BUTTON_4 : if (BUTTON_4_Read() == 1) result = TRUE; break;
 116              		.loc 1 82 0
 117 0032 FFF7FEFF 		bl	BUTTON_4_Read
 118              	.LVL12:
 119 0036 0128     		cmp	r0, #1
 120 0038 09D0     		beq	.L16
  75:source\bsw\labboard/button.c ****     
 121              		.loc 1 75 0
 122 003a 0020     		movs	r0, #0
 123 003c 08BD     		pop	{r3, pc}
 124              	.LVL13:
 125              	.L12:
 126 003e 0020     		movs	r0, #0
 127              	.LVL14:
 128 0040 08BD     		pop	{r3, pc}
 129              	.L13:
  79:source\bsw\labboard/button.c ****         case BUTTON_2 : if (BUTTON_2_Read() == 1) result = TRUE; break;
 130              		.loc 1 79 0
 131 0042 0120     		movs	r0, #1
 132 0044 08BD     		pop	{r3, pc}
 133              	.L14:
  80:source\bsw\labboard/button.c ****         case BUTTON_3 : if (BUTTON_3_Read() == 1) result = TRUE; break;
 134              		.loc 1 80 0
 135 0046 0120     		movs	r0, #1
 136 0048 08BD     		pop	{r3, pc}
 137              	.L15:
  81:source\bsw\labboard/button.c ****         case BUTTON_4 : if (BUTTON_4_Read() == 1) result = TRUE; break;
 138              		.loc 1 81 0
ARM GAS  C:\Users\agraw\AppData\Local\Temp\cc8xNRzx.s 			page 5


 139 004a 0120     		movs	r0, #1
 140 004c 08BD     		pop	{r3, pc}
 141              	.L16:
 142              		.loc 1 82 0
 143 004e 0120     		movs	r0, #1
 144              	.LVL15:
  83:source\bsw\labboard/button.c ****     }
  84:source\bsw\labboard/button.c ****     
  85:source\bsw\labboard/button.c ****     return result;
  86:source\bsw\labboard/button.c **** }
 145              		.loc 1 86 0
 146 0050 08BD     		pop	{r3, pc}
 147              		.cfi_endproc
 148              	.LFE111:
 149              		.size	BUTTON_IsPressed, .-BUTTON_IsPressed
 150 0052 00BF     		.text
 151              	.Letext0:
 152              		.file 2 ".\\source\\bsw/global.h"
 153              		.file 3 "c:\\program files (x86)\\cypress\\psoc creator\\4.4\\psoc creator\\import\\gnu\\arm\\5.4.
 154              		.file 4 "c:\\program files (x86)\\cypress\\psoc creator\\4.4\\psoc creator\\import\\gnu\\arm\\5.4.
 155              		.file 5 "Generated_Source\\PSoC5/cytypes.h"
 156              		.file 6 "Generated_Source\\PSoC5/ErikaOS_1_common_ee_types.inc"
 157              		.file 7 "Generated_Source\\PSoC5/ErikaOS_1_cortex_mx_ee_cpu.inc"
 158              		.file 8 "source\\bsw\\labboard\\button.h"
 159              		.file 9 "Generated_Source\\PSoC5/ErikaOS_1_ee_oo_intfunc.inc"
 160              		.file 10 "Generated_Source\\PSoC5/ErikaOS_1_cortex_mx_ee_context.inc"
 161              		.file 11 "Generated_Source\\PSoC5/ErikaOS_1_common_ee_primitives.inc"
 162              		.file 12 "Generated_Source\\PSoC5/core_cm3.h"
 163              		.file 13 "Generated_Source\\PSoC5/isr_Button_Pressed.h"
 164              		.file 14 "Generated_Source\\PSoC5/BUTTON_1.h"
 165              		.file 15 "Generated_Source\\PSoC5/BUTTON_2.h"
 166              		.file 16 "Generated_Source\\PSoC5/BUTTON_3.h"
 167              		.file 17 "Generated_Source\\PSoC5/BUTTON_4.h"
 168              		.section	.debug_info,"",%progbits
 169              	.Ldebug_info0:
 170 0000 F3020000 		.4byte	0x2f3
 171 0004 0400     		.2byte	0x4
 172 0006 00000000 		.4byte	.Ldebug_abbrev0
 173 000a 04       		.byte	0x4
 174 000b 01       		.uleb128 0x1
 175 000c 1B030000 		.4byte	.LASF70
 176 0010 0C       		.byte	0xc
 177 0011 72000000 		.4byte	.LASF71
 178 0015 DB020000 		.4byte	.LASF72
 179 0019 00000000 		.4byte	.Ldebug_ranges0+0
 180 001d 00000000 		.4byte	0
 181 0021 00000000 		.4byte	.Ldebug_line0
 182 0025 02       		.uleb128 0x2
 183 0026 01       		.byte	0x1
 184 0027 06       		.byte	0x6
 185 0028 68020000 		.4byte	.LASF0
 186 002c 02       		.uleb128 0x2
 187 002d 01       		.byte	0x1
 188 002e 08       		.byte	0x8
 189 002f 41020000 		.4byte	.LASF1
 190 0033 02       		.uleb128 0x2
 191 0034 02       		.byte	0x2
ARM GAS  C:\Users\agraw\AppData\Local\Temp\cc8xNRzx.s 			page 6


 192 0035 05       		.byte	0x5
 193 0036 39000000 		.4byte	.LASF2
 194 003a 02       		.uleb128 0x2
 195 003b 02       		.byte	0x2
 196 003c 07       		.byte	0x7
 197 003d D7030000 		.4byte	.LASF3
 198 0041 02       		.uleb128 0x2
 199 0042 04       		.byte	0x4
 200 0043 05       		.byte	0x5
 201 0044 B5010000 		.4byte	.LASF4
 202 0048 02       		.uleb128 0x2
 203 0049 04       		.byte	0x4
 204 004a 07       		.byte	0x7
 205 004b 10040000 		.4byte	.LASF5
 206 004f 02       		.uleb128 0x2
 207 0050 04       		.byte	0x4
 208 0051 04       		.byte	0x4
 209 0052 56010000 		.4byte	.LASF6
 210 0056 02       		.uleb128 0x2
 211 0057 08       		.byte	0x8
 212 0058 04       		.byte	0x4
 213 0059 22040000 		.4byte	.LASF7
 214 005d 02       		.uleb128 0x2
 215 005e 08       		.byte	0x8
 216 005f 05       		.byte	0x5
 217 0060 6A010000 		.4byte	.LASF8
 218 0064 02       		.uleb128 0x2
 219 0065 08       		.byte	0x8
 220 0066 07       		.byte	0x7
 221 0067 74020000 		.4byte	.LASF9
 222 006b 03       		.uleb128 0x3
 223 006c 1C020000 		.4byte	.LASF37
 224 0070 02       		.byte	0x2
 225 0071 9C       		.byte	0x9c
 226 0072 2C000000 		.4byte	0x2c
 227 0076 02       		.uleb128 0x2
 228 0077 01       		.byte	0x1
 229 0078 08       		.byte	0x8
 230 0079 B5030000 		.4byte	.LASF10
 231 007d 04       		.uleb128 0x4
 232 007e 04       		.byte	0x4
 233 007f 83000000 		.4byte	0x83
 234 0083 05       		.uleb128 0x5
 235 0084 06       		.uleb128 0x6
 236 0085 01       		.byte	0x1
 237 0086 25000000 		.4byte	0x25
 238 008a 02       		.byte	0x2
 239 008b CF       		.byte	0xcf
 240 008c 2D010000 		.4byte	0x12d
 241 0090 07       		.uleb128 0x7
 242 0091 1A000000 		.4byte	.LASF11
 243 0095 00       		.byte	0
 244 0096 08       		.uleb128 0x8
 245 0097 AC040000 		.4byte	.LASF12
 246 009b 7F       		.sleb128 -1
 247 009c 08       		.uleb128 0x8
 248 009d A6020000 		.4byte	.LASF13
ARM GAS  C:\Users\agraw\AppData\Local\Temp\cc8xNRzx.s 			page 7


 249 00a1 7E       		.sleb128 -2
 250 00a2 08       		.uleb128 0x8
 251 00a3 8F000000 		.4byte	.LASF14
 252 00a7 7D       		.sleb128 -3
 253 00a8 08       		.uleb128 0x8
 254 00a9 B5040000 		.4byte	.LASF15
 255 00ad 7C       		.sleb128 -4
 256 00ae 08       		.uleb128 0x8
 257 00af 39010000 		.4byte	.LASF16
 258 00b3 7B       		.sleb128 -5
 259 00b4 08       		.uleb128 0x8
 260 00b5 43000000 		.4byte	.LASF17
 261 00b9 7A       		.sleb128 -6
 262 00ba 08       		.uleb128 0x8
 263 00bb BE010000 		.4byte	.LASF18
 264 00bf 79       		.sleb128 -7
 265 00c0 08       		.uleb128 0x8
 266 00c1 BA030000 		.4byte	.LASF19
 267 00c5 78       		.sleb128 -8
 268 00c6 08       		.uleb128 0x8
 269 00c7 B4020000 		.4byte	.LASF20
 270 00cb 77       		.sleb128 -9
 271 00cc 08       		.uleb128 0x8
 272 00cd DF010000 		.4byte	.LASF21
 273 00d1 76       		.sleb128 -10
 274 00d2 08       		.uleb128 0x8
 275 00d3 E2040000 		.4byte	.LASF22
 276 00d7 75       		.sleb128 -11
 277 00d8 08       		.uleb128 0x8
 278 00d9 98020000 		.4byte	.LASF23
 279 00dd 74       		.sleb128 -12
 280 00de 08       		.uleb128 0x8
 281 00df 29040000 		.4byte	.LASF24
 282 00e3 73       		.sleb128 -13
 283 00e4 08       		.uleb128 0x8
 284 00e5 07000000 		.4byte	.LASF25
 285 00e9 72       		.sleb128 -14
 286 00ea 08       		.uleb128 0x8
 287 00eb 25000000 		.4byte	.LASF26
 288 00ef 71       		.sleb128 -15
 289 00f0 08       		.uleb128 0x8
 290 00f1 F9010000 		.4byte	.LASF27
 291 00f5 70       		.sleb128 -16
 292 00f6 08       		.uleb128 0x8
 293 00f7 A5000000 		.4byte	.LASF28
 294 00fb 6F       		.sleb128 -17
 295 00fc 08       		.uleb128 0x8
 296 00fd 54000000 		.4byte	.LASF29
 297 0101 6E       		.sleb128 -18
 298 0102 08       		.uleb128 0x8
 299 0103 91010000 		.4byte	.LASF30
 300 0107 6D       		.sleb128 -19
 301 0108 08       		.uleb128 0x8
 302 0109 EA030000 		.4byte	.LASF31
 303 010d 6C       		.sleb128 -20
 304 010e 08       		.uleb128 0x8
 305 010f 0A020000 		.4byte	.LASF32
ARM GAS  C:\Users\agraw\AppData\Local\Temp\cc8xNRzx.s 			page 8


 306 0113 6B       		.sleb128 -21
 307 0114 08       		.uleb128 0x8
 308 0115 8D040000 		.4byte	.LASF33
 309 0119 6A       		.sleb128 -22
 310 011a 08       		.uleb128 0x8
 311 011b E3000000 		.4byte	.LASF34
 312 011f 69       		.sleb128 -23
 313 0120 08       		.uleb128 0x8
 314 0121 A4010000 		.4byte	.LASF35
 315 0125 68       		.sleb128 -24
 316 0126 08       		.uleb128 0x8
 317 0127 C3000000 		.4byte	.LASF36
 318 012b 67       		.sleb128 -25
 319 012c 00       		.byte	0
 320 012d 03       		.uleb128 0x3
 321 012e DD040000 		.4byte	.LASF38
 322 0132 02       		.byte	0x2
 323 0133 EA       		.byte	0xea
 324 0134 84000000 		.4byte	0x84
 325 0138 03       		.uleb128 0x3
 326 0139 5F040000 		.4byte	.LASF39
 327 013d 03       		.byte	0x3
 328 013e 3F       		.byte	0x3f
 329 013f 41000000 		.4byte	0x41
 330 0143 09       		.uleb128 0x9
 331 0144 04       		.byte	0x4
 332 0145 05       		.byte	0x5
 333 0146 696E7400 		.ascii	"int\000"
 334 014a 02       		.uleb128 0x2
 335 014b 04       		.byte	0x4
 336 014c 07       		.byte	0x7
 337 014d 8B020000 		.4byte	.LASF40
 338 0151 03       		.uleb128 0x3
 339 0152 CF030000 		.4byte	.LASF41
 340 0156 04       		.byte	0x4
 341 0157 2C       		.byte	0x2c
 342 0158 38010000 		.4byte	0x138
 343 015c 0A       		.uleb128 0xa
 344 015d 5B020000 		.4byte	.LASF42
 345 0161 05       		.byte	0x5
 346 0162 A502     		.2byte	0x2a5
 347 0164 7D000000 		.4byte	0x7d
 348 0168 02       		.uleb128 0x2
 349 0169 08       		.byte	0x8
 350 016a 04       		.byte	0x4
 351 016b 4F020000 		.4byte	.LASF43
 352 016f 02       		.uleb128 0x2
 353 0170 04       		.byte	0x4
 354 0171 07       		.byte	0x7
 355 0172 69000000 		.4byte	.LASF44
 356 0176 03       		.uleb128 0x3
 357 0177 CA020000 		.4byte	.LASF45
 358 017b 06       		.byte	0x6
 359 017c 53       		.byte	0x53
 360 017d 43010000 		.4byte	0x143
 361 0181 03       		.uleb128 0x3
 362 0182 B9000000 		.4byte	.LASF46
ARM GAS  C:\Users\agraw\AppData\Local\Temp\cc8xNRzx.s 			page 9


 363 0186 06       		.byte	0x6
 364 0187 54       		.byte	0x54
 365 0188 4A010000 		.4byte	0x14a
 366 018c 03       		.uleb128 0x3
 367 018d 3B040000 		.4byte	.LASF47
 368 0191 07       		.byte	0x7
 369 0192 4D       		.byte	0x4d
 370 0193 81010000 		.4byte	0x181
 371 0197 03       		.uleb128 0x3
 372 0198 9D000000 		.4byte	.LASF48
 373 019c 07       		.byte	0x7
 374 019d 4F       		.byte	0x4f
 375 019e 81010000 		.4byte	0x181
 376 01a2 03       		.uleb128 0x3
 377 01a3 DC000000 		.4byte	.LASF49
 378 01a7 07       		.byte	0x7
 379 01a8 78       		.byte	0x78
 380 01a9 76010000 		.4byte	0x176
 381 01ad 0B       		.uleb128 0xb
 382 01ae D3020000 		.4byte	.LASF73
 383 01b2 01       		.byte	0x1
 384 01b3 2C000000 		.4byte	0x2c
 385 01b7 08       		.byte	0x8
 386 01b8 5A       		.byte	0x5a
 387 01b9 D6010000 		.4byte	0x1d6
 388 01bd 07       		.uleb128 0x7
 389 01be 69040000 		.4byte	.LASF50
 390 01c2 00       		.byte	0
 391 01c3 07       		.uleb128 0x7
 392 01c4 72040000 		.4byte	.LASF51
 393 01c8 01       		.byte	0x1
 394 01c9 07       		.uleb128 0x7
 395 01ca 7B040000 		.4byte	.LASF52
 396 01ce 02       		.byte	0x2
 397 01cf 07       		.uleb128 0x7
 398 01d0 84040000 		.4byte	.LASF53
 399 01d4 03       		.byte	0x3
 400 01d5 00       		.byte	0
 401 01d6 03       		.uleb128 0x3
 402 01d7 ED010000 		.4byte	.LASF54
 403 01db 08       		.byte	0x8
 404 01dc 60       		.byte	0x60
 405 01dd AD010000 		.4byte	0x1ad
 406 01e1 0C       		.uleb128 0xc
 407 01e2 A9030000 		.4byte	.LASF55
 408 01e6 01       		.byte	0x1
 409 01e7 39       		.byte	0x39
 410 01e8 2D010000 		.4byte	0x12d
 411 01ec 00000000 		.4byte	.LFB110
 412 01f0 10000000 		.4byte	.LFE110-.LFB110
 413 01f4 01       		.uleb128 0x1
 414 01f5 9C       		.byte	0x9c
 415 01f6 1B020000 		.4byte	0x21b
 416 01fa 0D       		.uleb128 0xd
 417 01fb D0010000 		.4byte	.LASF57
 418 01ff 01       		.byte	0x1
 419 0200 39       		.byte	0x39
ARM GAS  C:\Users\agraw\AppData\Local\Temp\cc8xNRzx.s 			page 10


 420 0201 5C010000 		.4byte	0x15c
 421 0205 00000000 		.4byte	.LLST0
 422 0209 0E       		.uleb128 0xe
 423 020a 08000000 		.4byte	.LVL1
 424 020e BF020000 		.4byte	0x2bf
 425 0212 0F       		.uleb128 0xf
 426 0213 01       		.uleb128 0x1
 427 0214 50       		.byte	0x50
 428 0215 03       		.uleb128 0x3
 429 0216 F3       		.byte	0xf3
 430 0217 01       		.uleb128 0x1
 431 0218 50       		.byte	0x50
 432 0219 00       		.byte	0
 433 021a 00       		.byte	0
 434 021b 0C       		.uleb128 0xc
 435 021c 0F010000 		.4byte	.LASF56
 436 0220 01       		.byte	0x1
 437 0221 49       		.byte	0x49
 438 0222 6B000000 		.4byte	0x6b
 439 0226 00000000 		.4byte	.LFB111
 440 022a 52000000 		.4byte	.LFE111-.LFB111
 441 022e 01       		.uleb128 0x1
 442 022f 9C       		.byte	0x9c
 443 0230 77020000 		.4byte	0x277
 444 0234 0D       		.uleb128 0xd
 445 0235 D8010000 		.4byte	.LASF58
 446 0239 01       		.byte	0x1
 447 023a 49       		.byte	0x49
 448 023b D6010000 		.4byte	0x1d6
 449 023f 3A000000 		.4byte	.LLST1
 450 0243 10       		.uleb128 0x10
 451 0244 00000000 		.4byte	.LASF74
 452 0248 01       		.byte	0x1
 453 0249 4B       		.byte	0x4b
 454 024a 6B000000 		.4byte	0x6b
 455 024e BF000000 		.4byte	.LLST2
 456 0252 11       		.uleb128 0x11
 457 0253 12000000 		.4byte	.LVL6
 458 0257 CA020000 		.4byte	0x2ca
 459 025b 11       		.uleb128 0x11
 460 025c 1E000000 		.4byte	.LVL8
 461 0260 D5020000 		.4byte	0x2d5
 462 0264 11       		.uleb128 0x11
 463 0265 2A000000 		.4byte	.LVL10
 464 0269 E0020000 		.4byte	0x2e0
 465 026d 11       		.uleb128 0x11
 466 026e 36000000 		.4byte	.LVL12
 467 0272 EB020000 		.4byte	0x2eb
 468 0276 00       		.byte	0
 469 0277 12       		.uleb128 0x12
 470 0278 C5040000 		.4byte	.LASF59
 471 027c 09       		.byte	0x9
 472 027d 40       		.byte	0x40
 473 027e 8C010000 		.4byte	0x18c
 474 0282 12       		.uleb128 0x12
 475 0283 78010000 		.4byte	.LASF60
 476 0287 09       		.byte	0x9
ARM GAS  C:\Users\agraw\AppData\Local\Temp\cc8xNRzx.s 			page 11


 477 0288 47       		.byte	0x47
 478 0289 97010000 		.4byte	0x197
 479 028d 12       		.uleb128 0x12
 480 028e FD030000 		.4byte	.LASF61
 481 0292 09       		.byte	0x9
 482 0293 4A       		.byte	0x4a
 483 0294 8C010000 		.4byte	0x18c
 484 0298 12       		.uleb128 0x12
 485 0299 20010000 		.4byte	.LASF62
 486 029d 0A       		.byte	0xa
 487 029e 48       		.byte	0x48
 488 029f A2010000 		.4byte	0x1a2
 489 02a3 12       		.uleb128 0x12
 490 02a4 FA000000 		.4byte	.LASF63
 491 02a8 0B       		.byte	0xb
 492 02a9 44       		.byte	0x44
 493 02aa 8C010000 		.4byte	0x18c
 494 02ae 13       		.uleb128 0x13
 495 02af 9F040000 		.4byte	.LASF64
 496 02b3 0C       		.byte	0xc
 497 02b4 1207     		.2byte	0x712
 498 02b6 BA020000 		.4byte	0x2ba
 499 02ba 14       		.uleb128 0x14
 500 02bb 51010000 		.4byte	0x151
 501 02bf 15       		.uleb128 0x15
 502 02c0 26020000 		.4byte	.LASF65
 503 02c4 26020000 		.4byte	.LASF65
 504 02c8 0D       		.byte	0xd
 505 02c9 18       		.byte	0x18
 506 02ca 15       		.uleb128 0x15
 507 02cb 5C010000 		.4byte	.LASF66
 508 02cf 5C010000 		.4byte	.LASF66
 509 02d3 0E       		.byte	0xe
 510 02d4 29       		.byte	0x29
 511 02d5 15       		.uleb128 0x15
 512 02d6 51040000 		.4byte	.LASF67
 513 02da 51040000 		.4byte	.LASF67
 514 02de 0F       		.byte	0xf
 515 02df 29       		.byte	0x29
 516 02e0 15       		.uleb128 0x15
 517 02e1 48010000 		.4byte	.LASF68
 518 02e5 48010000 		.4byte	.LASF68
 519 02e9 10       		.byte	0x10
 520 02ea 29       		.byte	0x29
 521 02eb 15       		.uleb128 0x15
 522 02ec 43040000 		.4byte	.LASF69
 523 02f0 43040000 		.4byte	.LASF69
 524 02f4 11       		.byte	0x11
 525 02f5 29       		.byte	0x29
 526 02f6 00       		.byte	0
 527              		.section	.debug_abbrev,"",%progbits
 528              	.Ldebug_abbrev0:
 529 0000 01       		.uleb128 0x1
 530 0001 11       		.uleb128 0x11
 531 0002 01       		.byte	0x1
 532 0003 25       		.uleb128 0x25
 533 0004 0E       		.uleb128 0xe
ARM GAS  C:\Users\agraw\AppData\Local\Temp\cc8xNRzx.s 			page 12


 534 0005 13       		.uleb128 0x13
 535 0006 0B       		.uleb128 0xb
 536 0007 03       		.uleb128 0x3
 537 0008 0E       		.uleb128 0xe
 538 0009 1B       		.uleb128 0x1b
 539 000a 0E       		.uleb128 0xe
 540 000b 55       		.uleb128 0x55
 541 000c 17       		.uleb128 0x17
 542 000d 11       		.uleb128 0x11
 543 000e 01       		.uleb128 0x1
 544 000f 10       		.uleb128 0x10
 545 0010 17       		.uleb128 0x17
 546 0011 00       		.byte	0
 547 0012 00       		.byte	0
 548 0013 02       		.uleb128 0x2
 549 0014 24       		.uleb128 0x24
 550 0015 00       		.byte	0
 551 0016 0B       		.uleb128 0xb
 552 0017 0B       		.uleb128 0xb
 553 0018 3E       		.uleb128 0x3e
 554 0019 0B       		.uleb128 0xb
 555 001a 03       		.uleb128 0x3
 556 001b 0E       		.uleb128 0xe
 557 001c 00       		.byte	0
 558 001d 00       		.byte	0
 559 001e 03       		.uleb128 0x3
 560 001f 16       		.uleb128 0x16
 561 0020 00       		.byte	0
 562 0021 03       		.uleb128 0x3
 563 0022 0E       		.uleb128 0xe
 564 0023 3A       		.uleb128 0x3a
 565 0024 0B       		.uleb128 0xb
 566 0025 3B       		.uleb128 0x3b
 567 0026 0B       		.uleb128 0xb
 568 0027 49       		.uleb128 0x49
 569 0028 13       		.uleb128 0x13
 570 0029 00       		.byte	0
 571 002a 00       		.byte	0
 572 002b 04       		.uleb128 0x4
 573 002c 0F       		.uleb128 0xf
 574 002d 00       		.byte	0
 575 002e 0B       		.uleb128 0xb
 576 002f 0B       		.uleb128 0xb
 577 0030 49       		.uleb128 0x49
 578 0031 13       		.uleb128 0x13
 579 0032 00       		.byte	0
 580 0033 00       		.byte	0
 581 0034 05       		.uleb128 0x5
 582 0035 15       		.uleb128 0x15
 583 0036 00       		.byte	0
 584 0037 27       		.uleb128 0x27
 585 0038 19       		.uleb128 0x19
 586 0039 00       		.byte	0
 587 003a 00       		.byte	0
 588 003b 06       		.uleb128 0x6
 589 003c 04       		.uleb128 0x4
 590 003d 01       		.byte	0x1
ARM GAS  C:\Users\agraw\AppData\Local\Temp\cc8xNRzx.s 			page 13


 591 003e 0B       		.uleb128 0xb
 592 003f 0B       		.uleb128 0xb
 593 0040 49       		.uleb128 0x49
 594 0041 13       		.uleb128 0x13
 595 0042 3A       		.uleb128 0x3a
 596 0043 0B       		.uleb128 0xb
 597 0044 3B       		.uleb128 0x3b
 598 0045 0B       		.uleb128 0xb
 599 0046 01       		.uleb128 0x1
 600 0047 13       		.uleb128 0x13
 601 0048 00       		.byte	0
 602 0049 00       		.byte	0
 603 004a 07       		.uleb128 0x7
 604 004b 28       		.uleb128 0x28
 605 004c 00       		.byte	0
 606 004d 03       		.uleb128 0x3
 607 004e 0E       		.uleb128 0xe
 608 004f 1C       		.uleb128 0x1c
 609 0050 0B       		.uleb128 0xb
 610 0051 00       		.byte	0
 611 0052 00       		.byte	0
 612 0053 08       		.uleb128 0x8
 613 0054 28       		.uleb128 0x28
 614 0055 00       		.byte	0
 615 0056 03       		.uleb128 0x3
 616 0057 0E       		.uleb128 0xe
 617 0058 1C       		.uleb128 0x1c
 618 0059 0D       		.uleb128 0xd
 619 005a 00       		.byte	0
 620 005b 00       		.byte	0
 621 005c 09       		.uleb128 0x9
 622 005d 24       		.uleb128 0x24
 623 005e 00       		.byte	0
 624 005f 0B       		.uleb128 0xb
 625 0060 0B       		.uleb128 0xb
 626 0061 3E       		.uleb128 0x3e
 627 0062 0B       		.uleb128 0xb
 628 0063 03       		.uleb128 0x3
 629 0064 08       		.uleb128 0x8
 630 0065 00       		.byte	0
 631 0066 00       		.byte	0
 632 0067 0A       		.uleb128 0xa
 633 0068 16       		.uleb128 0x16
 634 0069 00       		.byte	0
 635 006a 03       		.uleb128 0x3
 636 006b 0E       		.uleb128 0xe
 637 006c 3A       		.uleb128 0x3a
 638 006d 0B       		.uleb128 0xb
 639 006e 3B       		.uleb128 0x3b
 640 006f 05       		.uleb128 0x5
 641 0070 49       		.uleb128 0x49
 642 0071 13       		.uleb128 0x13
 643 0072 00       		.byte	0
 644 0073 00       		.byte	0
 645 0074 0B       		.uleb128 0xb
 646 0075 04       		.uleb128 0x4
 647 0076 01       		.byte	0x1
ARM GAS  C:\Users\agraw\AppData\Local\Temp\cc8xNRzx.s 			page 14


 648 0077 03       		.uleb128 0x3
 649 0078 0E       		.uleb128 0xe
 650 0079 0B       		.uleb128 0xb
 651 007a 0B       		.uleb128 0xb
 652 007b 49       		.uleb128 0x49
 653 007c 13       		.uleb128 0x13
 654 007d 3A       		.uleb128 0x3a
 655 007e 0B       		.uleb128 0xb
 656 007f 3B       		.uleb128 0x3b
 657 0080 0B       		.uleb128 0xb
 658 0081 01       		.uleb128 0x1
 659 0082 13       		.uleb128 0x13
 660 0083 00       		.byte	0
 661 0084 00       		.byte	0
 662 0085 0C       		.uleb128 0xc
 663 0086 2E       		.uleb128 0x2e
 664 0087 01       		.byte	0x1
 665 0088 3F       		.uleb128 0x3f
 666 0089 19       		.uleb128 0x19
 667 008a 03       		.uleb128 0x3
 668 008b 0E       		.uleb128 0xe
 669 008c 3A       		.uleb128 0x3a
 670 008d 0B       		.uleb128 0xb
 671 008e 3B       		.uleb128 0x3b
 672 008f 0B       		.uleb128 0xb
 673 0090 27       		.uleb128 0x27
 674 0091 19       		.uleb128 0x19
 675 0092 49       		.uleb128 0x49
 676 0093 13       		.uleb128 0x13
 677 0094 11       		.uleb128 0x11
 678 0095 01       		.uleb128 0x1
 679 0096 12       		.uleb128 0x12
 680 0097 06       		.uleb128 0x6
 681 0098 40       		.uleb128 0x40
 682 0099 18       		.uleb128 0x18
 683 009a 9742     		.uleb128 0x2117
 684 009c 19       		.uleb128 0x19
 685 009d 01       		.uleb128 0x1
 686 009e 13       		.uleb128 0x13
 687 009f 00       		.byte	0
 688 00a0 00       		.byte	0
 689 00a1 0D       		.uleb128 0xd
 690 00a2 05       		.uleb128 0x5
 691 00a3 00       		.byte	0
 692 00a4 03       		.uleb128 0x3
 693 00a5 0E       		.uleb128 0xe
 694 00a6 3A       		.uleb128 0x3a
 695 00a7 0B       		.uleb128 0xb
 696 00a8 3B       		.uleb128 0x3b
 697 00a9 0B       		.uleb128 0xb
 698 00aa 49       		.uleb128 0x49
 699 00ab 13       		.uleb128 0x13
 700 00ac 02       		.uleb128 0x2
 701 00ad 17       		.uleb128 0x17
 702 00ae 00       		.byte	0
 703 00af 00       		.byte	0
 704 00b0 0E       		.uleb128 0xe
ARM GAS  C:\Users\agraw\AppData\Local\Temp\cc8xNRzx.s 			page 15


 705 00b1 898201   		.uleb128 0x4109
 706 00b4 01       		.byte	0x1
 707 00b5 11       		.uleb128 0x11
 708 00b6 01       		.uleb128 0x1
 709 00b7 31       		.uleb128 0x31
 710 00b8 13       		.uleb128 0x13
 711 00b9 00       		.byte	0
 712 00ba 00       		.byte	0
 713 00bb 0F       		.uleb128 0xf
 714 00bc 8A8201   		.uleb128 0x410a
 715 00bf 00       		.byte	0
 716 00c0 02       		.uleb128 0x2
 717 00c1 18       		.uleb128 0x18
 718 00c2 9142     		.uleb128 0x2111
 719 00c4 18       		.uleb128 0x18
 720 00c5 00       		.byte	0
 721 00c6 00       		.byte	0
 722 00c7 10       		.uleb128 0x10
 723 00c8 34       		.uleb128 0x34
 724 00c9 00       		.byte	0
 725 00ca 03       		.uleb128 0x3
 726 00cb 0E       		.uleb128 0xe
 727 00cc 3A       		.uleb128 0x3a
 728 00cd 0B       		.uleb128 0xb
 729 00ce 3B       		.uleb128 0x3b
 730 00cf 0B       		.uleb128 0xb
 731 00d0 49       		.uleb128 0x49
 732 00d1 13       		.uleb128 0x13
 733 00d2 02       		.uleb128 0x2
 734 00d3 17       		.uleb128 0x17
 735 00d4 00       		.byte	0
 736 00d5 00       		.byte	0
 737 00d6 11       		.uleb128 0x11
 738 00d7 898201   		.uleb128 0x4109
 739 00da 00       		.byte	0
 740 00db 11       		.uleb128 0x11
 741 00dc 01       		.uleb128 0x1
 742 00dd 31       		.uleb128 0x31
 743 00de 13       		.uleb128 0x13
 744 00df 00       		.byte	0
 745 00e0 00       		.byte	0
 746 00e1 12       		.uleb128 0x12
 747 00e2 34       		.uleb128 0x34
 748 00e3 00       		.byte	0
 749 00e4 03       		.uleb128 0x3
 750 00e5 0E       		.uleb128 0xe
 751 00e6 3A       		.uleb128 0x3a
 752 00e7 0B       		.uleb128 0xb
 753 00e8 3B       		.uleb128 0x3b
 754 00e9 0B       		.uleb128 0xb
 755 00ea 49       		.uleb128 0x49
 756 00eb 13       		.uleb128 0x13
 757 00ec 3F       		.uleb128 0x3f
 758 00ed 19       		.uleb128 0x19
 759 00ee 3C       		.uleb128 0x3c
 760 00ef 19       		.uleb128 0x19
 761 00f0 00       		.byte	0
ARM GAS  C:\Users\agraw\AppData\Local\Temp\cc8xNRzx.s 			page 16


 762 00f1 00       		.byte	0
 763 00f2 13       		.uleb128 0x13
 764 00f3 34       		.uleb128 0x34
 765 00f4 00       		.byte	0
 766 00f5 03       		.uleb128 0x3
 767 00f6 0E       		.uleb128 0xe
 768 00f7 3A       		.uleb128 0x3a
 769 00f8 0B       		.uleb128 0xb
 770 00f9 3B       		.uleb128 0x3b
 771 00fa 05       		.uleb128 0x5
 772 00fb 49       		.uleb128 0x49
 773 00fc 13       		.uleb128 0x13
 774 00fd 3F       		.uleb128 0x3f
 775 00fe 19       		.uleb128 0x19
 776 00ff 3C       		.uleb128 0x3c
 777 0100 19       		.uleb128 0x19
 778 0101 00       		.byte	0
 779 0102 00       		.byte	0
 780 0103 14       		.uleb128 0x14
 781 0104 35       		.uleb128 0x35
 782 0105 00       		.byte	0
 783 0106 49       		.uleb128 0x49
 784 0107 13       		.uleb128 0x13
 785 0108 00       		.byte	0
 786 0109 00       		.byte	0
 787 010a 15       		.uleb128 0x15
 788 010b 2E       		.uleb128 0x2e
 789 010c 00       		.byte	0
 790 010d 3F       		.uleb128 0x3f
 791 010e 19       		.uleb128 0x19
 792 010f 3C       		.uleb128 0x3c
 793 0110 19       		.uleb128 0x19
 794 0111 6E       		.uleb128 0x6e
 795 0112 0E       		.uleb128 0xe
 796 0113 03       		.uleb128 0x3
 797 0114 0E       		.uleb128 0xe
 798 0115 3A       		.uleb128 0x3a
 799 0116 0B       		.uleb128 0xb
 800 0117 3B       		.uleb128 0x3b
 801 0118 0B       		.uleb128 0xb
 802 0119 00       		.byte	0
 803 011a 00       		.byte	0
 804 011b 00       		.byte	0
 805              		.section	.debug_loc,"",%progbits
 806              	.Ldebug_loc0:
 807              	.LLST0:
 808 0000 00000000 		.4byte	.LVL0
 809 0004 07000000 		.4byte	.LVL1-1
 810 0008 0100     		.2byte	0x1
 811 000a 50       		.byte	0x50
 812 000b 07000000 		.4byte	.LVL1-1
 813 000f 0C000000 		.4byte	.LVL2
 814 0013 0400     		.2byte	0x4
 815 0015 F3       		.byte	0xf3
 816 0016 01       		.uleb128 0x1
 817 0017 50       		.byte	0x50
 818 0018 9F       		.byte	0x9f
ARM GAS  C:\Users\agraw\AppData\Local\Temp\cc8xNRzx.s 			page 17


 819 0019 0C000000 		.4byte	.LVL2
 820 001d 0E000000 		.4byte	.LVL3
 821 0021 0100     		.2byte	0x1
 822 0023 50       		.byte	0x50
 823 0024 0E000000 		.4byte	.LVL3
 824 0028 10000000 		.4byte	.LFE110
 825 002c 0400     		.2byte	0x4
 826 002e F3       		.byte	0xf3
 827 002f 01       		.uleb128 0x1
 828 0030 50       		.byte	0x50
 829 0031 9F       		.byte	0x9f
 830 0032 00000000 		.4byte	0
 831 0036 00000000 		.4byte	0
 832              	.LLST1:
 833 003a 00000000 		.4byte	.LVL4
 834 003e 11000000 		.4byte	.LVL6-1
 835 0042 0100     		.2byte	0x1
 836 0044 50       		.byte	0x50
 837 0045 11000000 		.4byte	.LVL6-1
 838 0049 1A000000 		.4byte	.LVL7
 839 004d 0400     		.2byte	0x4
 840 004f F3       		.byte	0xf3
 841 0050 01       		.uleb128 0x1
 842 0051 50       		.byte	0x50
 843 0052 9F       		.byte	0x9f
 844 0053 1A000000 		.4byte	.LVL7
 845 0057 1D000000 		.4byte	.LVL8-1
 846 005b 0100     		.2byte	0x1
 847 005d 50       		.byte	0x50
 848 005e 1D000000 		.4byte	.LVL8-1
 849 0062 26000000 		.4byte	.LVL9
 850 0066 0400     		.2byte	0x4
 851 0068 F3       		.byte	0xf3
 852 0069 01       		.uleb128 0x1
 853 006a 50       		.byte	0x50
 854 006b 9F       		.byte	0x9f
 855 006c 26000000 		.4byte	.LVL9
 856 0070 29000000 		.4byte	.LVL10-1
 857 0074 0100     		.2byte	0x1
 858 0076 50       		.byte	0x50
 859 0077 29000000 		.4byte	.LVL10-1
 860 007b 32000000 		.4byte	.LVL11
 861 007f 0400     		.2byte	0x4
 862 0081 F3       		.byte	0xf3
 863 0082 01       		.uleb128 0x1
 864 0083 50       		.byte	0x50
 865 0084 9F       		.byte	0x9f
 866 0085 32000000 		.4byte	.LVL11
 867 0089 35000000 		.4byte	.LVL12-1
 868 008d 0100     		.2byte	0x1
 869 008f 50       		.byte	0x50
 870 0090 35000000 		.4byte	.LVL12-1
 871 0094 3E000000 		.4byte	.LVL13
 872 0098 0400     		.2byte	0x4
 873 009a F3       		.byte	0xf3
 874 009b 01       		.uleb128 0x1
 875 009c 50       		.byte	0x50
ARM GAS  C:\Users\agraw\AppData\Local\Temp\cc8xNRzx.s 			page 18


 876 009d 9F       		.byte	0x9f
 877 009e 3E000000 		.4byte	.LVL13
 878 00a2 40000000 		.4byte	.LVL14
 879 00a6 0100     		.2byte	0x1
 880 00a8 50       		.byte	0x50
 881 00a9 40000000 		.4byte	.LVL14
 882 00ad 52000000 		.4byte	.LFE111
 883 00b1 0400     		.2byte	0x4
 884 00b3 F3       		.byte	0xf3
 885 00b4 01       		.uleb128 0x1
 886 00b5 50       		.byte	0x50
 887 00b6 9F       		.byte	0x9f
 888 00b7 00000000 		.4byte	0
 889 00bb 00000000 		.4byte	0
 890              	.LLST2:
 891 00bf 02000000 		.4byte	.LVL5
 892 00c3 50000000 		.4byte	.LVL15
 893 00c7 0200     		.2byte	0x2
 894 00c9 30       		.byte	0x30
 895 00ca 9F       		.byte	0x9f
 896 00cb 50000000 		.4byte	.LVL15
 897 00cf 52000000 		.4byte	.LFE111
 898 00d3 0100     		.2byte	0x1
 899 00d5 50       		.byte	0x50
 900 00d6 00000000 		.4byte	0
 901 00da 00000000 		.4byte	0
 902              		.section	.debug_aranges,"",%progbits
 903 0000 24000000 		.4byte	0x24
 904 0004 0200     		.2byte	0x2
 905 0006 00000000 		.4byte	.Ldebug_info0
 906 000a 04       		.byte	0x4
 907 000b 00       		.byte	0
 908 000c 0000     		.2byte	0
 909 000e 0000     		.2byte	0
 910 0010 00000000 		.4byte	.LFB110
 911 0014 10000000 		.4byte	.LFE110-.LFB110
 912 0018 00000000 		.4byte	.LFB111
 913 001c 52000000 		.4byte	.LFE111-.LFB111
 914 0020 00000000 		.4byte	0
 915 0024 00000000 		.4byte	0
 916              		.section	.debug_ranges,"",%progbits
 917              	.Ldebug_ranges0:
 918 0000 00000000 		.4byte	.LFB110
 919 0004 10000000 		.4byte	.LFE110
 920 0008 00000000 		.4byte	.LFB111
 921 000c 52000000 		.4byte	.LFE111
 922 0010 00000000 		.4byte	0
 923 0014 00000000 		.4byte	0
 924              		.section	.debug_line,"",%progbits
 925              	.Ldebug_line0:
 926 0000 C0020000 		.section	.debug_str,"MS",%progbits,1
 926      02008502 
 926      00000201 
 926      FB0E0D00 
 926      01010101 
 927              	.LASF74:
 928 0000 72657375 		.ascii	"result\000"
ARM GAS  C:\Users\agraw\AppData\Local\Temp\cc8xNRzx.s 			page 19


 928      6C7400
 929              	.LASF25:
 930 0007 52435F45 		.ascii	"RC_ERROR_READ_ONLY\000"
 930      52524F52 
 930      5F524541 
 930      445F4F4E 
 930      4C5900
 931              	.LASF11:
 932 001a 52435F53 		.ascii	"RC_SUCCESS\000"
 932      55434345 
 932      535300
 933              	.LASF26:
 934 0025 52435F45 		.ascii	"RC_ERROR_WRITE_ONLY\000"
 934      52524F52 
 934      5F575249 
 934      54455F4F 
 934      4E4C5900 
 935              	.LASF2:
 936 0039 73686F72 		.ascii	"short int\000"
 936      7420696E 
 936      7400
 937              	.LASF17:
 938 0043 52435F45 		.ascii	"RC_ERROR_OVERRUN\000"
 938      52524F52 
 938      5F4F5645 
 938      5252554E 
 938      00
 939              	.LASF29:
 940 0054 52435F45 		.ascii	"RC_ERROR_WRITE_FAILS\000"
 940      52524F52 
 940      5F575249 
 940      54455F46 
 940      41494C53 
 941              	.LASF44:
 942 0069 73697A65 		.ascii	"sizetype\000"
 942      74797065 
 942      00
 943              	.LASF71:
 944 0072 736F7572 		.ascii	"source\\bsw\\labboard\\button.c\000"
 944      63655C62 
 944      73775C6C 
 944      6162626F 
 944      6172645C 
 945              	.LASF14:
 946 008f 52435F45 		.ascii	"RC_ERROR_ZERO\000"
 946      52524F52 
 946      5F5A4552 
 946      4F00
 947              	.LASF48:
 948 009d 45455F46 		.ascii	"EE_FREG\000"
 948      52454700 
 949              	.LASF28:
 950 00a5 52435F45 		.ascii	"RC_ERROR_READ_FAILS\000"
 950      52524F52 
 950      5F524541 
 950      445F4641 
 950      494C5300 
ARM GAS  C:\Users\agraw\AppData\Local\Temp\cc8xNRzx.s 			page 20


 951              	.LASF46:
 952 00b9 45455F55 		.ascii	"EE_UINT32\000"
 952      494E5433 
 952      3200
 953              	.LASF36:
 954 00c3 52435F45 		.ascii	"RC_ERROR_NOT_IMPLEMENTED\000"
 954      52524F52 
 954      5F4E4F54 
 954      5F494D50 
 954      4C454D45 
 955              	.LASF49:
 956 00dc 45455F54 		.ascii	"EE_TID\000"
 956      494400
 957              	.LASF34:
 958 00e3 52435F45 		.ascii	"RC_ERROR_INVALID_STATE\000"
 958      52524F52 
 958      5F494E56 
 958      414C4944 
 958      5F535441 
 959              	.LASF63:
 960 00fa 45455F49 		.ascii	"EE_IRQ_nesting_level\000"
 960      52515F6E 
 960      65737469 
 960      6E675F6C 
 960      6576656C 
 961              	.LASF56:
 962 010f 42555454 		.ascii	"BUTTON_IsPressed\000"
 962      4F4E5F49 
 962      73507265 
 962      73736564 
 962      00
 963              	.LASF62:
 964 0120 45455F73 		.ascii	"EE_std_endcycle_next_tid\000"
 964      74645F65 
 964      6E646379 
 964      636C655F 
 964      6E657874 
 965              	.LASF16:
 966 0139 52435F45 		.ascii	"RC_ERROR_RANGE\000"
 966      52524F52 
 966      5F52414E 
 966      474500
 967              	.LASF68:
 968 0148 42555454 		.ascii	"BUTTON_3_Read\000"
 968      4F4E5F33 
 968      5F526561 
 968      6400
 969              	.LASF6:
 970 0156 666C6F61 		.ascii	"float\000"
 970      7400
 971              	.LASF66:
 972 015c 42555454 		.ascii	"BUTTON_1_Read\000"
 972      4F4E5F31 
 972      5F526561 
 972      6400
 973              	.LASF8:
 974 016a 6C6F6E67 		.ascii	"long long int\000"
ARM GAS  C:\Users\agraw\AppData\Local\Temp\cc8xNRzx.s 			page 21


 974      206C6F6E 
 974      6720696E 
 974      7400
 975              	.LASF60:
 976 0178 45455F6F 		.ascii	"EE_oo_IRQ_suspend_status\000"
 976      6F5F4952 
 976      515F7375 
 976      7370656E 
 976      645F7374 
 977              	.LASF30:
 978 0191 52435F45 		.ascii	"RC_ERROR_NOT_MATCH\000"
 978      52524F52 
 978      5F4E4F54 
 978      5F4D4154 
 978      434800
 979              	.LASF35:
 980 01a4 52435F45 		.ascii	"RC_ERROR_UNKNOWN\000"
 980      52524F52 
 980      5F554E4B 
 980      4E4F574E 
 980      00
 981              	.LASF4:
 982 01b5 6C6F6E67 		.ascii	"long int\000"
 982      20696E74 
 982      00
 983              	.LASF18:
 984 01be 52435F45 		.ascii	"RC_ERROR_UNDERRUN\000"
 984      52524F52 
 984      5F554E44 
 984      45525255 
 984      4E00
 985              	.LASF57:
 986 01d0 61646472 		.ascii	"address\000"
 986      65737300 
 987              	.LASF58:
 988 01d8 62757474 		.ascii	"button\000"
 988      6F6E00
 989              	.LASF21:
 990 01df 52435F45 		.ascii	"RC_ERROR_BUSY\000"
 990      52524F52 
 990      5F425553 
 990      5900
 991              	.LASF54:
 992 01ed 42555454 		.ascii	"BUTTON_id_t\000"
 992      4F4E5F69 
 992      645F7400 
 993              	.LASF27:
 994 01f9 52435F45 		.ascii	"RC_ERROR_INVALID\000"
 994      52524F52 
 994      5F494E56 
 994      414C4944 
 994      00
 995              	.LASF32:
 996 020a 52435F45 		.ascii	"RC_ERROR_BAD_DATA\000"
 996      52524F52 
 996      5F424144 
 996      5F444154 
ARM GAS  C:\Users\agraw\AppData\Local\Temp\cc8xNRzx.s 			page 22


 996      4100
 997              	.LASF37:
 998 021c 626F6F6C 		.ascii	"boolean_t\000"
 998      65616E5F 
 998      7400
 999              	.LASF65:
 1000 0226 6973725F 		.ascii	"isr_Button_Pressed_StartEx\000"
 1000      42757474 
 1000      6F6E5F50 
 1000      72657373 
 1000      65645F53 
 1001              	.LASF1:
 1002 0241 756E7369 		.ascii	"unsigned char\000"
 1002      676E6564 
 1002      20636861 
 1002      7200
 1003              	.LASF43:
 1004 024f 6C6F6E67 		.ascii	"long double\000"
 1004      20646F75 
 1004      626C6500 
 1005              	.LASF42:
 1006 025b 63796973 		.ascii	"cyisraddress\000"
 1006      72616464 
 1006      72657373 
 1006      00
 1007              	.LASF0:
 1008 0268 7369676E 		.ascii	"signed char\000"
 1008      65642063 
 1008      68617200 
 1009              	.LASF9:
 1010 0274 6C6F6E67 		.ascii	"long long unsigned int\000"
 1010      206C6F6E 
 1010      6720756E 
 1010      7369676E 
 1010      65642069 
 1011              	.LASF40:
 1012 028b 756E7369 		.ascii	"unsigned int\000"
 1012      676E6564 
 1012      20696E74 
 1012      00
 1013              	.LASF23:
 1014 0298 52435F45 		.ascii	"RC_ERROR_OPEN\000"
 1014      52524F52 
 1014      5F4F5045 
 1014      4E00
 1015              	.LASF13:
 1016 02a6 52435F45 		.ascii	"RC_ERROR_NULL\000"
 1016      52524F52 
 1016      5F4E554C 
 1016      4C00
 1017              	.LASF20:
 1018 02b4 52435F45 		.ascii	"RC_ERROR_BUFFER_EMTPY\000"
 1018      52524F52 
 1018      5F425546 
 1018      4645525F 
 1018      454D5450 
 1019              	.LASF45:
ARM GAS  C:\Users\agraw\AppData\Local\Temp\cc8xNRzx.s 			page 23


 1020 02ca 45455F49 		.ascii	"EE_INT32\000"
 1020      4E543332 
 1020      00
 1021              	.LASF73:
 1022 02d3 65427574 		.ascii	"eButton\000"
 1022      746F6E00 
 1023              	.LASF72:
 1024 02db 443A5C45 		.ascii	"D:\\Embedded\\Assignment02\\Lab02\\Workspace01\\AMA"
 1024      6D626564 
 1024      6465645C 
 1024      41737369 
 1024      676E6D65 
 1025 0309 5F454F53 		.ascii	"_EOS_Lab_02.cydsn\000"
 1025      5F4C6162 
 1025      5F30322E 
 1025      63796473 
 1025      6E00
 1026              	.LASF70:
 1027 031b 474E5520 		.ascii	"GNU C11 5.4.1 20160609 (release) [ARM/embedded-5-br"
 1027      43313120 
 1027      352E342E 
 1027      31203230 
 1027      31363036 
 1028 034e 616E6368 		.ascii	"anch revision 237715] -mcpu=cortex-m3 -mthumb -g -O"
 1028      20726576 
 1028      6973696F 
 1028      6E203233 
 1028      37373135 
 1029 0381 67202D66 		.ascii	"g -ffunction-sections -ffat-lto-objects\000"
 1029      66756E63 
 1029      74696F6E 
 1029      2D736563 
 1029      74696F6E 
 1030              	.LASF55:
 1031 03a9 42555454 		.ascii	"BUTTON_Init\000"
 1031      4F4E5F49 
 1031      6E697400 
 1032              	.LASF10:
 1033 03b5 63686172 		.ascii	"char\000"
 1033      00
 1034              	.LASF19:
 1035 03ba 52435F45 		.ascii	"RC_ERROR_BUFFER_FULL\000"
 1035      52524F52 
 1035      5F425546 
 1035      4645525F 
 1035      46554C4C 
 1036              	.LASF41:
 1037 03cf 696E7433 		.ascii	"int32_t\000"
 1037      325F7400 
 1038              	.LASF3:
 1039 03d7 73686F72 		.ascii	"short unsigned int\000"
 1039      7420756E 
 1039      7369676E 
 1039      65642069 
 1039      6E7400
 1040              	.LASF31:
 1041 03ea 52435F45 		.ascii	"RC_ERROR_BAD_PARAM\000"
ARM GAS  C:\Users\agraw\AppData\Local\Temp\cc8xNRzx.s 			page 24


 1041      52524F52 
 1041      5F424144 
 1041      5F504152 
 1041      414D00
 1042              	.LASF61:
 1043 03fd 45455F41 		.ascii	"EE_ApplicationMode\000"
 1043      70706C69 
 1043      63617469 
 1043      6F6E4D6F 
 1043      646500
 1044              	.LASF5:
 1045 0410 6C6F6E67 		.ascii	"long unsigned int\000"
 1045      20756E73 
 1045      69676E65 
 1045      6420696E 
 1045      7400
 1046              	.LASF7:
 1047 0422 646F7562 		.ascii	"double\000"
 1047      6C6500
 1048              	.LASF24:
 1049 0429 52435F45 		.ascii	"RC_ERROR_CHECKSUM\000"
 1049      52524F52 
 1049      5F434845 
 1049      434B5355 
 1049      4D00
 1050              	.LASF47:
 1051 043b 45455F55 		.ascii	"EE_UREG\000"
 1051      52454700 
 1052              	.LASF69:
 1053 0443 42555454 		.ascii	"BUTTON_4_Read\000"
 1053      4F4E5F34 
 1053      5F526561 
 1053      6400
 1054              	.LASF67:
 1055 0451 42555454 		.ascii	"BUTTON_2_Read\000"
 1055      4F4E5F32 
 1055      5F526561 
 1055      6400
 1056              	.LASF39:
 1057 045f 5F5F696E 		.ascii	"__int32_t\000"
 1057      7433325F 
 1057      7400
 1058              	.LASF50:
 1059 0469 42555454 		.ascii	"BUTTON_1\000"
 1059      4F4E5F31 
 1059      00
 1060              	.LASF51:
 1061 0472 42555454 		.ascii	"BUTTON_2\000"
 1061      4F4E5F32 
 1061      00
 1062              	.LASF52:
 1063 047b 42555454 		.ascii	"BUTTON_3\000"
 1063      4F4E5F33 
 1063      00
 1064              	.LASF53:
 1065 0484 42555454 		.ascii	"BUTTON_4\000"
 1065      4F4E5F34 
ARM GAS  C:\Users\agraw\AppData\Local\Temp\cc8xNRzx.s 			page 25


 1065      00
 1066              	.LASF33:
 1067 048d 52435F45 		.ascii	"RC_ERROR_CANCELED\000"
 1067      52524F52 
 1067      5F43414E 
 1067      43454C45 
 1067      4400
 1068              	.LASF64:
 1069 049f 49544D5F 		.ascii	"ITM_RxBuffer\000"
 1069      52784275 
 1069      66666572 
 1069      00
 1070              	.LASF12:
 1071 04ac 52435F45 		.ascii	"RC_ERROR\000"
 1071      52524F52 
 1071      00
 1072              	.LASF15:
 1073 04b5 52435F45 		.ascii	"RC_ERROR_MEMORY\000"
 1073      52524F52 
 1073      5F4D454D 
 1073      4F525900 
 1074              	.LASF59:
 1075 04c5 45455F6F 		.ascii	"EE_oo_IRQ_disable_count\000"
 1075      6F5F4952 
 1075      515F6469 
 1075      7361626C 
 1075      655F636F 
 1076              	.LASF38:
 1077 04dd 52435F74 		.ascii	"RC_t\000"
 1077      00
 1078              	.LASF22:
 1079 04e2 52435F45 		.ascii	"RC_ERROR_TIME_OUT\000"
 1079      52524F52 
 1079      5F54494D 
 1079      455F4F55 
 1079      5400
 1080              		.ident	"GCC: (GNU Tools for ARM Embedded Processors) 5.4.1 20160609 (release) [ARM/embedded-5-bran
