ARM GAS  C:\Users\agraw\AppData\Local\Temp\ccYDhhym.s 			page 1


   1              		.syntax unified
   2              		.cpu cortex-m3
   3              		.fpu softvfp
   4              		.eabi_attribute 20, 1
   5              		.eabi_attribute 21, 1
   6              		.eabi_attribute 23, 3
   7              		.eabi_attribute 24, 1
   8              		.eabi_attribute 25, 1
   9              		.eabi_attribute 26, 1
  10              		.eabi_attribute 30, 1
  11              		.eabi_attribute 34, 1
  12              		.eabi_attribute 18, 4
  13              		.thumb
  14              		.syntax unified
  15              		.file	"ErikaOS_1_eecfg.c"
  16              		.text
  17              	.Ltext0:
  18              		.cfi_sections	.debug_frame
  19              		.global	EE_oo_autostart_task_data
  20              		.comm	EE_ApplicationMode,4,4
  21              		.global	EE_oo_action_ROM
  22              		.comm	EE_oo_counter_object_RAM,16,4
  23              		.global	EE_oo_counter_object_ROM
  24              		.global	EE_ALARM_ID
  25              		.global	EE_ALARM_NAME
  26              		.global	EE_alarm_ROM
  27              		.global	EE_counter_RAM
  28              		.global	EE_counter_ROM
  29              		.comm	EE_resource_oldceiling,4,4
  30              		.global	EE_resource_ceiling
  31              		.global	EE_resource_locked
  32              		.global	EE_resource_stack
  33              		.global	EE_th_resource_last
  34              		.global	EE_th_is_extended
  35              		.global	EE_th_waswaiting
  36              		.global	EE_th_event_waitmask
  37              		.global	EE_th_event_active
  38              		.global	EE_th_terminate_nextask
  39              		.global	EE_rq_free
  40              		.comm	EE_rq_pairs_tid,12,4
  41              		.global	EE_rq_pairs_next
  42              		.global	EE_rq_link
  43              		.global	EE_th_rnact_max
  44              		.global	EE_th_rnact
  45              		.global	EE_rq_bitmask
  46              		.global	EE_rq_queues_tail
  47              		.global	EE_rq_queues_head
  48              		.global	EE_sys_ceiling
  49              		.global	EE_stkfirst
  50              		.global	EE_th_next
  51              		.global	EE_th_status
  52              		.global	EE_th_dispatch_prio
  53              		.global	EE_EVENT_ID
  54              		.global	EE_EVENT_NAME
  55              		.global	EE_RESOURCE_ID
  56              		.global	EE_RESOURCE_NAME
  57              		.global	EE_TASK_NAME
ARM GAS  C:\Users\agraw\AppData\Local\Temp\ccYDhhym.s 			page 2


  58              		.global	EE_th_ready_prio
  59              		.global	EE_terminate_real_th_body
  60              		.comm	EE_terminate_data,12,4
  61              		.global	EE_hal_thread_body
  62              		.global	EE_cortex_mx_IRQ_tos
  63              		.global	EE_cortex_mx_active_tos
  64              		.global	EE_cortex_mx_system_tos
  65              		.global	EE_std_thread_tos
  66              		.comm	EE_cortex_mx_stack_9,512,4
  67              		.comm	EE_cortex_mx_stack_2,400,4
  68              		.section	.rodata
  69              		.align	2
  70              		.type	EE_oo_autostart_task_data, %object
  71              		.size	EE_oo_autostart_task_data, 8
  72              	EE_oo_autostart_task_data:
  73 0000 01000000 		.word	1
  74 0004 08000000 		.word	EE_oo_autostart_task_mode_OSDEFAULTAPPMODE
  75              		.type	EE_oo_autostart_task_mode_OSDEFAULTAPPMODE, %object
  76              		.size	EE_oo_autostart_task_mode_OSDEFAULTAPPMODE, 4
  77              	EE_oo_autostart_task_mode_OSDEFAULTAPPMODE:
  78 0008 00000000 		.space	4
  79              		.type	EE_oo_action_ROM, %object
  80              		.size	EE_oo_action_ROM, 20
  81              	EE_oo_action_ROM:
  82 000c 01       		.byte	1
  83 000d 000000   		.space	3
  84 0010 01000000 		.word	1
  85 0014 08000000 		.word	8
  86 0018 00000000 		.word	0
  87 001c FFFFFFFF 		.word	-1
  88              		.type	EE_oo_counter_object_ROM, %object
  89              		.size	EE_oo_counter_object_ROM, 12
  90              	EE_oo_counter_object_ROM:
  91 0020 00000000 		.space	12
  91      00000000 
  91      00000000 
  92              		.type	EE_ALARM_ID, %object
  93              		.size	EE_ALARM_ID, 4
  94              	EE_ALARM_ID:
  95 002c 00000000 		.space	4
  96              		.type	EE_alarm_ROM, %object
  97              		.size	EE_alarm_ROM, 4
  98              	EE_alarm_ROM:
  99 0030 00000000 		.space	4
 100              		.type	EE_counter_ROM, %object
 101              		.size	EE_counter_ROM, 12
 102              	EE_counter_ROM:
 103 0034 40420F00 		.word	1000000
 104 0038 00000000 		.word	0
 105 003c 01000000 		.word	1
 106              		.type	EE_resource_ceiling, %object
 107              		.size	EE_resource_ceiling, 4
 108              	EE_resource_ceiling:
 109 0040 10000000 		.word	16
 110              		.type	EE_th_is_extended, %object
 111              		.size	EE_th_is_extended, 12
 112              	EE_th_is_extended:
ARM GAS  C:\Users\agraw\AppData\Local\Temp\ccYDhhym.s 			page 3


 113 0044 00000000 		.word	0
 114 0048 01000000 		.word	1
 115 004c 00000000 		.word	0
 116              		.type	EE_th_rnact_max, %object
 117              		.size	EE_th_rnact_max, 12
 118              	EE_th_rnact_max:
 119 0050 01000000 		.word	1
 120 0054 01000000 		.word	1
 121 0058 01000000 		.word	1
 122              		.type	EE_th_dispatch_prio, %object
 123              		.size	EE_th_dispatch_prio, 12
 124              	EE_th_dispatch_prio:
 125 005c 80000000 		.word	128
 126 0060 10000000 		.word	16
 127 0064 01000000 		.word	1
 128              		.type	EE_EVENT_ID, %object
 129              		.size	EE_EVENT_ID, 28
 130              	EE_EVENT_ID:
 131 0068 01000000 		.word	1
 132 006c 02000000 		.word	2
 133 0070 04000000 		.word	4
 134 0074 08000000 		.word	8
 135 0078 10000000 		.word	16
 136 007c 20000000 		.word	32
 137 0080 40000000 		.word	64
 138              		.type	EE_RESOURCE_ID, %object
 139              		.size	EE_RESOURCE_ID, 4
 140              	EE_RESOURCE_ID:
 141 0084 00000000 		.space	4
 142              		.type	EE_th_ready_prio, %object
 143              		.size	EE_th_ready_prio, 12
 144              	EE_th_ready_prio:
 145 0088 01000000 		.word	1
 146 008c 10000000 		.word	16
 147 0090 01000000 		.word	1
 148              		.type	EE_terminate_real_th_body, %object
 149              		.size	EE_terminate_real_th_body, 12
 150              	EE_terminate_real_th_body:
 151 0094 00000000 		.word	FuncTask_Init
 152 0098 00000000 		.word	FuncTask_Event
 153 009c 00000000 		.word	FuncTask_Background
 154              		.type	EE_hal_thread_body, %object
 155              		.size	EE_hal_thread_body, 12
 156              	EE_hal_thread_body:
 157 00a0 00000000 		.word	EE_oo_thread_stub
 158 00a4 00000000 		.word	EE_oo_thread_stub
 159 00a8 00000000 		.word	EE_oo_thread_stub
 160              		.type	EE_std_thread_tos, %object
 161              		.size	EE_std_thread_tos, 16
 162              	EE_std_thread_tos:
 163 00ac 00000000 		.word	0
 164 00b0 00000000 		.word	0
 165 00b4 01000000 		.word	1
 166 00b8 00000000 		.word	0
 167              		.data
 168              		.align	2
 169              		.type	EE_ALARM_NAME, %object
ARM GAS  C:\Users\agraw\AppData\Local\Temp\ccYDhhym.s 			page 4


 170              		.size	EE_ALARM_NAME, 4
 171              	EE_ALARM_NAME:
 172 0000 00000000 		.word	.LC0
 173              		.type	EE_counter_RAM, %object
 174              		.size	EE_counter_RAM, 8
 175              	EE_counter_RAM:
 176 0004 00000000 		.word	0
 177 0008 FFFFFFFF 		.word	-1
 178              		.type	EE_resource_stack, %object
 179              		.size	EE_resource_stack, 4
 180              	EE_resource_stack:
 181 000c FFFFFFFF 		.word	-1
 182              		.type	EE_th_resource_last, %object
 183              		.size	EE_th_resource_last, 12
 184              	EE_th_resource_last:
 185 0010 FFFFFFFF 		.word	-1
 186 0014 FFFFFFFF 		.word	-1
 187 0018 FFFFFFFF 		.word	-1
 188              		.type	EE_th_terminate_nextask, %object
 189              		.size	EE_th_terminate_nextask, 12
 190              	EE_th_terminate_nextask:
 191 001c FFFFFFFF 		.word	-1
 192 0020 FFFFFFFF 		.word	-1
 193 0024 FFFFFFFF 		.word	-1
 194              		.type	EE_rq_pairs_next, %object
 195              		.size	EE_rq_pairs_next, 12
 196              	EE_rq_pairs_next:
 197 0028 01000000 		.word	1
 198 002c 02000000 		.word	2
 199 0030 FFFFFFFF 		.word	-1
 200              		.type	EE_rq_link, %object
 201              		.size	EE_rq_link, 12
 202              	EE_rq_link:
 203 0034 00000000 		.word	0
 204 0038 04000000 		.word	4
 205 003c 00000000 		.word	0
 206              		.type	EE_th_rnact, %object
 207              		.size	EE_th_rnact, 12
 208              	EE_th_rnact:
 209 0040 01000000 		.word	1
 210 0044 01000000 		.word	1
 211 0048 01000000 		.word	1
 212              		.type	EE_rq_queues_tail, %object
 213              		.size	EE_rq_queues_tail, 64
 214              	EE_rq_queues_tail:
 215 004c FFFFFFFF 		.word	-1
 216 0050 FFFFFFFF 		.word	-1
 217 0054 FFFFFFFF 		.word	-1
 218 0058 FFFFFFFF 		.word	-1
 219 005c FFFFFFFF 		.word	-1
 220 0060 FFFFFFFF 		.word	-1
 221 0064 FFFFFFFF 		.word	-1
 222 0068 FFFFFFFF 		.word	-1
 223 006c FFFFFFFF 		.word	-1
 224 0070 FFFFFFFF 		.word	-1
 225 0074 FFFFFFFF 		.word	-1
 226 0078 FFFFFFFF 		.word	-1
ARM GAS  C:\Users\agraw\AppData\Local\Temp\ccYDhhym.s 			page 5


 227 007c FFFFFFFF 		.word	-1
 228 0080 FFFFFFFF 		.word	-1
 229 0084 FFFFFFFF 		.word	-1
 230 0088 FFFFFFFF 		.word	-1
 231              		.type	EE_rq_queues_head, %object
 232              		.size	EE_rq_queues_head, 64
 233              	EE_rq_queues_head:
 234 008c FFFFFFFF 		.word	-1
 235 0090 FFFFFFFF 		.word	-1
 236 0094 FFFFFFFF 		.word	-1
 237 0098 FFFFFFFF 		.word	-1
 238 009c FFFFFFFF 		.word	-1
 239 00a0 FFFFFFFF 		.word	-1
 240 00a4 FFFFFFFF 		.word	-1
 241 00a8 FFFFFFFF 		.word	-1
 242 00ac FFFFFFFF 		.word	-1
 243 00b0 FFFFFFFF 		.word	-1
 244 00b4 FFFFFFFF 		.word	-1
 245 00b8 FFFFFFFF 		.word	-1
 246 00bc FFFFFFFF 		.word	-1
 247 00c0 FFFFFFFF 		.word	-1
 248 00c4 FFFFFFFF 		.word	-1
 249 00c8 FFFFFFFF 		.word	-1
 250              		.type	EE_stkfirst, %object
 251              		.size	EE_stkfirst, 4
 252              	EE_stkfirst:
 253 00cc FFFFFFFF 		.word	-1
 254              		.type	EE_th_next, %object
 255              		.size	EE_th_next, 12
 256              	EE_th_next:
 257 00d0 FFFFFFFF 		.word	-1
 258 00d4 FFFFFFFF 		.word	-1
 259 00d8 FFFFFFFF 		.word	-1
 260              		.type	EE_th_status, %object
 261              		.size	EE_th_status, 12
 262              	EE_th_status:
 263 00dc 03000000 		.word	3
 264 00e0 03000000 		.word	3
 265 00e4 03000000 		.word	3
 266              		.type	EE_EVENT_NAME, %object
 267              		.size	EE_EVENT_NAME, 28
 268              	EE_EVENT_NAME:
 269 00e8 0C000000 		.word	.LC1
 270 00ec 1C000000 		.word	.LC2
 271 00f0 2C000000 		.word	.LC3
 272 00f4 38000000 		.word	.LC4
 273 00f8 40000000 		.word	.LC5
 274 00fc 4C000000 		.word	.LC6
 275 0100 5C000000 		.word	.LC7
 276              		.type	EE_RESOURCE_NAME, %object
 277              		.size	EE_RESOURCE_NAME, 4
 278              	EE_RESOURCE_NAME:
 279 0104 68000000 		.word	.LC8
 280              		.type	EE_TASK_NAME, %object
 281              		.size	EE_TASK_NAME, 12
 282              	EE_TASK_NAME:
 283 0108 74000000 		.word	.LC9
ARM GAS  C:\Users\agraw\AppData\Local\Temp\ccYDhhym.s 			page 6


 284 010c 80000000 		.word	.LC10
 285 0110 8C000000 		.word	.LC11
 286              		.type	EE_cortex_mx_IRQ_tos, %object
 287              		.size	EE_cortex_mx_IRQ_tos, 4
 288              	EE_cortex_mx_IRQ_tos:
 289 0114 00020000 		.word	EE_cortex_mx_stack_9+512
 290              		.type	EE_cortex_mx_system_tos, %object
 291              		.size	EE_cortex_mx_system_tos, 8
 292              	EE_cortex_mx_system_tos:
 293 0118 00000000 		.word	0
 294 011c 68010000 		.word	EE_cortex_mx_stack_2+360
 295              		.section	.rodata.str1.4,"aMS",%progbits,1
 296              		.align	2
 297              	.LC0:
 298 0000 416C6172 		.ascii	"Alarm_Slow\000"
 298      6D5F536C 
 298      6F7700
 299 000b 00       		.space	1
 300              	.LC1:
 301 000c 65765F6C 		.ascii	"ev_leftButton\000"
 301      65667442 
 301      7574746F 
 301      6E00
 302 001a 0000     		.space	2
 303              	.LC2:
 304 001c 65765F72 		.ascii	"ev_rightButton\000"
 304      69676874 
 304      42757474 
 304      6F6E00
 305 002b 00       		.space	1
 306              	.LC3:
 307 002c 65765F72 		.ascii	"ev_reset\000"
 307      65736574 
 307      00
 308 0035 000000   		.space	3
 309              	.LC4:
 310 0038 65765F73 		.ascii	"ev_slow\000"
 310      6C6F7700 
 311              	.LC5:
 312 0040 65765F77 		.ascii	"ev_waitOver\000"
 312      6169744F 
 312      76657200 
 313              	.LC6:
 314 004c 65765F77 		.ascii	"ev_waitStart\000"
 314      61697453 
 314      74617274 
 314      00
 315 0059 000000   		.space	3
 316              	.LC7:
 317 005c 65765F73 		.ascii	"ev_score\000"
 317      636F7265 
 317      00
 318 0065 000000   		.space	3
 319              	.LC8:
 320 0068 7265735F 		.ascii	"res_printf\000"
 320      7072696E 
 320      746600
ARM GAS  C:\Users\agraw\AppData\Local\Temp\ccYDhhym.s 			page 7


 321 0073 00       		.space	1
 322              	.LC9:
 323 0074 5461736B 		.ascii	"Task_Init\000"
 323      5F496E69 
 323      7400
 324 007e 0000     		.space	2
 325              	.LC10:
 326 0080 5461736B 		.ascii	"Task_Event\000"
 326      5F457665 
 326      6E7400
 327 008b 00       		.space	1
 328              	.LC11:
 329 008c 5461736B 		.ascii	"Task_Background\000"
 329      5F426163 
 329      6B67726F 
 329      756E6400 
 330              		.bss
 331              		.align	2
 332              		.type	EE_resource_locked, %object
 333              		.size	EE_resource_locked, 4
 334              	EE_resource_locked:
 335 0000 00000000 		.space	4
 336              		.type	EE_th_waswaiting, %object
 337              		.size	EE_th_waswaiting, 12
 338              	EE_th_waswaiting:
 339 0004 00000000 		.space	12
 339      00000000 
 339      00000000 
 340              		.type	EE_th_event_waitmask, %object
 341              		.size	EE_th_event_waitmask, 12
 342              	EE_th_event_waitmask:
 343 0010 00000000 		.space	12
 343      00000000 
 343      00000000 
 344              		.type	EE_th_event_active, %object
 345              		.size	EE_th_event_active, 12
 346              	EE_th_event_active:
 347 001c 00000000 		.space	12
 347      00000000 
 347      00000000 
 348              		.type	EE_rq_free, %object
 349              		.size	EE_rq_free, 4
 350              	EE_rq_free:
 351 0028 00000000 		.space	4
 352              		.type	EE_rq_bitmask, %object
 353              		.size	EE_rq_bitmask, 2
 354              	EE_rq_bitmask:
 355 002c 0000     		.space	2
 356 002e 0000     		.space	2
 357              		.type	EE_sys_ceiling, %object
 358              		.size	EE_sys_ceiling, 4
 359              	EE_sys_ceiling:
 360 0030 00000000 		.space	4
 361              		.type	EE_cortex_mx_active_tos, %object
 362              		.size	EE_cortex_mx_active_tos, 4
 363              	EE_cortex_mx_active_tos:
 364 0034 00000000 		.space	4
ARM GAS  C:\Users\agraw\AppData\Local\Temp\ccYDhhym.s 			page 8


 365              		.text
 366              	.Letext0:
 367              		.file 1 "Generated_Source\\PSoC5\\ErikaOS_1_common_ee_types.inc"
 368              		.file 2 "Generated_Source\\PSoC5\\ErikaOS_1_cortex_mx_ee_cpu.inc"
 369              		.file 3 "Generated_Source\\PSoC5\\ErikaOS_1_ee_oo_common.inc"
 370              		.file 4 "Generated_Source\\PSoC5\\ErikaOS_1_common_ee_hal_structs.inc"
 371              		.file 5 "Generated_Source\\PSoC5\\ErikaOS_1_eecfg.c"
 372              		.file 6 "Generated_Source\\PSoC5\\ErikaOS_1_ee_oo_intfunc.inc"
 373              		.file 7 "Generated_Source\\PSoC5\\ErikaOS_1_cortex_mx_ee_context.inc"
 374              		.file 8 "Generated_Source\\PSoC5\\ErikaOS_1_common_ee_primitives.inc"
 375              		.section	.debug_info,"",%progbits
 376              	.Ldebug_info0:
 377 0000 6A090000 		.4byte	0x96a
 378 0004 0400     		.2byte	0x4
 379 0006 00000000 		.4byte	.Ldebug_abbrev0
 380 000a 04       		.byte	0x4
 381 000b 01       		.uleb128 0x1
 382 000c 7A050000 		.4byte	.LASF119
 383 0010 0C       		.byte	0xc
 384 0011 B0070000 		.4byte	.LASF120
 385 0015 EA010000 		.4byte	.LASF121
 386 0019 00000000 		.4byte	.Ldebug_line0
 387 001d 02       		.uleb128 0x2
 388 001e 01       		.byte	0x1
 389 001f 06       		.byte	0x6
 390 0020 43010000 		.4byte	.LASF0
 391 0024 02       		.uleb128 0x2
 392 0025 01       		.byte	0x1
 393 0026 08       		.byte	0x8
 394 0027 D8040000 		.4byte	.LASF1
 395 002b 02       		.uleb128 0x2
 396 002c 02       		.byte	0x2
 397 002d 05       		.byte	0x5
 398 002e 1D050000 		.4byte	.LASF2
 399 0032 02       		.uleb128 0x2
 400 0033 02       		.byte	0x2
 401 0034 07       		.byte	0x7
 402 0035 FE020000 		.4byte	.LASF3
 403 0039 02       		.uleb128 0x2
 404 003a 04       		.byte	0x4
 405 003b 05       		.byte	0x5
 406 003c E1010000 		.4byte	.LASF4
 407 0040 02       		.uleb128 0x2
 408 0041 04       		.byte	0x4
 409 0042 07       		.byte	0x7
 410 0043 BC020000 		.4byte	.LASF5
 411 0047 02       		.uleb128 0x2
 412 0048 08       		.byte	0x8
 413 0049 05       		.byte	0x5
 414 004a 35010000 		.4byte	.LASF6
 415 004e 02       		.uleb128 0x2
 416 004f 08       		.byte	0x8
 417 0050 07       		.byte	0x7
 418 0051 92000000 		.4byte	.LASF7
 419 0055 03       		.uleb128 0x3
 420 0056 04       		.byte	0x4
 421 0057 05       		.byte	0x5
ARM GAS  C:\Users\agraw\AppData\Local\Temp\ccYDhhym.s 			page 9


 422 0058 696E7400 		.ascii	"int\000"
 423 005c 02       		.uleb128 0x2
 424 005d 04       		.byte	0x4
 425 005e 07       		.byte	0x7
 426 005f 84020000 		.4byte	.LASF8
 427 0063 02       		.uleb128 0x2
 428 0064 08       		.byte	0x8
 429 0065 04       		.byte	0x4
 430 0066 26040000 		.4byte	.LASF9
 431 006a 04       		.uleb128 0x4
 432 006b A5040000 		.4byte	.LASF10
 433 006f 01       		.byte	0x1
 434 0070 52       		.byte	0x52
 435 0071 32000000 		.4byte	0x32
 436 0075 04       		.uleb128 0x4
 437 0076 95070000 		.4byte	.LASF11
 438 007a 01       		.byte	0x1
 439 007b 53       		.byte	0x53
 440 007c 55000000 		.4byte	0x55
 441 0080 04       		.uleb128 0x4
 442 0081 8B070000 		.4byte	.LASF12
 443 0085 01       		.byte	0x1
 444 0086 54       		.byte	0x54
 445 0087 5C000000 		.4byte	0x5c
 446 008b 04       		.uleb128 0x4
 447 008c 1C080000 		.4byte	.LASF13
 448 0090 01       		.byte	0x1
 449 0091 64       		.byte	0x64
 450 0092 96000000 		.4byte	0x96
 451 0096 05       		.uleb128 0x5
 452 0097 04       		.byte	0x4
 453 0098 06       		.uleb128 0x6
 454 0099 04       		.byte	0x4
 455 009a 9E000000 		.4byte	0x9e
 456 009e 07       		.uleb128 0x7
 457 009f 04       		.uleb128 0x4
 458 00a0 A9030000 		.4byte	.LASF14
 459 00a4 01       		.byte	0x1
 460 00a5 70       		.byte	0x70
 461 00a6 98000000 		.4byte	0x98
 462 00aa 04       		.uleb128 0x4
 463 00ab 14060000 		.4byte	.LASF15
 464 00af 01       		.byte	0x1
 465 00b0 73       		.byte	0x73
 466 00b1 98000000 		.4byte	0x98
 467 00b5 04       		.uleb128 0x4
 468 00b6 91020000 		.4byte	.LASF16
 469 00ba 02       		.byte	0x2
 470 00bb 4D       		.byte	0x4d
 471 00bc 80000000 		.4byte	0x80
 472 00c0 04       		.uleb128 0x4
 473 00c1 48040000 		.4byte	.LASF17
 474 00c5 02       		.byte	0x2
 475 00c6 4E       		.byte	0x4e
 476 00c7 75000000 		.4byte	0x75
 477 00cb 04       		.uleb128 0x4
 478 00cc 36080000 		.4byte	.LASF18
ARM GAS  C:\Users\agraw\AppData\Local\Temp\ccYDhhym.s 			page 10


 479 00d0 02       		.byte	0x2
 480 00d1 4F       		.byte	0x4f
 481 00d2 80000000 		.4byte	0x80
 482 00d6 04       		.uleb128 0x4
 483 00d7 71000000 		.4byte	.LASF19
 484 00db 02       		.byte	0x2
 485 00dc 54       		.byte	0x54
 486 00dd B5000000 		.4byte	0xb5
 487 00e1 04       		.uleb128 0x4
 488 00e2 77020000 		.4byte	.LASF20
 489 00e6 02       		.byte	0x2
 490 00e7 78       		.byte	0x78
 491 00e8 75000000 		.4byte	0x75
 492 00ec 08       		.uleb128 0x8
 493 00ed E7000000 		.4byte	.LASF61
 494 00f1 04       		.byte	0x4
 495 00f2 04       		.byte	0x4
 496 00f3 4D       		.byte	0x4d
 497 00f4 05010000 		.4byte	0x105
 498 00f8 09       		.uleb128 0x9
 499 00f9 F5070000 		.4byte	.LASF28
 500 00fd 04       		.byte	0x4
 501 00fe 4E       		.byte	0x4e
 502 00ff 8B000000 		.4byte	0x8b
 503 0103 00       		.byte	0
 504 0104 00       		.byte	0
 505 0105 0A       		.uleb128 0xa
 506 0106 0D040000 		.4byte	.LASF21
 507 010a 03       		.byte	0x3
 508 010b 1101     		.2byte	0x111
 509 010d 6A000000 		.4byte	0x6a
 510 0111 0A       		.uleb128 0xa
 511 0112 DE000000 		.4byte	.LASF22
 512 0116 03       		.byte	0x3
 513 0117 F701     		.2byte	0x1f7
 514 0119 E1000000 		.4byte	0xe1
 515 011d 0A       		.uleb128 0xa
 516 011e 66010000 		.4byte	.LASF23
 517 0122 03       		.byte	0x3
 518 0123 2C02     		.2byte	0x22c
 519 0125 B5000000 		.4byte	0xb5
 520 0129 0A       		.uleb128 0xa
 521 012a 42000000 		.4byte	.LASF24
 522 012e 03       		.byte	0x3
 523 012f 3502     		.2byte	0x235
 524 0131 B5000000 		.4byte	0xb5
 525 0135 0A       		.uleb128 0xa
 526 0136 7F060000 		.4byte	.LASF25
 527 013a 03       		.byte	0x3
 528 013b 5D02     		.2byte	0x25d
 529 013d B5000000 		.4byte	0xb5
 530 0141 0A       		.uleb128 0xa
 531 0142 66000000 		.4byte	.LASF26
 532 0146 03       		.byte	0x3
 533 0147 6302     		.2byte	0x263
 534 0149 B5000000 		.4byte	0xb5
 535 014d 0A       		.uleb128 0xa
ARM GAS  C:\Users\agraw\AppData\Local\Temp\ccYDhhym.s 			page 11


 536 014e BA030000 		.4byte	.LASF27
 537 0152 03       		.byte	0x3
 538 0153 6C02     		.2byte	0x26c
 539 0155 B5000000 		.4byte	0xb5
 540 0159 0B       		.uleb128 0xb
 541 015a 0C       		.byte	0xc
 542 015b 03       		.byte	0x3
 543 015c 7202     		.2byte	0x272
 544 015e 8A010000 		.4byte	0x18a
 545 0162 0C       		.uleb128 0xc
 546 0163 EE000000 		.4byte	.LASF29
 547 0167 03       		.byte	0x3
 548 0168 7302     		.2byte	0x273
 549 016a 29010000 		.4byte	0x129
 550 016e 00       		.byte	0
 551 016f 0C       		.uleb128 0xc
 552 0170 50040000 		.4byte	.LASF30
 553 0174 03       		.byte	0x3
 554 0175 7402     		.2byte	0x274
 555 0177 29010000 		.4byte	0x129
 556 017b 04       		.byte	0x4
 557 017c 0C       		.uleb128 0xc
 558 017d 6E020000 		.4byte	.LASF31
 559 0181 03       		.byte	0x3
 560 0182 7502     		.2byte	0x275
 561 0184 29010000 		.4byte	0x129
 562 0188 08       		.byte	0x8
 563 0189 00       		.byte	0
 564 018a 0A       		.uleb128 0xa
 565 018b 63050000 		.4byte	.LASF32
 566 018f 03       		.byte	0x3
 567 0190 7A02     		.2byte	0x27a
 568 0192 59010000 		.4byte	0x159
 569 0196 0B       		.uleb128 0xb
 570 0197 08       		.byte	0x8
 571 0198 03       		.byte	0x3
 572 0199 7D02     		.2byte	0x27d
 573 019b BA010000 		.4byte	0x1ba
 574 019f 0C       		.uleb128 0xc
 575 01a0 7E020000 		.4byte	.LASF33
 576 01a4 03       		.byte	0x3
 577 01a5 7E02     		.2byte	0x27e
 578 01a7 29010000 		.4byte	0x129
 579 01ab 00       		.byte	0
 580 01ac 0C       		.uleb128 0xc
 581 01ad 79060000 		.4byte	.LASF34
 582 01b1 03       		.byte	0x3
 583 01b2 7F02     		.2byte	0x27f
 584 01b4 35010000 		.4byte	0x135
 585 01b8 04       		.byte	0x4
 586 01b9 00       		.byte	0
 587 01ba 0A       		.uleb128 0xa
 588 01bb A7010000 		.4byte	.LASF35
 589 01bf 03       		.byte	0x3
 590 01c0 8002     		.2byte	0x280
 591 01c2 96010000 		.4byte	0x196
 592 01c6 0D       		.uleb128 0xd
ARM GAS  C:\Users\agraw\AppData\Local\Temp\ccYDhhym.s 			page 12


 593 01c7 01       		.byte	0x1
 594 01c8 24000000 		.4byte	0x24
 595 01cc 03       		.byte	0x3
 596 01cd 8A02     		.2byte	0x28a
 597 01cf E0010000 		.4byte	0x1e0
 598 01d3 0E       		.uleb128 0xe
 599 01d4 E6040000 		.4byte	.LASF36
 600 01d8 00       		.byte	0
 601 01d9 0E       		.uleb128 0xe
 602 01da AF040000 		.4byte	.LASF37
 603 01de 01       		.byte	0x1
 604 01df 00       		.byte	0
 605 01e0 0A       		.uleb128 0xa
 606 01e1 29030000 		.4byte	.LASF38
 607 01e5 03       		.byte	0x3
 608 01e6 8D02     		.2byte	0x28d
 609 01e8 C6010000 		.4byte	0x1c6
 610 01ec 0A       		.uleb128 0xa
 611 01ed 55030000 		.4byte	.LASF39
 612 01f1 03       		.byte	0x3
 613 01f2 9002     		.2byte	0x290
 614 01f4 E0010000 		.4byte	0x1e0
 615 01f8 0B       		.uleb128 0xb
 616 01f9 0C       		.byte	0xc
 617 01fa 03       		.byte	0x3
 618 01fb 9402     		.2byte	0x294
 619 01fd 27020000 		.4byte	0x227
 620 0201 0F       		.uleb128 0xf
 621 0202 6300     		.ascii	"c\000"
 622 0204 03       		.byte	0x3
 623 0205 9602     		.2byte	0x296
 624 0207 4D010000 		.4byte	0x14d
 625 020b 00       		.byte	0
 626 020c 0C       		.uleb128 0xc
 627 020d D6060000 		.4byte	.LASF40
 628 0211 03       		.byte	0x3
 629 0212 9802     		.2byte	0x298
 630 0214 35010000 		.4byte	0x135
 631 0218 04       		.byte	0x4
 632 0219 0C       		.uleb128 0xc
 633 021a F9020000 		.4byte	.LASF41
 634 021e 03       		.byte	0x3
 635 021f 9A02     		.2byte	0x29a
 636 0221 EC010000 		.4byte	0x1ec
 637 0225 08       		.byte	0x8
 638 0226 00       		.byte	0
 639 0227 0A       		.uleb128 0xa
 640 0228 AF000000 		.4byte	.LASF42
 641 022c 03       		.byte	0x3
 642 022d 9B02     		.2byte	0x29b
 643 022f F8010000 		.4byte	0x1f8
 644 0233 0B       		.uleb128 0xb
 645 0234 10       		.byte	0x10
 646 0235 03       		.byte	0x3
 647 0236 9F02     		.2byte	0x29f
 648 0238 71020000 		.4byte	0x271
 649 023c 0C       		.uleb128 0xc
ARM GAS  C:\Users\agraw\AppData\Local\Temp\ccYDhhym.s 			page 13


 650 023d 5D040000 		.4byte	.LASF43
 651 0241 03       		.byte	0x3
 652 0242 A002     		.2byte	0x2a0
 653 0244 D6000000 		.4byte	0xd6
 654 0248 00       		.byte	0
 655 0249 0C       		.uleb128 0xc
 656 024a EC070000 		.4byte	.LASF44
 657 024e 03       		.byte	0x3
 658 024f A102     		.2byte	0x2a1
 659 0251 29010000 		.4byte	0x129
 660 0255 04       		.byte	0x4
 661 0256 0C       		.uleb128 0xc
 662 0257 A9000000 		.4byte	.LASF45
 663 025b 03       		.byte	0x3
 664 025c A202     		.2byte	0x2a2
 665 025e 29010000 		.4byte	0x129
 666 0262 08       		.byte	0x8
 667 0263 0C       		.uleb128 0xc
 668 0264 25000000 		.4byte	.LASF46
 669 0268 03       		.byte	0x3
 670 0269 A302     		.2byte	0x2a3
 671 026b 35010000 		.4byte	0x135
 672 026f 0C       		.byte	0xc
 673 0270 00       		.byte	0
 674 0271 0A       		.uleb128 0xa
 675 0272 62040000 		.4byte	.LASF47
 676 0276 03       		.byte	0x3
 677 0277 A402     		.2byte	0x2a4
 678 0279 33020000 		.4byte	0x233
 679 027d 0D       		.uleb128 0xd
 680 027e 01       		.byte	0x1
 681 027f 24000000 		.4byte	0x24
 682 0283 03       		.byte	0x3
 683 0284 A702     		.2byte	0x2a7
 684 0286 A3020000 		.4byte	0x2a3
 685 028a 0E       		.uleb128 0xe
 686 028b 96060000 		.4byte	.LASF48
 687 028f 00       		.byte	0
 688 0290 0E       		.uleb128 0xe
 689 0291 DE060000 		.4byte	.LASF49
 690 0295 01       		.byte	0x1
 691 0296 0E       		.uleb128 0xe
 692 0297 B5060000 		.4byte	.LASF50
 693 029b 02       		.byte	0x2
 694 029c 0E       		.uleb128 0xe
 695 029d 46060000 		.4byte	.LASF51
 696 02a1 03       		.byte	0x3
 697 02a2 00       		.byte	0
 698 02a3 0A       		.uleb128 0xa
 699 02a4 4F010000 		.4byte	.LASF52
 700 02a8 03       		.byte	0x3
 701 02a9 AC02     		.2byte	0x2ac
 702 02ab 7D020000 		.4byte	0x27d
 703 02af 0A       		.uleb128 0xa
 704 02b0 3A070000 		.4byte	.LASF53
 705 02b4 03       		.byte	0x3
 706 02b5 AF02     		.2byte	0x2af
ARM GAS  C:\Users\agraw\AppData\Local\Temp\ccYDhhym.s 			page 14


 707 02b7 A3020000 		.4byte	0x2a3
 708 02bb 0B       		.uleb128 0xb
 709 02bc 14       		.byte	0x14
 710 02bd 03       		.byte	0x3
 711 02be B202     		.2byte	0x2b2
 712 02c0 04030000 		.4byte	0x304
 713 02c4 0C       		.uleb128 0xc
 714 02c5 10070000 		.4byte	.LASF54
 715 02c9 03       		.byte	0x3
 716 02ca B302     		.2byte	0x2b3
 717 02cc AF020000 		.4byte	0x2af
 718 02d0 00       		.byte	0
 719 02d1 0C       		.uleb128 0xc
 720 02d2 FD070000 		.4byte	.LASF55
 721 02d6 03       		.byte	0x3
 722 02d7 B402     		.2byte	0x2b4
 723 02d9 11010000 		.4byte	0x111
 724 02dd 04       		.byte	0x4
 725 02de 0C       		.uleb128 0xc
 726 02df 08060000 		.4byte	.LASF56
 727 02e3 03       		.byte	0x3
 728 02e4 B602     		.2byte	0x2b6
 729 02e6 1D010000 		.4byte	0x11d
 730 02ea 08       		.byte	0x8
 731 02eb 0F       		.uleb128 0xf
 732 02ec 6600     		.ascii	"f\000"
 733 02ee 03       		.byte	0x3
 734 02ef B802     		.2byte	0x2b8
 735 02f1 9F000000 		.4byte	0x9f
 736 02f5 0C       		.byte	0xc
 737 02f6 0C       		.uleb128 0xc
 738 02f7 14050000 		.4byte	.LASF57
 739 02fb 03       		.byte	0x3
 740 02fc BA02     		.2byte	0x2ba
 741 02fe 4D010000 		.4byte	0x14d
 742 0302 10       		.byte	0x10
 743 0303 00       		.byte	0
 744 0304 0A       		.uleb128 0xa
 745 0305 8F040000 		.4byte	.LASF58
 746 0309 03       		.byte	0x3
 747 030a BB02     		.2byte	0x2bb
 748 030c BB020000 		.4byte	0x2bb
 749 0310 0B       		.uleb128 0xb
 750 0311 04       		.byte	0x4
 751 0312 03       		.byte	0x3
 752 0313 BD02     		.2byte	0x2bd
 753 0315 27030000 		.4byte	0x327
 754 0319 0C       		.uleb128 0xc
 755 031a DF030000 		.4byte	.LASF59
 756 031e 03       		.byte	0x3
 757 031f BF02     		.2byte	0x2bf
 758 0321 41010000 		.4byte	0x141
 759 0325 00       		.byte	0
 760 0326 00       		.byte	0
 761 0327 0A       		.uleb128 0xa
 762 0328 99020000 		.4byte	.LASF60
 763 032c 03       		.byte	0x3
ARM GAS  C:\Users\agraw\AppData\Local\Temp\ccYDhhym.s 			page 15


 764 032d C402     		.2byte	0x2c4
 765 032f 10030000 		.4byte	0x310
 766 0333 10       		.uleb128 0x10
 767 0334 DF020000 		.4byte	.LASF62
 768 0338 08       		.byte	0x8
 769 0339 03       		.byte	0x3
 770 033a 0E04     		.2byte	0x40e
 771 033c 5A030000 		.4byte	0x35a
 772 0340 0F       		.uleb128 0xf
 773 0341 6E7400   		.ascii	"nt\000"
 774 0344 03       		.byte	0x3
 775 0345 0F04     		.2byte	0x40f
 776 0347 B5000000 		.4byte	0xb5
 777 034b 00       		.byte	0
 778 034c 0C       		.uleb128 0xc
 779 034d 1C070000 		.4byte	.LASF63
 780 0351 03       		.byte	0x3
 781 0352 1004     		.2byte	0x410
 782 0354 6A030000 		.4byte	0x36a
 783 0358 04       		.byte	0x4
 784 0359 00       		.byte	0
 785 035a 11       		.uleb128 0x11
 786 035b 65030000 		.4byte	0x365
 787 035f 65030000 		.4byte	0x365
 788 0363 12       		.uleb128 0x12
 789 0364 00       		.byte	0
 790 0365 13       		.uleb128 0x13
 791 0366 E1000000 		.4byte	0xe1
 792 036a 06       		.uleb128 0x6
 793 036b 04       		.byte	0x4
 794 036c 5A030000 		.4byte	0x35a
 795 0370 11       		.uleb128 0x11
 796 0371 65030000 		.4byte	0x365
 797 0375 80030000 		.4byte	0x380
 798 0379 14       		.uleb128 0x14
 799 037a 80030000 		.4byte	0x380
 800 037e 00       		.byte	0
 801 037f 00       		.byte	0
 802 0380 02       		.uleb128 0x2
 803 0381 04       		.byte	0x4
 804 0382 07       		.byte	0x7
 805 0383 1D040000 		.4byte	.LASF64
 806 0387 15       		.uleb128 0x15
 807 0388 FE000000 		.4byte	.LASF122
 808 038c 05       		.byte	0x5
 809 038d 6507     		.2byte	0x765
 810 038f 99030000 		.4byte	0x399
 811 0393 05       		.uleb128 0x5
 812 0394 03       		.byte	0x3
 813 0395 08000000 		.4byte	EE_oo_autostart_task_mode_OSDEFAULTAPPMODE
 814 0399 13       		.uleb128 0x13
 815 039a 70030000 		.4byte	0x370
 816 039e 11       		.uleb128 0x11
 817 039f AE030000 		.4byte	0x3ae
 818 03a3 AE030000 		.4byte	0x3ae
 819 03a7 14       		.uleb128 0x14
 820 03a8 80030000 		.4byte	0x380
ARM GAS  C:\Users\agraw\AppData\Local\Temp\ccYDhhym.s 			page 16


 821 03ac 02       		.byte	0x2
 822 03ad 00       		.byte	0
 823 03ae 13       		.uleb128 0x13
 824 03af AA000000 		.4byte	0xaa
 825 03b3 16       		.uleb128 0x16
 826 03b4 EE060000 		.4byte	.LASF65
 827 03b8 05       		.byte	0x5
 828 03b9 D2       		.byte	0xd2
 829 03ba C4030000 		.4byte	0x3c4
 830 03be 05       		.uleb128 0x5
 831 03bf 03       		.byte	0x3
 832 03c0 00000000 		.4byte	EE_hal_thread_body
 833 03c4 13       		.uleb128 0x13
 834 03c5 9E030000 		.4byte	0x39e
 835 03c9 11       		.uleb128 0x11
 836 03ca D9030000 		.4byte	0x3d9
 837 03ce D9030000 		.4byte	0x3d9
 838 03d2 14       		.uleb128 0x14
 839 03d3 80030000 		.4byte	0x380
 840 03d7 03       		.byte	0x3
 841 03d8 00       		.byte	0
 842 03d9 13       		.uleb128 0x13
 843 03da B5000000 		.4byte	0xb5
 844 03de 16       		.uleb128 0x16
 845 03df 34060000 		.4byte	.LASF66
 846 03e3 05       		.byte	0x5
 847 03e4 71       		.byte	0x71
 848 03e5 EF030000 		.4byte	0x3ef
 849 03e9 05       		.uleb128 0x5
 850 03ea 03       		.byte	0x3
 851 03eb 00000000 		.4byte	EE_std_thread_tos
 852 03ef 13       		.uleb128 0x13
 853 03f0 C9030000 		.4byte	0x3c9
 854 03f4 11       		.uleb128 0x11
 855 03f5 80000000 		.4byte	0x80
 856 03f9 04040000 		.4byte	0x404
 857 03fd 14       		.uleb128 0x14
 858 03fe 80030000 		.4byte	0x380
 859 0402 02       		.byte	0x2
 860 0403 00       		.byte	0
 861 0404 16       		.uleb128 0x16
 862 0405 9E070000 		.4byte	.LASF67
 863 0409 05       		.byte	0x5
 864 040a ED       		.byte	0xed
 865 040b F4030000 		.4byte	0x3f4
 866 040f 05       		.uleb128 0x5
 867 0410 03       		.byte	0x3
 868 0411 00000000 		.4byte	EE_terminate_data
 869 0415 16       		.uleb128 0x16
 870 0416 FA040000 		.4byte	.LASF68
 871 041a 05       		.byte	0x5
 872 041b F0       		.byte	0xf0
 873 041c 26040000 		.4byte	0x426
 874 0420 05       		.uleb128 0x5
 875 0421 03       		.byte	0x3
 876 0422 00000000 		.4byte	EE_terminate_real_th_body
 877 0426 13       		.uleb128 0x13
ARM GAS  C:\Users\agraw\AppData\Local\Temp\ccYDhhym.s 			page 17


 878 0427 9E030000 		.4byte	0x39e
 879 042b 11       		.uleb128 0x11
 880 042c EC000000 		.4byte	0xec
 881 0430 3B040000 		.4byte	0x43b
 882 0434 14       		.uleb128 0x14
 883 0435 80030000 		.4byte	0x380
 884 0439 01       		.byte	0x1
 885 043a 00       		.byte	0
 886 043b 16       		.uleb128 0x16
 887 043c C0040000 		.4byte	.LASF69
 888 0440 05       		.byte	0x5
 889 0441 8D       		.byte	0x8d
 890 0442 2B040000 		.4byte	0x42b
 891 0446 05       		.uleb128 0x5
 892 0447 03       		.byte	0x3
 893 0448 00000000 		.4byte	EE_cortex_mx_system_tos
 894 044c 16       		.uleb128 0x16
 895 044d 8F010000 		.4byte	.LASF70
 896 0451 05       		.byte	0x5
 897 0452 A9       		.byte	0xa9
 898 0453 B5000000 		.4byte	0xb5
 899 0457 05       		.uleb128 0x5
 900 0458 03       		.byte	0x3
 901 0459 00000000 		.4byte	EE_cortex_mx_active_tos
 902 045d 11       		.uleb128 0x11
 903 045e D9030000 		.4byte	0x3d9
 904 0462 6D040000 		.4byte	0x46d
 905 0466 14       		.uleb128 0x14
 906 0467 80030000 		.4byte	0x380
 907 046b 02       		.byte	0x2
 908 046c 00       		.byte	0
 909 046d 17       		.uleb128 0x17
 910 046e A5060000 		.4byte	.LASF71
 911 0472 05       		.byte	0x5
 912 0473 E202     		.2byte	0x2e2
 913 0475 7F040000 		.4byte	0x47f
 914 0479 05       		.uleb128 0x5
 915 047a 03       		.byte	0x3
 916 047b 00000000 		.4byte	EE_th_rnact_max
 917 047f 13       		.uleb128 0x13
 918 0480 5D040000 		.4byte	0x45d
 919 0484 17       		.uleb128 0x17
 920 0485 49070000 		.4byte	.LASF72
 921 0489 05       		.byte	0x5
 922 048a 0C01     		.2byte	0x10c
 923 048c 96040000 		.4byte	0x496
 924 0490 05       		.uleb128 0x5
 925 0491 03       		.byte	0x3
 926 0492 00000000 		.4byte	EE_th_ready_prio
 927 0496 13       		.uleb128 0x13
 928 0497 5D040000 		.4byte	0x45d
 929 049b 17       		.uleb128 0x17
 930 049c 80030000 		.4byte	.LASF73
 931 04a0 05       		.byte	0x5
 932 04a1 4502     		.2byte	0x245
 933 04a3 AD040000 		.4byte	0x4ad
 934 04a7 05       		.uleb128 0x5
ARM GAS  C:\Users\agraw\AppData\Local\Temp\ccYDhhym.s 			page 18


 935 04a8 03       		.byte	0x3
 936 04a9 00000000 		.4byte	EE_th_dispatch_prio
 937 04ad 13       		.uleb128 0x13
 938 04ae 5D040000 		.4byte	0x45d
 939 04b2 11       		.uleb128 0x11
 940 04b3 C2040000 		.4byte	0x4c2
 941 04b7 C2040000 		.4byte	0x4c2
 942 04bb 14       		.uleb128 0x14
 943 04bc 80030000 		.4byte	0x380
 944 04c0 02       		.byte	0x2
 945 04c1 00       		.byte	0
 946 04c2 06       		.uleb128 0x6
 947 04c3 04       		.byte	0x4
 948 04c4 CF040000 		.4byte	0x4cf
 949 04c8 02       		.uleb128 0x2
 950 04c9 01       		.byte	0x1
 951 04ca 08       		.byte	0x8
 952 04cb 91060000 		.4byte	.LASF74
 953 04cf 13       		.uleb128 0x13
 954 04d0 C8040000 		.4byte	0x4c8
 955 04d4 17       		.uleb128 0x17
 956 04d5 56050000 		.4byte	.LASF75
 957 04d9 05       		.byte	0x5
 958 04da 2801     		.2byte	0x128
 959 04dc B2040000 		.4byte	0x4b2
 960 04e0 05       		.uleb128 0x5
 961 04e1 03       		.byte	0x3
 962 04e2 00000000 		.4byte	EE_TASK_NAME
 963 04e6 11       		.uleb128 0x11
 964 04e7 C2040000 		.4byte	0x4c2
 965 04eb F6040000 		.4byte	0x4f6
 966 04ef 14       		.uleb128 0x14
 967 04f0 80030000 		.4byte	0x380
 968 04f4 06       		.byte	0x6
 969 04f5 00       		.byte	0
 970 04f6 17       		.uleb128 0x17
 971 04f7 74010000 		.4byte	.LASF76
 972 04fb 05       		.byte	0x5
 973 04fc 8101     		.2byte	0x181
 974 04fe E6040000 		.4byte	0x4e6
 975 0502 05       		.uleb128 0x5
 976 0503 03       		.byte	0x3
 977 0504 00000000 		.4byte	EE_EVENT_NAME
 978 0508 11       		.uleb128 0x11
 979 0509 C2040000 		.4byte	0x4c2
 980 050d 18050000 		.4byte	0x518
 981 0511 14       		.uleb128 0x14
 982 0512 80030000 		.4byte	0x380
 983 0516 00       		.byte	0
 984 0517 00       		.byte	0
 985 0518 17       		.uleb128 0x17
 986 0519 AE020000 		.4byte	.LASF77
 987 051d 05       		.byte	0x5
 988 051e 3D06     		.2byte	0x63d
 989 0520 08050000 		.4byte	0x508
 990 0524 05       		.uleb128 0x5
 991 0525 03       		.byte	0x3
ARM GAS  C:\Users\agraw\AppData\Local\Temp\ccYDhhym.s 			page 19


 992 0526 00000000 		.4byte	EE_ALARM_NAME
 993 052a 17       		.uleb128 0x17
 994 052b 00000000 		.4byte	.LASF78
 995 052f 05       		.byte	0x5
 996 0530 4601     		.2byte	0x146
 997 0532 08050000 		.4byte	0x508
 998 0536 05       		.uleb128 0x5
 999 0537 03       		.byte	0x3
 1000 0538 00000000 		.4byte	EE_RESOURCE_NAME
 1001 053c 11       		.uleb128 0x11
 1002 053d 4C050000 		.4byte	0x54c
 1003 0541 4C050000 		.4byte	0x54c
 1004 0545 14       		.uleb128 0x14
 1005 0546 80030000 		.4byte	0x380
 1006 054a 00       		.byte	0
 1007 054b 00       		.byte	0
 1008 054c 13       		.uleb128 0x13
 1009 054d 40000000 		.4byte	0x40
 1010 0551 17       		.uleb128 0x17
 1011 0552 4B000000 		.4byte	.LASF79
 1012 0556 05       		.byte	0x5
 1013 0557 6201     		.2byte	0x162
 1014 0559 63050000 		.4byte	0x563
 1015 055d 05       		.uleb128 0x5
 1016 055e 03       		.byte	0x3
 1017 055f 00000000 		.4byte	EE_RESOURCE_ID
 1018 0563 13       		.uleb128 0x13
 1019 0564 3C050000 		.4byte	0x53c
 1020 0568 11       		.uleb128 0x11
 1021 0569 4C050000 		.4byte	0x54c
 1022 056d 78050000 		.4byte	0x578
 1023 0571 14       		.uleb128 0x14
 1024 0572 80030000 		.4byte	0x380
 1025 0576 06       		.byte	0x6
 1026 0577 00       		.byte	0
 1027 0578 17       		.uleb128 0x17
 1028 0579 D5010000 		.4byte	.LASF80
 1029 057d 05       		.byte	0x5
 1030 057e E201     		.2byte	0x1e2
 1031 0580 8A050000 		.4byte	0x58a
 1032 0584 05       		.uleb128 0x5
 1033 0585 03       		.byte	0x3
 1034 0586 00000000 		.4byte	EE_EVENT_ID
 1035 058a 13       		.uleb128 0x13
 1036 058b 68050000 		.4byte	0x568
 1037 058f 17       		.uleb128 0x17
 1038 0590 29010000 		.4byte	.LASF81
 1039 0594 05       		.byte	0x5
 1040 0595 5906     		.2byte	0x659
 1041 0597 A1050000 		.4byte	0x5a1
 1042 059b 05       		.uleb128 0x5
 1043 059c 03       		.byte	0x3
 1044 059d 00000000 		.4byte	EE_ALARM_ID
 1045 05a1 13       		.uleb128 0x13
 1046 05a2 3C050000 		.4byte	0x53c
 1047 05a6 11       		.uleb128 0x11
 1048 05a7 B5000000 		.4byte	0xb5
ARM GAS  C:\Users\agraw\AppData\Local\Temp\ccYDhhym.s 			page 20


 1049 05ab B6050000 		.4byte	0x5b6
 1050 05af 14       		.uleb128 0x14
 1051 05b0 80030000 		.4byte	0x380
 1052 05b4 02       		.byte	0x2
 1053 05b5 00       		.byte	0
 1054 05b6 17       		.uleb128 0x17
 1055 05b7 48030000 		.4byte	.LASF82
 1056 05bb 05       		.byte	0x5
 1057 05bc 8102     		.2byte	0x281
 1058 05be A6050000 		.4byte	0x5a6
 1059 05c2 05       		.uleb128 0x5
 1060 05c3 03       		.byte	0x3
 1061 05c4 00000000 		.4byte	EE_th_status
 1062 05c8 11       		.uleb128 0x11
 1063 05c9 E1000000 		.4byte	0xe1
 1064 05cd D8050000 		.4byte	0x5d8
 1065 05d1 14       		.uleb128 0x14
 1066 05d2 80030000 		.4byte	0x380
 1067 05d6 02       		.byte	0x2
 1068 05d7 00       		.byte	0
 1069 05d8 17       		.uleb128 0x17
 1070 05d9 EF040000 		.4byte	.LASF83
 1071 05dd 05       		.byte	0x5
 1072 05de 9D02     		.2byte	0x29d
 1073 05e0 C8050000 		.4byte	0x5c8
 1074 05e4 05       		.uleb128 0x5
 1075 05e5 03       		.byte	0x3
 1076 05e6 00000000 		.4byte	EE_th_next
 1077 05ea 17       		.uleb128 0x17
 1078 05eb 5A070000 		.4byte	.LASF84
 1079 05ef 05       		.byte	0x5
 1080 05f0 C702     		.2byte	0x2c7
 1081 05f2 A6050000 		.4byte	0x5a6
 1082 05f6 05       		.uleb128 0x5
 1083 05f7 03       		.byte	0x3
 1084 05f8 00000000 		.4byte	EE_th_rnact
 1085 05fc 17       		.uleb128 0x17
 1086 05fd 2A000000 		.4byte	.LASF85
 1087 0601 05       		.byte	0x5
 1088 0602 7703     		.2byte	0x377
 1089 0604 C8050000 		.4byte	0x5c8
 1090 0608 05       		.uleb128 0x5
 1091 0609 03       		.byte	0x3
 1092 060a 00000000 		.4byte	EE_th_terminate_nextask
 1093 060e 17       		.uleb128 0x17
 1094 060f 5A000000 		.4byte	.LASF86
 1095 0613 05       		.byte	0x5
 1096 0614 B902     		.2byte	0x2b9
 1097 0616 E1000000 		.4byte	0xe1
 1098 061a 05       		.uleb128 0x5
 1099 061b 03       		.byte	0x3
 1100 061c 00000000 		.4byte	EE_stkfirst
 1101 0620 17       		.uleb128 0x17
 1102 0621 01070000 		.4byte	.LASF87
 1103 0625 05       		.byte	0x5
 1104 0626 BC02     		.2byte	0x2bc
 1105 0628 B5000000 		.4byte	0xb5
ARM GAS  C:\Users\agraw\AppData\Local\Temp\ccYDhhym.s 			page 21


 1106 062c 05       		.uleb128 0x5
 1107 062d 03       		.byte	0x3
 1108 062e 00000000 		.4byte	EE_sys_ceiling
 1109 0632 17       		.uleb128 0x17
 1110 0633 3D040000 		.4byte	.LASF88
 1111 0637 05       		.byte	0x5
 1112 0638 FD02     		.2byte	0x2fd
 1113 063a A6050000 		.4byte	0x5a6
 1114 063e 05       		.uleb128 0x5
 1115 063f 03       		.byte	0x3
 1116 0640 00000000 		.4byte	EE_rq_link
 1117 0644 11       		.uleb128 0x11
 1118 0645 C0000000 		.4byte	0xc0
 1119 0649 54060000 		.4byte	0x654
 1120 064d 14       		.uleb128 0x14
 1121 064e 80030000 		.4byte	0x380
 1122 0652 0F       		.byte	0xf
 1123 0653 00       		.byte	0
 1124 0654 17       		.uleb128 0x17
 1125 0655 2A020000 		.4byte	.LASF89
 1126 0659 05       		.byte	0x5
 1127 065a BF02     		.2byte	0x2bf
 1128 065c 44060000 		.4byte	0x644
 1129 0660 05       		.uleb128 0x5
 1130 0661 03       		.byte	0x3
 1131 0662 00000000 		.4byte	EE_rq_queues_head
 1132 0666 17       		.uleb128 0x17
 1133 0667 22060000 		.4byte	.LASF90
 1134 066b 05       		.byte	0x5
 1135 066c C102     		.2byte	0x2c1
 1136 066e 44060000 		.4byte	0x644
 1137 0672 05       		.uleb128 0x5
 1138 0673 03       		.byte	0x3
 1139 0674 00000000 		.4byte	EE_rq_queues_tail
 1140 0678 11       		.uleb128 0x11
 1141 0679 C0000000 		.4byte	0xc0
 1142 067d 88060000 		.4byte	0x688
 1143 0681 14       		.uleb128 0x14
 1144 0682 80030000 		.4byte	0x380
 1145 0686 02       		.byte	0x2
 1146 0687 00       		.byte	0
 1147 0688 17       		.uleb128 0x17
 1148 0689 CD000000 		.4byte	.LASF91
 1149 068d 05       		.byte	0x5
 1150 068e 1B03     		.2byte	0x31b
 1151 0690 78060000 		.4byte	0x678
 1152 0694 05       		.uleb128 0x5
 1153 0695 03       		.byte	0x3
 1154 0696 00000000 		.4byte	EE_rq_pairs_next
 1155 069a 17       		.uleb128 0x17
 1156 069b 66070000 		.4byte	.LASF92
 1157 069f 05       		.byte	0x5
 1158 06a0 7003     		.2byte	0x370
 1159 06a2 C8050000 		.4byte	0x5c8
 1160 06a6 05       		.uleb128 0x5
 1161 06a7 03       		.byte	0x3
 1162 06a8 00000000 		.4byte	EE_rq_pairs_tid
ARM GAS  C:\Users\agraw\AppData\Local\Temp\ccYDhhym.s 			page 22


 1163 06ac 17       		.uleb128 0x17
 1164 06ad 59060000 		.4byte	.LASF93
 1165 06b1 05       		.byte	0x5
 1166 06b2 C402     		.2byte	0x2c4
 1167 06b4 05010000 		.4byte	0x105
 1168 06b8 05       		.uleb128 0x5
 1169 06b9 03       		.byte	0x3
 1170 06ba 00000000 		.4byte	EE_rq_bitmask
 1171 06be 17       		.uleb128 0x17
 1172 06bf 32040000 		.4byte	.LASF94
 1173 06c3 05       		.byte	0x5
 1174 06c4 7303     		.2byte	0x373
 1175 06c6 C0000000 		.4byte	0xc0
 1176 06ca 05       		.uleb128 0x5
 1177 06cb 03       		.byte	0x3
 1178 06cc 00000000 		.4byte	EE_rq_free
 1179 06d0 17       		.uleb128 0x17
 1180 06d1 D9070000 		.4byte	.LASF95
 1181 06d5 05       		.byte	0x5
 1182 06d6 9A03     		.2byte	0x39a
 1183 06d8 A6050000 		.4byte	0x5a6
 1184 06dc 05       		.uleb128 0x5
 1185 06dd 03       		.byte	0x3
 1186 06de 00000000 		.4byte	EE_th_event_active
 1187 06e2 17       		.uleb128 0x17
 1188 06e3 27050000 		.4byte	.LASF96
 1189 06e7 05       		.byte	0x5
 1190 06e8 B603     		.2byte	0x3b6
 1191 06ea A6050000 		.4byte	0x5a6
 1192 06ee 05       		.uleb128 0x5
 1193 06ef 03       		.byte	0x3
 1194 06f0 00000000 		.4byte	EE_th_event_waitmask
 1195 06f4 11       		.uleb128 0x11
 1196 06f5 D6000000 		.4byte	0xd6
 1197 06f9 04070000 		.4byte	0x704
 1198 06fd 14       		.uleb128 0x14
 1199 06fe 80030000 		.4byte	0x380
 1200 0702 02       		.byte	0x2
 1201 0703 00       		.byte	0
 1202 0704 17       		.uleb128 0x17
 1203 0705 CE020000 		.4byte	.LASF97
 1204 0709 05       		.byte	0x5
 1205 070a D203     		.2byte	0x3d2
 1206 070c F4060000 		.4byte	0x6f4
 1207 0710 05       		.uleb128 0x5
 1208 0711 03       		.byte	0x3
 1209 0712 00000000 		.4byte	EE_th_waswaiting
 1210 0716 17       		.uleb128 0x17
 1211 0717 24080000 		.4byte	.LASF98
 1212 071b 05       		.byte	0x5
 1213 071c EE03     		.2byte	0x3ee
 1214 071e 28070000 		.4byte	0x728
 1215 0722 05       		.uleb128 0x5
 1216 0723 03       		.byte	0x3
 1217 0724 00000000 		.4byte	EE_th_is_extended
 1218 0728 13       		.uleb128 0x13
 1219 0729 5D040000 		.4byte	0x45d
ARM GAS  C:\Users\agraw\AppData\Local\Temp\ccYDhhym.s 			page 23


 1220 072d 11       		.uleb128 0x11
 1221 072e D9030000 		.4byte	0x3d9
 1222 0732 3D070000 		.4byte	0x73d
 1223 0736 14       		.uleb128 0x14
 1224 0737 80030000 		.4byte	0x380
 1225 073b 00       		.byte	0
 1226 073c 00       		.byte	0
 1227 073d 17       		.uleb128 0x17
 1228 073e 3E080000 		.4byte	.LASF99
 1229 0742 05       		.byte	0x5
 1230 0743 B504     		.2byte	0x4b5
 1231 0745 4F070000 		.4byte	0x74f
 1232 0749 05       		.uleb128 0x5
 1233 074a 03       		.byte	0x3
 1234 074b 00000000 		.4byte	EE_resource_ceiling
 1235 074f 13       		.uleb128 0x13
 1236 0750 2D070000 		.4byte	0x72d
 1237 0754 11       		.uleb128 0x11
 1238 0755 B5000000 		.4byte	0xb5
 1239 0759 64070000 		.4byte	0x764
 1240 075d 14       		.uleb128 0x14
 1241 075e 80030000 		.4byte	0x380
 1242 0762 00       		.byte	0
 1243 0763 00       		.byte	0
 1244 0764 17       		.uleb128 0x17
 1245 0765 BE010000 		.4byte	.LASF100
 1246 0769 05       		.byte	0x5
 1247 076a F404     		.2byte	0x4f4
 1248 076c 54070000 		.4byte	0x754
 1249 0770 05       		.uleb128 0x5
 1250 0771 03       		.byte	0x3
 1251 0772 00000000 		.4byte	EE_resource_oldceiling
 1252 0776 11       		.uleb128 0x11
 1253 0777 D6000000 		.4byte	0xd6
 1254 077b 86070000 		.4byte	0x786
 1255 077f 14       		.uleb128 0x14
 1256 0780 80030000 		.4byte	0x380
 1257 0784 00       		.byte	0
 1258 0785 00       		.byte	0
 1259 0786 17       		.uleb128 0x17
 1260 0787 09080000 		.4byte	.LASF101
 1261 078b 05       		.byte	0x5
 1262 078c 9404     		.2byte	0x494
 1263 078e 76070000 		.4byte	0x776
 1264 0792 05       		.uleb128 0x5
 1265 0793 03       		.byte	0x3
 1266 0794 00000000 		.4byte	EE_resource_locked
 1267 0798 17       		.uleb128 0x17
 1268 0799 11000000 		.4byte	.LASF102
 1269 079d 05       		.byte	0x5
 1270 079e 3704     		.2byte	0x437
 1271 07a0 A6050000 		.4byte	0x5a6
 1272 07a4 05       		.uleb128 0x5
 1273 07a5 03       		.byte	0x3
 1274 07a6 00000000 		.4byte	EE_th_resource_last
 1275 07aa 17       		.uleb128 0x17
 1276 07ab 67060000 		.4byte	.LASF103
ARM GAS  C:\Users\agraw\AppData\Local\Temp\ccYDhhym.s 			page 24


 1277 07af 05       		.byte	0x5
 1278 07b0 7004     		.2byte	0x470
 1279 07b2 54070000 		.4byte	0x754
 1280 07b6 05       		.uleb128 0x5
 1281 07b7 03       		.byte	0x3
 1282 07b8 00000000 		.4byte	EE_resource_stack
 1283 07bc 11       		.uleb128 0x11
 1284 07bd CC070000 		.4byte	0x7cc
 1285 07c1 CC070000 		.4byte	0x7cc
 1286 07c5 14       		.uleb128 0x14
 1287 07c6 80030000 		.4byte	0x380
 1288 07ca 00       		.byte	0
 1289 07cb 00       		.byte	0
 1290 07cc 13       		.uleb128 0x13
 1291 07cd 8A010000 		.4byte	0x18a
 1292 07d1 17       		.uleb128 0x17
 1293 07d2 80040000 		.4byte	.LASF104
 1294 07d6 05       		.byte	0x5
 1295 07d7 FF05     		.2byte	0x5ff
 1296 07d9 E3070000 		.4byte	0x7e3
 1297 07dd 05       		.uleb128 0x5
 1298 07de 03       		.byte	0x3
 1299 07df 00000000 		.4byte	EE_counter_ROM
 1300 07e3 13       		.uleb128 0x13
 1301 07e4 BC070000 		.4byte	0x7bc
 1302 07e8 11       		.uleb128 0x11
 1303 07e9 F8070000 		.4byte	0x7f8
 1304 07ed F8070000 		.4byte	0x7f8
 1305 07f1 14       		.uleb128 0x14
 1306 07f2 80030000 		.4byte	0x380
 1307 07f6 00       		.byte	0
 1308 07f7 00       		.byte	0
 1309 07f8 13       		.uleb128 0x13
 1310 07f9 27020000 		.4byte	0x227
 1311 07fd 17       		.uleb128 0x17
 1312 07fe C6030000 		.4byte	.LASF105
 1313 0802 05       		.byte	0x5
 1314 0803 9606     		.2byte	0x696
 1315 0805 0F080000 		.4byte	0x80f
 1316 0809 05       		.uleb128 0x5
 1317 080a 03       		.byte	0x3
 1318 080b 00000000 		.4byte	EE_oo_counter_object_ROM
 1319 080f 13       		.uleb128 0x13
 1320 0810 E8070000 		.4byte	0x7e8
 1321 0814 11       		.uleb128 0x11
 1322 0815 24080000 		.4byte	0x824
 1323 0819 24080000 		.4byte	0x824
 1324 081d 14       		.uleb128 0x14
 1325 081e 80030000 		.4byte	0x380
 1326 0822 00       		.byte	0
 1327 0823 00       		.byte	0
 1328 0824 13       		.uleb128 0x13
 1329 0825 04030000 		.4byte	0x304
 1330 0829 17       		.uleb128 0x17
 1331 082a FC030000 		.4byte	.LASF106
 1332 082e 05       		.byte	0x5
 1333 082f BA06     		.2byte	0x6ba
ARM GAS  C:\Users\agraw\AppData\Local\Temp\ccYDhhym.s 			page 25


 1334 0831 3B080000 		.4byte	0x83b
 1335 0835 05       		.uleb128 0x5
 1336 0836 03       		.byte	0x3
 1337 0837 00000000 		.4byte	EE_oo_action_ROM
 1338 083b 13       		.uleb128 0x13
 1339 083c 14080000 		.4byte	0x814
 1340 0840 11       		.uleb128 0x11
 1341 0841 50080000 		.4byte	0x850
 1342 0845 50080000 		.4byte	0x850
 1343 0849 14       		.uleb128 0x14
 1344 084a 80030000 		.4byte	0x380
 1345 084e 00       		.byte	0
 1346 084f 00       		.byte	0
 1347 0850 13       		.uleb128 0x13
 1348 0851 27030000 		.4byte	0x327
 1349 0855 17       		.uleb128 0x17
 1350 0856 82010000 		.4byte	.LASF107
 1351 085a 05       		.byte	0x5
 1352 085b 2006     		.2byte	0x620
 1353 085d 67080000 		.4byte	0x867
 1354 0861 05       		.uleb128 0x5
 1355 0862 03       		.byte	0x3
 1356 0863 00000000 		.4byte	EE_alarm_ROM
 1357 0867 13       		.uleb128 0x13
 1358 0868 40080000 		.4byte	0x840
 1359 086c 11       		.uleb128 0x11
 1360 086d BA010000 		.4byte	0x1ba
 1361 0871 7C080000 		.4byte	0x87c
 1362 0875 14       		.uleb128 0x14
 1363 0876 80030000 		.4byte	0x380
 1364 087a 00       		.byte	0
 1365 087b 00       		.byte	0
 1366 087c 17       		.uleb128 0x17
 1367 087d C7060000 		.4byte	.LASF108
 1368 0881 05       		.byte	0x5
 1369 0882 0C06     		.2byte	0x60c
 1370 0884 6C080000 		.4byte	0x86c
 1371 0888 05       		.uleb128 0x5
 1372 0889 03       		.byte	0x3
 1373 088a 00000000 		.4byte	EE_counter_RAM
 1374 088e 11       		.uleb128 0x11
 1375 088f 71020000 		.4byte	0x271
 1376 0893 9E080000 		.4byte	0x89e
 1377 0897 14       		.uleb128 0x14
 1378 0898 80030000 		.4byte	0x380
 1379 089c 00       		.byte	0
 1380 089d 00       		.byte	0
 1381 089e 17       		.uleb128 0x17
 1382 089f 21070000 		.4byte	.LASF109
 1383 08a3 05       		.byte	0x5
 1384 08a4 B106     		.2byte	0x6b1
 1385 08a6 8E080000 		.4byte	0x88e
 1386 08aa 05       		.uleb128 0x5
 1387 08ab 03       		.byte	0x3
 1388 08ac 00000000 		.4byte	EE_oo_counter_object_RAM
 1389 08b0 11       		.uleb128 0x11
 1390 08b1 C0080000 		.4byte	0x8c0
ARM GAS  C:\Users\agraw\AppData\Local\Temp\ccYDhhym.s 			page 26


 1391 08b5 C0080000 		.4byte	0x8c0
 1392 08b9 14       		.uleb128 0x14
 1393 08ba 80030000 		.4byte	0x380
 1394 08be 00       		.byte	0
 1395 08bf 00       		.byte	0
 1396 08c0 13       		.uleb128 0x13
 1397 08c1 33030000 		.4byte	0x333
 1398 08c5 17       		.uleb128 0x17
 1399 08c6 3C050000 		.4byte	.LASF110
 1400 08ca 05       		.byte	0x5
 1401 08cb 9607     		.2byte	0x796
 1402 08cd D7080000 		.4byte	0x8d7
 1403 08d1 05       		.uleb128 0x5
 1404 08d2 03       		.byte	0x3
 1405 08d3 00000000 		.4byte	EE_oo_autostart_task_data
 1406 08d7 13       		.uleb128 0x13
 1407 08d8 B0080000 		.4byte	0x8b0
 1408 08dc 18       		.uleb128 0x18
 1409 08dd 11030000 		.4byte	.LASF111
 1410 08e1 06       		.byte	0x6
 1411 08e2 40       		.byte	0x40
 1412 08e3 B5000000 		.4byte	0xb5
 1413 08e7 18       		.uleb128 0x18
 1414 08e8 3C020000 		.4byte	.LASF112
 1415 08ec 06       		.byte	0x6
 1416 08ed 47       		.byte	0x47
 1417 08ee CB000000 		.4byte	0xcb
 1418 08f2 17       		.uleb128 0x17
 1419 08f3 E9030000 		.4byte	.LASF113
 1420 08f7 05       		.byte	0x5
 1421 08f8 5C07     		.2byte	0x75c
 1422 08fa B5000000 		.4byte	0xb5
 1423 08fe 05       		.uleb128 0x5
 1424 08ff 03       		.byte	0x3
 1425 0900 00000000 		.4byte	EE_ApplicationMode
 1426 0904 18       		.uleb128 0x18
 1427 0905 55020000 		.4byte	.LASF114
 1428 0909 07       		.byte	0x7
 1429 090a 48       		.byte	0x48
 1430 090b E1000000 		.4byte	0xe1
 1431 090f 18       		.uleb128 0x18
 1432 0910 76070000 		.4byte	.LASF115
 1433 0914 08       		.byte	0x8
 1434 0915 44       		.byte	0x44
 1435 0916 B5000000 		.4byte	0xb5
 1436 091a 16       		.uleb128 0x16
 1437 091b 7D000000 		.4byte	.LASF116
 1438 091f 05       		.byte	0x5
 1439 0920 AD       		.byte	0xad
 1440 0921 EC000000 		.4byte	0xec
 1441 0925 05       		.uleb128 0x5
 1442 0926 03       		.byte	0x3
 1443 0927 00000000 		.4byte	EE_cortex_mx_IRQ_tos
 1444 092b 11       		.uleb128 0x11
 1445 092c 55000000 		.4byte	0x55
 1446 0930 3B090000 		.4byte	0x93b
 1447 0934 14       		.uleb128 0x14
ARM GAS  C:\Users\agraw\AppData\Local\Temp\ccYDhhym.s 			page 27


 1448 0935 80030000 		.4byte	0x380
 1449 0939 63       		.byte	0x63
 1450 093a 00       		.byte	0
 1451 093b 16       		.uleb128 0x16
 1452 093c 6B030000 		.4byte	.LASF117
 1453 0940 05       		.byte	0x5
 1454 0941 15       		.byte	0x15
 1455 0942 2B090000 		.4byte	0x92b
 1456 0946 05       		.uleb128 0x5
 1457 0947 03       		.byte	0x3
 1458 0948 00000000 		.4byte	EE_cortex_mx_stack_2
 1459 094c 11       		.uleb128 0x11
 1460 094d 55000000 		.4byte	0x55
 1461 0951 5C090000 		.4byte	0x95c
 1462 0955 14       		.uleb128 0x14
 1463 0956 80030000 		.4byte	0x380
 1464 095a 7F       		.byte	0x7f
 1465 095b 00       		.byte	0
 1466 095c 16       		.uleb128 0x16
 1467 095d 94030000 		.4byte	.LASF118
 1468 0961 05       		.byte	0x5
 1469 0962 32       		.byte	0x32
 1470 0963 4C090000 		.4byte	0x94c
 1471 0967 05       		.uleb128 0x5
 1472 0968 03       		.byte	0x3
 1473 0969 00000000 		.4byte	EE_cortex_mx_stack_9
 1474 096d 00       		.byte	0
 1475              		.section	.debug_abbrev,"",%progbits
 1476              	.Ldebug_abbrev0:
 1477 0000 01       		.uleb128 0x1
 1478 0001 11       		.uleb128 0x11
 1479 0002 01       		.byte	0x1
 1480 0003 25       		.uleb128 0x25
 1481 0004 0E       		.uleb128 0xe
 1482 0005 13       		.uleb128 0x13
 1483 0006 0B       		.uleb128 0xb
 1484 0007 03       		.uleb128 0x3
 1485 0008 0E       		.uleb128 0xe
 1486 0009 1B       		.uleb128 0x1b
 1487 000a 0E       		.uleb128 0xe
 1488 000b 10       		.uleb128 0x10
 1489 000c 17       		.uleb128 0x17
 1490 000d 00       		.byte	0
 1491 000e 00       		.byte	0
 1492 000f 02       		.uleb128 0x2
 1493 0010 24       		.uleb128 0x24
 1494 0011 00       		.byte	0
 1495 0012 0B       		.uleb128 0xb
 1496 0013 0B       		.uleb128 0xb
 1497 0014 3E       		.uleb128 0x3e
 1498 0015 0B       		.uleb128 0xb
 1499 0016 03       		.uleb128 0x3
 1500 0017 0E       		.uleb128 0xe
 1501 0018 00       		.byte	0
 1502 0019 00       		.byte	0
 1503 001a 03       		.uleb128 0x3
 1504 001b 24       		.uleb128 0x24
ARM GAS  C:\Users\agraw\AppData\Local\Temp\ccYDhhym.s 			page 28


 1505 001c 00       		.byte	0
 1506 001d 0B       		.uleb128 0xb
 1507 001e 0B       		.uleb128 0xb
 1508 001f 3E       		.uleb128 0x3e
 1509 0020 0B       		.uleb128 0xb
 1510 0021 03       		.uleb128 0x3
 1511 0022 08       		.uleb128 0x8
 1512 0023 00       		.byte	0
 1513 0024 00       		.byte	0
 1514 0025 04       		.uleb128 0x4
 1515 0026 16       		.uleb128 0x16
 1516 0027 00       		.byte	0
 1517 0028 03       		.uleb128 0x3
 1518 0029 0E       		.uleb128 0xe
 1519 002a 3A       		.uleb128 0x3a
 1520 002b 0B       		.uleb128 0xb
 1521 002c 3B       		.uleb128 0x3b
 1522 002d 0B       		.uleb128 0xb
 1523 002e 49       		.uleb128 0x49
 1524 002f 13       		.uleb128 0x13
 1525 0030 00       		.byte	0
 1526 0031 00       		.byte	0
 1527 0032 05       		.uleb128 0x5
 1528 0033 0F       		.uleb128 0xf
 1529 0034 00       		.byte	0
 1530 0035 0B       		.uleb128 0xb
 1531 0036 0B       		.uleb128 0xb
 1532 0037 00       		.byte	0
 1533 0038 00       		.byte	0
 1534 0039 06       		.uleb128 0x6
 1535 003a 0F       		.uleb128 0xf
 1536 003b 00       		.byte	0
 1537 003c 0B       		.uleb128 0xb
 1538 003d 0B       		.uleb128 0xb
 1539 003e 49       		.uleb128 0x49
 1540 003f 13       		.uleb128 0x13
 1541 0040 00       		.byte	0
 1542 0041 00       		.byte	0
 1543 0042 07       		.uleb128 0x7
 1544 0043 15       		.uleb128 0x15
 1545 0044 00       		.byte	0
 1546 0045 27       		.uleb128 0x27
 1547 0046 19       		.uleb128 0x19
 1548 0047 00       		.byte	0
 1549 0048 00       		.byte	0
 1550 0049 08       		.uleb128 0x8
 1551 004a 13       		.uleb128 0x13
 1552 004b 01       		.byte	0x1
 1553 004c 03       		.uleb128 0x3
 1554 004d 0E       		.uleb128 0xe
 1555 004e 0B       		.uleb128 0xb
 1556 004f 0B       		.uleb128 0xb
 1557 0050 3A       		.uleb128 0x3a
 1558 0051 0B       		.uleb128 0xb
 1559 0052 3B       		.uleb128 0x3b
 1560 0053 0B       		.uleb128 0xb
 1561 0054 01       		.uleb128 0x1
ARM GAS  C:\Users\agraw\AppData\Local\Temp\ccYDhhym.s 			page 29


 1562 0055 13       		.uleb128 0x13
 1563 0056 00       		.byte	0
 1564 0057 00       		.byte	0
 1565 0058 09       		.uleb128 0x9
 1566 0059 0D       		.uleb128 0xd
 1567 005a 00       		.byte	0
 1568 005b 03       		.uleb128 0x3
 1569 005c 0E       		.uleb128 0xe
 1570 005d 3A       		.uleb128 0x3a
 1571 005e 0B       		.uleb128 0xb
 1572 005f 3B       		.uleb128 0x3b
 1573 0060 0B       		.uleb128 0xb
 1574 0061 49       		.uleb128 0x49
 1575 0062 13       		.uleb128 0x13
 1576 0063 38       		.uleb128 0x38
 1577 0064 0B       		.uleb128 0xb
 1578 0065 00       		.byte	0
 1579 0066 00       		.byte	0
 1580 0067 0A       		.uleb128 0xa
 1581 0068 16       		.uleb128 0x16
 1582 0069 00       		.byte	0
 1583 006a 03       		.uleb128 0x3
 1584 006b 0E       		.uleb128 0xe
 1585 006c 3A       		.uleb128 0x3a
 1586 006d 0B       		.uleb128 0xb
 1587 006e 3B       		.uleb128 0x3b
 1588 006f 05       		.uleb128 0x5
 1589 0070 49       		.uleb128 0x49
 1590 0071 13       		.uleb128 0x13
 1591 0072 00       		.byte	0
 1592 0073 00       		.byte	0
 1593 0074 0B       		.uleb128 0xb
 1594 0075 13       		.uleb128 0x13
 1595 0076 01       		.byte	0x1
 1596 0077 0B       		.uleb128 0xb
 1597 0078 0B       		.uleb128 0xb
 1598 0079 3A       		.uleb128 0x3a
 1599 007a 0B       		.uleb128 0xb
 1600 007b 3B       		.uleb128 0x3b
 1601 007c 05       		.uleb128 0x5
 1602 007d 01       		.uleb128 0x1
 1603 007e 13       		.uleb128 0x13
 1604 007f 00       		.byte	0
 1605 0080 00       		.byte	0
 1606 0081 0C       		.uleb128 0xc
 1607 0082 0D       		.uleb128 0xd
 1608 0083 00       		.byte	0
 1609 0084 03       		.uleb128 0x3
 1610 0085 0E       		.uleb128 0xe
 1611 0086 3A       		.uleb128 0x3a
 1612 0087 0B       		.uleb128 0xb
 1613 0088 3B       		.uleb128 0x3b
 1614 0089 05       		.uleb128 0x5
 1615 008a 49       		.uleb128 0x49
 1616 008b 13       		.uleb128 0x13
 1617 008c 38       		.uleb128 0x38
 1618 008d 0B       		.uleb128 0xb
ARM GAS  C:\Users\agraw\AppData\Local\Temp\ccYDhhym.s 			page 30


 1619 008e 00       		.byte	0
 1620 008f 00       		.byte	0
 1621 0090 0D       		.uleb128 0xd
 1622 0091 04       		.uleb128 0x4
 1623 0092 01       		.byte	0x1
 1624 0093 0B       		.uleb128 0xb
 1625 0094 0B       		.uleb128 0xb
 1626 0095 49       		.uleb128 0x49
 1627 0096 13       		.uleb128 0x13
 1628 0097 3A       		.uleb128 0x3a
 1629 0098 0B       		.uleb128 0xb
 1630 0099 3B       		.uleb128 0x3b
 1631 009a 05       		.uleb128 0x5
 1632 009b 01       		.uleb128 0x1
 1633 009c 13       		.uleb128 0x13
 1634 009d 00       		.byte	0
 1635 009e 00       		.byte	0
 1636 009f 0E       		.uleb128 0xe
 1637 00a0 28       		.uleb128 0x28
 1638 00a1 00       		.byte	0
 1639 00a2 03       		.uleb128 0x3
 1640 00a3 0E       		.uleb128 0xe
 1641 00a4 1C       		.uleb128 0x1c
 1642 00a5 0B       		.uleb128 0xb
 1643 00a6 00       		.byte	0
 1644 00a7 00       		.byte	0
 1645 00a8 0F       		.uleb128 0xf
 1646 00a9 0D       		.uleb128 0xd
 1647 00aa 00       		.byte	0
 1648 00ab 03       		.uleb128 0x3
 1649 00ac 08       		.uleb128 0x8
 1650 00ad 3A       		.uleb128 0x3a
 1651 00ae 0B       		.uleb128 0xb
 1652 00af 3B       		.uleb128 0x3b
 1653 00b0 05       		.uleb128 0x5
 1654 00b1 49       		.uleb128 0x49
 1655 00b2 13       		.uleb128 0x13
 1656 00b3 38       		.uleb128 0x38
 1657 00b4 0B       		.uleb128 0xb
 1658 00b5 00       		.byte	0
 1659 00b6 00       		.byte	0
 1660 00b7 10       		.uleb128 0x10
 1661 00b8 13       		.uleb128 0x13
 1662 00b9 01       		.byte	0x1
 1663 00ba 03       		.uleb128 0x3
 1664 00bb 0E       		.uleb128 0xe
 1665 00bc 0B       		.uleb128 0xb
 1666 00bd 0B       		.uleb128 0xb
 1667 00be 3A       		.uleb128 0x3a
 1668 00bf 0B       		.uleb128 0xb
 1669 00c0 3B       		.uleb128 0x3b
 1670 00c1 05       		.uleb128 0x5
 1671 00c2 01       		.uleb128 0x1
 1672 00c3 13       		.uleb128 0x13
 1673 00c4 00       		.byte	0
 1674 00c5 00       		.byte	0
 1675 00c6 11       		.uleb128 0x11
ARM GAS  C:\Users\agraw\AppData\Local\Temp\ccYDhhym.s 			page 31


 1676 00c7 01       		.uleb128 0x1
 1677 00c8 01       		.byte	0x1
 1678 00c9 49       		.uleb128 0x49
 1679 00ca 13       		.uleb128 0x13
 1680 00cb 01       		.uleb128 0x1
 1681 00cc 13       		.uleb128 0x13
 1682 00cd 00       		.byte	0
 1683 00ce 00       		.byte	0
 1684 00cf 12       		.uleb128 0x12
 1685 00d0 21       		.uleb128 0x21
 1686 00d1 00       		.byte	0
 1687 00d2 00       		.byte	0
 1688 00d3 00       		.byte	0
 1689 00d4 13       		.uleb128 0x13
 1690 00d5 26       		.uleb128 0x26
 1691 00d6 00       		.byte	0
 1692 00d7 49       		.uleb128 0x49
 1693 00d8 13       		.uleb128 0x13
 1694 00d9 00       		.byte	0
 1695 00da 00       		.byte	0
 1696 00db 14       		.uleb128 0x14
 1697 00dc 21       		.uleb128 0x21
 1698 00dd 00       		.byte	0
 1699 00de 49       		.uleb128 0x49
 1700 00df 13       		.uleb128 0x13
 1701 00e0 2F       		.uleb128 0x2f
 1702 00e1 0B       		.uleb128 0xb
 1703 00e2 00       		.byte	0
 1704 00e3 00       		.byte	0
 1705 00e4 15       		.uleb128 0x15
 1706 00e5 34       		.uleb128 0x34
 1707 00e6 00       		.byte	0
 1708 00e7 03       		.uleb128 0x3
 1709 00e8 0E       		.uleb128 0xe
 1710 00e9 3A       		.uleb128 0x3a
 1711 00ea 0B       		.uleb128 0xb
 1712 00eb 3B       		.uleb128 0x3b
 1713 00ec 05       		.uleb128 0x5
 1714 00ed 49       		.uleb128 0x49
 1715 00ee 13       		.uleb128 0x13
 1716 00ef 02       		.uleb128 0x2
 1717 00f0 18       		.uleb128 0x18
 1718 00f1 00       		.byte	0
 1719 00f2 00       		.byte	0
 1720 00f3 16       		.uleb128 0x16
 1721 00f4 34       		.uleb128 0x34
 1722 00f5 00       		.byte	0
 1723 00f6 03       		.uleb128 0x3
 1724 00f7 0E       		.uleb128 0xe
 1725 00f8 3A       		.uleb128 0x3a
 1726 00f9 0B       		.uleb128 0xb
 1727 00fa 3B       		.uleb128 0x3b
 1728 00fb 0B       		.uleb128 0xb
 1729 00fc 49       		.uleb128 0x49
 1730 00fd 13       		.uleb128 0x13
 1731 00fe 3F       		.uleb128 0x3f
 1732 00ff 19       		.uleb128 0x19
ARM GAS  C:\Users\agraw\AppData\Local\Temp\ccYDhhym.s 			page 32


 1733 0100 02       		.uleb128 0x2
 1734 0101 18       		.uleb128 0x18
 1735 0102 00       		.byte	0
 1736 0103 00       		.byte	0
 1737 0104 17       		.uleb128 0x17
 1738 0105 34       		.uleb128 0x34
 1739 0106 00       		.byte	0
 1740 0107 03       		.uleb128 0x3
 1741 0108 0E       		.uleb128 0xe
 1742 0109 3A       		.uleb128 0x3a
 1743 010a 0B       		.uleb128 0xb
 1744 010b 3B       		.uleb128 0x3b
 1745 010c 05       		.uleb128 0x5
 1746 010d 49       		.uleb128 0x49
 1747 010e 13       		.uleb128 0x13
 1748 010f 3F       		.uleb128 0x3f
 1749 0110 19       		.uleb128 0x19
 1750 0111 02       		.uleb128 0x2
 1751 0112 18       		.uleb128 0x18
 1752 0113 00       		.byte	0
 1753 0114 00       		.byte	0
 1754 0115 18       		.uleb128 0x18
 1755 0116 34       		.uleb128 0x34
 1756 0117 00       		.byte	0
 1757 0118 03       		.uleb128 0x3
 1758 0119 0E       		.uleb128 0xe
 1759 011a 3A       		.uleb128 0x3a
 1760 011b 0B       		.uleb128 0xb
 1761 011c 3B       		.uleb128 0x3b
 1762 011d 0B       		.uleb128 0xb
 1763 011e 49       		.uleb128 0x49
 1764 011f 13       		.uleb128 0x13
 1765 0120 3F       		.uleb128 0x3f
 1766 0121 19       		.uleb128 0x19
 1767 0122 3C       		.uleb128 0x3c
 1768 0123 19       		.uleb128 0x19
 1769 0124 00       		.byte	0
 1770 0125 00       		.byte	0
 1771 0126 00       		.byte	0
 1772              		.section	.debug_aranges,"",%progbits
 1773 0000 14000000 		.4byte	0x14
 1774 0004 0200     		.2byte	0x2
 1775 0006 00000000 		.4byte	.Ldebug_info0
 1776 000a 04       		.byte	0x4
 1777 000b 00       		.byte	0
 1778 000c 0000     		.2byte	0
 1779 000e 0000     		.2byte	0
 1780 0010 00000000 		.4byte	0
 1781 0014 00000000 		.4byte	0
 1782              		.section	.debug_line,"",%progbits
 1783              	.Ldebug_line0:
 1784 0000 38010000 		.section	.debug_str,"MS",%progbits,1
 1784      02003201 
 1784      00000201 
 1784      FB0E0D00 
 1784      01010101 
 1785              	.LASF78:
ARM GAS  C:\Users\agraw\AppData\Local\Temp\ccYDhhym.s 			page 33


 1786 0000 45455F52 		.ascii	"EE_RESOURCE_NAME\000"
 1786      45534F55 
 1786      5243455F 
 1786      4E414D45 
 1786      00
 1787              	.LASF102:
 1788 0011 45455F74 		.ascii	"EE_th_resource_last\000"
 1788      685F7265 
 1788      736F7572 
 1788      63655F6C 
 1788      61737400 
 1789              	.LASF46:
 1790 0025 6E657874 		.ascii	"next\000"
 1790      00
 1791              	.LASF85:
 1792 002a 45455F74 		.ascii	"EE_th_terminate_nextask\000"
 1792      685F7465 
 1792      726D696E 
 1792      6174655F 
 1792      6E657874 
 1793              	.LASF24:
 1794 0042 5469636B 		.ascii	"TickType\000"
 1794      54797065 
 1794      00
 1795              	.LASF79:
 1796 004b 45455F52 		.ascii	"EE_RESOURCE_ID\000"
 1796      45534F55 
 1796      5243455F 
 1796      494400
 1797              	.LASF86:
 1798 005a 45455F73 		.ascii	"EE_stkfirst\000"
 1798      746B6669 
 1798      72737400 
 1799              	.LASF26:
 1800 0066 41637469 		.ascii	"ActionType\000"
 1800      6F6E5479 
 1800      706500
 1801              	.LASF19:
 1802 0071 45455F54 		.ascii	"EE_TYPEBOOL\000"
 1802      59504542 
 1802      4F4F4C00 
 1803              	.LASF116:
 1804 007d 45455F63 		.ascii	"EE_cortex_mx_IRQ_tos\000"
 1804      6F727465 
 1804      785F6D78 
 1804      5F495251 
 1804      5F746F73 
 1805              	.LASF7:
 1806 0092 6C6F6E67 		.ascii	"long long unsigned int\000"
 1806      206C6F6E 
 1806      6720756E 
 1806      7369676E 
 1806      65642069 
 1807              	.LASF45:
 1808 00a9 64656C74 		.ascii	"delta\000"
 1808      6100
 1809              	.LASF42:
ARM GAS  C:\Users\agraw\AppData\Local\Temp\ccYDhhym.s 			page 34


 1810 00af 45455F6F 		.ascii	"EE_oo_counter_object_ROM_type\000"
 1810      6F5F636F 
 1810      756E7465 
 1810      725F6F62 
 1810      6A656374 
 1811              	.LASF91:
 1812 00cd 45455F72 		.ascii	"EE_rq_pairs_next\000"
 1812      715F7061 
 1812      6972735F 
 1812      6E657874 
 1812      00
 1813              	.LASF22:
 1814 00de 5461736B 		.ascii	"TaskType\000"
 1814      54797065 
 1814      00
 1815              	.LASF61:
 1816 00e7 45455F54 		.ascii	"EE_TOS\000"
 1816      4F5300
 1817              	.LASF29:
 1818 00ee 6D617861 		.ascii	"maxallowedvalue\000"
 1818      6C6C6F77 
 1818      65647661 
 1818      6C756500 
 1819              	.LASF122:
 1820 00fe 45455F6F 		.ascii	"EE_oo_autostart_task_mode_OSDEFAULTAPPMODE\000"
 1820      6F5F6175 
 1820      746F7374 
 1820      6172745F 
 1820      7461736B 
 1821              	.LASF81:
 1822 0129 45455F41 		.ascii	"EE_ALARM_ID\000"
 1822      4C41524D 
 1822      5F494400 
 1823              	.LASF6:
 1824 0135 6C6F6E67 		.ascii	"long long int\000"
 1824      206C6F6E 
 1824      6720696E 
 1824      7400
 1825              	.LASF0:
 1826 0143 7369676E 		.ascii	"signed char\000"
 1826      65642063 
 1826      68617200 
 1827              	.LASF52:
 1828 014f 45455F6F 		.ascii	"EE_oo_action_kind_type\000"
 1828      6F5F6163 
 1828      74696F6E 
 1828      5F6B696E 
 1828      645F7479 
 1829              	.LASF23:
 1830 0166 4576656E 		.ascii	"EventMaskType\000"
 1830      744D6173 
 1830      6B547970 
 1830      6500
 1831              	.LASF76:
 1832 0174 45455F45 		.ascii	"EE_EVENT_NAME\000"
 1832      56454E54 
 1832      5F4E414D 
ARM GAS  C:\Users\agraw\AppData\Local\Temp\ccYDhhym.s 			page 35


 1832      4500
 1833              	.LASF107:
 1834 0182 45455F61 		.ascii	"EE_alarm_ROM\000"
 1834      6C61726D 
 1834      5F524F4D 
 1834      00
 1835              	.LASF70:
 1836 018f 45455F63 		.ascii	"EE_cortex_mx_active_tos\000"
 1836      6F727465 
 1836      785F6D78 
 1836      5F616374 
 1836      6976655F 
 1837              	.LASF35:
 1838 01a7 45455F6F 		.ascii	"EE_oo_counter_RAM_type\000"
 1838      6F5F636F 
 1838      756E7465 
 1838      725F5241 
 1838      4D5F7479 
 1839              	.LASF100:
 1840 01be 45455F72 		.ascii	"EE_resource_oldceiling\000"
 1840      65736F75 
 1840      7263655F 
 1840      6F6C6463 
 1840      65696C69 
 1841              	.LASF80:
 1842 01d5 45455F45 		.ascii	"EE_EVENT_ID\000"
 1842      56454E54 
 1842      5F494400 
 1843              	.LASF4:
 1844 01e1 6C6F6E67 		.ascii	"long int\000"
 1844      20696E74 
 1844      00
 1845              	.LASF121:
 1846 01ea 443A5C45 		.ascii	"D:\\Embedded\\Assignment02\\Lab02\\Workspace01\\AMA"
 1846      6D626564 
 1846      6465645C 
 1846      41737369 
 1846      676E6D65 
 1847 0218 5F454F53 		.ascii	"_EOS_Lab_02.cydsn\000"
 1847      5F4C6162 
 1847      5F30322E 
 1847      63796473 
 1847      6E00
 1848              	.LASF89:
 1849 022a 45455F72 		.ascii	"EE_rq_queues_head\000"
 1849      715F7175 
 1849      65756573 
 1849      5F686561 
 1849      6400
 1850              	.LASF112:
 1851 023c 45455F6F 		.ascii	"EE_oo_IRQ_suspend_status\000"
 1851      6F5F4952 
 1851      515F7375 
 1851      7370656E 
 1851      645F7374 
 1852              	.LASF114:
 1853 0255 45455F73 		.ascii	"EE_std_endcycle_next_tid\000"
ARM GAS  C:\Users\agraw\AppData\Local\Temp\ccYDhhym.s 			page 36


 1853      74645F65 
 1853      6E646379 
 1853      636C655F 
 1853      6E657874 
 1854              	.LASF31:
 1855 026e 6D696E63 		.ascii	"mincycle\000"
 1855      79636C65 
 1855      00
 1856              	.LASF20:
 1857 0277 45455F54 		.ascii	"EE_TID\000"
 1857      494400
 1858              	.LASF33:
 1859 027e 76616C75 		.ascii	"value\000"
 1859      6500
 1860              	.LASF8:
 1861 0284 756E7369 		.ascii	"unsigned int\000"
 1861      676E6564 
 1861      20696E74 
 1861      00
 1862              	.LASF16:
 1863 0291 45455F55 		.ascii	"EE_UREG\000"
 1863      52454700 
 1864              	.LASF60:
 1865 0299 45455F6F 		.ascii	"EE_oo_alarm_ROM_type\000"
 1865      6F5F616C 
 1865      61726D5F 
 1865      524F4D5F 
 1865      74797065 
 1866              	.LASF77:
 1867 02ae 45455F41 		.ascii	"EE_ALARM_NAME\000"
 1867      4C41524D 
 1867      5F4E414D 
 1867      4500
 1868              	.LASF5:
 1869 02bc 6C6F6E67 		.ascii	"long unsigned int\000"
 1869      20756E73 
 1869      69676E65 
 1869      6420696E 
 1869      7400
 1870              	.LASF97:
 1871 02ce 45455F74 		.ascii	"EE_th_waswaiting\000"
 1871      685F7761 
 1871      73776169 
 1871      74696E67 
 1871      00
 1872              	.LASF62:
 1873 02df 45455F6F 		.ascii	"EE_oo_autostart_task_type\000"
 1873      6F5F6175 
 1873      746F7374 
 1873      6172745F 
 1873      7461736B 
 1874              	.LASF41:
 1875 02f9 6B696E64 		.ascii	"kind\000"
 1875      00
 1876              	.LASF3:
 1877 02fe 73686F72 		.ascii	"short unsigned int\000"
 1877      7420756E 
ARM GAS  C:\Users\agraw\AppData\Local\Temp\ccYDhhym.s 			page 37


 1877      7369676E 
 1877      65642069 
 1877      6E7400
 1878              	.LASF111:
 1879 0311 45455F6F 		.ascii	"EE_oo_IRQ_disable_count\000"
 1879      6F5F4952 
 1879      515F6469 
 1879      7361626C 
 1879      655F636F 
 1880              	.LASF38:
 1881 0329 45455F6F 		.ascii	"EE_oo_counter_object_kind_type\000"
 1881      6F5F636F 
 1881      756E7465 
 1881      725F6F62 
 1881      6A656374 
 1882              	.LASF82:
 1883 0348 45455F74 		.ascii	"EE_th_status\000"
 1883      685F7374 
 1883      61747573 
 1883      00
 1884              	.LASF39:
 1885 0355 436F756E 		.ascii	"CounterObjectKindType\000"
 1885      7465724F 
 1885      626A6563 
 1885      744B696E 
 1885      64547970 
 1886              	.LASF117:
 1887 036b 45455F63 		.ascii	"EE_cortex_mx_stack_2\000"
 1887      6F727465 
 1887      785F6D78 
 1887      5F737461 
 1887      636B5F32 
 1888              	.LASF73:
 1889 0380 45455F74 		.ascii	"EE_th_dispatch_prio\000"
 1889      685F6469 
 1889      73706174 
 1889      63685F70 
 1889      72696F00 
 1890              	.LASF118:
 1891 0394 45455F63 		.ascii	"EE_cortex_mx_stack_9\000"
 1891      6F727465 
 1891      785F6D78 
 1891      5F737461 
 1891      636B5F39 
 1892              	.LASF14:
 1893 03a9 45455F56 		.ascii	"EE_VOID_CALLBACK\000"
 1893      4F49445F 
 1893      43414C4C 
 1893      4241434B 
 1893      00
 1894              	.LASF27:
 1895 03ba 436F756E 		.ascii	"CounterType\000"
 1895      74657254 
 1895      79706500 
 1896              	.LASF105:
 1897 03c6 45455F6F 		.ascii	"EE_oo_counter_object_ROM\000"
 1897      6F5F636F 
ARM GAS  C:\Users\agraw\AppData\Local\Temp\ccYDhhym.s 			page 38


 1897      756E7465 
 1897      725F6F62 
 1897      6A656374 
 1898              	.LASF59:
 1899 03df 61637469 		.ascii	"action_id\000"
 1899      6F6E5F69 
 1899      6400
 1900              	.LASF113:
 1901 03e9 45455F41 		.ascii	"EE_ApplicationMode\000"
 1901      70706C69 
 1901      63617469 
 1901      6F6E4D6F 
 1901      646500
 1902              	.LASF106:
 1903 03fc 45455F6F 		.ascii	"EE_oo_action_ROM\000"
 1903      6F5F6163 
 1903      74696F6E 
 1903      5F524F4D 
 1903      00
 1904              	.LASF21:
 1905 040d 45455F54 		.ascii	"EE_TYPE_RQ_MASK\000"
 1905      5950455F 
 1905      52515F4D 
 1905      41534B00 
 1906              	.LASF64:
 1907 041d 73697A65 		.ascii	"sizetype\000"
 1907      74797065 
 1907      00
 1908              	.LASF9:
 1909 0426 6C6F6E67 		.ascii	"long double\000"
 1909      20646F75 
 1909      626C6500 
 1910              	.LASF94:
 1911 0432 45455F72 		.ascii	"EE_rq_free\000"
 1911      715F6672 
 1911      656500
 1912              	.LASF88:
 1913 043d 45455F72 		.ascii	"EE_rq_link\000"
 1913      715F6C69 
 1913      6E6B00
 1914              	.LASF17:
 1915 0448 45455F53 		.ascii	"EE_SREG\000"
 1915      52454700 
 1916              	.LASF30:
 1917 0450 7469636B 		.ascii	"ticksperbase\000"
 1917      73706572 
 1917      62617365 
 1917      00
 1918              	.LASF43:
 1919 045d 75736564 		.ascii	"used\000"
 1919      00
 1920              	.LASF47:
 1921 0462 45455F6F 		.ascii	"EE_oo_counter_object_RAM_type\000"
 1921      6F5F636F 
 1921      756E7465 
 1921      725F6F62 
 1921      6A656374 
ARM GAS  C:\Users\agraw\AppData\Local\Temp\ccYDhhym.s 			page 39


 1922              	.LASF104:
 1923 0480 45455F63 		.ascii	"EE_counter_ROM\000"
 1923      6F756E74 
 1923      65725F52 
 1923      4F4D00
 1924              	.LASF58:
 1925 048f 45455F6F 		.ascii	"EE_oo_action_ROM_type\000"
 1925      6F5F6163 
 1925      74696F6E 
 1925      5F524F4D 
 1925      5F747970 
 1926              	.LASF10:
 1927 04a5 45455F55 		.ascii	"EE_UINT16\000"
 1927      494E5431 
 1927      3600
 1928              	.LASF37:
 1929 04af 45455F53 		.ascii	"EE_SCHEDULETABLE\000"
 1929      43484544 
 1929      554C4554 
 1929      41424C45 
 1929      00
 1930              	.LASF69:
 1931 04c0 45455F63 		.ascii	"EE_cortex_mx_system_tos\000"
 1931      6F727465 
 1931      785F6D78 
 1931      5F737973 
 1931      74656D5F 
 1932              	.LASF1:
 1933 04d8 756E7369 		.ascii	"unsigned char\000"
 1933      676E6564 
 1933      20636861 
 1933      7200
 1934              	.LASF36:
 1935 04e6 45455F41 		.ascii	"EE_ALARM\000"
 1935      4C41524D 
 1935      00
 1936              	.LASF83:
 1937 04ef 45455F74 		.ascii	"EE_th_next\000"
 1937      685F6E65 
 1937      787400
 1938              	.LASF68:
 1939 04fa 45455F74 		.ascii	"EE_terminate_real_th_body\000"
 1939      65726D69 
 1939      6E617465 
 1939      5F726561 
 1939      6C5F7468 
 1940              	.LASF57:
 1941 0514 696E6363 		.ascii	"inccount\000"
 1941      6F756E74 
 1941      00
 1942              	.LASF2:
 1943 051d 73686F72 		.ascii	"short int\000"
 1943      7420696E 
 1943      7400
 1944              	.LASF96:
 1945 0527 45455F74 		.ascii	"EE_th_event_waitmask\000"
 1945      685F6576 
ARM GAS  C:\Users\agraw\AppData\Local\Temp\ccYDhhym.s 			page 40


 1945      656E745F 
 1945      77616974 
 1945      6D61736B 
 1946              	.LASF110:
 1947 053c 45455F6F 		.ascii	"EE_oo_autostart_task_data\000"
 1947      6F5F6175 
 1947      746F7374 
 1947      6172745F 
 1947      7461736B 
 1948              	.LASF75:
 1949 0556 45455F54 		.ascii	"EE_TASK_NAME\000"
 1949      41534B5F 
 1949      4E414D45 
 1949      00
 1950              	.LASF32:
 1951 0563 45455F6F 		.ascii	"EE_oo_counter_ROM_type\000"
 1951      6F5F636F 
 1951      756E7465 
 1951      725F524F 
 1951      4D5F7479 
 1952              	.LASF119:
 1953 057a 474E5520 		.ascii	"GNU C11 5.4.1 20160609 (release) [ARM/embedded-5-br"
 1953      43313120 
 1953      352E342E 
 1953      31203230 
 1953      31363036 
 1954 05ad 616E6368 		.ascii	"anch revision 237715] -mcpu=cortex-m3 -mthumb -g -O"
 1954      20726576 
 1954      6973696F 
 1954      6E203233 
 1954      37373135 
 1955 05e0 67202D66 		.ascii	"g -ffunction-sections -ffat-lto-objects\000"
 1955      66756E63 
 1955      74696F6E 
 1955      2D736563 
 1955      74696F6E 
 1956              	.LASF56:
 1957 0608 61637469 		.ascii	"action_mask\000"
 1957      6F6E5F6D 
 1957      61736B00 
 1958              	.LASF15:
 1959 0614 45455F54 		.ascii	"EE_THREAD_PTR\000"
 1959      48524541 
 1959      445F5054 
 1959      5200
 1960              	.LASF90:
 1961 0622 45455F72 		.ascii	"EE_rq_queues_tail\000"
 1961      715F7175 
 1961      65756573 
 1961      5F746169 
 1961      6C00
 1962              	.LASF66:
 1963 0634 45455F73 		.ascii	"EE_std_thread_tos\000"
 1963      74645F74 
 1963      68726561 
 1963      645F746F 
 1963      7300
ARM GAS  C:\Users\agraw\AppData\Local\Temp\ccYDhhym.s 			page 41


 1964              	.LASF51:
 1965 0646 45455F41 		.ascii	"EE_ACTION_CALLBACK\000"
 1965      4354494F 
 1965      4E5F4341 
 1965      4C4C4241 
 1965      434B00
 1966              	.LASF93:
 1967 0659 45455F72 		.ascii	"EE_rq_bitmask\000"
 1967      715F6269 
 1967      746D6173 
 1967      6B00
 1968              	.LASF103:
 1969 0667 45455F72 		.ascii	"EE_resource_stack\000"
 1969      65736F75 
 1969      7263655F 
 1969      73746163 
 1969      6B00
 1970              	.LASF34:
 1971 0679 66697273 		.ascii	"first\000"
 1971      7400
 1972              	.LASF25:
 1973 067f 436F756E 		.ascii	"CounterObjectType\000"
 1973      7465724F 
 1973      626A6563 
 1973      74547970 
 1973      6500
 1974              	.LASF74:
 1975 0691 63686172 		.ascii	"char\000"
 1975      00
 1976              	.LASF48:
 1977 0696 45455F41 		.ascii	"EE_ACTION_TASK\000"
 1977      4354494F 
 1977      4E5F5441 
 1977      534B00
 1978              	.LASF71:
 1979 06a5 45455F74 		.ascii	"EE_th_rnact_max\000"
 1979      685F726E 
 1979      6163745F 
 1979      6D617800 
 1980              	.LASF50:
 1981 06b5 45455F41 		.ascii	"EE_ACTION_COUNTER\000"
 1981      4354494F 
 1981      4E5F434F 
 1981      554E5445 
 1981      5200
 1982              	.LASF108:
 1983 06c7 45455F63 		.ascii	"EE_counter_RAM\000"
 1983      6F756E74 
 1983      65725F52 
 1983      414D00
 1984              	.LASF40:
 1985 06d6 73706563 		.ascii	"spec_id\000"
 1985      5F696400 
 1986              	.LASF49:
 1987 06de 45455F41 		.ascii	"EE_ACTION_EVENT\000"
 1987      4354494F 
 1987      4E5F4556 
ARM GAS  C:\Users\agraw\AppData\Local\Temp\ccYDhhym.s 			page 42


 1987      454E5400 
 1988              	.LASF65:
 1989 06ee 45455F68 		.ascii	"EE_hal_thread_body\000"
 1989      616C5F74 
 1989      68726561 
 1989      645F626F 
 1989      647900
 1990              	.LASF87:
 1991 0701 45455F73 		.ascii	"EE_sys_ceiling\000"
 1991      79735F63 
 1991      65696C69 
 1991      6E6700
 1992              	.LASF54:
 1993 0710 61637469 		.ascii	"action_kind\000"
 1993      6F6E5F6B 
 1993      696E6400 
 1994              	.LASF63:
 1995 071c 7461736B 		.ascii	"task\000"
 1995      00
 1996              	.LASF109:
 1997 0721 45455F6F 		.ascii	"EE_oo_counter_object_RAM\000"
 1997      6F5F636F 
 1997      756E7465 
 1997      725F6F62 
 1997      6A656374 
 1998              	.LASF53:
 1999 073a 41637469 		.ascii	"ActionKindType\000"
 1999      6F6E4B69 
 1999      6E645479 
 1999      706500
 2000              	.LASF72:
 2001 0749 45455F74 		.ascii	"EE_th_ready_prio\000"
 2001      685F7265 
 2001      6164795F 
 2001      7072696F 
 2001      00
 2002              	.LASF84:
 2003 075a 45455F74 		.ascii	"EE_th_rnact\000"
 2003      685F726E 
 2003      61637400 
 2004              	.LASF92:
 2005 0766 45455F72 		.ascii	"EE_rq_pairs_tid\000"
 2005      715F7061 
 2005      6972735F 
 2005      74696400 
 2006              	.LASF115:
 2007 0776 45455F49 		.ascii	"EE_IRQ_nesting_level\000"
 2007      52515F6E 
 2007      65737469 
 2007      6E675F6C 
 2007      6576656C 
 2008              	.LASF12:
 2009 078b 45455F55 		.ascii	"EE_UINT32\000"
 2009      494E5433 
 2009      3200
 2010              	.LASF11:
 2011 0795 45455F49 		.ascii	"EE_INT32\000"
ARM GAS  C:\Users\agraw\AppData\Local\Temp\ccYDhhym.s 			page 43


 2011      4E543332 
 2011      00
 2012              	.LASF67:
 2013 079e 45455F74 		.ascii	"EE_terminate_data\000"
 2013      65726D69 
 2013      6E617465 
 2013      5F646174 
 2013      6100
 2014              	.LASF120:
 2015 07b0 47656E65 		.ascii	"Generated_Source\\PSoC5\\ErikaOS_1_eecfg.c\000"
 2015      72617465 
 2015      645F536F 
 2015      75726365 
 2015      5C50536F 
 2016              	.LASF95:
 2017 07d9 45455F74 		.ascii	"EE_th_event_active\000"
 2017      685F6576 
 2017      656E745F 
 2017      61637469 
 2017      766500
 2018              	.LASF44:
 2019 07ec 636E7463 		.ascii	"cntcycle\000"
 2019      79636C65 
 2019      00
 2020              	.LASF28:
 2021 07f5 5359535F 		.ascii	"SYS_tos\000"
 2021      746F7300 
 2022              	.LASF55:
 2023 07fd 61637469 		.ascii	"action_task\000"
 2023      6F6E5F74 
 2023      61736B00 
 2024              	.LASF101:
 2025 0809 45455F72 		.ascii	"EE_resource_locked\000"
 2025      65736F75 
 2025      7263655F 
 2025      6C6F636B 
 2025      656400
 2026              	.LASF13:
 2027 081c 45455F41 		.ascii	"EE_ADDR\000"
 2027      44445200 
 2028              	.LASF98:
 2029 0824 45455F74 		.ascii	"EE_th_is_extended\000"
 2029      685F6973 
 2029      5F657874 
 2029      656E6465 
 2029      6400
 2030              	.LASF18:
 2031 0836 45455F46 		.ascii	"EE_FREG\000"
 2031      52454700 
 2032              	.LASF99:
 2033 083e 45455F72 		.ascii	"EE_resource_ceiling\000"
 2033      65736F75 
 2033      7263655F 
 2033      6365696C 
 2033      696E6700 
 2034              		.ident	"GCC: (GNU Tools for ARM Embedded Processors) 5.4.1 20160609 (release) [ARM/embedded-5-bran
