ARM GAS  C:\Users\agraw\AppData\Local\Temp\cc6FEj61.s 			page 1


   1              		.syntax unified
   2              		.cpu cortex-m3
   3              		.fpu softvfp
   4              		.eabi_attribute 20, 1
   5              		.eabi_attribute 21, 1
   6              		.eabi_attribute 23, 3
   7              		.eabi_attribute 24, 1
   8              		.eabi_attribute 25, 1
   9              		.eabi_attribute 26, 1
  10              		.eabi_attribute 30, 6
  11              		.eabi_attribute 34, 1
  12              		.eabi_attribute 18, 4
  13              		.thumb
  14              		.syntax unified
  15              		.file	"cymetadata.c"
  16              		.text
  17              	.Ltext0:
  18              		.cfi_sections	.debug_frame
  19              		.global	cy_meta_configecc
  20              		.section	.cyconfigecc,"a",%progbits
  21              		.align	2
  22              		.type	cy_meta_configecc, %object
  23              		.size	cy_meta_configecc, 884
  24              	cy_meta_configecc:
  25 0000 04       		.byte	4
  26 0001 4F       		.byte	79
  27 0002 00       		.byte	0
  28 0003 40       		.byte	64
  29 0004 02       		.byte	2
  30 0005 52       		.byte	82
  31 0006 00       		.byte	0
  32 0007 40       		.byte	64
  33 0008 03       		.byte	3
  34 0009 65       		.byte	101
  35 000a 00       		.byte	0
  36 000b 40       		.byte	64
  37 000c 02       		.byte	2
  38 000d 15       		.byte	21
  39 000e 01       		.byte	1
  40 000f 40       		.byte	64
  41 0010 12       		.byte	18
  42 0011 18       		.byte	24
  43 0012 01       		.byte	1
  44 0013 40       		.byte	64
  45 0014 3E       		.byte	62
  46 0015 19       		.byte	25
  47 0016 01       		.byte	1
  48 0017 40       		.byte	64
  49 0018 72       		.byte	114
  50 0019 1A       		.byte	26
  51 001a 01       		.byte	1
  52 001b 40       		.byte	64
  53 001c 5D       		.byte	93
  54 001d 1B       		.byte	27
  55 001e 01       		.byte	1
  56 001f 40       		.byte	64
  57 0020 02       		.byte	2
ARM GAS  C:\Users\agraw\AppData\Local\Temp\cc6FEj61.s 			page 2


  58 0021 40       		.byte	64
  59 0022 01       		.byte	1
  60 0023 40       		.byte	64
  61 0024 01       		.byte	1
  62 0025 41       		.byte	65
  63 0026 01       		.byte	1
  64 0027 40       		.byte	64
  65 0028 01       		.byte	1
  66 0029 42       		.byte	66
  67 002a 01       		.byte	1
  68 002b 40       		.byte	64
  69 002c 03       		.byte	3
  70 002d 43       		.byte	67
  71 002e 01       		.byte	1
  72 002f 40       		.byte	64
  73 0030 04       		.byte	4
  74 0031 48       		.byte	72
  75 0032 01       		.byte	1
  76 0033 40       		.byte	64
  77 0034 04       		.byte	4
  78 0035 49       		.byte	73
  79 0036 01       		.byte	1
  80 0037 40       		.byte	64
  81 0038 01       		.byte	1
  82 0039 4C       		.byte	76
  83 003a 01       		.byte	1
  84 003b 40       		.byte	64
  85 003c 07       		.byte	7
  86 003d 4D       		.byte	77
  87 003e 01       		.byte	1
  88 003f 40       		.byte	64
  89 0040 02       		.byte	2
  90 0041 50       		.byte	80
  91 0042 01       		.byte	1
  92 0043 40       		.byte	64
  93 0044 01       		.byte	1
  94 0045 51       		.byte	81
  95 0046 01       		.byte	1
  96 0047 40       		.byte	64
  97 0048 01       		.byte	1
  98 0049 80       		.byte	-128
  99 004a 0A       		.byte	10
 100 004b 36       		.byte	54
 101 004c 0D       		.byte	13
 102 004d 10       		.byte	16
 103 004e 16       		.byte	22
 104 004f 1B       		.byte	27
 105 0050 61       		.byte	97
 106 0051 80       		.byte	-128
 107 0052 64       		.byte	100
 108 0053 40       		.byte	64
 109 0054 88       		.byte	-120
 110 0055 72       		.byte	114
 111 0056 89       		.byte	-119
 112 0057 38       		.byte	56
 113 0058 8B       		.byte	-117
 114 0059 0F       		.byte	15
ARM GAS  C:\Users\agraw\AppData\Local\Temp\cc6FEj61.s 			page 3


 115 005a E6       		.byte	-26
 116 005b 80       		.byte	-128
 117 005c EE       		.byte	-18
 118 005d 02       		.byte	2
 119 005e 83       		.byte	-125
 120 005f 01       		.byte	1
 121 0060 84       		.byte	-124
 122 0061 04       		.byte	4
 123 0062 8A       		.byte	-118
 124 0063 01       		.byte	1
 125 0064 98       		.byte	-104
 126 0065 08       		.byte	8
 127 0066 9E       		.byte	-98
 128 0067 01       		.byte	1
 129 0068 A6       		.byte	-90
 130 0069 02       		.byte	2
 131 006a AE       		.byte	-82
 132 006b 02       		.byte	2
 133 006c B0       		.byte	-80
 134 006d 02       		.byte	2
 135 006e B2       		.byte	-78
 136 006f 04       		.byte	4
 137 0070 B4       		.byte	-76
 138 0071 01       		.byte	1
 139 0072 B5       		.byte	-75
 140 0073 01       		.byte	1
 141 0074 B6       		.byte	-74
 142 0075 08       		.byte	8
 143 0076 BE       		.byte	-66
 144 0077 55       		.byte	85
 145 0078 D4       		.byte	-44
 146 0079 18       		.byte	24
 147 007a D8       		.byte	-40
 148 007b 04       		.byte	4
 149 007c D9       		.byte	-39
 150 007d 04       		.byte	4
 151 007e DB       		.byte	-37
 152 007f 04       		.byte	4
 153 0080 DF       		.byte	-33
 154 0081 01       		.byte	1
 155 0082 00       		.byte	0
 156 0083 28       		.byte	40
 157 0084 04       		.byte	4
 158 0085 18       		.byte	24
 159 0086 05       		.byte	5
 160 0087 44       		.byte	68
 161 0088 09       		.byte	9
 162 0089 40       		.byte	64
 163 008a 0A       		.byte	10
 164 008b 08       		.byte	8
 165 008c 0D       		.byte	13
 166 008d 08       		.byte	8
 167 008e 0E       		.byte	14
 168 008f 0A       		.byte	10
 169 0090 0F       		.byte	15
 170 0091 80       		.byte	-128
 171 0092 10       		.byte	16
ARM GAS  C:\Users\agraw\AppData\Local\Temp\cc6FEj61.s 			page 4


 172 0093 20       		.byte	32
 173 0094 12       		.byte	18
 174 0095 02       		.byte	2
 175 0096 15       		.byte	21
 176 0097 01       		.byte	1
 177 0098 16       		.byte	22
 178 0099 02       		.byte	2
 179 009a 17       		.byte	23
 180 009b 2A       		.byte	42
 181 009c 18       		.byte	24
 182 009d 04       		.byte	4
 183 009e 19       		.byte	25
 184 009f 08       		.byte	8
 185 00a0 1A       		.byte	26
 186 00a1 01       		.byte	1
 187 00a2 1B       		.byte	27
 188 00a3 01       		.byte	1
 189 00a4 1D       		.byte	29
 190 00a5 24       		.byte	36
 191 00a6 1E       		.byte	30
 192 00a7 4A       		.byte	74
 193 00a8 1F       		.byte	31
 194 00a9 20       		.byte	32
 195 00aa 22       		.byte	34
 196 00ab 20       		.byte	32
 197 00ac 25       		.byte	37
 198 00ad 08       		.byte	8
 199 00ae 26       		.byte	38
 200 00af 02       		.byte	2
 201 00b0 27       		.byte	39
 202 00b1 01       		.byte	1
 203 00b2 2C       		.byte	44
 204 00b3 01       		.byte	1
 205 00b4 2E       		.byte	46
 206 00b5 02       		.byte	2
 207 00b6 2F       		.byte	47
 208 00b7 28       		.byte	40
 209 00b8 35       		.byte	53
 210 00b9 44       		.byte	68
 211 00ba 36       		.byte	54
 212 00bb 21       		.byte	33
 213 00bc 3A       		.byte	58
 214 00bd 02       		.byte	2
 215 00be 3D       		.byte	61
 216 00bf 01       		.byte	1
 217 00c0 3E       		.byte	62
 218 00c1 28       		.byte	40
 219 00c2 3F       		.byte	63
 220 00c3 80       		.byte	-128
 221 00c4 45       		.byte	69
 222 00c5 24       		.byte	36
 223 00c6 47       		.byte	71
 224 00c7 40       		.byte	64
 225 00c8 49       		.byte	73
 226 00c9 80       		.byte	-128
 227 00ca 4A       		.byte	74
 228 00cb 01       		.byte	1
ARM GAS  C:\Users\agraw\AppData\Local\Temp\cc6FEj61.s 			page 5


 229 00cc 4C       		.byte	76
 230 00cd 24       		.byte	36
 231 00ce 4E       		.byte	78
 232 00cf 02       		.byte	2
 233 00d0 54       		.byte	84
 234 00d1 10       		.byte	16
 235 00d2 5B       		.byte	91
 236 00d3 01       		.byte	1
 237 00d4 5E       		.byte	94
 238 00d5 40       		.byte	64
 239 00d6 60       		.byte	96
 240 00d7 04       		.byte	4
 241 00d8 63       		.byte	99
 242 00d9 02       		.byte	2
 243 00da 6D       		.byte	109
 244 00db 50       		.byte	80
 245 00dc 6E       		.byte	110
 246 00dd 04       		.byte	4
 247 00de 76       		.byte	118
 248 00df 28       		.byte	40
 249 00e0 77       		.byte	119
 250 00e1 2A       		.byte	42
 251 00e2 86       		.byte	-122
 252 00e3 01       		.byte	1
 253 00e4 88       		.byte	-120
 254 00e5 01       		.byte	1
 255 00e6 89       		.byte	-119
 256 00e7 08       		.byte	8
 257 00e8 C0       		.byte	-64
 258 00e9 E6       		.byte	-26
 259 00ea C2       		.byte	-62
 260 00eb F3       		.byte	-13
 261 00ec C4       		.byte	-60
 262 00ed F5       		.byte	-11
 263 00ee CA       		.byte	-54
 264 00ef F0       		.byte	-16
 265 00f0 CC       		.byte	-52
 266 00f1 F0       		.byte	-16
 267 00f2 CE       		.byte	-50
 268 00f3 F1       		.byte	-15
 269 00f4 D0       		.byte	-48
 270 00f5 70       		.byte	112
 271 00f6 D2       		.byte	-46
 272 00f7 30       		.byte	48
 273 00f8 D6       		.byte	-42
 274 00f9 11       		.byte	17
 275 00fa D8       		.byte	-40
 276 00fb 0C       		.byte	12
 277 00fc E0       		.byte	-32
 278 00fd 08       		.byte	8
 279 00fe 00       		.byte	0
 280 00ff 10       		.byte	16
 281 0100 02       		.byte	2
 282 0101 40       		.byte	64
 283 0102 03       		.byte	3
 284 0103 08       		.byte	8
 285 0104 05       		.byte	5
ARM GAS  C:\Users\agraw\AppData\Local\Temp\cc6FEj61.s 			page 6


 286 0105 80       		.byte	-128
 287 0106 07       		.byte	7
 288 0107 13       		.byte	19
 289 0108 0C       		.byte	12
 290 0109 0C       		.byte	12
 291 010a 0E       		.byte	14
 292 010b 71       		.byte	113
 293 010c 14       		.byte	20
 294 010d 14       		.byte	20
 295 010e 15       		.byte	21
 296 010f 2C       		.byte	44
 297 0110 17       		.byte	23
 298 0111 43       		.byte	67
 299 0112 19       		.byte	25
 300 0113 71       		.byte	113
 301 0114 1A       		.byte	26
 302 0115 03       		.byte	3
 303 0116 1B       		.byte	27
 304 0117 06       		.byte	6
 305 0118 1C       		.byte	28
 306 0119 10       		.byte	16
 307 011a 1E       		.byte	30
 308 011b AC       		.byte	-84
 309 011c 1F       		.byte	31
 310 011d 0C       		.byte	12
 311 011e 20       		.byte	32
 312 011f 09       		.byte	9
 313 0120 21       		.byte	33
 314 0121 71       		.byte	113
 315 0122 22       		.byte	34
 316 0123 D0       		.byte	-48
 317 0124 23       		.byte	35
 318 0125 0E       		.byte	14
 319 0126 26       		.byte	38
 320 0127 20       		.byte	32
 321 0128 28       		.byte	40
 322 0129 DC       		.byte	-36
 323 012a 2A       		.byte	42
 324 012b 22       		.byte	34
 325 012c 30       		.byte	48
 326 012d E0       		.byte	-32
 327 012e 31       		.byte	49
 328 012f C0       		.byte	-64
 329 0130 33       		.byte	51
 330 0131 0F       		.byte	15
 331 0132 34       		.byte	52
 332 0133 1F       		.byte	31
 333 0134 35       		.byte	53
 334 0135 30       		.byte	48
 335 0136 38       		.byte	56
 336 0137 80       		.byte	-128
 337 0138 39       		.byte	57
 338 0139 22       		.byte	34
 339 013a 3A       		.byte	58
 340 013b 02       		.byte	2
 341 013c 3B       		.byte	59
 342 013d 08       		.byte	8
ARM GAS  C:\Users\agraw\AppData\Local\Temp\cc6FEj61.s 			page 7


 343 013e 3E       		.byte	62
 344 013f 40       		.byte	64
 345 0140 3F       		.byte	63
 346 0141 10       		.byte	16
 347 0142 40       		.byte	64
 348 0143 02       		.byte	2
 349 0144 45       		.byte	69
 350 0145 40       		.byte	64
 351 0146 49       		.byte	73
 352 0147 FF       		.byte	-1
 353 0148 4A       		.byte	74
 354 0149 07       		.byte	7
 355 014a 4B       		.byte	75
 356 014b FF       		.byte	-1
 357 014c 4C       		.byte	76
 358 014d 40       		.byte	64
 359 014e 4D       		.byte	77
 360 014f 20       		.byte	32
 361 0150 4E       		.byte	78
 362 0151 F0       		.byte	-16
 363 0152 4F       		.byte	79
 364 0153 05       		.byte	5
 365 0154 50       		.byte	80
 366 0155 08       		.byte	8
 367 0156 58       		.byte	88
 368 0157 04       		.byte	4
 369 0158 59       		.byte	89
 370 0159 04       		.byte	4
 371 015a 5A       		.byte	90
 372 015b 04       		.byte	4
 373 015c 5F       		.byte	95
 374 015d 01       		.byte	1
 375 015e 60       		.byte	96
 376 015f 40       		.byte	64
 377 0160 61       		.byte	97
 378 0161 A8       		.byte	-88
 379 0162 62       		.byte	98
 380 0163 40       		.byte	64
 381 0164 63       		.byte	99
 382 0165 20       		.byte	32
 383 0166 80       		.byte	-128
 384 0167 13       		.byte	19
 385 0168 81       		.byte	-127
 386 0169 08       		.byte	8
 387 016a 82       		.byte	-126
 388 016b 04       		.byte	4
 389 016c 83       		.byte	-125
 390 016d 12       		.byte	18
 391 016e 84       		.byte	-124
 392 016f 0A       		.byte	10
 393 0170 85       		.byte	-123
 394 0171 38       		.byte	56
 395 0172 86       		.byte	-122
 396 0173 14       		.byte	20
 397 0174 88       		.byte	-120
 398 0175 40       		.byte	64
 399 0176 89       		.byte	-119
ARM GAS  C:\Users\agraw\AppData\Local\Temp\cc6FEj61.s 			page 8


 400 0177 38       		.byte	56
 401 0178 8A       		.byte	-118
 402 0179 A0       		.byte	-96
 403 017a 8C       		.byte	-116
 404 017b 20       		.byte	32
 405 017c 8D       		.byte	-115
 406 017d 20       		.byte	32
 407 017e 8E       		.byte	-114
 408 017f 40       		.byte	64
 409 0180 93       		.byte	-109
 410 0181 01       		.byte	1
 411 0182 94       		.byte	-108
 412 0183 80       		.byte	-128
 413 0184 95       		.byte	-107
 414 0185 01       		.byte	1
 415 0186 96       		.byte	-106
 416 0187 40       		.byte	64
 417 0188 98       		.byte	-104
 418 0189 E0       		.byte	-32
 419 018a 99       		.byte	-103
 420 018b 10       		.byte	16
 421 018c 9B       		.byte	-101
 422 018d 0A       		.byte	10
 423 018e 9C       		.byte	-100
 424 018f 13       		.byte	19
 425 0190 9E       		.byte	-98
 426 0191 0C       		.byte	12
 427 0192 A2       		.byte	-94
 428 0193 08       		.byte	8
 429 0194 A5       		.byte	-91
 430 0195 01       		.byte	1
 431 0196 A6       		.byte	-90
 432 0197 15       		.byte	21
 433 0198 A8       		.byte	-88
 434 0199 E0       		.byte	-32
 435 019a AB       		.byte	-85
 436 019b 04       		.byte	4
 437 019c AC       		.byte	-84
 438 019d 03       		.byte	3
 439 019e AE       		.byte	-82
 440 019f 14       		.byte	20
 441 01a0 AF       		.byte	-81
 442 01a1 01       		.byte	1
 443 01a2 B0       		.byte	-80
 444 01a3 10       		.byte	16
 445 01a4 B1       		.byte	-79
 446 01a5 06       		.byte	6
 447 01a6 B2       		.byte	-78
 448 01a7 E0       		.byte	-32
 449 01a8 B3       		.byte	-77
 450 01a9 20       		.byte	32
 451 01aa B4       		.byte	-76
 452 01ab 0F       		.byte	15
 453 01ac B5       		.byte	-75
 454 01ad 18       		.byte	24
 455 01ae B7       		.byte	-73
 456 01af 01       		.byte	1
ARM GAS  C:\Users\agraw\AppData\Local\Temp\cc6FEj61.s 			page 9


 457 01b0 B9       		.byte	-71
 458 01b1 80       		.byte	-128
 459 01b2 BA       		.byte	-70
 460 01b3 20       		.byte	32
 461 01b4 BE       		.byte	-66
 462 01b5 01       		.byte	1
 463 01b6 BF       		.byte	-65
 464 01b7 01       		.byte	1
 465 01b8 C0       		.byte	-64
 466 01b9 36       		.byte	54
 467 01ba C1       		.byte	-63
 468 01bb 05       		.byte	5
 469 01bc C5       		.byte	-59
 470 01bd 0B       		.byte	11
 471 01be C7       		.byte	-57
 472 01bf CE       		.byte	-50
 473 01c0 C8       		.byte	-56
 474 01c1 31       		.byte	49
 475 01c2 C9       		.byte	-55
 476 01c3 FF       		.byte	-1
 477 01c4 CA       		.byte	-54
 478 01c5 FF       		.byte	-1
 479 01c6 CB       		.byte	-53
 480 01c7 FF       		.byte	-1
 481 01c8 CE       		.byte	-50
 482 01c9 F0       		.byte	-16
 483 01ca CF       		.byte	-49
 484 01cb 44       		.byte	68
 485 01cc D0       		.byte	-48
 486 01cd 0C       		.byte	12
 487 01ce D4       		.byte	-44
 488 01cf 01       		.byte	1
 489 01d0 D6       		.byte	-42
 490 01d1 04       		.byte	4
 491 01d2 D8       		.byte	-40
 492 01d3 04       		.byte	4
 493 01d4 D9       		.byte	-39
 494 01d5 04       		.byte	4
 495 01d6 DA       		.byte	-38
 496 01d7 04       		.byte	4
 497 01d8 DB       		.byte	-37
 498 01d9 04       		.byte	4
 499 01da DF       		.byte	-33
 500 01db 01       		.byte	1
 501 01dc E6       		.byte	-26
 502 01dd C0       		.byte	-64
 503 01de EA       		.byte	-22
 504 01df 40       		.byte	64
 505 01e0 EB       		.byte	-21
 506 01e1 02       		.byte	2
 507 01e2 00       		.byte	0
 508 01e3 40       		.byte	64
 509 01e4 01       		.byte	1
 510 01e5 02       		.byte	2
 511 01e6 04       		.byte	4
 512 01e7 10       		.byte	16
 513 01e8 05       		.byte	5
ARM GAS  C:\Users\agraw\AppData\Local\Temp\cc6FEj61.s 			page 10


 514 01e9 01       		.byte	1
 515 01ea 06       		.byte	6
 516 01eb 02       		.byte	2
 517 01ec 07       		.byte	7
 518 01ed 20       		.byte	32
 519 01ee 09       		.byte	9
 520 01ef 80       		.byte	-128
 521 01f0 0A       		.byte	10
 522 01f1 28       		.byte	40
 523 01f2 0D       		.byte	13
 524 01f3 80       		.byte	-128
 525 01f4 0E       		.byte	14
 526 01f5 24       		.byte	36
 527 01f6 10       		.byte	16
 528 01f7 40       		.byte	64
 529 01f8 11       		.byte	17
 530 01f9 04       		.byte	4
 531 01fa 13       		.byte	19
 532 01fb 20       		.byte	32
 533 01fc 14       		.byte	20
 534 01fd 40       		.byte	64
 535 01fe 15       		.byte	21
 536 01ff 16       		.byte	22
 537 0200 16       		.byte	22
 538 0201 01       		.byte	1
 539 0202 18       		.byte	24
 540 0203 40       		.byte	64
 541 0204 19       		.byte	25
 542 0205 01       		.byte	1
 543 0206 1A       		.byte	26
 544 0207 09       		.byte	9
 545 0208 1C       		.byte	28
 546 0209 10       		.byte	16
 547 020a 1D       		.byte	29
 548 020b 10       		.byte	16
 549 020c 1E       		.byte	30
 550 020d 40       		.byte	64
 551 020e 1F       		.byte	31
 552 020f 08       		.byte	8
 553 0210 21       		.byte	33
 554 0211 19       		.byte	25
 555 0212 23       		.byte	35
 556 0213 20       		.byte	32
 557 0214 25       		.byte	37
 558 0215 44       		.byte	68
 559 0216 26       		.byte	38
 560 0217 10       		.byte	16
 561 0218 27       		.byte	39
 562 0219 40       		.byte	64
 563 021a 29       		.byte	41
 564 021b 01       		.byte	1
 565 021c 2B       		.byte	43
 566 021d 40       		.byte	64
 567 021e 2D       		.byte	45
 568 021f 80       		.byte	-128
 569 0220 2F       		.byte	47
 570 0221 28       		.byte	40
ARM GAS  C:\Users\agraw\AppData\Local\Temp\cc6FEj61.s 			page 11


 571 0222 30       		.byte	48
 572 0223 50       		.byte	80
 573 0224 31       		.byte	49
 574 0225 18       		.byte	24
 575 0226 34       		.byte	52
 576 0227 01       		.byte	1
 577 0228 35       		.byte	53
 578 0229 04       		.byte	4
 579 022a 36       		.byte	54
 580 022b 10       		.byte	16
 581 022c 38       		.byte	56
 582 022d 08       		.byte	8
 583 022e 39       		.byte	57
 584 022f 04       		.byte	4
 585 0230 3B       		.byte	59
 586 0231 02       		.byte	2
 587 0232 3D       		.byte	61
 588 0233 50       		.byte	80
 589 0234 3E       		.byte	62
 590 0235 06       		.byte	6
 591 0236 41       		.byte	65
 592 0237 10       		.byte	16
 593 0238 44       		.byte	68
 594 0239 10       		.byte	16
 595 023a 49       		.byte	73
 596 023b 02       		.byte	2
 597 023c 4B       		.byte	75
 598 023d 02       		.byte	2
 599 023e 4C       		.byte	76
 600 023f 04       		.byte	4
 601 0240 4E       		.byte	78
 602 0241 10       		.byte	16
 603 0242 4F       		.byte	79
 604 0243 80       		.byte	-128
 605 0244 50       		.byte	80
 606 0245 04       		.byte	4
 607 0246 54       		.byte	84
 608 0247 04       		.byte	4
 609 0248 55       		.byte	85
 610 0249 01       		.byte	1
 611 024a 56       		.byte	86
 612 024b 01       		.byte	1
 613 024c 5D       		.byte	93
 614 024d 28       		.byte	40
 615 024e 5E       		.byte	94
 616 024f 40       		.byte	64
 617 0250 5F       		.byte	95
 618 0251 02       		.byte	2
 619 0252 67       		.byte	103
 620 0253 40       		.byte	64
 621 0254 84       		.byte	-124
 622 0255 10       		.byte	16
 623 0256 85       		.byte	-123
 624 0257 80       		.byte	-128
 625 0258 88       		.byte	-120
 626 0259 04       		.byte	4
 627 025a 8A       		.byte	-118
ARM GAS  C:\Users\agraw\AppData\Local\Temp\cc6FEj61.s 			page 12


 628 025b 03       		.byte	3
 629 025c 8B       		.byte	-117
 630 025d 02       		.byte	2
 631 025e 8D       		.byte	-115
 632 025f 21       		.byte	33
 633 0260 91       		.byte	-111
 634 0261 50       		.byte	80
 635 0262 92       		.byte	-110
 636 0263 04       		.byte	4
 637 0264 94       		.byte	-108
 638 0265 10       		.byte	16
 639 0266 96       		.byte	-106
 640 0267 08       		.byte	8
 641 0268 97       		.byte	-105
 642 0269 40       		.byte	64
 643 026a 98       		.byte	-104
 644 026b 01       		.byte	1
 645 026c 99       		.byte	-103
 646 026d 8C       		.byte	-116
 647 026e 9E       		.byte	-98
 648 026f 02       		.byte	2
 649 0270 9F       		.byte	-97
 650 0271 40       		.byte	64
 651 0272 A3       		.byte	-93
 652 0273 20       		.byte	32
 653 0274 A4       		.byte	-92
 654 0275 04       		.byte	4
 655 0276 A5       		.byte	-91
 656 0277 44       		.byte	68
 657 0278 A6       		.byte	-90
 658 0279 10       		.byte	16
 659 027a A7       		.byte	-89
 660 027b 08       		.byte	8
 661 027c AF       		.byte	-81
 662 027d 40       		.byte	64
 663 027e B1       		.byte	-79
 664 027f 40       		.byte	64
 665 0280 B2       		.byte	-78
 666 0281 10       		.byte	16
 667 0282 B5       		.byte	-75
 668 0283 04       		.byte	4
 669 0284 B7       		.byte	-73
 670 0285 40       		.byte	64
 671 0286 C0       		.byte	-64
 672 0287 F9       		.byte	-7
 673 0288 C2       		.byte	-62
 674 0289 E7       		.byte	-25
 675 028a C4       		.byte	-60
 676 028b FE       		.byte	-2
 677 028c CA       		.byte	-54
 678 028d 71       		.byte	113
 679 028e CC       		.byte	-52
 680 028f EE       		.byte	-18
 681 0290 CE       		.byte	-50
 682 0291 F3       		.byte	-13
 683 0292 D0       		.byte	-48
 684 0293 44       		.byte	68
ARM GAS  C:\Users\agraw\AppData\Local\Temp\cc6FEj61.s 			page 13


 685 0294 D2       		.byte	-46
 686 0295 30       		.byte	48
 687 0296 D6       		.byte	-42
 688 0297 F0       		.byte	-16
 689 0298 D8       		.byte	-40
 690 0299 80       		.byte	-128
 691 029a E6       		.byte	-26
 692 029b 80       		.byte	-128
 693 029c 30       		.byte	48
 694 029d 10       		.byte	16
 695 029e CC       		.byte	-52
 696 029f 10       		.byte	16
 697 02a0 9C       		.byte	-100
 698 02a1 10       		.byte	16
 699 02a2 9C       		.byte	-100
 700 02a3 10       		.byte	16
 701 02a4 67       		.byte	103
 702 02a5 80       		.byte	-128
 703 02a6 9C       		.byte	-100
 704 02a7 10       		.byte	16
 705 02a8 D8       		.byte	-40
 706 02a9 80       		.byte	-128
 707 02aa 67       		.byte	103
 708 02ab 80       		.byte	-128
 709 02ac 97       		.byte	-105
 710 02ad 80       		.byte	-128
 711 02ae 9C       		.byte	-100
 712 02af 10       		.byte	16
 713 02b0 D8       		.byte	-40
 714 02b1 80       		.byte	-128
 715 02b2 8B       		.byte	-117
 716 02b3 40       		.byte	64
 717 02b4 97       		.byte	-105
 718 02b5 80       		.byte	-128
 719 02b6 AC       		.byte	-84
 720 02b7 10       		.byte	16
 721 02b8 EE       		.byte	-18
 722 02b9 40       		.byte	64
 723 02ba 87       		.byte	-121
 724 02bb 10       		.byte	16
 725 02bc 10       		.byte	16
 726 02bd 40       		.byte	64
 727 02be 73       		.byte	115
 728 02bf 10       		.byte	16
 729 02c0 88       		.byte	-120
 730 02c1 40       		.byte	64
 731 02c2 93       		.byte	-109
 732 02c3 10       		.byte	16
 733 02c4 C4       		.byte	-60
 734 02c5 08       		.byte	8
 735 02c6 DC       		.byte	-36
 736 02c7 01       		.byte	1
 737 02c8 E2       		.byte	-30
 738 02c9 01       		.byte	1
 739 02ca 10       		.byte	16
 740 02cb 01       		.byte	1
 741 02cc 1C       		.byte	28
ARM GAS  C:\Users\agraw\AppData\Local\Temp\cc6FEj61.s 			page 14


 742 02cd 01       		.byte	1
 743 02ce 00       		.byte	0
 744 02cf 03       		.byte	3
 745 02d0 00       		.byte	0
 746 02d1 10       		.byte	16
 747 02d2 00       		.byte	0
 748 02d3 00       		.byte	0
 749 02d4 3F       		.byte	63
 750 02d5 08       		.byte	8
 751 02d6 00       		.byte	0
 752 02d7 00       		.byte	0
 753 02d8 03       		.byte	3
 754 02d9 18       		.byte	24
 755 02da 00       		.byte	0
 756 02db 00       		.byte	0
 757 02dc 02       		.byte	2
 758 02dd 00       		.byte	0
 759 02de 00       		.byte	0
 760 02df E6       		.byte	-26
 761 02e0 00       		.byte	0
 762 02e1 19       		.byte	25
 763 02e2 23       		.byte	35
 764 02e3 E2       		.byte	-30
 765 02e4 1C       		.byte	28
 766 02e5 FF       		.byte	-1
 767 02e6 23       		.byte	35
 768 02e7 00       		.byte	0
 769 02e8 33       		.byte	51
 770 02e9 00       		.byte	0
 771 02ea 0C       		.byte	12
 772 02eb 01       		.byte	1
 773 02ec 1F       		.byte	31
 774 02ed 80       		.byte	-128
 775 02ee 20       		.byte	32
 776 02ef 00       		.byte	0
 777 02f0 08       		.byte	8
 778 02f1 41       		.byte	65
 779 02f2 00       		.byte	0
 780 02f3 00       		.byte	0
 781 02f4 04       		.byte	4
 782 02f5 E7       		.byte	-25
 783 02f6 00       		.byte	0
 784 02f7 18       		.byte	24
 785 02f8 0C       		.byte	12
 786 02f9 C0       		.byte	-64
 787 02fa 00       		.byte	0
 788 02fb 00       		.byte	0
 789 02fc 01       		.byte	1
 790 02fd 39       		.byte	57
 791 02fe 00       		.byte	0
 792 02ff C4       		.byte	-60
 793 0300 10       		.byte	16
 794 0301 38       		.byte	56
 795 0302 00       		.byte	0
 796 0303 1F       		.byte	31
 797 0304 0F       		.byte	15
 798 0305 00       		.byte	0
ARM GAS  C:\Users\agraw\AppData\Local\Temp\cc6FEj61.s 			page 15


 799 0306 2C       		.byte	44
 800 0307 C0       		.byte	-64
 801 0308 00       		.byte	0
 802 0309 00       		.byte	0
 803 030a A8       		.byte	-88
 804 030b 08       		.byte	8
 805 030c 00       		.byte	0
 806 030d 00       		.byte	0
 807 030e 01       		.byte	1
 808 030f 00       		.byte	0
 809 0310 23       		.byte	35
 810 0311 06       		.byte	6
 811 0312 05       		.byte	5
 812 0313 00       		.byte	0
 813 0314 01       		.byte	1
 814 0315 0C       		.byte	12
 815 0316 E0       		.byte	-32
 816 0317 00       		.byte	0
 817 0318 09       		.byte	9
 818 0319 FF       		.byte	-1
 819 031a FF       		.byte	-1
 820 031b FF       		.byte	-1
 821 031c 62       		.byte	98
 822 031d A0       		.byte	-96
 823 031e F0       		.byte	-16
 824 031f 41       		.byte	65
 825 0320 0C       		.byte	12
 826 0321 00       		.byte	0
 827 0322 00       		.byte	0
 828 0323 00       		.byte	0
 829 0324 00       		.byte	0
 830 0325 00       		.byte	0
 831 0326 02       		.byte	2
 832 0327 10       		.byte	16
 833 0328 04       		.byte	4
 834 0329 04       		.byte	4
 835 032a 04       		.byte	4
 836 032b 04       		.byte	4
 837 032c 00       		.byte	0
 838 032d 00       		.byte	0
 839 032e 00       		.byte	0
 840 032f 01       		.byte	1
 841 0330 00       		.byte	0
 842 0331 00       		.byte	0
 843 0332 00       		.byte	0
 844 0333 00       		.byte	0
 845 0334 00       		.byte	0
 846 0335 00       		.byte	0
 847 0336 40       		.byte	64
 848 0337 02       		.byte	2
 849 0338 00       		.byte	0
 850 0339 10       		.byte	16
 851 033a 30       		.byte	48
 852 033b 10       		.byte	16
 853 033c 00       		.byte	0
 854 033d 10       		.byte	16
 855 033e 10       		.byte	16
ARM GAS  C:\Users\agraw\AppData\Local\Temp\cc6FEj61.s 			page 16


 856 033f 12       		.byte	18
 857 0340 00       		.byte	0
 858 0341 00       		.byte	0
 859 0342 00       		.byte	0
 860 0343 00       		.byte	0
 861 0344 00       		.byte	0
 862 0345 00       		.byte	0
 863 0346 00       		.byte	0
 864 0347 00       		.byte	0
 865 0348 00       		.byte	0
 866 0349 00       		.byte	0
 867 034a 00       		.byte	0
 868 034b 00       		.byte	0
 869 034c 00       		.byte	0
 870 034d 00       		.byte	0
 871 034e 00       		.byte	0
 872 034f 00       		.byte	0
 873 0350 00       		.byte	0
 874 0351 C0       		.byte	-64
 875 0352 C0       		.byte	-64
 876 0353 00       		.byte	0
 877 0354 00       		.byte	0
 878 0355 00       		.byte	0
 879 0356 00       		.byte	0
 880 0357 00       		.byte	0
 881 0358 80       		.byte	-128
 882 0359 00       		.byte	0
 883 035a 40       		.byte	64
 884 035b 80       		.byte	-128
 885 035c 80       		.byte	-128
 886 035d 00       		.byte	0
 887 035e 80       		.byte	-128
 888 035f 00       		.byte	0
 889 0360 00       		.byte	0
 890 0361 00       		.byte	0
 891 0362 00       		.byte	0
 892 0363 00       		.byte	0
 893 0364 00       		.byte	0
 894 0365 CB       		.byte	-53
 895 0366 CB       		.byte	-53
 896 0367 00       		.byte	0
 897 0368 00       		.byte	0
 898 0369 00       		.byte	0
 899 036a 00       		.byte	0
 900 036b 00       		.byte	0
 901 036c 00       		.byte	0
 902 036d 01       		.byte	1
 903 036e 01       		.byte	1
 904 036f 00       		.byte	0
 905 0370 00       		.byte	0
 906 0371 00       		.byte	0
 907 0372 00       		.byte	0
 908 0373 00       		.byte	0
 909              		.global	cy_meta_custnvl
 910              		.section	.cycustnvl,"a",%progbits
 911              		.align	2
 912              		.type	cy_meta_custnvl, %object
ARM GAS  C:\Users\agraw\AppData\Local\Temp\cc6FEj61.s 			page 17


 913              		.size	cy_meta_custnvl, 4
 914              	cy_meta_custnvl:
 915 0000 00       		.byte	0
 916 0001 00       		.byte	0
 917 0002 40       		.byte	64
 918 0003 05       		.byte	5
 919              		.global	cy_meta_wonvl
 920              		.section	.cywolatch,"a",%progbits
 921              		.align	2
 922              		.type	cy_meta_wonvl, %object
 923              		.size	cy_meta_wonvl, 4
 924              	cy_meta_wonvl:
 925 0000 BC       		.byte	-68
 926 0001 90       		.byte	-112
 927 0002 AC       		.byte	-84
 928 0003 AF       		.byte	-81
 929              		.global	cy_meta_flashprotect
 930              		.section	.cyflashprotect,"a",%progbits
 931              		.align	2
 932              		.type	cy_meta_flashprotect, %object
 933              		.size	cy_meta_flashprotect, 256
 934              	cy_meta_flashprotect:
 935 0000 00000000 		.space	256
 935      00000000 
 935      00000000 
 935      00000000 
 935      00000000 
 936              		.global	cy_metadata
 937              		.section	.cymeta,"a",%progbits
 938              		.align	2
 939              		.type	cy_metadata, %object
 940              		.size	cy_metadata, 12
 941              	cy_metadata:
 942 0000 00       		.byte	0
 943 0001 01       		.byte	1
 944 0002 2E       		.byte	46
 945 0003 16       		.byte	22
 946 0004 10       		.byte	16
 947 0005 69       		.byte	105
 948 0006 00       		.byte	0
 949 0007 01       		.byte	1
 950 0008 00       		.byte	0
 951 0009 00       		.byte	0
 952 000a 00       		.byte	0
 953 000b 00       		.byte	0
 954              		.text
 955              	.Letext0:
 956              		.file 1 "c:\\program files (x86)\\cypress\\psoc creator\\4.4\\psoc creator\\import\\gnu\\arm\\5.4.
 957              		.file 2 "c:\\program files (x86)\\cypress\\psoc creator\\4.4\\psoc creator\\import\\gnu\\arm\\5.4.
 958              		.file 3 "Generated_Source\\PSoC5\\cymetadata.c"
 959              		.section	.debug_info,"",%progbits
 960              	.Ldebug_info0:
 961 0000 31010000 		.4byte	0x131
 962 0004 0400     		.2byte	0x4
 963 0006 00000000 		.4byte	.Ldebug_abbrev0
 964 000a 04       		.byte	0x4
 965 000b 01       		.uleb128 0x1
ARM GAS  C:\Users\agraw\AppData\Local\Temp\cc6FEj61.s 			page 18


 966 000c 0A000000 		.4byte	.LASF17
 967 0010 0C       		.byte	0xc
 968 0011 B6010000 		.4byte	.LASF18
 969 0015 D7000000 		.4byte	.LASF19
 970 0019 00000000 		.4byte	.Ldebug_line0
 971 001d 02       		.uleb128 0x2
 972 001e 01       		.byte	0x1
 973 001f 06       		.byte	0x6
 974 0020 AA010000 		.4byte	.LASF0
 975 0024 03       		.uleb128 0x3
 976 0025 00000000 		.4byte	.LASF9
 977 0029 01       		.byte	0x1
 978 002a 1D       		.byte	0x1d
 979 002b 2F000000 		.4byte	0x2f
 980 002f 02       		.uleb128 0x2
 981 0030 01       		.byte	0x1
 982 0031 08       		.byte	0x8
 983 0032 A4000000 		.4byte	.LASF1
 984 0036 02       		.uleb128 0x2
 985 0037 02       		.byte	0x2
 986 0038 05       		.byte	0x5
 987 0039 97010000 		.4byte	.LASF2
 988 003d 02       		.uleb128 0x2
 989 003e 02       		.byte	0x2
 990 003f 07       		.byte	0x7
 991 0040 C4000000 		.4byte	.LASF3
 992 0044 02       		.uleb128 0x2
 993 0045 04       		.byte	0x4
 994 0046 05       		.byte	0x5
 995 0047 A1010000 		.4byte	.LASF4
 996 004b 02       		.uleb128 0x2
 997 004c 04       		.byte	0x4
 998 004d 07       		.byte	0x7
 999 004e B2000000 		.4byte	.LASF5
 1000 0052 02       		.uleb128 0x2
 1001 0053 08       		.byte	0x8
 1002 0054 05       		.byte	0x5
 1003 0055 89010000 		.4byte	.LASF6
 1004 0059 02       		.uleb128 0x2
 1005 005a 08       		.byte	0x8
 1006 005b 07       		.byte	0x7
 1007 005c 3E010000 		.4byte	.LASF7
 1008 0060 04       		.uleb128 0x4
 1009 0061 04       		.byte	0x4
 1010 0062 05       		.byte	0x5
 1011 0063 696E7400 		.ascii	"int\000"
 1012 0067 02       		.uleb128 0x2
 1013 0068 04       		.byte	0x4
 1014 0069 07       		.byte	0x7
 1015 006a 31010000 		.4byte	.LASF8
 1016 006e 03       		.uleb128 0x3
 1017 006f 55010000 		.4byte	.LASF10
 1018 0073 02       		.byte	0x2
 1019 0074 18       		.byte	0x18
 1020 0075 24000000 		.4byte	0x24
 1021 0079 05       		.uleb128 0x5
 1022 007a 91000000 		.4byte	0x91
ARM GAS  C:\Users\agraw\AppData\Local\Temp\cc6FEj61.s 			page 19


 1023 007e 8A000000 		.4byte	0x8a
 1024 0082 06       		.uleb128 0x6
 1025 0083 8A000000 		.4byte	0x8a
 1026 0087 7303     		.2byte	0x373
 1027 0089 00       		.byte	0
 1028 008a 02       		.uleb128 0x2
 1029 008b 04       		.byte	0x4
 1030 008c 07       		.byte	0x7
 1031 008d 80010000 		.4byte	.LASF11
 1032 0091 07       		.uleb128 0x7
 1033 0092 6E000000 		.4byte	0x6e
 1034 0096 08       		.uleb128 0x8
 1035 0097 1F010000 		.4byte	.LASF12
 1036 009b 03       		.byte	0x3
 1037 009c 1F       		.byte	0x1f
 1038 009d A7000000 		.4byte	0xa7
 1039 00a1 05       		.uleb128 0x5
 1040 00a2 03       		.byte	0x3
 1041 00a3 00000000 		.4byte	cy_meta_configecc
 1042 00a7 07       		.uleb128 0x7
 1043 00a8 79000000 		.4byte	0x79
 1044 00ac 05       		.uleb128 0x5
 1045 00ad 91000000 		.4byte	0x91
 1046 00b1 BC000000 		.4byte	0xbc
 1047 00b5 09       		.uleb128 0x9
 1048 00b6 8A000000 		.4byte	0x8a
 1049 00ba 03       		.byte	0x3
 1050 00bb 00       		.byte	0
 1051 00bc 08       		.uleb128 0x8
 1052 00bd 0F010000 		.4byte	.LASF13
 1053 00c1 03       		.byte	0x3
 1054 00c2 9B       		.byte	0x9b
 1055 00c3 CD000000 		.4byte	0xcd
 1056 00c7 05       		.uleb128 0x5
 1057 00c8 03       		.byte	0x3
 1058 00c9 00000000 		.4byte	cy_meta_custnvl
 1059 00cd 07       		.uleb128 0x7
 1060 00ce AC000000 		.4byte	0xac
 1061 00d2 08       		.uleb128 0x8
 1062 00d3 72010000 		.4byte	.LASF14
 1063 00d7 03       		.byte	0x3
 1064 00d8 A9       		.byte	0xa9
 1065 00d9 E3000000 		.4byte	0xe3
 1066 00dd 05       		.uleb128 0x5
 1067 00de 03       		.byte	0x3
 1068 00df 00000000 		.4byte	cy_meta_wonvl
 1069 00e3 07       		.uleb128 0x7
 1070 00e4 AC000000 		.4byte	0xac
 1071 00e8 05       		.uleb128 0x5
 1072 00e9 91000000 		.4byte	0x91
 1073 00ed F8000000 		.4byte	0xf8
 1074 00f1 09       		.uleb128 0x9
 1075 00f2 8A000000 		.4byte	0x8a
 1076 00f6 FF       		.byte	0xff
 1077 00f7 00       		.byte	0
 1078 00f8 08       		.uleb128 0x8
 1079 00f9 5D010000 		.4byte	.LASF15
ARM GAS  C:\Users\agraw\AppData\Local\Temp\cc6FEj61.s 			page 20


 1080 00fd 03       		.byte	0x3
 1081 00fe B7       		.byte	0xb7
 1082 00ff 09010000 		.4byte	0x109
 1083 0103 05       		.uleb128 0x5
 1084 0104 03       		.byte	0x3
 1085 0105 00000000 		.4byte	cy_meta_flashprotect
 1086 0109 07       		.uleb128 0x7
 1087 010a E8000000 		.4byte	0xe8
 1088 010e 05       		.uleb128 0x5
 1089 010f 91000000 		.4byte	0x91
 1090 0113 1E010000 		.4byte	0x11e
 1091 0117 09       		.uleb128 0x9
 1092 0118 8A000000 		.4byte	0x8a
 1093 011c 0B       		.byte	0xb
 1094 011d 00       		.byte	0
 1095 011e 08       		.uleb128 0x8
 1096 011f 98000000 		.4byte	.LASF16
 1097 0123 03       		.byte	0x3
 1098 0124 E4       		.byte	0xe4
 1099 0125 2F010000 		.4byte	0x12f
 1100 0129 05       		.uleb128 0x5
 1101 012a 03       		.byte	0x3
 1102 012b 00000000 		.4byte	cy_metadata
 1103 012f 07       		.uleb128 0x7
 1104 0130 0E010000 		.4byte	0x10e
 1105 0134 00       		.byte	0
 1106              		.section	.debug_abbrev,"",%progbits
 1107              	.Ldebug_abbrev0:
 1108 0000 01       		.uleb128 0x1
 1109 0001 11       		.uleb128 0x11
 1110 0002 01       		.byte	0x1
 1111 0003 25       		.uleb128 0x25
 1112 0004 0E       		.uleb128 0xe
 1113 0005 13       		.uleb128 0x13
 1114 0006 0B       		.uleb128 0xb
 1115 0007 03       		.uleb128 0x3
 1116 0008 0E       		.uleb128 0xe
 1117 0009 1B       		.uleb128 0x1b
 1118 000a 0E       		.uleb128 0xe
 1119 000b 10       		.uleb128 0x10
 1120 000c 17       		.uleb128 0x17
 1121 000d 00       		.byte	0
 1122 000e 00       		.byte	0
 1123 000f 02       		.uleb128 0x2
 1124 0010 24       		.uleb128 0x24
 1125 0011 00       		.byte	0
 1126 0012 0B       		.uleb128 0xb
 1127 0013 0B       		.uleb128 0xb
 1128 0014 3E       		.uleb128 0x3e
 1129 0015 0B       		.uleb128 0xb
 1130 0016 03       		.uleb128 0x3
 1131 0017 0E       		.uleb128 0xe
 1132 0018 00       		.byte	0
 1133 0019 00       		.byte	0
 1134 001a 03       		.uleb128 0x3
 1135 001b 16       		.uleb128 0x16
 1136 001c 00       		.byte	0
ARM GAS  C:\Users\agraw\AppData\Local\Temp\cc6FEj61.s 			page 21


 1137 001d 03       		.uleb128 0x3
 1138 001e 0E       		.uleb128 0xe
 1139 001f 3A       		.uleb128 0x3a
 1140 0020 0B       		.uleb128 0xb
 1141 0021 3B       		.uleb128 0x3b
 1142 0022 0B       		.uleb128 0xb
 1143 0023 49       		.uleb128 0x49
 1144 0024 13       		.uleb128 0x13
 1145 0025 00       		.byte	0
 1146 0026 00       		.byte	0
 1147 0027 04       		.uleb128 0x4
 1148 0028 24       		.uleb128 0x24
 1149 0029 00       		.byte	0
 1150 002a 0B       		.uleb128 0xb
 1151 002b 0B       		.uleb128 0xb
 1152 002c 3E       		.uleb128 0x3e
 1153 002d 0B       		.uleb128 0xb
 1154 002e 03       		.uleb128 0x3
 1155 002f 08       		.uleb128 0x8
 1156 0030 00       		.byte	0
 1157 0031 00       		.byte	0
 1158 0032 05       		.uleb128 0x5
 1159 0033 01       		.uleb128 0x1
 1160 0034 01       		.byte	0x1
 1161 0035 49       		.uleb128 0x49
 1162 0036 13       		.uleb128 0x13
 1163 0037 01       		.uleb128 0x1
 1164 0038 13       		.uleb128 0x13
 1165 0039 00       		.byte	0
 1166 003a 00       		.byte	0
 1167 003b 06       		.uleb128 0x6
 1168 003c 21       		.uleb128 0x21
 1169 003d 00       		.byte	0
 1170 003e 49       		.uleb128 0x49
 1171 003f 13       		.uleb128 0x13
 1172 0040 2F       		.uleb128 0x2f
 1173 0041 05       		.uleb128 0x5
 1174 0042 00       		.byte	0
 1175 0043 00       		.byte	0
 1176 0044 07       		.uleb128 0x7
 1177 0045 26       		.uleb128 0x26
 1178 0046 00       		.byte	0
 1179 0047 49       		.uleb128 0x49
 1180 0048 13       		.uleb128 0x13
 1181 0049 00       		.byte	0
 1182 004a 00       		.byte	0
 1183 004b 08       		.uleb128 0x8
 1184 004c 34       		.uleb128 0x34
 1185 004d 00       		.byte	0
 1186 004e 03       		.uleb128 0x3
 1187 004f 0E       		.uleb128 0xe
 1188 0050 3A       		.uleb128 0x3a
 1189 0051 0B       		.uleb128 0xb
 1190 0052 3B       		.uleb128 0x3b
 1191 0053 0B       		.uleb128 0xb
 1192 0054 49       		.uleb128 0x49
 1193 0055 13       		.uleb128 0x13
ARM GAS  C:\Users\agraw\AppData\Local\Temp\cc6FEj61.s 			page 22


 1194 0056 3F       		.uleb128 0x3f
 1195 0057 19       		.uleb128 0x19
 1196 0058 02       		.uleb128 0x2
 1197 0059 18       		.uleb128 0x18
 1198 005a 00       		.byte	0
 1199 005b 00       		.byte	0
 1200 005c 09       		.uleb128 0x9
 1201 005d 21       		.uleb128 0x21
 1202 005e 00       		.byte	0
 1203 005f 49       		.uleb128 0x49
 1204 0060 13       		.uleb128 0x13
 1205 0061 2F       		.uleb128 0x2f
 1206 0062 0B       		.uleb128 0xb
 1207 0063 00       		.byte	0
 1208 0064 00       		.byte	0
 1209 0065 00       		.byte	0
 1210              		.section	.debug_aranges,"",%progbits
 1211 0000 14000000 		.4byte	0x14
 1212 0004 0200     		.2byte	0x2
 1213 0006 00000000 		.4byte	.Ldebug_info0
 1214 000a 04       		.byte	0x4
 1215 000b 00       		.byte	0
 1216 000c 0000     		.2byte	0
 1217 000e 0000     		.2byte	0
 1218 0010 00000000 		.4byte	0
 1219 0014 00000000 		.4byte	0
 1220              		.section	.debug_line,"",%progbits
 1221              	.Ldebug_line0:
 1222 0000 3D010000 		.section	.debug_str,"MS",%progbits,1
 1222      02003701 
 1222      00000201 
 1222      FB0E0D00 
 1222      01010101 
 1223              	.LASF9:
 1224 0000 5F5F7569 		.ascii	"__uint8_t\000"
 1224      6E74385F 
 1224      7400
 1225              	.LASF17:
 1226 000a 474E5520 		.ascii	"GNU C11 5.4.1 20160609 (release) [ARM/embedded-5-br"
 1226      43313120 
 1226      352E342E 
 1226      31203230 
 1226      31363036 
 1227 003d 616E6368 		.ascii	"anch revision 237715] -mcpu=cortex-m3 -mthumb -g -O"
 1227      20726576 
 1227      6973696F 
 1227      6E203233 
 1227      37373135 
 1228 0070 30202D66 		.ascii	"0 -ffunction-sections -ffat-lto-objects\000"
 1228      66756E63 
 1228      74696F6E 
 1228      2D736563 
 1228      74696F6E 
 1229              	.LASF16:
 1230 0098 63795F6D 		.ascii	"cy_metadata\000"
 1230      65746164 
 1230      61746100 
ARM GAS  C:\Users\agraw\AppData\Local\Temp\cc6FEj61.s 			page 23


 1231              	.LASF1:
 1232 00a4 756E7369 		.ascii	"unsigned char\000"
 1232      676E6564 
 1232      20636861 
 1232      7200
 1233              	.LASF5:
 1234 00b2 6C6F6E67 		.ascii	"long unsigned int\000"
 1234      20756E73 
 1234      69676E65 
 1234      6420696E 
 1234      7400
 1235              	.LASF3:
 1236 00c4 73686F72 		.ascii	"short unsigned int\000"
 1236      7420756E 
 1236      7369676E 
 1236      65642069 
 1236      6E7400
 1237              	.LASF19:
 1238 00d7 443A5C45 		.ascii	"D:\\Embedded\\Assignment\\AMA_EOS_Lab_01\\PreDesign"
 1238      6D626564 
 1238      6465645C 
 1238      41737369 
 1238      676E6D65 
 1239 0106 30312E63 		.ascii	"01.cydsn\000"
 1239      7964736E 
 1239      00
 1240              	.LASF13:
 1241 010f 63795F6D 		.ascii	"cy_meta_custnvl\000"
 1241      6574615F 
 1241      63757374 
 1241      6E766C00 
 1242              	.LASF12:
 1243 011f 63795F6D 		.ascii	"cy_meta_configecc\000"
 1243      6574615F 
 1243      636F6E66 
 1243      69676563 
 1243      6300
 1244              	.LASF8:
 1245 0131 756E7369 		.ascii	"unsigned int\000"
 1245      676E6564 
 1245      20696E74 
 1245      00
 1246              	.LASF7:
 1247 013e 6C6F6E67 		.ascii	"long long unsigned int\000"
 1247      206C6F6E 
 1247      6720756E 
 1247      7369676E 
 1247      65642069 
 1248              	.LASF10:
 1249 0155 75696E74 		.ascii	"uint8_t\000"
 1249      385F7400 
 1250              	.LASF15:
 1251 015d 63795F6D 		.ascii	"cy_meta_flashprotect\000"
 1251      6574615F 
 1251      666C6173 
 1251      6870726F 
 1251      74656374 
ARM GAS  C:\Users\agraw\AppData\Local\Temp\cc6FEj61.s 			page 24


 1252              	.LASF14:
 1253 0172 63795F6D 		.ascii	"cy_meta_wonvl\000"
 1253      6574615F 
 1253      776F6E76 
 1253      6C00
 1254              	.LASF11:
 1255 0180 73697A65 		.ascii	"sizetype\000"
 1255      74797065 
 1255      00
 1256              	.LASF6:
 1257 0189 6C6F6E67 		.ascii	"long long int\000"
 1257      206C6F6E 
 1257      6720696E 
 1257      7400
 1258              	.LASF2:
 1259 0197 73686F72 		.ascii	"short int\000"
 1259      7420696E 
 1259      7400
 1260              	.LASF4:
 1261 01a1 6C6F6E67 		.ascii	"long int\000"
 1261      20696E74 
 1261      00
 1262              	.LASF0:
 1263 01aa 7369676E 		.ascii	"signed char\000"
 1263      65642063 
 1263      68617200 
 1264              	.LASF18:
 1265 01b6 47656E65 		.ascii	"Generated_Source\\PSoC5\\cymetadata.c\000"
 1265      72617465 
 1265      645F536F 
 1265      75726365 
 1265      5C50536F 
 1266              		.ident	"GCC: (GNU Tools for ARM Embedded Processors) 5.4.1 20160609 (release) [ARM/embedded-5-bran
