ARM GAS  C:\Users\agraw\AppData\Local\Temp\ccJWZTdT.s 			page 1


   1              		.syntax unified
   2              		.cpu cortex-m3
   3              		.fpu softvfp
   4              		.eabi_attribute 20, 1
   5              		.eabi_attribute 21, 1
   6              		.eabi_attribute 23, 3
   7              		.eabi_attribute 24, 1
   8              		.eabi_attribute 25, 1
   9              		.eabi_attribute 26, 1
  10              		.eabi_attribute 30, 1
  11              		.eabi_attribute 34, 1
  12              		.eabi_attribute 18, 4
  13              		.thumb
  14              		.syntax unified
  15              		.file	"logging.c"
  16              		.text
  17              	.Ltext0:
  18              		.cfi_sections	.debug_frame
  19              		.section	.text.LOG_Init,"ax",%progbits
  20              		.align	2
  21              		.global	LOG_Init
  22              		.thumb
  23              		.thumb_func
  24              		.type	LOG_Init, %function
  25              	LOG_Init:
  26              	.LFB67:
  27              		.file 1 "bsw\\Services\\logging.c"
   1:bsw\Services/logging.c **** /**
   2:bsw\Services/logging.c ****  * \file 	logging.c
   3:bsw\Services/logging.c ****  * \author 	Thomas Barth	- Hochschule Darmstadt thomas.barth@h-da.de
   4:bsw\Services/logging.c ****  * \date 	26.11.2016
   5:bsw\Services/logging.c ****  * \version 0.1
   6:bsw\Services/logging.c ****  *
   7:bsw\Services/logging.c ****  * \brief  Logging mechanism
   8:bsw\Services/logging.c ****  *
   9:bsw\Services/logging.c ****  * \copyright Copyright ©2016
  10:bsw\Services/logging.c ****  * Department of electrical engineering and information technology, Hochschule Darmstadt - Universi
  11:bsw\Services/logging.c ****  * Permission to use, copy, modify, and distribute this software and its documentation for educatio
  12:bsw\Services/logging.c ****  * (unless permitted by h_da) and official h_da projects, is hereby granted for enrolled students o
  13:bsw\Services/logging.c ****  * this paragraph and the following paragraph appear in all copies, modifications, and distribution
  14:bsw\Services/logging.c ****  * Contact Prof.Dr.-Ing. Peter Fromm, peter.fromm@h-da.de, Birkenweg 8 64295 Darmstadt - GERMANY fo
  15:bsw\Services/logging.c ****  *
  16:bsw\Services/logging.c ****  * \warning This software is a PROTOTYPE version and is not designed or intended for use in product
  17:bsw\Services/logging.c ****  * The user represents and warrants that it will NOT use or redistribute the Software for such purp
  18:bsw\Services/logging.c ****  * This prototype is for research purposes only. This software is provided "AS IS," without a warra
  19:bsw\Services/logging.c ****  */
  20:bsw\Services/logging.c **** /*=======================[ Includes ]==============================================================
  21:bsw\Services/logging.c **** #include <project.h>
  22:bsw\Services/logging.c **** #include "logging.h"
  23:bsw\Services/logging.c **** 
  24:bsw\Services/logging.c **** 
  25:bsw\Services/logging.c **** /*=======================[ constant data ]=========================================================
  26:bsw\Services/logging.c **** 
  27:bsw\Services/logging.c **** const char logLevel2String[6][CFG_LOGGING_LEVEL_L+1]={
  28:bsw\Services/logging.c ****     "Verbose",
  29:bsw\Services/logging.c ****     "Info",
  30:bsw\Services/logging.c ****     "Warning",
ARM GAS  C:\Users\agraw\AppData\Local\Temp\ccJWZTdT.s 			page 2


  31:bsw\Services/logging.c ****     "Error",
  32:bsw\Services/logging.c ****     "Debug",
  33:bsw\Services/logging.c ****     "Off"
  34:bsw\Services/logging.c **** };
  35:bsw\Services/logging.c **** 
  36:bsw\Services/logging.c **** /*=======================[ variable data ]=========================================================
  37:bsw\Services/logging.c **** 
  38:bsw\Services/logging.c **** /*=======================[ Function implementation ]===============================================
  39:bsw\Services/logging.c **** 
  40:bsw\Services/logging.c **** RC_t LOG_Init(void){
  28              		.loc 1 40 0
  29              		.cfi_startproc
  30              		@ args = 0, pretend = 0, frame = 0
  31              		@ frame_needed = 0, uses_anonymous_args = 0
  32 0000 10B5     		push	{r4, lr}
  33              		.cfi_def_cfa_offset 8
  34              		.cfi_offset 4, -8
  35              		.cfi_offset 14, -4
  41:bsw\Services/logging.c **** #if (CFG_LOGGING_ENABLE==ON)   
  42:bsw\Services/logging.c ****     //Start logging service HW module
  43:bsw\Services/logging.c ****     MODULE_LOG(Start)();
  36              		.loc 1 43 0
  37 0002 FFF7FEFF 		bl	UART_LOG_Start
  38              	.LVL0:
  44:bsw\Services/logging.c ****     
  45:bsw\Services/logging.c ****     //indicate DEBUG Start
  46:bsw\Services/logging.c ****     MODULE_LOG(PutString)(CFG_LOGGING_NL_CHAR);
  39              		.loc 1 46 0
  40 0006 074C     		ldr	r4, .L3
  41 0008 2046     		mov	r0, r4
  42 000a FFF7FEFF 		bl	UART_LOG_PutString
  43              	.LVL1:
  47:bsw\Services/logging.c ****     MODULE_LOG(PutString)(CFG_LOGGING_NL_CHAR);
  44              		.loc 1 47 0
  45 000e 2046     		mov	r0, r4
  46 0010 FFF7FEFF 		bl	UART_LOG_PutString
  47              	.LVL2:
  48:bsw\Services/logging.c ****     MODULE_LOG(PutString)("UART started");
  48              		.loc 1 48 0
  49 0014 0448     		ldr	r0, .L3+4
  50 0016 FFF7FEFF 		bl	UART_LOG_PutString
  51              	.LVL3:
  49:bsw\Services/logging.c ****     MODULE_LOG(PutString)(CFG_LOGGING_NL_CHAR);
  52              		.loc 1 49 0
  53 001a 2046     		mov	r0, r4
  54 001c FFF7FEFF 		bl	UART_LOG_PutString
  55              	.LVL4:
  50:bsw\Services/logging.c **** 
  51:bsw\Services/logging.c **** #else
  52:bsw\Services/logging.c ****     return RC_ERROR_INVALID_STATE;
  53:bsw\Services/logging.c **** #endif
  54:bsw\Services/logging.c **** }
  56              		.loc 1 54 0
  57 0020 10BD     		pop	{r4, pc}
  58              	.L4:
  59 0022 00BF     		.align	2
  60              	.L3:
ARM GAS  C:\Users\agraw\AppData\Local\Temp\ccJWZTdT.s 			page 3


  61 0024 00000000 		.word	.LC0
  62 0028 04000000 		.word	.LC1
  63              		.cfi_endproc
  64              	.LFE67:
  65              		.size	LOG_Init, .-LOG_Init
  66              		.section	.text.LOG_send,"ax",%progbits
  67              		.align	2
  68              		.global	LOG_send
  69              		.thumb
  70              		.thumb_func
  71              		.type	LOG_send, %function
  72              	LOG_send:
  73              	.LFB68:
  55:bsw\Services/logging.c **** 
  56:bsw\Services/logging.c **** RC_t LOG_send(logging_t* entry){
  74              		.loc 1 56 0
  75              		.cfi_startproc
  76              		@ args = 0, pretend = 0, frame = 0
  77              		@ frame_needed = 0, uses_anonymous_args = 0
  78              	.LVL5:
  79 0000 10B5     		push	{r4, lr}
  80              		.cfi_def_cfa_offset 8
  81              		.cfi_offset 4, -8
  82              		.cfi_offset 14, -4
  83 0002 0446     		mov	r4, r0
  84              	.LVL6:
  57:bsw\Services/logging.c ****     
  58:bsw\Services/logging.c ****     //result buffer
  59:bsw\Services/logging.c ****     RC_t result=RC_ERROR_INVALID_STATE;
  60:bsw\Services/logging.c **** #if (CFG_LOGGING_ENABLE==ON)     
  61:bsw\Services/logging.c ****     MODULE_LOG(PutString)(entry->sender);
  85              		.loc 1 61 0
  86 0004 0130     		adds	r0, r0, #1
  87              	.LVL7:
  88 0006 FFF7FEFF 		bl	UART_LOG_PutString
  89              	.LVL8:
  62:bsw\Services/logging.c ****     MODULE_LOG(PutString)(" : ");
  90              		.loc 1 62 0
  91 000a 0648     		ldr	r0, .L7
  92 000c FFF7FEFF 		bl	UART_LOG_PutString
  93              	.LVL9:
  63:bsw\Services/logging.c ****     MODULE_LOG(PutString)(entry->message);
  94              		.loc 1 63 0
  95 0010 04F11100 		add	r0, r4, #17
  96 0014 FFF7FEFF 		bl	UART_LOG_PutString
  97              	.LVL10:
  64:bsw\Services/logging.c ****     MODULE_LOG(PutString)(CFG_LOGGING_NL_CHAR);
  98              		.loc 1 64 0
  99 0018 0348     		ldr	r0, .L7+4
 100 001a FFF7FEFF 		bl	UART_LOG_PutString
 101              	.LVL11:
  65:bsw\Services/logging.c ****     
  66:bsw\Services/logging.c ****     result = RC_SUCCESS;
  67:bsw\Services/logging.c ****     
  68:bsw\Services/logging.c **** #endif
  69:bsw\Services/logging.c **** 
  70:bsw\Services/logging.c ****     return result;
ARM GAS  C:\Users\agraw\AppData\Local\Temp\ccJWZTdT.s 			page 4


  71:bsw\Services/logging.c **** 
  72:bsw\Services/logging.c **** }
 102              		.loc 1 72 0
 103 001e 0020     		movs	r0, #0
 104 0020 10BD     		pop	{r4, pc}
 105              	.LVL12:
 106              	.L8:
 107 0022 00BF     		.align	2
 108              	.L7:
 109 0024 14000000 		.word	.LC2
 110 0028 00000000 		.word	.LC0
 111              		.cfi_endproc
 112              	.LFE68:
 113              		.size	LOG_send, .-LOG_send
 114              		.global	logLevel2String
 115              		.section	.rodata
 116              		.align	2
 117              		.type	logLevel2String, %object
 118              		.size	logLevel2String, 48
 119              	logLevel2String:
 120 0000 56657262 		.ascii	"Verbose\000"
 120      6F736500 
 121 0008 496E666F 		.ascii	"Info\000"
 121      00
 122 000d 000000   		.space	3
 123 0010 5761726E 		.ascii	"Warning\000"
 123      696E6700 
 124 0018 4572726F 		.ascii	"Error\000"
 124      7200
 125 001e 0000     		.space	2
 126 0020 44656275 		.ascii	"Debug\000"
 126      6700
 127 0026 0000     		.space	2
 128 0028 4F666600 		.ascii	"Off\000"
 129 002c 00000000 		.space	4
 130              		.section	.rodata.str1.4,"aMS",%progbits,1
 131              		.align	2
 132              	.LC0:
 133 0000 0A00     		.ascii	"\012\000"
 134 0002 0000     		.space	2
 135              	.LC1:
 136 0004 55415254 		.ascii	"UART started\000"
 136      20737461 
 136      72746564 
 136      00
 137 0011 000000   		.space	3
 138              	.LC2:
 139 0014 203A2000 		.ascii	" : \000"
 140              		.text
 141              	.Letext0:
 142              		.file 2 "c:\\program files (x86)\\cypress\\psoc creator\\4.4\\psoc creator\\import\\gnu\\arm\\5.4.
 143              		.file 3 "c:\\program files (x86)\\cypress\\psoc creator\\4.4\\psoc creator\\import\\gnu\\arm\\5.4.
 144              		.file 4 ".\\bsw/global.h"
 145              		.file 5 "bsw\\Services\\logging.h"
 146              		.file 6 "Generated_Source\\PSoC5/core_cm3.h"
 147              		.section	.debug_info,"",%progbits
 148              	.Ldebug_info0:
ARM GAS  C:\Users\agraw\AppData\Local\Temp\ccJWZTdT.s 			page 5


 149 0000 76030000 		.4byte	0x376
 150 0004 0400     		.2byte	0x4
 151 0006 00000000 		.4byte	.Ldebug_abbrev0
 152 000a 04       		.byte	0x4
 153 000b 01       		.uleb128 0x1
 154 000c 76020000 		.4byte	.LASF60
 155 0010 0C       		.byte	0xc
 156 0011 C1000000 		.4byte	.LASF61
 157 0015 64030000 		.4byte	.LASF62
 158 0019 00000000 		.4byte	.Ldebug_ranges0+0
 159 001d 00000000 		.4byte	0
 160 0021 00000000 		.4byte	.Ldebug_line0
 161 0025 02       		.uleb128 0x2
 162 0026 01       		.byte	0x1
 163 0027 06       		.byte	0x6
 164 0028 DF010000 		.4byte	.LASF0
 165 002c 02       		.uleb128 0x2
 166 002d 01       		.byte	0x1
 167 002e 08       		.byte	0x8
 168 002f D1010000 		.4byte	.LASF1
 169 0033 02       		.uleb128 0x2
 170 0034 02       		.byte	0x2
 171 0035 05       		.byte	0x5
 172 0036 66000000 		.4byte	.LASF2
 173 003a 02       		.uleb128 0x2
 174 003b 02       		.byte	0x2
 175 003c 07       		.byte	0x7
 176 003d 63020000 		.4byte	.LASF3
 177 0041 03       		.uleb128 0x3
 178 0042 C1030000 		.4byte	.LASF9
 179 0046 02       		.byte	0x2
 180 0047 3F       		.byte	0x3f
 181 0048 4C000000 		.4byte	0x4c
 182 004c 02       		.uleb128 0x2
 183 004d 04       		.byte	0x4
 184 004e 05       		.byte	0x5
 185 004f 56010000 		.4byte	.LASF4
 186 0053 02       		.uleb128 0x2
 187 0054 04       		.byte	0x4
 188 0055 07       		.byte	0x7
 189 0056 2D020000 		.4byte	.LASF5
 190 005a 02       		.uleb128 0x2
 191 005b 08       		.byte	0x8
 192 005c 05       		.byte	0x5
 193 005d 24010000 		.4byte	.LASF6
 194 0061 02       		.uleb128 0x2
 195 0062 08       		.byte	0x8
 196 0063 07       		.byte	0x7
 197 0064 EB010000 		.4byte	.LASF7
 198 0068 04       		.uleb128 0x4
 199 0069 04       		.byte	0x4
 200 006a 05       		.byte	0x5
 201 006b 696E7400 		.ascii	"int\000"
 202 006f 02       		.uleb128 0x2
 203 0070 04       		.byte	0x4
 204 0071 07       		.byte	0x7
 205 0072 12020000 		.4byte	.LASF8
ARM GAS  C:\Users\agraw\AppData\Local\Temp\ccJWZTdT.s 			page 6


 206 0076 03       		.uleb128 0x3
 207 0077 1E030000 		.4byte	.LASF10
 208 007b 03       		.byte	0x3
 209 007c 2C       		.byte	0x2c
 210 007d 41000000 		.4byte	0x41
 211 0081 02       		.uleb128 0x2
 212 0082 04       		.byte	0x4
 213 0083 04       		.byte	0x4
 214 0084 05010000 		.4byte	.LASF11
 215 0088 02       		.uleb128 0x2
 216 0089 08       		.byte	0x8
 217 008a 04       		.byte	0x4
 218 008b 9C030000 		.4byte	.LASF12
 219 008f 02       		.uleb128 0x2
 220 0090 01       		.byte	0x1
 221 0091 08       		.byte	0x8
 222 0092 04030000 		.4byte	.LASF13
 223 0096 02       		.uleb128 0x2
 224 0097 08       		.byte	0x8
 225 0098 04       		.byte	0x4
 226 0099 C5010000 		.4byte	.LASF14
 227 009d 02       		.uleb128 0x2
 228 009e 04       		.byte	0x4
 229 009f 07       		.byte	0x7
 230 00a0 96000000 		.4byte	.LASF15
 231 00a4 05       		.uleb128 0x5
 232 00a5 8F000000 		.4byte	0x8f
 233 00a9 06       		.uleb128 0x6
 234 00aa 01       		.byte	0x1
 235 00ab 25000000 		.4byte	0x25
 236 00af 04       		.byte	0x4
 237 00b0 CF       		.byte	0xcf
 238 00b1 52010000 		.4byte	0x152
 239 00b5 07       		.uleb128 0x7
 240 00b6 29000000 		.4byte	.LASF16
 241 00ba 00       		.byte	0
 242 00bb 08       		.uleb128 0x8
 243 00bc 02040000 		.4byte	.LASF17
 244 00c0 7F       		.sleb128 -1
 245 00c1 08       		.uleb128 0x8
 246 00c2 3F020000 		.4byte	.LASF18
 247 00c6 7E       		.sleb128 -2
 248 00c7 08       		.uleb128 0x8
 249 00c8 9F000000 		.4byte	.LASF19
 250 00cc 7D       		.sleb128 -3
 251 00cd 08       		.uleb128 0x8
 252 00ce 0B040000 		.4byte	.LASF20
 253 00d2 7C       		.sleb128 -4
 254 00d3 08       		.uleb128 0x8
 255 00d4 EF000000 		.4byte	.LASF21
 256 00d8 7B       		.sleb128 -5
 257 00d9 08       		.uleb128 0x8
 258 00da 70000000 		.4byte	.LASF22
 259 00de 7A       		.sleb128 -6
 260 00df 08       		.uleb128 0x8
 261 00e0 5F010000 		.4byte	.LASF23
 262 00e4 79       		.sleb128 -7
ARM GAS  C:\Users\agraw\AppData\Local\Temp\ccJWZTdT.s 			page 7


 263 00e5 08       		.uleb128 0x8
 264 00e6 09030000 		.4byte	.LASF24
 265 00ea 78       		.sleb128 -8
 266 00eb 08       		.uleb128 0x8
 267 00ec 4D020000 		.4byte	.LASF25
 268 00f0 77       		.sleb128 -9
 269 00f1 08       		.uleb128 0x8
 270 00f2 71010000 		.4byte	.LASF26
 271 00f6 76       		.sleb128 -10
 272 00f7 08       		.uleb128 0x8
 273 00f8 20040000 		.4byte	.LASF27
 274 00fc 75       		.sleb128 -11
 275 00fd 08       		.uleb128 0x8
 276 00fe 1F020000 		.4byte	.LASF28
 277 0102 74       		.sleb128 -12
 278 0103 08       		.uleb128 0x8
 279 0104 AF030000 		.4byte	.LASF29
 280 0108 73       		.sleb128 -13
 281 0109 08       		.uleb128 0x8
 282 010a 16000000 		.4byte	.LASF30
 283 010e 72       		.sleb128 -14
 284 010f 08       		.uleb128 0x8
 285 0110 52000000 		.4byte	.LASF31
 286 0114 71       		.sleb128 -15
 287 0115 08       		.uleb128 0x8
 288 0116 7F010000 		.4byte	.LASF32
 289 011a 70       		.sleb128 -16
 290 011b 08       		.uleb128 0x8
 291 011c AD000000 		.4byte	.LASF33
 292 0120 6F       		.sleb128 -17
 293 0121 08       		.uleb128 0x8
 294 0122 81000000 		.4byte	.LASF34
 295 0126 6E       		.sleb128 -18
 296 0127 08       		.uleb128 0x8
 297 0128 32010000 		.4byte	.LASF35
 298 012c 6D       		.sleb128 -19
 299 012d 08       		.uleb128 0x8
 300 012e 3F030000 		.4byte	.LASF36
 301 0132 6C       		.sleb128 -20
 302 0133 08       		.uleb128 0x8
 303 0134 90010000 		.4byte	.LASF37
 304 0138 6B       		.sleb128 -21
 305 0139 08       		.uleb128 0x8
 306 013a E3030000 		.4byte	.LASF38
 307 013e 6A       		.sleb128 -22
 308 013f 08       		.uleb128 0x8
 309 0140 D8000000 		.4byte	.LASF39
 310 0144 69       		.sleb128 -23
 311 0145 08       		.uleb128 0x8
 312 0146 45010000 		.4byte	.LASF40
 313 014a 68       		.sleb128 -24
 314 014b 08       		.uleb128 0x8
 315 014c 0B010000 		.4byte	.LASF41
 316 0150 67       		.sleb128 -25
 317 0151 00       		.byte	0
 318 0152 03       		.uleb128 0x3
 319 0153 1B040000 		.4byte	.LASF42
ARM GAS  C:\Users\agraw\AppData\Local\Temp\ccJWZTdT.s 			page 8


 320 0157 04       		.byte	0x4
 321 0158 EA       		.byte	0xea
 322 0159 A9000000 		.4byte	0xa9
 323 015d 06       		.uleb128 0x6
 324 015e 01       		.byte	0x1
 325 015f 2C000000 		.4byte	0x2c
 326 0163 05       		.byte	0x5
 327 0164 3D       		.byte	0x3d
 328 0165 8E010000 		.4byte	0x18e
 329 0169 07       		.uleb128 0x7
 330 016a 46000000 		.4byte	.LASF43
 331 016e 00       		.byte	0
 332 016f 07       		.uleb128 0x7
 333 0170 DA030000 		.4byte	.LASF44
 334 0174 01       		.byte	0x1
 335 0175 07       		.uleb128 0x7
 336 0176 A3030000 		.4byte	.LASF45
 337 017a 02       		.byte	0x2
 338 017b 07       		.uleb128 0x7
 339 017c 52030000 		.4byte	.LASF46
 340 0180 03       		.byte	0x3
 341 0181 07       		.uleb128 0x7
 342 0182 A2010000 		.4byte	.LASF47
 343 0186 04       		.byte	0x4
 344 0187 07       		.uleb128 0x7
 345 0188 34000000 		.4byte	.LASF48
 346 018c 05       		.byte	0x5
 347 018d 00       		.byte	0
 348 018e 03       		.uleb128 0x3
 349 018f 2F030000 		.4byte	.LASF49
 350 0193 05       		.byte	0x5
 351 0194 44       		.byte	0x44
 352 0195 5D010000 		.4byte	0x15d
 353 0199 09       		.uleb128 0x9
 354 019a A8       		.byte	0xa8
 355 019b 05       		.byte	0x5
 356 019c 4B       		.byte	0x4b
 357 019d C6010000 		.4byte	0x1c6
 358 01a1 0A       		.uleb128 0xa
 359 01a2 CB030000 		.4byte	.LASF50
 360 01a6 05       		.byte	0x5
 361 01a7 4C       		.byte	0x4c
 362 01a8 8E010000 		.4byte	0x18e
 363 01ac 00       		.byte	0
 364 01ad 0A       		.uleb128 0xa
 365 01ae FE000000 		.4byte	.LASF51
 366 01b2 05       		.byte	0x5
 367 01b3 4D       		.byte	0x4d
 368 01b4 C6010000 		.4byte	0x1c6
 369 01b8 01       		.byte	0x1
 370 01b9 0A       		.uleb128 0xa
 371 01ba 5C030000 		.4byte	.LASF52
 372 01be 05       		.byte	0x5
 373 01bf 4E       		.byte	0x4e
 374 01c0 D6010000 		.4byte	0x1d6
 375 01c4 11       		.byte	0x11
 376 01c5 00       		.byte	0
ARM GAS  C:\Users\agraw\AppData\Local\Temp\ccJWZTdT.s 			page 9


 377 01c6 0B       		.uleb128 0xb
 378 01c7 8F000000 		.4byte	0x8f
 379 01cb D6010000 		.4byte	0x1d6
 380 01cf 0C       		.uleb128 0xc
 381 01d0 9D000000 		.4byte	0x9d
 382 01d4 0F       		.byte	0xf
 383 01d5 00       		.byte	0
 384 01d6 0B       		.uleb128 0xb
 385 01d7 8F000000 		.4byte	0x8f
 386 01db E6010000 		.4byte	0x1e6
 387 01df 0C       		.uleb128 0xc
 388 01e0 9D000000 		.4byte	0x9d
 389 01e4 96       		.byte	0x96
 390 01e5 00       		.byte	0
 391 01e6 03       		.uleb128 0x3
 392 01e7 3C000000 		.4byte	.LASF53
 393 01eb 05       		.byte	0x5
 394 01ec 4F       		.byte	0x4f
 395 01ed 99010000 		.4byte	0x199
 396 01f1 0D       		.uleb128 0xd
 397 01f2 26030000 		.4byte	.LASF56
 398 01f6 01       		.byte	0x1
 399 01f7 28       		.byte	0x28
 400 01f8 52010000 		.4byte	0x152
 401 01fc 00000000 		.4byte	.LFB67
 402 0200 2C000000 		.4byte	.LFE67-.LFB67
 403 0204 01       		.uleb128 0x1
 404 0205 9C       		.byte	0x9c
 405 0206 85020000 		.4byte	0x285
 406 020a 0E       		.uleb128 0xe
 407 020b 00000000 		.4byte	.LASF54
 408 020f 01       		.byte	0x1
 409 0210 2B       		.byte	0x2b
 410 0211 68000000 		.4byte	0x68
 411 0215 1B020000 		.4byte	0x21b
 412 0219 0F       		.uleb128 0xf
 413 021a 00       		.byte	0
 414 021b 0E       		.uleb128 0xe
 415 021c AC010000 		.4byte	.LASF55
 416 0220 01       		.byte	0x1
 417 0221 2E       		.byte	0x2e
 418 0222 68000000 		.4byte	0x68
 419 0226 2C020000 		.4byte	0x22c
 420 022a 0F       		.uleb128 0xf
 421 022b 00       		.byte	0
 422 022c 10       		.uleb128 0x10
 423 022d 06000000 		.4byte	.LVL0
 424 0231 63030000 		.4byte	0x363
 425 0235 11       		.uleb128 0x11
 426 0236 0E000000 		.4byte	.LVL1
 427 023a 6E030000 		.4byte	0x36e
 428 023e 49020000 		.4byte	0x249
 429 0242 12       		.uleb128 0x12
 430 0243 01       		.uleb128 0x1
 431 0244 50       		.byte	0x50
 432 0245 02       		.uleb128 0x2
 433 0246 74       		.byte	0x74
ARM GAS  C:\Users\agraw\AppData\Local\Temp\ccJWZTdT.s 			page 10


 434 0247 00       		.sleb128 0
 435 0248 00       		.byte	0
 436 0249 11       		.uleb128 0x11
 437 024a 14000000 		.4byte	.LVL2
 438 024e 6E030000 		.4byte	0x36e
 439 0252 5D020000 		.4byte	0x25d
 440 0256 12       		.uleb128 0x12
 441 0257 01       		.uleb128 0x1
 442 0258 50       		.byte	0x50
 443 0259 02       		.uleb128 0x2
 444 025a 74       		.byte	0x74
 445 025b 00       		.sleb128 0
 446 025c 00       		.byte	0
 447 025d 11       		.uleb128 0x11
 448 025e 1A000000 		.4byte	.LVL3
 449 0262 6E030000 		.4byte	0x36e
 450 0266 74020000 		.4byte	0x274
 451 026a 12       		.uleb128 0x12
 452 026b 01       		.uleb128 0x1
 453 026c 50       		.byte	0x50
 454 026d 05       		.uleb128 0x5
 455 026e 03       		.byte	0x3
 456 026f 04000000 		.4byte	.LC1
 457 0273 00       		.byte	0
 458 0274 13       		.uleb128 0x13
 459 0275 20000000 		.4byte	.LVL4
 460 0279 6E030000 		.4byte	0x36e
 461 027d 12       		.uleb128 0x12
 462 027e 01       		.uleb128 0x1
 463 027f 50       		.byte	0x50
 464 0280 02       		.uleb128 0x2
 465 0281 74       		.byte	0x74
 466 0282 00       		.sleb128 0
 467 0283 00       		.byte	0
 468 0284 00       		.byte	0
 469 0285 0D       		.uleb128 0xd
 470 0286 D1030000 		.4byte	.LASF57
 471 028a 01       		.byte	0x1
 472 028b 38       		.byte	0x38
 473 028c 52010000 		.4byte	0x152
 474 0290 00000000 		.4byte	.LFB68
 475 0294 2C000000 		.4byte	.LFE68-.LFB68
 476 0298 01       		.uleb128 0x1
 477 0299 9C       		.byte	0x9c
 478 029a 20030000 		.4byte	0x320
 479 029e 14       		.uleb128 0x14
 480 029f BF010000 		.4byte	.LASF63
 481 02a3 01       		.byte	0x1
 482 02a4 38       		.byte	0x38
 483 02a5 20030000 		.4byte	0x320
 484 02a9 00000000 		.4byte	.LLST0
 485 02ad 15       		.uleb128 0x15
 486 02ae 0F000000 		.4byte	.LASF64
 487 02b2 01       		.byte	0x1
 488 02b3 3B       		.byte	0x3b
 489 02b4 52010000 		.4byte	0x152
 490 02b8 2C000000 		.4byte	.LLST1
ARM GAS  C:\Users\agraw\AppData\Local\Temp\ccJWZTdT.s 			page 11


 491 02bc 0E       		.uleb128 0xe
 492 02bd AC010000 		.4byte	.LASF55
 493 02c1 01       		.byte	0x1
 494 02c2 2E       		.byte	0x2e
 495 02c3 68000000 		.4byte	0x68
 496 02c7 CD020000 		.4byte	0x2cd
 497 02cb 0F       		.uleb128 0xf
 498 02cc 00       		.byte	0
 499 02cd 11       		.uleb128 0x11
 500 02ce 0A000000 		.4byte	.LVL8
 501 02d2 6E030000 		.4byte	0x36e
 502 02d6 E1020000 		.4byte	0x2e1
 503 02da 12       		.uleb128 0x12
 504 02db 01       		.uleb128 0x1
 505 02dc 50       		.byte	0x50
 506 02dd 02       		.uleb128 0x2
 507 02de 74       		.byte	0x74
 508 02df 01       		.sleb128 1
 509 02e0 00       		.byte	0
 510 02e1 11       		.uleb128 0x11
 511 02e2 10000000 		.4byte	.LVL9
 512 02e6 6E030000 		.4byte	0x36e
 513 02ea F8020000 		.4byte	0x2f8
 514 02ee 12       		.uleb128 0x12
 515 02ef 01       		.uleb128 0x1
 516 02f0 50       		.byte	0x50
 517 02f1 05       		.uleb128 0x5
 518 02f2 03       		.byte	0x3
 519 02f3 14000000 		.4byte	.LC2
 520 02f7 00       		.byte	0
 521 02f8 11       		.uleb128 0x11
 522 02f9 18000000 		.4byte	.LVL10
 523 02fd 6E030000 		.4byte	0x36e
 524 0301 0C030000 		.4byte	0x30c
 525 0305 12       		.uleb128 0x12
 526 0306 01       		.uleb128 0x1
 527 0307 50       		.byte	0x50
 528 0308 02       		.uleb128 0x2
 529 0309 74       		.byte	0x74
 530 030a 11       		.sleb128 17
 531 030b 00       		.byte	0
 532 030c 13       		.uleb128 0x13
 533 030d 1E000000 		.4byte	.LVL11
 534 0311 6E030000 		.4byte	0x36e
 535 0315 12       		.uleb128 0x12
 536 0316 01       		.uleb128 0x1
 537 0317 50       		.byte	0x50
 538 0318 05       		.uleb128 0x5
 539 0319 03       		.byte	0x3
 540 031a 00000000 		.4byte	.LC0
 541 031e 00       		.byte	0
 542 031f 00       		.byte	0
 543 0320 16       		.uleb128 0x16
 544 0321 04       		.byte	0x4
 545 0322 E6010000 		.4byte	0x1e6
 546 0326 17       		.uleb128 0x17
 547 0327 F5030000 		.4byte	.LASF58
ARM GAS  C:\Users\agraw\AppData\Local\Temp\ccJWZTdT.s 			page 12


 548 032b 06       		.byte	0x6
 549 032c 1207     		.2byte	0x712
 550 032e 32030000 		.4byte	0x332
 551 0332 18       		.uleb128 0x18
 552 0333 76000000 		.4byte	0x76
 553 0337 0B       		.uleb128 0xb
 554 0338 A4000000 		.4byte	0xa4
 555 033c 4D030000 		.4byte	0x34d
 556 0340 0C       		.uleb128 0xc
 557 0341 9D000000 		.4byte	0x9d
 558 0345 05       		.byte	0x5
 559 0346 0C       		.uleb128 0xc
 560 0347 9D000000 		.4byte	0x9d
 561 034b 07       		.byte	0x7
 562 034c 00       		.byte	0
 563 034d 19       		.uleb128 0x19
 564 034e 02020000 		.4byte	.LASF59
 565 0352 01       		.byte	0x1
 566 0353 1B       		.byte	0x1b
 567 0354 5E030000 		.4byte	0x35e
 568 0358 05       		.uleb128 0x5
 569 0359 03       		.byte	0x3
 570 035a 00000000 		.4byte	logLevel2String
 571 035e 05       		.uleb128 0x5
 572 035f 37030000 		.4byte	0x337
 573 0363 1A       		.uleb128 0x1a
 574 0364 00000000 		.4byte	.LASF54
 575 0368 00000000 		.4byte	.LASF54
 576 036c 01       		.byte	0x1
 577 036d 2B       		.byte	0x2b
 578 036e 1A       		.uleb128 0x1a
 579 036f AC010000 		.4byte	.LASF55
 580 0373 AC010000 		.4byte	.LASF55
 581 0377 01       		.byte	0x1
 582 0378 2E       		.byte	0x2e
 583 0379 00       		.byte	0
 584              		.section	.debug_abbrev,"",%progbits
 585              	.Ldebug_abbrev0:
 586 0000 01       		.uleb128 0x1
 587 0001 11       		.uleb128 0x11
 588 0002 01       		.byte	0x1
 589 0003 25       		.uleb128 0x25
 590 0004 0E       		.uleb128 0xe
 591 0005 13       		.uleb128 0x13
 592 0006 0B       		.uleb128 0xb
 593 0007 03       		.uleb128 0x3
 594 0008 0E       		.uleb128 0xe
 595 0009 1B       		.uleb128 0x1b
 596 000a 0E       		.uleb128 0xe
 597 000b 55       		.uleb128 0x55
 598 000c 17       		.uleb128 0x17
 599 000d 11       		.uleb128 0x11
 600 000e 01       		.uleb128 0x1
 601 000f 10       		.uleb128 0x10
 602 0010 17       		.uleb128 0x17
 603 0011 00       		.byte	0
 604 0012 00       		.byte	0
ARM GAS  C:\Users\agraw\AppData\Local\Temp\ccJWZTdT.s 			page 13


 605 0013 02       		.uleb128 0x2
 606 0014 24       		.uleb128 0x24
 607 0015 00       		.byte	0
 608 0016 0B       		.uleb128 0xb
 609 0017 0B       		.uleb128 0xb
 610 0018 3E       		.uleb128 0x3e
 611 0019 0B       		.uleb128 0xb
 612 001a 03       		.uleb128 0x3
 613 001b 0E       		.uleb128 0xe
 614 001c 00       		.byte	0
 615 001d 00       		.byte	0
 616 001e 03       		.uleb128 0x3
 617 001f 16       		.uleb128 0x16
 618 0020 00       		.byte	0
 619 0021 03       		.uleb128 0x3
 620 0022 0E       		.uleb128 0xe
 621 0023 3A       		.uleb128 0x3a
 622 0024 0B       		.uleb128 0xb
 623 0025 3B       		.uleb128 0x3b
 624 0026 0B       		.uleb128 0xb
 625 0027 49       		.uleb128 0x49
 626 0028 13       		.uleb128 0x13
 627 0029 00       		.byte	0
 628 002a 00       		.byte	0
 629 002b 04       		.uleb128 0x4
 630 002c 24       		.uleb128 0x24
 631 002d 00       		.byte	0
 632 002e 0B       		.uleb128 0xb
 633 002f 0B       		.uleb128 0xb
 634 0030 3E       		.uleb128 0x3e
 635 0031 0B       		.uleb128 0xb
 636 0032 03       		.uleb128 0x3
 637 0033 08       		.uleb128 0x8
 638 0034 00       		.byte	0
 639 0035 00       		.byte	0
 640 0036 05       		.uleb128 0x5
 641 0037 26       		.uleb128 0x26
 642 0038 00       		.byte	0
 643 0039 49       		.uleb128 0x49
 644 003a 13       		.uleb128 0x13
 645 003b 00       		.byte	0
 646 003c 00       		.byte	0
 647 003d 06       		.uleb128 0x6
 648 003e 04       		.uleb128 0x4
 649 003f 01       		.byte	0x1
 650 0040 0B       		.uleb128 0xb
 651 0041 0B       		.uleb128 0xb
 652 0042 49       		.uleb128 0x49
 653 0043 13       		.uleb128 0x13
 654 0044 3A       		.uleb128 0x3a
 655 0045 0B       		.uleb128 0xb
 656 0046 3B       		.uleb128 0x3b
 657 0047 0B       		.uleb128 0xb
 658 0048 01       		.uleb128 0x1
 659 0049 13       		.uleb128 0x13
 660 004a 00       		.byte	0
 661 004b 00       		.byte	0
ARM GAS  C:\Users\agraw\AppData\Local\Temp\ccJWZTdT.s 			page 14


 662 004c 07       		.uleb128 0x7
 663 004d 28       		.uleb128 0x28
 664 004e 00       		.byte	0
 665 004f 03       		.uleb128 0x3
 666 0050 0E       		.uleb128 0xe
 667 0051 1C       		.uleb128 0x1c
 668 0052 0B       		.uleb128 0xb
 669 0053 00       		.byte	0
 670 0054 00       		.byte	0
 671 0055 08       		.uleb128 0x8
 672 0056 28       		.uleb128 0x28
 673 0057 00       		.byte	0
 674 0058 03       		.uleb128 0x3
 675 0059 0E       		.uleb128 0xe
 676 005a 1C       		.uleb128 0x1c
 677 005b 0D       		.uleb128 0xd
 678 005c 00       		.byte	0
 679 005d 00       		.byte	0
 680 005e 09       		.uleb128 0x9
 681 005f 13       		.uleb128 0x13
 682 0060 01       		.byte	0x1
 683 0061 0B       		.uleb128 0xb
 684 0062 0B       		.uleb128 0xb
 685 0063 3A       		.uleb128 0x3a
 686 0064 0B       		.uleb128 0xb
 687 0065 3B       		.uleb128 0x3b
 688 0066 0B       		.uleb128 0xb
 689 0067 01       		.uleb128 0x1
 690 0068 13       		.uleb128 0x13
 691 0069 00       		.byte	0
 692 006a 00       		.byte	0
 693 006b 0A       		.uleb128 0xa
 694 006c 0D       		.uleb128 0xd
 695 006d 00       		.byte	0
 696 006e 03       		.uleb128 0x3
 697 006f 0E       		.uleb128 0xe
 698 0070 3A       		.uleb128 0x3a
 699 0071 0B       		.uleb128 0xb
 700 0072 3B       		.uleb128 0x3b
 701 0073 0B       		.uleb128 0xb
 702 0074 49       		.uleb128 0x49
 703 0075 13       		.uleb128 0x13
 704 0076 38       		.uleb128 0x38
 705 0077 0B       		.uleb128 0xb
 706 0078 00       		.byte	0
 707 0079 00       		.byte	0
 708 007a 0B       		.uleb128 0xb
 709 007b 01       		.uleb128 0x1
 710 007c 01       		.byte	0x1
 711 007d 49       		.uleb128 0x49
 712 007e 13       		.uleb128 0x13
 713 007f 01       		.uleb128 0x1
 714 0080 13       		.uleb128 0x13
 715 0081 00       		.byte	0
 716 0082 00       		.byte	0
 717 0083 0C       		.uleb128 0xc
 718 0084 21       		.uleb128 0x21
ARM GAS  C:\Users\agraw\AppData\Local\Temp\ccJWZTdT.s 			page 15


 719 0085 00       		.byte	0
 720 0086 49       		.uleb128 0x49
 721 0087 13       		.uleb128 0x13
 722 0088 2F       		.uleb128 0x2f
 723 0089 0B       		.uleb128 0xb
 724 008a 00       		.byte	0
 725 008b 00       		.byte	0
 726 008c 0D       		.uleb128 0xd
 727 008d 2E       		.uleb128 0x2e
 728 008e 01       		.byte	0x1
 729 008f 3F       		.uleb128 0x3f
 730 0090 19       		.uleb128 0x19
 731 0091 03       		.uleb128 0x3
 732 0092 0E       		.uleb128 0xe
 733 0093 3A       		.uleb128 0x3a
 734 0094 0B       		.uleb128 0xb
 735 0095 3B       		.uleb128 0x3b
 736 0096 0B       		.uleb128 0xb
 737 0097 27       		.uleb128 0x27
 738 0098 19       		.uleb128 0x19
 739 0099 49       		.uleb128 0x49
 740 009a 13       		.uleb128 0x13
 741 009b 11       		.uleb128 0x11
 742 009c 01       		.uleb128 0x1
 743 009d 12       		.uleb128 0x12
 744 009e 06       		.uleb128 0x6
 745 009f 40       		.uleb128 0x40
 746 00a0 18       		.uleb128 0x18
 747 00a1 9742     		.uleb128 0x2117
 748 00a3 19       		.uleb128 0x19
 749 00a4 01       		.uleb128 0x1
 750 00a5 13       		.uleb128 0x13
 751 00a6 00       		.byte	0
 752 00a7 00       		.byte	0
 753 00a8 0E       		.uleb128 0xe
 754 00a9 2E       		.uleb128 0x2e
 755 00aa 01       		.byte	0x1
 756 00ab 3F       		.uleb128 0x3f
 757 00ac 19       		.uleb128 0x19
 758 00ad 03       		.uleb128 0x3
 759 00ae 0E       		.uleb128 0xe
 760 00af 3A       		.uleb128 0x3a
 761 00b0 0B       		.uleb128 0xb
 762 00b1 3B       		.uleb128 0x3b
 763 00b2 0B       		.uleb128 0xb
 764 00b3 49       		.uleb128 0x49
 765 00b4 13       		.uleb128 0x13
 766 00b5 3C       		.uleb128 0x3c
 767 00b6 19       		.uleb128 0x19
 768 00b7 01       		.uleb128 0x1
 769 00b8 13       		.uleb128 0x13
 770 00b9 00       		.byte	0
 771 00ba 00       		.byte	0
 772 00bb 0F       		.uleb128 0xf
 773 00bc 18       		.uleb128 0x18
 774 00bd 00       		.byte	0
 775 00be 00       		.byte	0
ARM GAS  C:\Users\agraw\AppData\Local\Temp\ccJWZTdT.s 			page 16


 776 00bf 00       		.byte	0
 777 00c0 10       		.uleb128 0x10
 778 00c1 898201   		.uleb128 0x4109
 779 00c4 00       		.byte	0
 780 00c5 11       		.uleb128 0x11
 781 00c6 01       		.uleb128 0x1
 782 00c7 31       		.uleb128 0x31
 783 00c8 13       		.uleb128 0x13
 784 00c9 00       		.byte	0
 785 00ca 00       		.byte	0
 786 00cb 11       		.uleb128 0x11
 787 00cc 898201   		.uleb128 0x4109
 788 00cf 01       		.byte	0x1
 789 00d0 11       		.uleb128 0x11
 790 00d1 01       		.uleb128 0x1
 791 00d2 31       		.uleb128 0x31
 792 00d3 13       		.uleb128 0x13
 793 00d4 01       		.uleb128 0x1
 794 00d5 13       		.uleb128 0x13
 795 00d6 00       		.byte	0
 796 00d7 00       		.byte	0
 797 00d8 12       		.uleb128 0x12
 798 00d9 8A8201   		.uleb128 0x410a
 799 00dc 00       		.byte	0
 800 00dd 02       		.uleb128 0x2
 801 00de 18       		.uleb128 0x18
 802 00df 9142     		.uleb128 0x2111
 803 00e1 18       		.uleb128 0x18
 804 00e2 00       		.byte	0
 805 00e3 00       		.byte	0
 806 00e4 13       		.uleb128 0x13
 807 00e5 898201   		.uleb128 0x4109
 808 00e8 01       		.byte	0x1
 809 00e9 11       		.uleb128 0x11
 810 00ea 01       		.uleb128 0x1
 811 00eb 31       		.uleb128 0x31
 812 00ec 13       		.uleb128 0x13
 813 00ed 00       		.byte	0
 814 00ee 00       		.byte	0
 815 00ef 14       		.uleb128 0x14
 816 00f0 05       		.uleb128 0x5
 817 00f1 00       		.byte	0
 818 00f2 03       		.uleb128 0x3
 819 00f3 0E       		.uleb128 0xe
 820 00f4 3A       		.uleb128 0x3a
 821 00f5 0B       		.uleb128 0xb
 822 00f6 3B       		.uleb128 0x3b
 823 00f7 0B       		.uleb128 0xb
 824 00f8 49       		.uleb128 0x49
 825 00f9 13       		.uleb128 0x13
 826 00fa 02       		.uleb128 0x2
 827 00fb 17       		.uleb128 0x17
 828 00fc 00       		.byte	0
 829 00fd 00       		.byte	0
 830 00fe 15       		.uleb128 0x15
 831 00ff 34       		.uleb128 0x34
 832 0100 00       		.byte	0
ARM GAS  C:\Users\agraw\AppData\Local\Temp\ccJWZTdT.s 			page 17


 833 0101 03       		.uleb128 0x3
 834 0102 0E       		.uleb128 0xe
 835 0103 3A       		.uleb128 0x3a
 836 0104 0B       		.uleb128 0xb
 837 0105 3B       		.uleb128 0x3b
 838 0106 0B       		.uleb128 0xb
 839 0107 49       		.uleb128 0x49
 840 0108 13       		.uleb128 0x13
 841 0109 02       		.uleb128 0x2
 842 010a 17       		.uleb128 0x17
 843 010b 00       		.byte	0
 844 010c 00       		.byte	0
 845 010d 16       		.uleb128 0x16
 846 010e 0F       		.uleb128 0xf
 847 010f 00       		.byte	0
 848 0110 0B       		.uleb128 0xb
 849 0111 0B       		.uleb128 0xb
 850 0112 49       		.uleb128 0x49
 851 0113 13       		.uleb128 0x13
 852 0114 00       		.byte	0
 853 0115 00       		.byte	0
 854 0116 17       		.uleb128 0x17
 855 0117 34       		.uleb128 0x34
 856 0118 00       		.byte	0
 857 0119 03       		.uleb128 0x3
 858 011a 0E       		.uleb128 0xe
 859 011b 3A       		.uleb128 0x3a
 860 011c 0B       		.uleb128 0xb
 861 011d 3B       		.uleb128 0x3b
 862 011e 05       		.uleb128 0x5
 863 011f 49       		.uleb128 0x49
 864 0120 13       		.uleb128 0x13
 865 0121 3F       		.uleb128 0x3f
 866 0122 19       		.uleb128 0x19
 867 0123 3C       		.uleb128 0x3c
 868 0124 19       		.uleb128 0x19
 869 0125 00       		.byte	0
 870 0126 00       		.byte	0
 871 0127 18       		.uleb128 0x18
 872 0128 35       		.uleb128 0x35
 873 0129 00       		.byte	0
 874 012a 49       		.uleb128 0x49
 875 012b 13       		.uleb128 0x13
 876 012c 00       		.byte	0
 877 012d 00       		.byte	0
 878 012e 19       		.uleb128 0x19
 879 012f 34       		.uleb128 0x34
 880 0130 00       		.byte	0
 881 0131 03       		.uleb128 0x3
 882 0132 0E       		.uleb128 0xe
 883 0133 3A       		.uleb128 0x3a
 884 0134 0B       		.uleb128 0xb
 885 0135 3B       		.uleb128 0x3b
 886 0136 0B       		.uleb128 0xb
 887 0137 49       		.uleb128 0x49
 888 0138 13       		.uleb128 0x13
 889 0139 3F       		.uleb128 0x3f
ARM GAS  C:\Users\agraw\AppData\Local\Temp\ccJWZTdT.s 			page 18


 890 013a 19       		.uleb128 0x19
 891 013b 02       		.uleb128 0x2
 892 013c 18       		.uleb128 0x18
 893 013d 00       		.byte	0
 894 013e 00       		.byte	0
 895 013f 1A       		.uleb128 0x1a
 896 0140 2E       		.uleb128 0x2e
 897 0141 00       		.byte	0
 898 0142 3F       		.uleb128 0x3f
 899 0143 19       		.uleb128 0x19
 900 0144 3C       		.uleb128 0x3c
 901 0145 19       		.uleb128 0x19
 902 0146 6E       		.uleb128 0x6e
 903 0147 0E       		.uleb128 0xe
 904 0148 03       		.uleb128 0x3
 905 0149 0E       		.uleb128 0xe
 906 014a 3A       		.uleb128 0x3a
 907 014b 0B       		.uleb128 0xb
 908 014c 3B       		.uleb128 0x3b
 909 014d 0B       		.uleb128 0xb
 910 014e 00       		.byte	0
 911 014f 00       		.byte	0
 912 0150 00       		.byte	0
 913              		.section	.debug_loc,"",%progbits
 914              	.Ldebug_loc0:
 915              	.LLST0:
 916 0000 00000000 		.4byte	.LVL5
 917 0004 06000000 		.4byte	.LVL7
 918 0008 0100     		.2byte	0x1
 919 000a 50       		.byte	0x50
 920 000b 06000000 		.4byte	.LVL7
 921 000f 22000000 		.4byte	.LVL12
 922 0013 0100     		.2byte	0x1
 923 0015 54       		.byte	0x54
 924 0016 22000000 		.4byte	.LVL12
 925 001a 2C000000 		.4byte	.LFE68
 926 001e 0400     		.2byte	0x4
 927 0020 F3       		.byte	0xf3
 928 0021 01       		.uleb128 0x1
 929 0022 50       		.byte	0x50
 930 0023 9F       		.byte	0x9f
 931 0024 00000000 		.4byte	0
 932 0028 00000000 		.4byte	0
 933              	.LLST1:
 934 002c 04000000 		.4byte	.LVL6
 935 0030 1E000000 		.4byte	.LVL11
 936 0034 0300     		.2byte	0x3
 937 0036 09       		.byte	0x9
 938 0037 E9       		.byte	0xe9
 939 0038 9F       		.byte	0x9f
 940 0039 1E000000 		.4byte	.LVL11
 941 003d 2C000000 		.4byte	.LFE68
 942 0041 0200     		.2byte	0x2
 943 0043 30       		.byte	0x30
 944 0044 9F       		.byte	0x9f
 945 0045 00000000 		.4byte	0
 946 0049 00000000 		.4byte	0
ARM GAS  C:\Users\agraw\AppData\Local\Temp\ccJWZTdT.s 			page 19


 947              		.section	.debug_aranges,"",%progbits
 948 0000 24000000 		.4byte	0x24
 949 0004 0200     		.2byte	0x2
 950 0006 00000000 		.4byte	.Ldebug_info0
 951 000a 04       		.byte	0x4
 952 000b 00       		.byte	0
 953 000c 0000     		.2byte	0
 954 000e 0000     		.2byte	0
 955 0010 00000000 		.4byte	.LFB67
 956 0014 2C000000 		.4byte	.LFE67-.LFB67
 957 0018 00000000 		.4byte	.LFB68
 958 001c 2C000000 		.4byte	.LFE68-.LFB68
 959 0020 00000000 		.4byte	0
 960 0024 00000000 		.4byte	0
 961              		.section	.debug_ranges,"",%progbits
 962              	.Ldebug_ranges0:
 963 0000 00000000 		.4byte	.LFB67
 964 0004 2C000000 		.4byte	.LFE67
 965 0008 00000000 		.4byte	.LFB68
 966 000c 2C000000 		.4byte	.LFE68
 967 0010 00000000 		.4byte	0
 968 0014 00000000 		.4byte	0
 969              		.section	.debug_line,"",%progbits
 970              	.Ldebug_line0:
 971 0000 9D010000 		.section	.debug_str,"MS",%progbits,1
 971      02006E01 
 971      00000201 
 971      FB0E0D00 
 971      01010101 
 972              	.LASF54:
 973 0000 55415254 		.ascii	"UART_LOG_Start\000"
 973      5F4C4F47 
 973      5F537461 
 973      727400
 974              	.LASF64:
 975 000f 72657375 		.ascii	"result\000"
 975      6C7400
 976              	.LASF30:
 977 0016 52435F45 		.ascii	"RC_ERROR_READ_ONLY\000"
 977      52524F52 
 977      5F524541 
 977      445F4F4E 
 977      4C5900
 978              	.LASF16:
 979 0029 52435F53 		.ascii	"RC_SUCCESS\000"
 979      55434345 
 979      535300
 980              	.LASF48:
 981 0034 4C4F475F 		.ascii	"LOG_OFF\000"
 981      4F464600 
 982              	.LASF53:
 983 003c 6C6F6767 		.ascii	"logging_t\000"
 983      696E675F 
 983      7400
 984              	.LASF43:
 985 0046 4C4F475F 		.ascii	"LOG_VERBOSE\000"
 985      56455242 
ARM GAS  C:\Users\agraw\AppData\Local\Temp\ccJWZTdT.s 			page 20


 985      4F534500 
 986              	.LASF31:
 987 0052 52435F45 		.ascii	"RC_ERROR_WRITE_ONLY\000"
 987      52524F52 
 987      5F575249 
 987      54455F4F 
 987      4E4C5900 
 988              	.LASF2:
 989 0066 73686F72 		.ascii	"short int\000"
 989      7420696E 
 989      7400
 990              	.LASF22:
 991 0070 52435F45 		.ascii	"RC_ERROR_OVERRUN\000"
 991      52524F52 
 991      5F4F5645 
 991      5252554E 
 991      00
 992              	.LASF34:
 993 0081 52435F45 		.ascii	"RC_ERROR_WRITE_FAILS\000"
 993      52524F52 
 993      5F575249 
 993      54455F46 
 993      41494C53 
 994              	.LASF15:
 995 0096 73697A65 		.ascii	"sizetype\000"
 995      74797065 
 995      00
 996              	.LASF19:
 997 009f 52435F45 		.ascii	"RC_ERROR_ZERO\000"
 997      52524F52 
 997      5F5A4552 
 997      4F00
 998              	.LASF33:
 999 00ad 52435F45 		.ascii	"RC_ERROR_READ_FAILS\000"
 999      52524F52 
 999      5F524541 
 999      445F4641 
 999      494C5300 
 1000              	.LASF61:
 1001 00c1 6273775C 		.ascii	"bsw\\Services\\logging.c\000"
 1001      53657276 
 1001      69636573 
 1001      5C6C6F67 
 1001      67696E67 
 1002              	.LASF39:
 1003 00d8 52435F45 		.ascii	"RC_ERROR_INVALID_STATE\000"
 1003      52524F52 
 1003      5F494E56 
 1003      414C4944 
 1003      5F535441 
 1004              	.LASF21:
 1005 00ef 52435F45 		.ascii	"RC_ERROR_RANGE\000"
 1005      52524F52 
 1005      5F52414E 
 1005      474500
 1006              	.LASF51:
 1007 00fe 73656E64 		.ascii	"sender\000"
ARM GAS  C:\Users\agraw\AppData\Local\Temp\ccJWZTdT.s 			page 21


 1007      657200
 1008              	.LASF11:
 1009 0105 666C6F61 		.ascii	"float\000"
 1009      7400
 1010              	.LASF41:
 1011 010b 52435F45 		.ascii	"RC_ERROR_NOT_IMPLEMENTED\000"
 1011      52524F52 
 1011      5F4E4F54 
 1011      5F494D50 
 1011      4C454D45 
 1012              	.LASF6:
 1013 0124 6C6F6E67 		.ascii	"long long int\000"
 1013      206C6F6E 
 1013      6720696E 
 1013      7400
 1014              	.LASF35:
 1015 0132 52435F45 		.ascii	"RC_ERROR_NOT_MATCH\000"
 1015      52524F52 
 1015      5F4E4F54 
 1015      5F4D4154 
 1015      434800
 1016              	.LASF40:
 1017 0145 52435F45 		.ascii	"RC_ERROR_UNKNOWN\000"
 1017      52524F52 
 1017      5F554E4B 
 1017      4E4F574E 
 1017      00
 1018              	.LASF4:
 1019 0156 6C6F6E67 		.ascii	"long int\000"
 1019      20696E74 
 1019      00
 1020              	.LASF23:
 1021 015f 52435F45 		.ascii	"RC_ERROR_UNDERRUN\000"
 1021      52524F52 
 1021      5F554E44 
 1021      45525255 
 1021      4E00
 1022              	.LASF26:
 1023 0171 52435F45 		.ascii	"RC_ERROR_BUSY\000"
 1023      52524F52 
 1023      5F425553 
 1023      5900
 1024              	.LASF32:
 1025 017f 52435F45 		.ascii	"RC_ERROR_INVALID\000"
 1025      52524F52 
 1025      5F494E56 
 1025      414C4944 
 1025      00
 1026              	.LASF37:
 1027 0190 52435F45 		.ascii	"RC_ERROR_BAD_DATA\000"
 1027      52524F52 
 1027      5F424144 
 1027      5F444154 
 1027      4100
 1028              	.LASF47:
 1029 01a2 4C4F475F 		.ascii	"LOG_DEBUG\000"
 1029      44454255 
ARM GAS  C:\Users\agraw\AppData\Local\Temp\ccJWZTdT.s 			page 22


 1029      4700
 1030              	.LASF55:
 1031 01ac 55415254 		.ascii	"UART_LOG_PutString\000"
 1031      5F4C4F47 
 1031      5F507574 
 1031      53747269 
 1031      6E6700
 1032              	.LASF63:
 1033 01bf 656E7472 		.ascii	"entry\000"
 1033      7900
 1034              	.LASF14:
 1035 01c5 6C6F6E67 		.ascii	"long double\000"
 1035      20646F75 
 1035      626C6500 
 1036              	.LASF1:
 1037 01d1 756E7369 		.ascii	"unsigned char\000"
 1037      676E6564 
 1037      20636861 
 1037      7200
 1038              	.LASF0:
 1039 01df 7369676E 		.ascii	"signed char\000"
 1039      65642063 
 1039      68617200 
 1040              	.LASF7:
 1041 01eb 6C6F6E67 		.ascii	"long long unsigned int\000"
 1041      206C6F6E 
 1041      6720756E 
 1041      7369676E 
 1041      65642069 
 1042              	.LASF59:
 1043 0202 6C6F674C 		.ascii	"logLevel2String\000"
 1043      6576656C 
 1043      32537472 
 1043      696E6700 
 1044              	.LASF8:
 1045 0212 756E7369 		.ascii	"unsigned int\000"
 1045      676E6564 
 1045      20696E74 
 1045      00
 1046              	.LASF28:
 1047 021f 52435F45 		.ascii	"RC_ERROR_OPEN\000"
 1047      52524F52 
 1047      5F4F5045 
 1047      4E00
 1048              	.LASF5:
 1049 022d 6C6F6E67 		.ascii	"long unsigned int\000"
 1049      20756E73 
 1049      69676E65 
 1049      6420696E 
 1049      7400
 1050              	.LASF18:
 1051 023f 52435F45 		.ascii	"RC_ERROR_NULL\000"
 1051      52524F52 
 1051      5F4E554C 
 1051      4C00
 1052              	.LASF25:
 1053 024d 52435F45 		.ascii	"RC_ERROR_BUFFER_EMTPY\000"
ARM GAS  C:\Users\agraw\AppData\Local\Temp\ccJWZTdT.s 			page 23


 1053      52524F52 
 1053      5F425546 
 1053      4645525F 
 1053      454D5450 
 1054              	.LASF3:
 1055 0263 73686F72 		.ascii	"short unsigned int\000"
 1055      7420756E 
 1055      7369676E 
 1055      65642069 
 1055      6E7400
 1056              	.LASF60:
 1057 0276 474E5520 		.ascii	"GNU C11 5.4.1 20160609 (release) [ARM/embedded-5-br"
 1057      43313120 
 1057      352E342E 
 1057      31203230 
 1057      31363036 
 1058 02a9 616E6368 		.ascii	"anch revision 237715] -mcpu=cortex-m3 -mthumb -g -O"
 1058      20726576 
 1058      6973696F 
 1058      6E203233 
 1058      37373135 
 1059 02dc 67202D66 		.ascii	"g -ffunction-sections -ffat-lto-objects\000"
 1059      66756E63 
 1059      74696F6E 
 1059      2D736563 
 1059      74696F6E 
 1060              	.LASF13:
 1061 0304 63686172 		.ascii	"char\000"
 1061      00
 1062              	.LASF24:
 1063 0309 52435F45 		.ascii	"RC_ERROR_BUFFER_FULL\000"
 1063      52524F52 
 1063      5F425546 
 1063      4645525F 
 1063      46554C4C 
 1064              	.LASF10:
 1065 031e 696E7433 		.ascii	"int32_t\000"
 1065      325F7400 
 1066              	.LASF56:
 1067 0326 4C4F475F 		.ascii	"LOG_Init\000"
 1067      496E6974 
 1067      00
 1068              	.LASF49:
 1069 032f 6C6F6767 		.ascii	"logging_level_t\000"
 1069      696E675F 
 1069      6C657665 
 1069      6C5F7400 
 1070              	.LASF36:
 1071 033f 52435F45 		.ascii	"RC_ERROR_BAD_PARAM\000"
 1071      52524F52 
 1071      5F424144 
 1071      5F504152 
 1071      414D00
 1072              	.LASF46:
 1073 0352 4C4F475F 		.ascii	"LOG_ERROR\000"
 1073      4552524F 
 1073      5200
ARM GAS  C:\Users\agraw\AppData\Local\Temp\ccJWZTdT.s 			page 24


 1074              	.LASF52:
 1075 035c 6D657373 		.ascii	"message\000"
 1075      61676500 
 1076              	.LASF62:
 1077 0364 443A5C45 		.ascii	"D:\\Embedded\\Assignment\\AMA_EOS_Lab_01\\PreDesign"
 1077      6D626564 
 1077      6465645C 
 1077      41737369 
 1077      676E6D65 
 1078 0393 30312E63 		.ascii	"01.cydsn\000"
 1078      7964736E 
 1078      00
 1079              	.LASF12:
 1080 039c 646F7562 		.ascii	"double\000"
 1080      6C6500
 1081              	.LASF45:
 1082 03a3 4C4F475F 		.ascii	"LOG_WARNING\000"
 1082      5741524E 
 1082      494E4700 
 1083              	.LASF29:
 1084 03af 52435F45 		.ascii	"RC_ERROR_CHECKSUM\000"
 1084      52524F52 
 1084      5F434845 
 1084      434B5355 
 1084      4D00
 1085              	.LASF9:
 1086 03c1 5F5F696E 		.ascii	"__int32_t\000"
 1086      7433325F 
 1086      7400
 1087              	.LASF50:
 1088 03cb 6C657665 		.ascii	"level\000"
 1088      6C00
 1089              	.LASF57:
 1090 03d1 4C4F475F 		.ascii	"LOG_send\000"
 1090      73656E64 
 1090      00
 1091              	.LASF44:
 1092 03da 4C4F475F 		.ascii	"LOG_INFO\000"
 1092      494E464F 
 1092      00
 1093              	.LASF38:
 1094 03e3 52435F45 		.ascii	"RC_ERROR_CANCELED\000"
 1094      52524F52 
 1094      5F43414E 
 1094      43454C45 
 1094      4400
 1095              	.LASF58:
 1096 03f5 49544D5F 		.ascii	"ITM_RxBuffer\000"
 1096      52784275 
 1096      66666572 
 1096      00
 1097              	.LASF17:
 1098 0402 52435F45 		.ascii	"RC_ERROR\000"
 1098      52524F52 
 1098      00
 1099              	.LASF20:
 1100 040b 52435F45 		.ascii	"RC_ERROR_MEMORY\000"
ARM GAS  C:\Users\agraw\AppData\Local\Temp\ccJWZTdT.s 			page 25


 1100      52524F52 
 1100      5F4D454D 
 1100      4F525900 
 1101              	.LASF42:
 1102 041b 52435F74 		.ascii	"RC_t\000"
 1102      00
 1103              	.LASF27:
 1104 0420 52435F45 		.ascii	"RC_ERROR_TIME_OUT\000"
 1104      52524F52 
 1104      5F54494D 
 1104      455F4F55 
 1104      5400
 1105              		.ident	"GCC: (GNU Tools for ARM Embedded Processors) 5.4.1 20160609 (release) [ARM/embedded-5-bran
